<?xml version="1.0" encoding="UTF-8"?>
<TestRun id="10cc9617-f2c7-45a1-ada4-6f3057e5a7f4" name="WARHAMMER@DERRICK-PC 2015-01-05 01:21:44" runUser="Derrick-PC\WARHAMMER" xmlns="http://microsoft.com/schemas/VisualStudio/TeamTest/2010">
  <TestSettings name="Default Test Settings" id="47f981fd-f9c1-4bac-a203-7e7100098e4d">
    <Deployment runDeploymentRoot="WARHAMMER_DERRICK-PC 2015-01-05 01_21_44">
      <DeploymentItem filename="E:\Desktop\School\BSc\Semester 1\Software Engineering\TRALALA\DataAccess\bin\Debug\DataAccess.dll" />
      <DeploymentItem filename="E:\Desktop\School\BSc\Semester 1\Software Engineering\TRALALA\Common\bin\Debug\Common.dll" />
      <DeploymentItem filename="E:\Desktop\School\BSc\Semester 1\Software Engineering\TRALALA\SEImplementation\bin\SEImplementation.dll" />
    </Deployment>
    <Execution>
      <TestTypeSpecific />
      <AgentRule name="Execution Agents">
      </AgentRule>
    </Execution>
  </TestSettings>
  <Times creation="2015-01-05T01:21:44.3120431+01:00" queuing="2015-01-05T01:21:45.6341200+01:00" start="2015-01-05T01:21:45.6401209+01:00" finish="2015-01-05T01:21:46.0031417+01:00" />
  <ResultSummary outcome="Failed">
    <Counters total="7" executed="7" passed="6" error="0" failed="1" timeout="0" aborted="0" inconclusive="0" passedButRunAborted="0" notRunnable="0" notExecuted="0" disconnected="0" warning="0" completed="0" inProgress="0" pending="0" />
  </ResultSummary>
  <TestDefinitions>
    <UnitTest name="CreateUserTest" storage="e:\desktop\school\bsc\semester 1\software engineering\tralala\seimplementation.tests\bin\debug\seimplementation.tests.dll" id="bd3ce8e7-67f2-446f-294e-cfb1d255b56d">
      <Execution id="fe5dfe84-970b-4139-a5bb-760d4119bfc2" />
      <TestMethod codeBase="E:/Desktop/School/BSc/Semester 1/Software Engineering/TRALALA/SEImplementation.Tests/bin/Debug/SEImplementation.Tests.DLL" adapterTypeName="Microsoft.VisualStudio.TestTools.TestTypes.Unit.UnitTestAdapter, Microsoft.VisualStudio.QualityTools.Tips.UnitTest.Adapter, Version=10.0.0.0, Culture=neutral, PublicKeyToken=b03f5f7f11d50a3a" className="SEImplementation.Tests.UserRepoTest, SEImplementation.Tests, Version=1.0.0.0, Culture=neutral, PublicKeyToken=null" name="CreateUserTest" />
    </UnitTest>
    <UnitTest name="DeleteUserTest" storage="e:\desktop\school\bsc\semester 1\software engineering\tralala\seimplementation.tests\bin\debug\seimplementation.tests.dll" id="325e9a0b-1a8b-0624-c6cc-2e77484e8c7d">
      <Execution id="e8241a09-72fe-4f3f-8746-3ce0ddca657a" />
      <TestMethod codeBase="E:/Desktop/School/BSc/Semester 1/Software Engineering/TRALALA/SEImplementation.Tests/bin/Debug/SEImplementation.Tests.DLL" adapterTypeName="Microsoft.VisualStudio.TestTools.TestTypes.Unit.UnitTestAdapter, Microsoft.VisualStudio.QualityTools.Tips.UnitTest.Adapter, Version=10.0.0.0, Culture=neutral, PublicKeyToken=b03f5f7f11d50a3a" className="SEImplementation.Tests.UserRepoTest, SEImplementation.Tests, Version=1.0.0.0, Culture=neutral, PublicKeyToken=null" name="DeleteUserTest" />
    </UnitTest>
    <UnitTest name="GetUserByUsernameTest" storage="e:\desktop\school\bsc\semester 1\software engineering\tralala\seimplementation.tests\bin\debug\seimplementation.tests.dll" id="ec8bbd1b-8ee6-1ff7-1824-c28c2a1d3e20">
      <Execution id="cda59acd-3d5a-4854-87d5-982c54d82d6b" />
      <TestMethod codeBase="E:/Desktop/School/BSc/Semester 1/Software Engineering/TRALALA/SEImplementation.Tests/bin/Debug/SEImplementation.Tests.DLL" adapterTypeName="Microsoft.VisualStudio.TestTools.TestTypes.Unit.UnitTestAdapter, Microsoft.VisualStudio.QualityTools.Tips.UnitTest.Adapter, Version=10.0.0.0, Culture=neutral, PublicKeyToken=b03f5f7f11d50a3a" className="SEImplementation.Tests.UserRepoTest, SEImplementation.Tests, Version=1.0.0.0, Culture=neutral, PublicKeyToken=null" name="GetUserByUsernameTest" />
    </UnitTest>
    <UnitTest name="Index" storage="e:\desktop\school\bsc\semester 1\software engineering\tralala\seimplementation.tests\bin\debug\seimplementation.tests.dll" id="14a4c32a-bf2f-de71-b2c7-f05eef3ab4e9">
      <Execution id="86d126ae-a73c-4478-b5cb-8e7be2c98c52" />
      <TestMethod codeBase="E:/Desktop/School/BSc/Semester 1/Software Engineering/TRALALA/SEImplementation.Tests/bin/Debug/SEImplementation.Tests.DLL" adapterTypeName="Microsoft.VisualStudio.TestTools.TestTypes.Unit.UnitTestAdapter, Microsoft.VisualStudio.QualityTools.Tips.UnitTest.Adapter, Version=10.0.0.0, Culture=neutral, PublicKeyToken=b03f5f7f11d50a3a" className="SEImplementation.Tests.Controllers.HomeControllerTest, SEImplementation.Tests, Version=1.0.0.0, Culture=neutral, PublicKeyToken=null" name="Index" />
    </UnitTest>
    <UnitTest name="GetUserByIDTest" storage="e:\desktop\school\bsc\semester 1\software engineering\tralala\seimplementation.tests\bin\debug\seimplementation.tests.dll" id="ddf30861-807c-6f7d-5ed9-4f63b3ff6080">
      <Execution id="107657b9-efa3-4cb6-aa24-44f13e74e4e0" />
      <TestMethod codeBase="E:/Desktop/School/BSc/Semester 1/Software Engineering/TRALALA/SEImplementation.Tests/bin/Debug/SEImplementation.Tests.DLL" adapterTypeName="Microsoft.VisualStudio.TestTools.TestTypes.Unit.UnitTestAdapter, Microsoft.VisualStudio.QualityTools.Tips.UnitTest.Adapter, Version=10.0.0.0, Culture=neutral, PublicKeyToken=b03f5f7f11d50a3a" className="SEImplementation.Tests.UserRepoTest, SEImplementation.Tests, Version=1.0.0.0, Culture=neutral, PublicKeyToken=null" name="GetUserByIDTest" />
    </UnitTest>
    <UnitTest name="GetAllUsersTest" storage="e:\desktop\school\bsc\semester 1\software engineering\tralala\seimplementation.tests\bin\debug\seimplementation.tests.dll" id="91c931a0-8e27-b634-f7fd-fc87c453c837">
      <Execution id="e06c9555-4204-48dd-8731-174ae73d3133" />
      <TestMethod codeBase="E:/Desktop/School/BSc/Semester 1/Software Engineering/TRALALA/SEImplementation.Tests/bin/Debug/SEImplementation.Tests.DLL" adapterTypeName="Microsoft.VisualStudio.TestTools.TestTypes.Unit.UnitTestAdapter, Microsoft.VisualStudio.QualityTools.Tips.UnitTest.Adapter, Version=10.0.0.0, Culture=neutral, PublicKeyToken=b03f5f7f11d50a3a" className="SEImplementation.Tests.UserRepoTest, SEImplementation.Tests, Version=1.0.0.0, Culture=neutral, PublicKeyToken=null" name="GetAllUsersTest" />
    </UnitTest>
    <UnitTest name="UpdateUserTest" storage="e:\desktop\school\bsc\semester 1\software engineering\tralala\seimplementation.tests\bin\debug\seimplementation.tests.dll" id="3de2c917-9b55-35e9-85e0-6adb4dc06e84">
      <Execution id="76b4b7bb-0cfe-4dfe-a584-214d0f9beadb" />
      <TestMethod codeBase="E:/Desktop/School/BSc/Semester 1/Software Engineering/TRALALA/SEImplementation.Tests/bin/Debug/SEImplementation.Tests.DLL" adapterTypeName="Microsoft.VisualStudio.TestTools.TestTypes.Unit.UnitTestAdapter, Microsoft.VisualStudio.QualityTools.Tips.UnitTest.Adapter, Version=10.0.0.0, Culture=neutral, PublicKeyToken=b03f5f7f11d50a3a" className="SEImplementation.Tests.UserRepoTest, SEImplementation.Tests, Version=1.0.0.0, Culture=neutral, PublicKeyToken=null" name="UpdateUserTest" />
    </UnitTest>
  </TestDefinitions>
  <TestLists>
    <TestList name="Results Not in a List" id="8c84fa94-04c1-424b-9868-57a2d4851a1d" />
    <TestList name="All Loaded Results" id="19431567-8539-422a-85d7-44ee4e166bda" />
  </TestLists>
  <TestEntries>
    <TestEntry testId="14a4c32a-bf2f-de71-b2c7-f05eef3ab4e9" executionId="86d126ae-a73c-4478-b5cb-8e7be2c98c52" testListId="8c84fa94-04c1-424b-9868-57a2d4851a1d" />
    <TestEntry testId="325e9a0b-1a8b-0624-c6cc-2e77484e8c7d" executionId="e8241a09-72fe-4f3f-8746-3ce0ddca657a" testListId="8c84fa94-04c1-424b-9868-57a2d4851a1d" />
    <TestEntry testId="3de2c917-9b55-35e9-85e0-6adb4dc06e84" executionId="76b4b7bb-0cfe-4dfe-a584-214d0f9beadb" testListId="8c84fa94-04c1-424b-9868-57a2d4851a1d" />
    <TestEntry testId="91c931a0-8e27-b634-f7fd-fc87c453c837" executionId="e06c9555-4204-48dd-8731-174ae73d3133" testListId="8c84fa94-04c1-424b-9868-57a2d4851a1d" />
    <TestEntry testId="bd3ce8e7-67f2-446f-294e-cfb1d255b56d" executionId="fe5dfe84-970b-4139-a5bb-760d4119bfc2" testListId="8c84fa94-04c1-424b-9868-57a2d4851a1d" />
    <TestEntry testId="ddf30861-807c-6f7d-5ed9-4f63b3ff6080" executionId="107657b9-efa3-4cb6-aa24-44f13e74e4e0" testListId="8c84fa94-04c1-424b-9868-57a2d4851a1d" />
    <TestEntry testId="ec8bbd1b-8ee6-1ff7-1824-c28c2a1d3e20" executionId="cda59acd-3d5a-4854-87d5-982c54d82d6b" testListId="8c84fa94-04c1-424b-9868-57a2d4851a1d" />
  </TestEntries>
  <Results>
    <UnitTestResult executionId="86d126ae-a73c-4478-b5cb-8e7be2c98c52" testId="14a4c32a-bf2f-de71-b2c7-f05eef3ab4e9" testName="Index" computerName="DERRICK-PC" duration="00:00:00.0358475" startTime="2015-01-05T01:21:45.6431197+01:00" endTime="2015-01-05T01:21:45.8271323+01:00" testType="13cdc9d9-ddb5-4fa4-a97d-d965ccfc6d4b" outcome="Passed" testListId="8c84fa94-04c1-424b-9868-57a2d4851a1d" relativeResultsDirectory="86d126ae-a73c-4478-b5cb-8e7be2c98c52">
    </UnitTestResult>
    <UnitTestResult executionId="e8241a09-72fe-4f3f-8746-3ce0ddca657a" testId="325e9a0b-1a8b-0624-c6cc-2e77484e8c7d" testName="DeleteUserTest" computerName="DERRICK-PC" duration="00:00:00.1062357" startTime="2015-01-05T01:21:45.8291311+01:00" endTime="2015-01-05T01:21:45.9391380+01:00" testType="13cdc9d9-ddb5-4fa4-a97d-d965ccfc6d4b" outcome="Passed" testListId="8c84fa94-04c1-424b-9868-57a2d4851a1d" relativeResultsDirectory="e8241a09-72fe-4f3f-8746-3ce0ddca657a">
    </UnitTestResult>
    <UnitTestResult executionId="76b4b7bb-0cfe-4dfe-a584-214d0f9beadb" testId="3de2c917-9b55-35e9-85e0-6adb4dc06e84" testName="UpdateUserTest" computerName="DERRICK-PC" duration="00:00:00.0040408" startTime="2015-01-05T01:21:45.9401380+01:00" endTime="2015-01-05T01:21:45.9471381+01:00" testType="13cdc9d9-ddb5-4fa4-a97d-d965ccfc6d4b" outcome="Passed" testListId="8c84fa94-04c1-424b-9868-57a2d4851a1d" relativeResultsDirectory="76b4b7bb-0cfe-4dfe-a584-214d0f9beadb">
    </UnitTestResult>
    <UnitTestResult executionId="e06c9555-4204-48dd-8731-174ae73d3133" testId="91c931a0-8e27-b634-f7fd-fc87c453c837" testName="GetAllUsersTest" computerName="DERRICK-PC" duration="00:00:00.0005237" startTime="2015-01-05T01:21:45.9491392+01:00" endTime="2015-01-05T01:21:45.9521383+01:00" testType="13cdc9d9-ddb5-4fa4-a97d-d965ccfc6d4b" outcome="Passed" testListId="8c84fa94-04c1-424b-9868-57a2d4851a1d" relativeResultsDirectory="e06c9555-4204-48dd-8731-174ae73d3133">
    </UnitTestResult>
    <UnitTestResult executionId="fe5dfe84-970b-4139-a5bb-760d4119bfc2" testId="bd3ce8e7-67f2-446f-294e-cfb1d255b56d" testName="CreateUserTest" computerName="DERRICK-PC" duration="00:00:00.0192499" startTime="2015-01-05T01:21:45.9531387+01:00" endTime="2015-01-05T01:21:45.9751407+01:00" testType="13cdc9d9-ddb5-4fa4-a97d-d965ccfc6d4b" outcome="Failed" testListId="8c84fa94-04c1-424b-9868-57a2d4851a1d" relativeResultsDirectory="fe5dfe84-970b-4139-a5bb-760d4119bfc2">
      <Output>
        <ErrorInfo>
          <Message>Test method SEImplementation.Tests.UserRepoTest.CreateUserTest threw exception: 
System.ArgumentNullException: Value cannot be null.
Parameter name: entity</Message>
          <StackTrace>    at System.Data.Objects.ObjectContext.AddObject(String entitySetName, Object entity)
   at Common.SEshopEntities.AddToUsers(User user) in E:\Desktop\School\BSc\Semester 1\Software Engineering\TRALALA\Common\SEDB.Designer.cs:line 199
   at DataAccess.Repos.UserRepo.CreateUser(User entry) in E:\Desktop\School\BSc\Semester 1\Software Engineering\TRALALA\DataAccess\Repos\UserRepo.cs:line 19
   at SEImplementation.Tests.UserRepoTest.CreateUserTest() in E:\Desktop\School\BSc\Semester 1\Software Engineering\TRALALA\SEImplementation.Tests\UserRepoTest.cs:line 181
</StackTrace>
        </ErrorInfo>
      </Output>
    </UnitTestResult>
    <UnitTestResult executionId="107657b9-efa3-4cb6-aa24-44f13e74e4e0" testId="ddf30861-807c-6f7d-5ed9-4f63b3ff6080" testName="GetUserByIDTest" computerName="DERRICK-PC" duration="00:00:00.0037274" startTime="2015-01-05T01:21:45.9761410+01:00" endTime="2015-01-05T01:21:45.9831404+01:00" testType="13cdc9d9-ddb5-4fa4-a97d-d965ccfc6d4b" outcome="Passed" testListId="8c84fa94-04c1-424b-9868-57a2d4851a1d" relativeResultsDirectory="107657b9-efa3-4cb6-aa24-44f13e74e4e0">
    </UnitTestResult>
    <UnitTestResult executionId="cda59acd-3d5a-4854-87d5-982c54d82d6b" testId="ec8bbd1b-8ee6-1ff7-1824-c28c2a1d3e20" testName="GetUserByUsernameTest" computerName="DERRICK-PC" duration="00:00:00.0048358" startTime="2015-01-05T01:21:45.9841412+01:00" endTime="2015-01-05T01:21:45.9921436+01:00" testType="13cdc9d9-ddb5-4fa4-a97d-d965ccfc6d4b" outcome="Passed" testListId="8c84fa94-04c1-424b-9868-57a2d4851a1d" relativeResultsDirectory="cda59acd-3d5a-4854-87d5-982c54d82d6b">
    </UnitTestResult>
  </Results>
</TestRun>