<?xml version="1.0" encoding="UTF-8"?>
<TestRun id="aa2bc63e-4a83-4864-9154-66aadc979cb7" name="WARHAMMER@DERRICK-PC 2015-01-07 20:55:41" runUser="Derrick-PC\WARHAMMER" xmlns="http://microsoft.com/schemas/VisualStudio/TeamTest/2010">
  <TestSettings name="Default Test Settings" id="697c4ed0-ed63-41f6-a0e9-d8bf44398507">
    <Deployment runDeploymentRoot="WARHAMMER_DERRICK-PC 2015-01-07 20_55_41">
      <DeploymentItem filename="E:\Desktop\School\BSc\Semester 1\Software Engineering\TRALALA\DataAccess\bin\Debug\DataAccess.dll" />
      <DeploymentItem filename="E:\Desktop\School\BSc\Semester 1\Software Engineering\TRALALA\Common\bin\Debug\Common.dll" />
      <DeploymentItem filename="E:\Desktop\School\BSc\Semester 1\Software Engineering\TRALALA\SEImplementation\bin\SEImplementation.dll" />
    </Deployment>
    <Execution>
      <TestTypeSpecific />
      <AgentRule name="Execution Agents">
      </AgentRule>
    </Execution>
  </TestSettings>
  <Times creation="2015-01-07T20:55:41.3751898+01:00" queuing="2015-01-07T20:55:42.5052589+01:00" start="2015-01-07T20:55:42.5102553+01:00" finish="2015-01-07T20:55:42.8062740+01:00" />
  <ResultSummary outcome="Failed">
    <Counters total="1" executed="1" error="0" failed="1" timeout="0" aborted="0" inconclusive="0" passedButRunAborted="0" notRunnable="0" notExecuted="0" disconnected="0" warning="0" passed="0" completed="0" inProgress="0" pending="0" />
  </ResultSummary>
  <TestDefinitions>
    <UnitTest name="UpdateRoleTestMatchingDesc" storage="e:\desktop\school\bsc\semester 1\software engineering\tralala\seimplementation.tests\bin\debug\seimplementation.tests.dll" id="34bc5648-43a4-647f-4592-324cb0f819e1">
      <Execution id="317278da-ec97-40fb-8a92-450235a40af4" />
      <TestMethod codeBase="E:/Desktop/School/BSc/Semester 1/Software Engineering/TRALALA/SEImplementation.Tests/bin/Debug/SEImplementation.Tests.DLL" adapterTypeName="Microsoft.VisualStudio.TestTools.TestTypes.Unit.UnitTestAdapter, Microsoft.VisualStudio.QualityTools.Tips.UnitTest.Adapter, Version=10.0.0.0, Culture=neutral, PublicKeyToken=b03f5f7f11d50a3a" className="SEImplementation.Tests.RoleRepoTest, SEImplementation.Tests, Version=1.0.0.0, Culture=neutral, PublicKeyToken=null" name="UpdateRoleTestMatchingDesc" />
    </UnitTest>
  </TestDefinitions>
  <TestLists>
    <TestList name="Results Not in a List" id="8c84fa94-04c1-424b-9868-57a2d4851a1d" />
    <TestList name="All Loaded Results" id="19431567-8539-422a-85d7-44ee4e166bda" />
  </TestLists>
  <TestEntries>
    <TestEntry testId="34bc5648-43a4-647f-4592-324cb0f819e1" executionId="317278da-ec97-40fb-8a92-450235a40af4" testListId="8c84fa94-04c1-424b-9868-57a2d4851a1d" />
  </TestEntries>
  <Results>
    <UnitTestResult executionId="317278da-ec97-40fb-8a92-450235a40af4" testId="34bc5648-43a4-647f-4592-324cb0f819e1" testName="UpdateRoleTestMatchingDesc" computerName="DERRICK-PC" duration="00:00:00.1216387" startTime="2015-01-07T20:55:42.5112557+01:00" endTime="2015-01-07T20:55:42.7852727+01:00" testType="13cdc9d9-ddb5-4fa4-a97d-d965ccfc6d4b" outcome="Failed" testListId="8c84fa94-04c1-424b-9868-57a2d4851a1d" relativeResultsDirectory="317278da-ec97-40fb-8a92-450235a40af4">
      <Output>
        <ErrorInfo>
          <Message>Assert.AreEqual failed. Expected:&lt;(null)&gt;. Actual:&lt;roleTest&gt;. </Message>
          <StackTrace>   at SEImplementation.Tests.RoleRepoTest.UpdateRoleTestMatchingDesc() in E:\Desktop\School\BSc\Semester 1\Software Engineering\TRALALA\SEImplementation.Tests\RoleRepoTest.cs:line 300
</StackTrace>
        </ErrorInfo>
      </Output>
    </UnitTestResult>
  </Results>
</TestRun>