<?xml version="1.0" encoding="UTF-8"?>
<TestRun id="fb449152-3e90-4a0e-8a25-a8b55eaea507" name="WARHAMMER@DERRICK-PC 2015-01-14 15:25:00" runUser="Derrick-PC\WARHAMMER" xmlns="http://microsoft.com/schemas/VisualStudio/TeamTest/2010">
  <TestSettings name="Default Test Settings" id="e17f6e68-dcdb-4abc-a351-93ded3e10f6e">
    <Deployment runDeploymentRoot="WARHAMMER_DERRICK-PC 2015-01-14 15_25_00">
      <DeploymentItem filename="E:\Desktop\School\BSc\Semester 1\Software Engineering\TRALALA\DataAccess\bin\Debug\DataAccess.dll" />
      <DeploymentItem filename="E:\Desktop\School\BSc\Semester 1\Software Engineering\TRALALA\Common\bin\Debug\Common.dll" />
      <DeploymentItem filename="E:\Desktop\School\BSc\Semester 1\Software Engineering\TRALALA\SEImplementation\bin\SEImplementation.dll" />
    </Deployment>
    <Execution>
      <TestTypeSpecific />
      <AgentRule name="Execution Agents">
      </AgentRule>
    </Execution>
  </TestSettings>
  <Times creation="2015-01-14T15:25:00.2964207+01:00" queuing="2015-01-14T15:25:06.6887967+01:00" start="2015-01-14T15:25:06.7548007+01:00" finish="2015-01-14T15:25:09.4279572+01:00" />
  <ResultSummary outcome="Completed">
    <Counters total="45" executed="45" passed="45" error="0" failed="0" timeout="0" aborted="0" inconclusive="0" passedButRunAborted="0" notRunnable="0" notExecuted="0" disconnected="0" warning="0" completed="0" inProgress="0" pending="0" />
  </ResultSummary>
  <TestDefinitions>
    <UnitTest name="GetRoleByIdNotExistentTest" storage="e:\desktop\school\bsc\semester 1\software engineering\tralala\seimplementation.tests\bin\debug\seimplementation.tests.dll" id="13247df7-3d56-5a96-a517-506237ae74a1">
      <Execution id="241202a9-0666-4319-98d7-b4d627792e27" />
      <TestMethod codeBase="E:/Desktop/School/BSc/Semester 1/Software Engineering/TRALALA/SEImplementation.Tests/bin/Debug/SEImplementation.Tests.DLL" adapterTypeName="Microsoft.VisualStudio.TestTools.TestTypes.Unit.UnitTestAdapter, Microsoft.VisualStudio.QualityTools.Tips.UnitTest.Adapter, Version=10.0.0.0, Culture=neutral, PublicKeyToken=b03f5f7f11d50a3a" className="SEImplementation.Tests.RoleRepoTest, SEImplementation.Tests, Version=1.0.0.0, Culture=neutral, PublicKeyToken=null" name="GetRoleByIdNotExistentTest" />
    </UnitTest>
    <UnitTest name="CreateRoleSuccessDescAlreadyExistTest" storage="e:\desktop\school\bsc\semester 1\software engineering\tralala\seimplementation.tests\bin\debug\seimplementation.tests.dll" id="9ea9f69b-2b1d-ee50-651b-164059cc5540">
      <Execution id="36074173-01b0-4545-9294-68270918801a" />
      <TestMethod codeBase="E:/Desktop/School/BSc/Semester 1/Software Engineering/TRALALA/SEImplementation.Tests/bin/Debug/SEImplementation.Tests.DLL" adapterTypeName="Microsoft.VisualStudio.TestTools.TestTypes.Unit.UnitTestAdapter, Microsoft.VisualStudio.QualityTools.Tips.UnitTest.Adapter, Version=10.0.0.0, Culture=neutral, PublicKeyToken=b03f5f7f11d50a3a" className="SEImplementation.Tests.RoleRepoTest, SEImplementation.Tests, Version=1.0.0.0, Culture=neutral, PublicKeyToken=null" name="CreateRoleSuccessDescAlreadyExistTest" />
    </UnitTest>
    <UnitTest name="CreateRoleSuccessNotEqualListTest" storage="e:\desktop\school\bsc\semester 1\software engineering\tralala\seimplementation.tests\bin\debug\seimplementation.tests.dll" id="9108f78e-1e8e-8ef5-c820-3bb2c6079aad">
      <Execution id="a961892a-0938-444f-99f5-97a90a12e6a6" />
      <TestMethod codeBase="E:/Desktop/School/BSc/Semester 1/Software Engineering/TRALALA/SEImplementation.Tests/bin/Debug/SEImplementation.Tests.DLL" adapterTypeName="Microsoft.VisualStudio.TestTools.TestTypes.Unit.UnitTestAdapter, Microsoft.VisualStudio.QualityTools.Tips.UnitTest.Adapter, Version=10.0.0.0, Culture=neutral, PublicKeyToken=b03f5f7f11d50a3a" className="SEImplementation.Tests.RoleRepoTest, SEImplementation.Tests, Version=1.0.0.0, Culture=neutral, PublicKeyToken=null" name="CreateRoleSuccessNotEqualListTest" />
    </UnitTest>
    <UnitTest name="UpdateRoleTestMatchingDesc" storage="e:\desktop\school\bsc\semester 1\software engineering\tralala\seimplementation.tests\bin\debug\seimplementation.tests.dll" id="34bc5648-43a4-647f-4592-324cb0f819e1">
      <Execution id="d316adc9-6686-4005-85c0-90651169a0ec" />
      <TestMethod codeBase="E:/Desktop/School/BSc/Semester 1/Software Engineering/TRALALA/SEImplementation.Tests/bin/Debug/SEImplementation.Tests.DLL" adapterTypeName="Microsoft.VisualStudio.TestTools.TestTypes.Unit.UnitTestAdapter, Microsoft.VisualStudio.QualityTools.Tips.UnitTest.Adapter, Version=10.0.0.0, Culture=neutral, PublicKeyToken=b03f5f7f11d50a3a" className="SEImplementation.Tests.RoleRepoTest, SEImplementation.Tests, Version=1.0.0.0, Culture=neutral, PublicKeyToken=null" name="UpdateRoleTestMatchingDesc" />
    </UnitTest>
    <UnitTest name="UpdateRoleTestMatching1" storage="e:\desktop\school\bsc\semester 1\software engineering\tralala\seimplementation.tests\bin\debug\seimplementation.tests.dll" id="64ef12f7-ea64-ac8b-d013-f82c0c6d531a">
      <Execution id="9d11c5a5-a584-4651-b6c4-9ee339e756f3" />
      <TestMethod codeBase="E:/Desktop/School/BSc/Semester 1/Software Engineering/TRALALA/SEImplementation.Tests/bin/Debug/SEImplementation.Tests.DLL" adapterTypeName="Microsoft.VisualStudio.TestTools.TestTypes.Unit.UnitTestAdapter, Microsoft.VisualStudio.QualityTools.Tips.UnitTest.Adapter, Version=10.0.0.0, Culture=neutral, PublicKeyToken=b03f5f7f11d50a3a" className="SEImplementation.Tests.RoleRepoTest, SEImplementation.Tests, Version=1.0.0.0, Culture=neutral, PublicKeyToken=null" name="UpdateRoleTestMatching1" />
    </UnitTest>
    <UnitTest name="CreateRoleEmptyObjectTest" storage="e:\desktop\school\bsc\semester 1\software engineering\tralala\seimplementation.tests\bin\debug\seimplementation.tests.dll" id="0266bf01-68a3-4383-bda3-cf5a18d0860f">
      <Execution id="2b93a4f4-9c47-4968-988f-8ae0d51dc9e4" />
      <TestMethod codeBase="E:/Desktop/School/BSc/Semester 1/Software Engineering/TRALALA/SEImplementation.Tests/bin/Debug/SEImplementation.Tests.DLL" adapterTypeName="Microsoft.VisualStudio.TestTools.TestTypes.Unit.UnitTestAdapter, Microsoft.VisualStudio.QualityTools.Tips.UnitTest.Adapter, Version=10.0.0.0, Culture=neutral, PublicKeyToken=b03f5f7f11d50a3a" className="SEImplementation.Tests.RoleRepoTest, SEImplementation.Tests, Version=1.0.0.0, Culture=neutral, PublicKeyToken=null" name="CreateRoleEmptyObjectTest" />
    </UnitTest>
    <UnitTest name="UpdateRoleExceedNull" storage="e:\desktop\school\bsc\semester 1\software engineering\tralala\seimplementation.tests\bin\debug\seimplementation.tests.dll" id="8de55e15-6f0d-51c4-346e-226a8247d21b">
      <Execution id="0230f7e4-01b9-478f-993b-bd1005115101" />
      <TestMethod codeBase="E:/Desktop/School/BSc/Semester 1/Software Engineering/TRALALA/SEImplementation.Tests/bin/Debug/SEImplementation.Tests.DLL" adapterTypeName="Microsoft.VisualStudio.TestTools.TestTypes.Unit.UnitTestAdapter, Microsoft.VisualStudio.QualityTools.Tips.UnitTest.Adapter, Version=10.0.0.0, Culture=neutral, PublicKeyToken=b03f5f7f11d50a3a" className="SEImplementation.Tests.RoleRepoTest, SEImplementation.Tests, Version=1.0.0.0, Culture=neutral, PublicKeyToken=null" name="UpdateRoleExceedNull" />
    </UnitTest>
    <UnitTest name="CreateRoleSuccessGetIDNotNullTest" storage="e:\desktop\school\bsc\semester 1\software engineering\tralala\seimplementation.tests\bin\debug\seimplementation.tests.dll" id="d16f0b59-1491-428e-d22d-6bdc11e93b5f">
      <Execution id="7fc8fbe3-8384-4c0a-a30e-f7f91705a229" />
      <TestMethod codeBase="E:/Desktop/School/BSc/Semester 1/Software Engineering/TRALALA/SEImplementation.Tests/bin/Debug/SEImplementation.Tests.DLL" adapterTypeName="Microsoft.VisualStudio.TestTools.TestTypes.Unit.UnitTestAdapter, Microsoft.VisualStudio.QualityTools.Tips.UnitTest.Adapter, Version=10.0.0.0, Culture=neutral, PublicKeyToken=b03f5f7f11d50a3a" className="SEImplementation.Tests.RoleRepoTest, SEImplementation.Tests, Version=1.0.0.0, Culture=neutral, PublicKeyToken=null" name="CreateRoleSuccessGetIDNotNullTest" />
    </UnitTest>
    <UnitTest name="DeleteRoleSuccessfulTest" storage="e:\desktop\school\bsc\semester 1\software engineering\tralala\seimplementation.tests\bin\debug\seimplementation.tests.dll" id="518e1dc2-ea68-15fc-c2d8-49c27186343b">
      <Execution id="4ed4784e-9f1a-4cca-a705-af9c10e9a936" />
      <TestMethod codeBase="E:/Desktop/School/BSc/Semester 1/Software Engineering/TRALALA/SEImplementation.Tests/bin/Debug/SEImplementation.Tests.DLL" adapterTypeName="Microsoft.VisualStudio.TestTools.TestTypes.Unit.UnitTestAdapter, Microsoft.VisualStudio.QualityTools.Tips.UnitTest.Adapter, Version=10.0.0.0, Culture=neutral, PublicKeyToken=b03f5f7f11d50a3a" className="SEImplementation.Tests.RoleRepoTest, SEImplementation.Tests, Version=1.0.0.0, Culture=neutral, PublicKeyToken=null" name="DeleteRoleSuccessfulTest" />
    </UnitTest>
    <UnitTest name="UpdateRoleTestEmptyDesc" storage="e:\desktop\school\bsc\semester 1\software engineering\tralala\seimplementation.tests\bin\debug\seimplementation.tests.dll" id="5766de9a-8684-e0c6-bc4e-4ffc1fb38afa">
      <Execution id="d6fc9f1f-cc83-480e-8236-2fab8aa6d142" />
      <TestMethod codeBase="E:/Desktop/School/BSc/Semester 1/Software Engineering/TRALALA/SEImplementation.Tests/bin/Debug/SEImplementation.Tests.DLL" adapterTypeName="Microsoft.VisualStudio.TestTools.TestTypes.Unit.UnitTestAdapter, Microsoft.VisualStudio.QualityTools.Tips.UnitTest.Adapter, Version=10.0.0.0, Culture=neutral, PublicKeyToken=b03f5f7f11d50a3a" className="SEImplementation.Tests.RoleRepoTest, SEImplementation.Tests, Version=1.0.0.0, Culture=neutral, PublicKeyToken=null" name="UpdateRoleTestEmptyDesc" />
    </UnitTest>
    <UnitTest name="UpdateRoleFewDescTest" storage="e:\desktop\school\bsc\semester 1\software engineering\tralala\seimplementation.tests\bin\debug\seimplementation.tests.dll" id="fc65208a-bc6c-c37d-e81b-cbb20529b86b">
      <Execution id="afc58b8a-72d0-420a-bd05-bccd0cccac8d" />
      <TestMethod codeBase="E:/Desktop/School/BSc/Semester 1/Software Engineering/TRALALA/SEImplementation.Tests/bin/Debug/SEImplementation.Tests.DLL" adapterTypeName="Microsoft.VisualStudio.TestTools.TestTypes.Unit.UnitTestAdapter, Microsoft.VisualStudio.QualityTools.Tips.UnitTest.Adapter, Version=10.0.0.0, Culture=neutral, PublicKeyToken=b03f5f7f11d50a3a" className="SEImplementation.Tests.RoleRepoTest, SEImplementation.Tests, Version=1.0.0.0, Culture=neutral, PublicKeyToken=null" name="UpdateRoleFewDescTest" />
    </UnitTest>
    <UnitTest name="UpdateRoleTestMatchingName" storage="e:\desktop\school\bsc\semester 1\software engineering\tralala\seimplementation.tests\bin\debug\seimplementation.tests.dll" id="b7d9f2b4-b6e4-4fa3-8b3e-823a64c3ef77">
      <Execution id="3f3ee67b-dc8f-43f9-b04c-a4e15d17bd35" />
      <TestMethod codeBase="E:/Desktop/School/BSc/Semester 1/Software Engineering/TRALALA/SEImplementation.Tests/bin/Debug/SEImplementation.Tests.DLL" adapterTypeName="Microsoft.VisualStudio.TestTools.TestTypes.Unit.UnitTestAdapter, Microsoft.VisualStudio.QualityTools.Tips.UnitTest.Adapter, Version=10.0.0.0, Culture=neutral, PublicKeyToken=b03f5f7f11d50a3a" className="SEImplementation.Tests.RoleRepoTest, SEImplementation.Tests, Version=1.0.0.0, Culture=neutral, PublicKeyToken=null" name="UpdateRoleTestMatchingName" />
    </UnitTest>
    <UnitTest name="UpdateRoleExceedDescTest" storage="e:\desktop\school\bsc\semester 1\software engineering\tralala\seimplementation.tests\bin\debug\seimplementation.tests.dll" id="290e47ea-0820-016e-53eb-429e262ceaf8">
      <Execution id="60a933af-8969-46ee-9d19-e75d24d46c5e" />
      <TestMethod codeBase="E:/Desktop/School/BSc/Semester 1/Software Engineering/TRALALA/SEImplementation.Tests/bin/Debug/SEImplementation.Tests.DLL" adapterTypeName="Microsoft.VisualStudio.TestTools.TestTypes.Unit.UnitTestAdapter, Microsoft.VisualStudio.QualityTools.Tips.UnitTest.Adapter, Version=10.0.0.0, Culture=neutral, PublicKeyToken=b03f5f7f11d50a3a" className="SEImplementation.Tests.RoleRepoTest, SEImplementation.Tests, Version=1.0.0.0, Culture=neutral, PublicKeyToken=null" name="UpdateRoleExceedDescTest" />
    </UnitTest>
    <UnitTest name="CreateRoleTestBeneathCharacterLimitonName" storage="e:\desktop\school\bsc\semester 1\software engineering\tralala\seimplementation.tests\bin\debug\seimplementation.tests.dll" id="2cdc7137-401e-62e3-8dc6-f25ce01a537a">
      <Execution id="40eb5331-8e61-4224-93ad-faa973634a40" />
      <TestMethod codeBase="E:/Desktop/School/BSc/Semester 1/Software Engineering/TRALALA/SEImplementation.Tests/bin/Debug/SEImplementation.Tests.DLL" adapterTypeName="Microsoft.VisualStudio.TestTools.TestTypes.Unit.UnitTestAdapter, Microsoft.VisualStudio.QualityTools.Tips.UnitTest.Adapter, Version=10.0.0.0, Culture=neutral, PublicKeyToken=b03f5f7f11d50a3a" className="SEImplementation.Tests.RoleRepoTest, SEImplementation.Tests, Version=1.0.0.0, Culture=neutral, PublicKeyToken=null" name="CreateRoleTestBeneathCharacterLimitonName" />
    </UnitTest>
    <UnitTest name="CreateRoleSuccessGetIDNotEqualNums" storage="e:\desktop\school\bsc\semester 1\software engineering\tralala\seimplementation.tests\bin\debug\seimplementation.tests.dll" id="08443ed7-b999-a5e4-7cad-8a7b4ff651a8">
      <Execution id="79152b6d-4548-4dd7-855f-240f63907706" />
      <TestMethod codeBase="E:/Desktop/School/BSc/Semester 1/Software Engineering/TRALALA/SEImplementation.Tests/bin/Debug/SEImplementation.Tests.DLL" adapterTypeName="Microsoft.VisualStudio.TestTools.TestTypes.Unit.UnitTestAdapter, Microsoft.VisualStudio.QualityTools.Tips.UnitTest.Adapter, Version=10.0.0.0, Culture=neutral, PublicKeyToken=b03f5f7f11d50a3a" className="SEImplementation.Tests.RoleRepoTest, SEImplementation.Tests, Version=1.0.0.0, Culture=neutral, PublicKeyToken=null" name="CreateRoleSuccessGetIDNotEqualNums" />
    </UnitTest>
    <UnitTest name="UpdateRoleExceedNameTest" storage="e:\desktop\school\bsc\semester 1\software engineering\tralala\seimplementation.tests\bin\debug\seimplementation.tests.dll" id="74afa68e-2526-5c18-ee55-f2bbbbf2410a">
      <Execution id="819ac710-7cd0-41b2-92c0-818ddfa7615b" />
      <TestMethod codeBase="E:/Desktop/School/BSc/Semester 1/Software Engineering/TRALALA/SEImplementation.Tests/bin/Debug/SEImplementation.Tests.DLL" adapterTypeName="Microsoft.VisualStudio.TestTools.TestTypes.Unit.UnitTestAdapter, Microsoft.VisualStudio.QualityTools.Tips.UnitTest.Adapter, Version=10.0.0.0, Culture=neutral, PublicKeyToken=b03f5f7f11d50a3a" className="SEImplementation.Tests.RoleRepoTest, SEImplementation.Tests, Version=1.0.0.0, Culture=neutral, PublicKeyToken=null" name="UpdateRoleExceedNameTest" />
    </UnitTest>
    <UnitTest name="createRoleNullNameTest" storage="e:\desktop\school\bsc\semester 1\software engineering\tralala\seimplementation.tests\bin\debug\seimplementation.tests.dll" id="825e251e-6d29-e1a8-a155-4beac61e1b9d">
      <Execution id="67ad807b-7105-42a4-940d-a82491f832e3" />
      <TestMethod codeBase="E:/Desktop/School/BSc/Semester 1/Software Engineering/TRALALA/SEImplementation.Tests/bin/Debug/SEImplementation.Tests.DLL" adapterTypeName="Microsoft.VisualStudio.TestTools.TestTypes.Unit.UnitTestAdapter, Microsoft.VisualStudio.QualityTools.Tips.UnitTest.Adapter, Version=10.0.0.0, Culture=neutral, PublicKeyToken=b03f5f7f11d50a3a" className="SEImplementation.Tests.RoleRepoTest, SEImplementation.Tests, Version=1.0.0.0, Culture=neutral, PublicKeyToken=null" name="createRoleNullNameTest" />
    </UnitTest>
    <UnitTest name="CreateRoleTestBeneathCharacterLimitonDesc" storage="e:\desktop\school\bsc\semester 1\software engineering\tralala\seimplementation.tests\bin\debug\seimplementation.tests.dll" id="cfd83b9f-a3ce-c125-f187-fbcac6aad68f">
      <Execution id="8ca03281-7baa-4a6a-8d6f-bb0514983e8d" />
      <TestMethod codeBase="E:/Desktop/School/BSc/Semester 1/Software Engineering/TRALALA/SEImplementation.Tests/bin/Debug/SEImplementation.Tests.DLL" adapterTypeName="Microsoft.VisualStudio.TestTools.TestTypes.Unit.UnitTestAdapter, Microsoft.VisualStudio.QualityTools.Tips.UnitTest.Adapter, Version=10.0.0.0, Culture=neutral, PublicKeyToken=b03f5f7f11d50a3a" className="SEImplementation.Tests.RoleRepoTest, SEImplementation.Tests, Version=1.0.0.0, Culture=neutral, PublicKeyToken=null" name="CreateRoleTestBeneathCharacterLimitonDesc" />
    </UnitTest>
    <UnitTest name="CreateRoleTestNoNumSymbRoleDescTest" storage="e:\desktop\school\bsc\semester 1\software engineering\tralala\seimplementation.tests\bin\debug\seimplementation.tests.dll" id="991a5087-ea0e-f2a5-a585-3462563b113a">
      <Execution id="a7acde4c-8e58-4592-bb5a-a9f8d8a91b0e" />
      <TestMethod codeBase="E:/Desktop/School/BSc/Semester 1/Software Engineering/TRALALA/SEImplementation.Tests/bin/Debug/SEImplementation.Tests.DLL" adapterTypeName="Microsoft.VisualStudio.TestTools.TestTypes.Unit.UnitTestAdapter, Microsoft.VisualStudio.QualityTools.Tips.UnitTest.Adapter, Version=10.0.0.0, Culture=neutral, PublicKeyToken=b03f5f7f11d50a3a" className="SEImplementation.Tests.RoleRepoTest, SEImplementation.Tests, Version=1.0.0.0, Culture=neutral, PublicKeyToken=null" name="CreateRoleTestNoNumSymbRoleDescTest" />
    </UnitTest>
    <UnitTest name="DeleteRoleDoesNotExistTest" storage="e:\desktop\school\bsc\semester 1\software engineering\tralala\seimplementation.tests\bin\debug\seimplementation.tests.dll" id="b32547ec-a862-3b2b-2e66-bb246f894077">
      <Execution id="1bd3fcfc-e591-476e-9861-23e1dbdb2bde" />
      <TestMethod codeBase="E:/Desktop/School/BSc/Semester 1/Software Engineering/TRALALA/SEImplementation.Tests/bin/Debug/SEImplementation.Tests.DLL" adapterTypeName="Microsoft.VisualStudio.TestTools.TestTypes.Unit.UnitTestAdapter, Microsoft.VisualStudio.QualityTools.Tips.UnitTest.Adapter, Version=10.0.0.0, Culture=neutral, PublicKeyToken=b03f5f7f11d50a3a" className="SEImplementation.Tests.RoleRepoTest, SEImplementation.Tests, Version=1.0.0.0, Culture=neutral, PublicKeyToken=null" name="DeleteRoleDoesNotExistTest" />
    </UnitTest>
    <UnitTest name="CreateRoleSuccessEqualListTest" storage="e:\desktop\school\bsc\semester 1\software engineering\tralala\seimplementation.tests\bin\debug\seimplementation.tests.dll" id="842dc3df-3bff-9f2f-394d-17dfb132acc8">
      <Execution id="b250d23a-8411-4e1a-ab6b-95df6639b305" />
      <TestMethod codeBase="E:/Desktop/School/BSc/Semester 1/Software Engineering/TRALALA/SEImplementation.Tests/bin/Debug/SEImplementation.Tests.DLL" adapterTypeName="Microsoft.VisualStudio.TestTools.TestTypes.Unit.UnitTestAdapter, Microsoft.VisualStudio.QualityTools.Tips.UnitTest.Adapter, Version=10.0.0.0, Culture=neutral, PublicKeyToken=b03f5f7f11d50a3a" className="SEImplementation.Tests.RoleRepoTest, SEImplementation.Tests, Version=1.0.0.0, Culture=neutral, PublicKeyToken=null" name="CreateRoleSuccessEqualListTest" />
    </UnitTest>
    <UnitTest name="GetRolesValuesTest" storage="e:\desktop\school\bsc\semester 1\software engineering\tralala\seimplementation.tests\bin\debug\seimplementation.tests.dll" id="8c5802aa-4574-61c9-1aca-d10adf54732d">
      <Execution id="d2e1efcf-98b8-4010-8696-196bbb15dc0f" />
      <TestMethod codeBase="E:/Desktop/School/BSc/Semester 1/Software Engineering/TRALALA/SEImplementation.Tests/bin/Debug/SEImplementation.Tests.DLL" adapterTypeName="Microsoft.VisualStudio.TestTools.TestTypes.Unit.UnitTestAdapter, Microsoft.VisualStudio.QualityTools.Tips.UnitTest.Adapter, Version=10.0.0.0, Culture=neutral, PublicKeyToken=b03f5f7f11d50a3a" className="SEImplementation.Tests.RoleRepoTest, SEImplementation.Tests, Version=1.0.0.0, Culture=neutral, PublicKeyToken=null" name="GetRolesValuesTest" />
    </UnitTest>
    <UnitTest name="UpdateRoleEmptyTest" storage="e:\desktop\school\bsc\semester 1\software engineering\tralala\seimplementation.tests\bin\debug\seimplementation.tests.dll" id="5b505cd0-93f0-1c9c-0d7f-a858e9f6c7c2">
      <Execution id="9ba9ef43-71d3-4feb-a6c6-55838ca6ed05" />
      <TestMethod codeBase="E:/Desktop/School/BSc/Semester 1/Software Engineering/TRALALA/SEImplementation.Tests/bin/Debug/SEImplementation.Tests.DLL" adapterTypeName="Microsoft.VisualStudio.TestTools.TestTypes.Unit.UnitTestAdapter, Microsoft.VisualStudio.QualityTools.Tips.UnitTest.Adapter, Version=10.0.0.0, Culture=neutral, PublicKeyToken=b03f5f7f11d50a3a" className="SEImplementation.Tests.RoleRepoTest, SEImplementation.Tests, Version=1.0.0.0, Culture=neutral, PublicKeyToken=null" name="UpdateRoleEmptyTest" />
    </UnitTest>
    <UnitTest name="GetRolesCountTest" storage="e:\desktop\school\bsc\semester 1\software engineering\tralala\seimplementation.tests\bin\debug\seimplementation.tests.dll" id="b3b0da28-414b-614a-698b-37506007bccd">
      <Execution id="0f726b87-208a-4082-b9db-325a31684f30" />
      <TestMethod codeBase="E:/Desktop/School/BSc/Semester 1/Software Engineering/TRALALA/SEImplementation.Tests/bin/Debug/SEImplementation.Tests.DLL" adapterTypeName="Microsoft.VisualStudio.TestTools.TestTypes.Unit.UnitTestAdapter, Microsoft.VisualStudio.QualityTools.Tips.UnitTest.Adapter, Version=10.0.0.0, Culture=neutral, PublicKeyToken=b03f5f7f11d50a3a" className="SEImplementation.Tests.RoleRepoTest, SEImplementation.Tests, Version=1.0.0.0, Culture=neutral, PublicKeyToken=null" name="GetRolesCountTest" />
    </UnitTest>
    <UnitTest name="DeleteRoleNegativeTest" storage="e:\desktop\school\bsc\semester 1\software engineering\tralala\seimplementation.tests\bin\debug\seimplementation.tests.dll" id="6bdc3103-b673-5cb9-be77-7f4ef84e4995">
      <Execution id="acd1f443-2e29-43dd-8292-2ce7ed1d7a93" />
      <TestMethod codeBase="E:/Desktop/School/BSc/Semester 1/Software Engineering/TRALALA/SEImplementation.Tests/bin/Debug/SEImplementation.Tests.DLL" adapterTypeName="Microsoft.VisualStudio.TestTools.TestTypes.Unit.UnitTestAdapter, Microsoft.VisualStudio.QualityTools.Tips.UnitTest.Adapter, Version=10.0.0.0, Culture=neutral, PublicKeyToken=b03f5f7f11d50a3a" className="SEImplementation.Tests.RoleRepoTest, SEImplementation.Tests, Version=1.0.0.0, Culture=neutral, PublicKeyToken=null" name="DeleteRoleNegativeTest" />
    </UnitTest>
    <UnitTest name="GetRoleByIdBoundaryNegativeTest" storage="e:\desktop\school\bsc\semester 1\software engineering\tralala\seimplementation.tests\bin\debug\seimplementation.tests.dll" id="b714d5f5-7caf-a6e5-210b-e06fc3334cf1">
      <Execution id="b1db4e40-854b-43d8-875b-03222065385b" />
      <TestMethod codeBase="E:/Desktop/School/BSc/Semester 1/Software Engineering/TRALALA/SEImplementation.Tests/bin/Debug/SEImplementation.Tests.DLL" adapterTypeName="Microsoft.VisualStudio.TestTools.TestTypes.Unit.UnitTestAdapter, Microsoft.VisualStudio.QualityTools.Tips.UnitTest.Adapter, Version=10.0.0.0, Culture=neutral, PublicKeyToken=b03f5f7f11d50a3a" className="SEImplementation.Tests.RoleRepoTest, SEImplementation.Tests, Version=1.0.0.0, Culture=neutral, PublicKeyToken=null" name="GetRoleByIdBoundaryNegativeTest" />
    </UnitTest>
    <UnitTest name="CreateRoleTestNoNumSymbRoleNameTest" storage="e:\desktop\school\bsc\semester 1\software engineering\tralala\seimplementation.tests\bin\debug\seimplementation.tests.dll" id="5b0200b7-a653-51fa-4b4b-10b30e877396">
      <Execution id="5f8f8272-9468-4900-b777-b3509762179a" />
      <TestMethod codeBase="E:/Desktop/School/BSc/Semester 1/Software Engineering/TRALALA/SEImplementation.Tests/bin/Debug/SEImplementation.Tests.DLL" adapterTypeName="Microsoft.VisualStudio.TestTools.TestTypes.Unit.UnitTestAdapter, Microsoft.VisualStudio.QualityTools.Tips.UnitTest.Adapter, Version=10.0.0.0, Culture=neutral, PublicKeyToken=b03f5f7f11d50a3a" className="SEImplementation.Tests.RoleRepoTest, SEImplementation.Tests, Version=1.0.0.0, Culture=neutral, PublicKeyToken=null" name="CreateRoleTestNoNumSymbRoleNameTest" />
    </UnitTest>
    <UnitTest name="CreateRoleTestNonASCIINameTest" storage="e:\desktop\school\bsc\semester 1\software engineering\tralala\seimplementation.tests\bin\debug\seimplementation.tests.dll" id="a533a4ce-3849-e61a-6a36-ac23cc44f688">
      <Execution id="ab3482a1-4dff-4fcb-b4f9-ca360ab708f2" />
      <TestMethod codeBase="E:/Desktop/School/BSc/Semester 1/Software Engineering/TRALALA/SEImplementation.Tests/bin/Debug/SEImplementation.Tests.DLL" adapterTypeName="Microsoft.VisualStudio.TestTools.TestTypes.Unit.UnitTestAdapter, Microsoft.VisualStudio.QualityTools.Tips.UnitTest.Adapter, Version=10.0.0.0, Culture=neutral, PublicKeyToken=b03f5f7f11d50a3a" className="SEImplementation.Tests.RoleRepoTest, SEImplementation.Tests, Version=1.0.0.0, Culture=neutral, PublicKeyToken=null" name="CreateRoleTestNonASCIINameTest" />
    </UnitTest>
    <UnitTest name="CreateRoleTestExeedCharacterLimitonName" storage="e:\desktop\school\bsc\semester 1\software engineering\tralala\seimplementation.tests\bin\debug\seimplementation.tests.dll" id="b3422950-13c8-9554-6949-90bd6cdc5364">
      <Execution id="91bcf781-69a0-4eb3-93a1-c17ef91ae8c0" />
      <TestMethod codeBase="E:/Desktop/School/BSc/Semester 1/Software Engineering/TRALALA/SEImplementation.Tests/bin/Debug/SEImplementation.Tests.DLL" adapterTypeName="Microsoft.VisualStudio.TestTools.TestTypes.Unit.UnitTestAdapter, Microsoft.VisualStudio.QualityTools.Tips.UnitTest.Adapter, Version=10.0.0.0, Culture=neutral, PublicKeyToken=b03f5f7f11d50a3a" className="SEImplementation.Tests.RoleRepoTest, SEImplementation.Tests, Version=1.0.0.0, Culture=neutral, PublicKeyToken=null" name="CreateRoleTestExeedCharacterLimitonName" />
    </UnitTest>
    <UnitTest name="createRoleNullDescTest" storage="e:\desktop\school\bsc\semester 1\software engineering\tralala\seimplementation.tests\bin\debug\seimplementation.tests.dll" id="6b78d26e-4d0b-2d16-f840-efbea43b9f0d">
      <Execution id="cdc2f713-5aca-4e27-b7fd-505b542bacb9" />
      <TestMethod codeBase="E:/Desktop/School/BSc/Semester 1/Software Engineering/TRALALA/SEImplementation.Tests/bin/Debug/SEImplementation.Tests.DLL" adapterTypeName="Microsoft.VisualStudio.TestTools.TestTypes.Unit.UnitTestAdapter, Microsoft.VisualStudio.QualityTools.Tips.UnitTest.Adapter, Version=10.0.0.0, Culture=neutral, PublicKeyToken=b03f5f7f11d50a3a" className="SEImplementation.Tests.RoleRepoTest, SEImplementation.Tests, Version=1.0.0.0, Culture=neutral, PublicKeyToken=null" name="createRoleNullDescTest" />
    </UnitTest>
    <UnitTest name="UpdateRoleTestRoleNameBad" storage="e:\desktop\school\bsc\semester 1\software engineering\tralala\seimplementation.tests\bin\debug\seimplementation.tests.dll" id="ba316aa0-52f0-dca8-87b4-1adcbf771adc">
      <Execution id="5d200c80-6b45-49c6-b457-60b5e5459718" />
      <TestMethod codeBase="E:/Desktop/School/BSc/Semester 1/Software Engineering/TRALALA/SEImplementation.Tests/bin/Debug/SEImplementation.Tests.DLL" adapterTypeName="Microsoft.VisualStudio.TestTools.TestTypes.Unit.UnitTestAdapter, Microsoft.VisualStudio.QualityTools.Tips.UnitTest.Adapter, Version=10.0.0.0, Culture=neutral, PublicKeyToken=b03f5f7f11d50a3a" className="SEImplementation.Tests.RoleRepoTest, SEImplementation.Tests, Version=1.0.0.0, Culture=neutral, PublicKeyToken=null" name="UpdateRoleTestRoleNameBad" />
    </UnitTest>
    <UnitTest name="CreateRoleTestNonASCIIDescTest" storage="e:\desktop\school\bsc\semester 1\software engineering\tralala\seimplementation.tests\bin\debug\seimplementation.tests.dll" id="36c1884b-ea3a-564a-8c11-2d100ac2ec85">
      <Execution id="25f0da41-061c-4468-ae9b-43bd3364ec52" />
      <TestMethod codeBase="E:/Desktop/School/BSc/Semester 1/Software Engineering/TRALALA/SEImplementation.Tests/bin/Debug/SEImplementation.Tests.DLL" adapterTypeName="Microsoft.VisualStudio.TestTools.TestTypes.Unit.UnitTestAdapter, Microsoft.VisualStudio.QualityTools.Tips.UnitTest.Adapter, Version=10.0.0.0, Culture=neutral, PublicKeyToken=b03f5f7f11d50a3a" className="SEImplementation.Tests.RoleRepoTest, SEImplementation.Tests, Version=1.0.0.0, Culture=neutral, PublicKeyToken=null" name="CreateRoleTestNonASCIIDescTest" />
    </UnitTest>
    <UnitTest name="UpdateRoleTestRoleNameNonAscii" storage="e:\desktop\school\bsc\semester 1\software engineering\tralala\seimplementation.tests\bin\debug\seimplementation.tests.dll" id="78fe66a6-bc9f-2e22-ca8a-19c0017ce697">
      <Execution id="df470a2c-68f7-4c21-9cfb-70d9e5259cb5" />
      <TestMethod codeBase="E:/Desktop/School/BSc/Semester 1/Software Engineering/TRALALA/SEImplementation.Tests/bin/Debug/SEImplementation.Tests.DLL" adapterTypeName="Microsoft.VisualStudio.TestTools.TestTypes.Unit.UnitTestAdapter, Microsoft.VisualStudio.QualityTools.Tips.UnitTest.Adapter, Version=10.0.0.0, Culture=neutral, PublicKeyToken=b03f5f7f11d50a3a" className="SEImplementation.Tests.RoleRepoTest, SEImplementation.Tests, Version=1.0.0.0, Culture=neutral, PublicKeyToken=null" name="UpdateRoleTestRoleNameNonAscii" />
    </UnitTest>
    <UnitTest name="UpdateRoleFewNameTest" storage="e:\desktop\school\bsc\semester 1\software engineering\tralala\seimplementation.tests\bin\debug\seimplementation.tests.dll" id="609a6165-6aa3-ec7d-b95f-ef0ceae0efea">
      <Execution id="ce39cb49-2c13-49c5-9582-b81b87ed64fb" />
      <TestMethod codeBase="E:/Desktop/School/BSc/Semester 1/Software Engineering/TRALALA/SEImplementation.Tests/bin/Debug/SEImplementation.Tests.DLL" adapterTypeName="Microsoft.VisualStudio.TestTools.TestTypes.Unit.UnitTestAdapter, Microsoft.VisualStudio.QualityTools.Tips.UnitTest.Adapter, Version=10.0.0.0, Culture=neutral, PublicKeyToken=b03f5f7f11d50a3a" className="SEImplementation.Tests.RoleRepoTest, SEImplementation.Tests, Version=1.0.0.0, Culture=neutral, PublicKeyToken=null" name="UpdateRoleFewNameTest" />
    </UnitTest>
    <UnitTest name="CreateRoleAlreadyExistTest" storage="e:\desktop\school\bsc\semester 1\software engineering\tralala\seimplementation.tests\bin\debug\seimplementation.tests.dll" id="5e6b146e-0888-cb7a-088c-ccd669e9fbae">
      <Execution id="5ab3c4f8-c95c-43aa-b8d2-0568ecda60ee" />
      <TestMethod codeBase="E:/Desktop/School/BSc/Semester 1/Software Engineering/TRALALA/SEImplementation.Tests/bin/Debug/SEImplementation.Tests.DLL" adapterTypeName="Microsoft.VisualStudio.TestTools.TestTypes.Unit.UnitTestAdapter, Microsoft.VisualStudio.QualityTools.Tips.UnitTest.Adapter, Version=10.0.0.0, Culture=neutral, PublicKeyToken=b03f5f7f11d50a3a" className="SEImplementation.Tests.RoleRepoTest, SEImplementation.Tests, Version=1.0.0.0, Culture=neutral, PublicKeyToken=null" name="CreateRoleAlreadyExistTest" />
    </UnitTest>
    <UnitTest name="UpdateRoleTestEmptyName" storage="e:\desktop\school\bsc\semester 1\software engineering\tralala\seimplementation.tests\bin\debug\seimplementation.tests.dll" id="48172837-7d7b-06f0-35d6-267216a40b7b">
      <Execution id="4ce26066-0806-4dec-8d51-284d58d7bd6c" />
      <TestMethod codeBase="E:/Desktop/School/BSc/Semester 1/Software Engineering/TRALALA/SEImplementation.Tests/bin/Debug/SEImplementation.Tests.DLL" adapterTypeName="Microsoft.VisualStudio.TestTools.TestTypes.Unit.UnitTestAdapter, Microsoft.VisualStudio.QualityTools.Tips.UnitTest.Adapter, Version=10.0.0.0, Culture=neutral, PublicKeyToken=b03f5f7f11d50a3a" className="SEImplementation.Tests.RoleRepoTest, SEImplementation.Tests, Version=1.0.0.0, Culture=neutral, PublicKeyToken=null" name="UpdateRoleTestEmptyName" />
    </UnitTest>
    <UnitTest name="UpdateRoleTestNullName" storage="e:\desktop\school\bsc\semester 1\software engineering\tralala\seimplementation.tests\bin\debug\seimplementation.tests.dll" id="b4e9415d-fade-486b-5f96-8d20a5983bca">
      <Execution id="c14dbaa3-2ef1-47ea-b608-388193d01a84" />
      <TestMethod codeBase="E:/Desktop/School/BSc/Semester 1/Software Engineering/TRALALA/SEImplementation.Tests/bin/Debug/SEImplementation.Tests.DLL" adapterTypeName="Microsoft.VisualStudio.TestTools.TestTypes.Unit.UnitTestAdapter, Microsoft.VisualStudio.QualityTools.Tips.UnitTest.Adapter, Version=10.0.0.0, Culture=neutral, PublicKeyToken=b03f5f7f11d50a3a" className="SEImplementation.Tests.RoleRepoTest, SEImplementation.Tests, Version=1.0.0.0, Culture=neutral, PublicKeyToken=null" name="UpdateRoleTestNullName" />
    </UnitTest>
    <UnitTest name="createRoleEmptyTest" storage="e:\desktop\school\bsc\semester 1\software engineering\tralala\seimplementation.tests\bin\debug\seimplementation.tests.dll" id="c01bcd52-1e48-0139-9b3c-dcb9ac79f4f3">
      <Execution id="7153ee5f-b79d-40b8-a512-1b2796606f9f" />
      <TestMethod codeBase="E:/Desktop/School/BSc/Semester 1/Software Engineering/TRALALA/SEImplementation.Tests/bin/Debug/SEImplementation.Tests.DLL" adapterTypeName="Microsoft.VisualStudio.TestTools.TestTypes.Unit.UnitTestAdapter, Microsoft.VisualStudio.QualityTools.Tips.UnitTest.Adapter, Version=10.0.0.0, Culture=neutral, PublicKeyToken=b03f5f7f11d50a3a" className="SEImplementation.Tests.RoleRepoTest, SEImplementation.Tests, Version=1.0.0.0, Culture=neutral, PublicKeyToken=null" name="createRoleEmptyTest" />
    </UnitTest>
    <UnitTest name="UpdateRoleTestNullDesc" storage="e:\desktop\school\bsc\semester 1\software engineering\tralala\seimplementation.tests\bin\debug\seimplementation.tests.dll" id="68a1d45e-cede-cf06-68f7-94564fd7feb2">
      <Execution id="f2d2f40e-f80b-4fb8-b2d3-d498dcd6742f" />
      <TestMethod codeBase="E:/Desktop/School/BSc/Semester 1/Software Engineering/TRALALA/SEImplementation.Tests/bin/Debug/SEImplementation.Tests.DLL" adapterTypeName="Microsoft.VisualStudio.TestTools.TestTypes.Unit.UnitTestAdapter, Microsoft.VisualStudio.QualityTools.Tips.UnitTest.Adapter, Version=10.0.0.0, Culture=neutral, PublicKeyToken=b03f5f7f11d50a3a" className="SEImplementation.Tests.RoleRepoTest, SEImplementation.Tests, Version=1.0.0.0, Culture=neutral, PublicKeyToken=null" name="UpdateRoleTestNullDesc" />
    </UnitTest>
    <UnitTest name="UpdateRoleTestRoleDescBad" storage="e:\desktop\school\bsc\semester 1\software engineering\tralala\seimplementation.tests\bin\debug\seimplementation.tests.dll" id="63ba7a1c-0a9f-d475-4259-c631099d527c">
      <Execution id="e1a77eac-e10f-440a-9537-b7895af789ea" />
      <TestMethod codeBase="E:/Desktop/School/BSc/Semester 1/Software Engineering/TRALALA/SEImplementation.Tests/bin/Debug/SEImplementation.Tests.DLL" adapterTypeName="Microsoft.VisualStudio.TestTools.TestTypes.Unit.UnitTestAdapter, Microsoft.VisualStudio.QualityTools.Tips.UnitTest.Adapter, Version=10.0.0.0, Culture=neutral, PublicKeyToken=b03f5f7f11d50a3a" className="SEImplementation.Tests.RoleRepoTest, SEImplementation.Tests, Version=1.0.0.0, Culture=neutral, PublicKeyToken=null" name="UpdateRoleTestRoleDescBad" />
    </UnitTest>
    <UnitTest name="GetRoleByIdExistTest" storage="e:\desktop\school\bsc\semester 1\software engineering\tralala\seimplementation.tests\bin\debug\seimplementation.tests.dll" id="4c9b7324-36bb-d462-95ec-80b271f6e1db">
      <Execution id="58bd934a-5cf9-4662-aa94-47c5970d26f3" />
      <TestMethod codeBase="E:/Desktop/School/BSc/Semester 1/Software Engineering/TRALALA/SEImplementation.Tests/bin/Debug/SEImplementation.Tests.DLL" adapterTypeName="Microsoft.VisualStudio.TestTools.TestTypes.Unit.UnitTestAdapter, Microsoft.VisualStudio.QualityTools.Tips.UnitTest.Adapter, Version=10.0.0.0, Culture=neutral, PublicKeyToken=b03f5f7f11d50a3a" className="SEImplementation.Tests.RoleRepoTest, SEImplementation.Tests, Version=1.0.0.0, Culture=neutral, PublicKeyToken=null" name="GetRoleByIdExistTest" />
    </UnitTest>
    <UnitTest name="CreateRoleTestExeedCharacterLimitonDesc" storage="e:\desktop\school\bsc\semester 1\software engineering\tralala\seimplementation.tests\bin\debug\seimplementation.tests.dll" id="43e2e513-1209-95e9-89f2-7d77b3822c20">
      <Execution id="2958be6b-9107-41d2-9b97-6b26dada04ea" />
      <TestMethod codeBase="E:/Desktop/School/BSc/Semester 1/Software Engineering/TRALALA/SEImplementation.Tests/bin/Debug/SEImplementation.Tests.DLL" adapterTypeName="Microsoft.VisualStudio.TestTools.TestTypes.Unit.UnitTestAdapter, Microsoft.VisualStudio.QualityTools.Tips.UnitTest.Adapter, Version=10.0.0.0, Culture=neutral, PublicKeyToken=b03f5f7f11d50a3a" className="SEImplementation.Tests.RoleRepoTest, SEImplementation.Tests, Version=1.0.0.0, Culture=neutral, PublicKeyToken=null" name="CreateRoleTestExeedCharacterLimitonDesc" />
    </UnitTest>
    <UnitTest name="UpdateRoleTestNotMatching" storage="e:\desktop\school\bsc\semester 1\software engineering\tralala\seimplementation.tests\bin\debug\seimplementation.tests.dll" id="c2929299-8048-8810-66c8-d9708d4d9785">
      <Execution id="49e22213-171c-4311-b779-80d222b76f9d" />
      <TestMethod codeBase="E:/Desktop/School/BSc/Semester 1/Software Engineering/TRALALA/SEImplementation.Tests/bin/Debug/SEImplementation.Tests.DLL" adapterTypeName="Microsoft.VisualStudio.TestTools.TestTypes.Unit.UnitTestAdapter, Microsoft.VisualStudio.QualityTools.Tips.UnitTest.Adapter, Version=10.0.0.0, Culture=neutral, PublicKeyToken=b03f5f7f11d50a3a" className="SEImplementation.Tests.RoleRepoTest, SEImplementation.Tests, Version=1.0.0.0, Culture=neutral, PublicKeyToken=null" name="UpdateRoleTestNotMatching" />
    </UnitTest>
    <UnitTest name="CreateRoleSuccessEqualValueTest" storage="e:\desktop\school\bsc\semester 1\software engineering\tralala\seimplementation.tests\bin\debug\seimplementation.tests.dll" id="5ff3e092-e0d6-8efb-0820-a7f9eab6437f">
      <Execution id="5e6c8588-eb02-4d42-99d4-0ec732f52c26" />
      <TestMethod codeBase="E:/Desktop/School/BSc/Semester 1/Software Engineering/TRALALA/SEImplementation.Tests/bin/Debug/SEImplementation.Tests.DLL" adapterTypeName="Microsoft.VisualStudio.TestTools.TestTypes.Unit.UnitTestAdapter, Microsoft.VisualStudio.QualityTools.Tips.UnitTest.Adapter, Version=10.0.0.0, Culture=neutral, PublicKeyToken=b03f5f7f11d50a3a" className="SEImplementation.Tests.RoleRepoTest, SEImplementation.Tests, Version=1.0.0.0, Culture=neutral, PublicKeyToken=null" name="CreateRoleSuccessEqualValueTest" />
    </UnitTest>
    <UnitTest name="UpdateRoleTestRoleDescNonAscii" storage="e:\desktop\school\bsc\semester 1\software engineering\tralala\seimplementation.tests\bin\debug\seimplementation.tests.dll" id="b04bc4dd-1c27-a6fa-bd6a-2e2ee510c74e">
      <Execution id="caebdab9-c763-4d94-80d2-ecfb0593526c" />
      <TestMethod codeBase="E:/Desktop/School/BSc/Semester 1/Software Engineering/TRALALA/SEImplementation.Tests/bin/Debug/SEImplementation.Tests.DLL" adapterTypeName="Microsoft.VisualStudio.TestTools.TestTypes.Unit.UnitTestAdapter, Microsoft.VisualStudio.QualityTools.Tips.UnitTest.Adapter, Version=10.0.0.0, Culture=neutral, PublicKeyToken=b03f5f7f11d50a3a" className="SEImplementation.Tests.RoleRepoTest, SEImplementation.Tests, Version=1.0.0.0, Culture=neutral, PublicKeyToken=null" name="UpdateRoleTestRoleDescNonAscii" />
    </UnitTest>
  </TestDefinitions>
  <TestLists>
    <TestList name="Results Not in a List" id="8c84fa94-04c1-424b-9868-57a2d4851a1d" />
    <TestList name="All Loaded Results" id="19431567-8539-422a-85d7-44ee4e166bda" />
  </TestLists>
  <TestEntries>
    <TestEntry testId="0266bf01-68a3-4383-bda3-cf5a18d0860f" executionId="2b93a4f4-9c47-4968-988f-8ae0d51dc9e4" testListId="8c84fa94-04c1-424b-9868-57a2d4851a1d" />
    <TestEntry testId="08443ed7-b999-a5e4-7cad-8a7b4ff651a8" executionId="79152b6d-4548-4dd7-855f-240f63907706" testListId="8c84fa94-04c1-424b-9868-57a2d4851a1d" />
    <TestEntry testId="13247df7-3d56-5a96-a517-506237ae74a1" executionId="241202a9-0666-4319-98d7-b4d627792e27" testListId="8c84fa94-04c1-424b-9868-57a2d4851a1d" />
    <TestEntry testId="290e47ea-0820-016e-53eb-429e262ceaf8" executionId="60a933af-8969-46ee-9d19-e75d24d46c5e" testListId="8c84fa94-04c1-424b-9868-57a2d4851a1d" />
    <TestEntry testId="2cdc7137-401e-62e3-8dc6-f25ce01a537a" executionId="40eb5331-8e61-4224-93ad-faa973634a40" testListId="8c84fa94-04c1-424b-9868-57a2d4851a1d" />
    <TestEntry testId="34bc5648-43a4-647f-4592-324cb0f819e1" executionId="d316adc9-6686-4005-85c0-90651169a0ec" testListId="8c84fa94-04c1-424b-9868-57a2d4851a1d" />
    <TestEntry testId="36c1884b-ea3a-564a-8c11-2d100ac2ec85" executionId="25f0da41-061c-4468-ae9b-43bd3364ec52" testListId="8c84fa94-04c1-424b-9868-57a2d4851a1d" />
    <TestEntry testId="43e2e513-1209-95e9-89f2-7d77b3822c20" executionId="2958be6b-9107-41d2-9b97-6b26dada04ea" testListId="8c84fa94-04c1-424b-9868-57a2d4851a1d" />
    <TestEntry testId="48172837-7d7b-06f0-35d6-267216a40b7b" executionId="4ce26066-0806-4dec-8d51-284d58d7bd6c" testListId="8c84fa94-04c1-424b-9868-57a2d4851a1d" />
    <TestEntry testId="4c9b7324-36bb-d462-95ec-80b271f6e1db" executionId="58bd934a-5cf9-4662-aa94-47c5970d26f3" testListId="8c84fa94-04c1-424b-9868-57a2d4851a1d" />
    <TestEntry testId="518e1dc2-ea68-15fc-c2d8-49c27186343b" executionId="4ed4784e-9f1a-4cca-a705-af9c10e9a936" testListId="8c84fa94-04c1-424b-9868-57a2d4851a1d" />
    <TestEntry testId="5766de9a-8684-e0c6-bc4e-4ffc1fb38afa" executionId="d6fc9f1f-cc83-480e-8236-2fab8aa6d142" testListId="8c84fa94-04c1-424b-9868-57a2d4851a1d" />
    <TestEntry testId="5b0200b7-a653-51fa-4b4b-10b30e877396" executionId="5f8f8272-9468-4900-b777-b3509762179a" testListId="8c84fa94-04c1-424b-9868-57a2d4851a1d" />
    <TestEntry testId="5b505cd0-93f0-1c9c-0d7f-a858e9f6c7c2" executionId="9ba9ef43-71d3-4feb-a6c6-55838ca6ed05" testListId="8c84fa94-04c1-424b-9868-57a2d4851a1d" />
    <TestEntry testId="5e6b146e-0888-cb7a-088c-ccd669e9fbae" executionId="5ab3c4f8-c95c-43aa-b8d2-0568ecda60ee" testListId="8c84fa94-04c1-424b-9868-57a2d4851a1d" />
    <TestEntry testId="5ff3e092-e0d6-8efb-0820-a7f9eab6437f" executionId="5e6c8588-eb02-4d42-99d4-0ec732f52c26" testListId="8c84fa94-04c1-424b-9868-57a2d4851a1d" />
    <TestEntry testId="609a6165-6aa3-ec7d-b95f-ef0ceae0efea" executionId="ce39cb49-2c13-49c5-9582-b81b87ed64fb" testListId="8c84fa94-04c1-424b-9868-57a2d4851a1d" />
    <TestEntry testId="63ba7a1c-0a9f-d475-4259-c631099d527c" executionId="e1a77eac-e10f-440a-9537-b7895af789ea" testListId="8c84fa94-04c1-424b-9868-57a2d4851a1d" />
    <TestEntry testId="64ef12f7-ea64-ac8b-d013-f82c0c6d531a" executionId="9d11c5a5-a584-4651-b6c4-9ee339e756f3" testListId="8c84fa94-04c1-424b-9868-57a2d4851a1d" />
    <TestEntry testId="68a1d45e-cede-cf06-68f7-94564fd7feb2" executionId="f2d2f40e-f80b-4fb8-b2d3-d498dcd6742f" testListId="8c84fa94-04c1-424b-9868-57a2d4851a1d" />
    <TestEntry testId="6b78d26e-4d0b-2d16-f840-efbea43b9f0d" executionId="cdc2f713-5aca-4e27-b7fd-505b542bacb9" testListId="8c84fa94-04c1-424b-9868-57a2d4851a1d" />
    <TestEntry testId="6bdc3103-b673-5cb9-be77-7f4ef84e4995" executionId="acd1f443-2e29-43dd-8292-2ce7ed1d7a93" testListId="8c84fa94-04c1-424b-9868-57a2d4851a1d" />
    <TestEntry testId="74afa68e-2526-5c18-ee55-f2bbbbf2410a" executionId="819ac710-7cd0-41b2-92c0-818ddfa7615b" testListId="8c84fa94-04c1-424b-9868-57a2d4851a1d" />
    <TestEntry testId="78fe66a6-bc9f-2e22-ca8a-19c0017ce697" executionId="df470a2c-68f7-4c21-9cfb-70d9e5259cb5" testListId="8c84fa94-04c1-424b-9868-57a2d4851a1d" />
    <TestEntry testId="825e251e-6d29-e1a8-a155-4beac61e1b9d" executionId="67ad807b-7105-42a4-940d-a82491f832e3" testListId="8c84fa94-04c1-424b-9868-57a2d4851a1d" />
    <TestEntry testId="842dc3df-3bff-9f2f-394d-17dfb132acc8" executionId="b250d23a-8411-4e1a-ab6b-95df6639b305" testListId="8c84fa94-04c1-424b-9868-57a2d4851a1d" />
    <TestEntry testId="8c5802aa-4574-61c9-1aca-d10adf54732d" executionId="d2e1efcf-98b8-4010-8696-196bbb15dc0f" testListId="8c84fa94-04c1-424b-9868-57a2d4851a1d" />
    <TestEntry testId="8de55e15-6f0d-51c4-346e-226a8247d21b" executionId="0230f7e4-01b9-478f-993b-bd1005115101" testListId="8c84fa94-04c1-424b-9868-57a2d4851a1d" />
    <TestEntry testId="9108f78e-1e8e-8ef5-c820-3bb2c6079aad" executionId="a961892a-0938-444f-99f5-97a90a12e6a6" testListId="8c84fa94-04c1-424b-9868-57a2d4851a1d" />
    <TestEntry testId="991a5087-ea0e-f2a5-a585-3462563b113a" executionId="a7acde4c-8e58-4592-bb5a-a9f8d8a91b0e" testListId="8c84fa94-04c1-424b-9868-57a2d4851a1d" />
    <TestEntry testId="9ea9f69b-2b1d-ee50-651b-164059cc5540" executionId="36074173-01b0-4545-9294-68270918801a" testListId="8c84fa94-04c1-424b-9868-57a2d4851a1d" />
    <TestEntry testId="a533a4ce-3849-e61a-6a36-ac23cc44f688" executionId="ab3482a1-4dff-4fcb-b4f9-ca360ab708f2" testListId="8c84fa94-04c1-424b-9868-57a2d4851a1d" />
    <TestEntry testId="b04bc4dd-1c27-a6fa-bd6a-2e2ee510c74e" executionId="caebdab9-c763-4d94-80d2-ecfb0593526c" testListId="8c84fa94-04c1-424b-9868-57a2d4851a1d" />
    <TestEntry testId="b32547ec-a862-3b2b-2e66-bb246f894077" executionId="1bd3fcfc-e591-476e-9861-23e1dbdb2bde" testListId="8c84fa94-04c1-424b-9868-57a2d4851a1d" />
    <TestEntry testId="b3422950-13c8-9554-6949-90bd6cdc5364" executionId="91bcf781-69a0-4eb3-93a1-c17ef91ae8c0" testListId="8c84fa94-04c1-424b-9868-57a2d4851a1d" />
    <TestEntry testId="b3b0da28-414b-614a-698b-37506007bccd" executionId="0f726b87-208a-4082-b9db-325a31684f30" testListId="8c84fa94-04c1-424b-9868-57a2d4851a1d" />
    <TestEntry testId="b4e9415d-fade-486b-5f96-8d20a5983bca" executionId="c14dbaa3-2ef1-47ea-b608-388193d01a84" testListId="8c84fa94-04c1-424b-9868-57a2d4851a1d" />
    <TestEntry testId="b714d5f5-7caf-a6e5-210b-e06fc3334cf1" executionId="b1db4e40-854b-43d8-875b-03222065385b" testListId="8c84fa94-04c1-424b-9868-57a2d4851a1d" />
    <TestEntry testId="b7d9f2b4-b6e4-4fa3-8b3e-823a64c3ef77" executionId="3f3ee67b-dc8f-43f9-b04c-a4e15d17bd35" testListId="8c84fa94-04c1-424b-9868-57a2d4851a1d" />
    <TestEntry testId="ba316aa0-52f0-dca8-87b4-1adcbf771adc" executionId="5d200c80-6b45-49c6-b457-60b5e5459718" testListId="8c84fa94-04c1-424b-9868-57a2d4851a1d" />
    <TestEntry testId="c01bcd52-1e48-0139-9b3c-dcb9ac79f4f3" executionId="7153ee5f-b79d-40b8-a512-1b2796606f9f" testListId="8c84fa94-04c1-424b-9868-57a2d4851a1d" />
    <TestEntry testId="c2929299-8048-8810-66c8-d9708d4d9785" executionId="49e22213-171c-4311-b779-80d222b76f9d" testListId="8c84fa94-04c1-424b-9868-57a2d4851a1d" />
    <TestEntry testId="cfd83b9f-a3ce-c125-f187-fbcac6aad68f" executionId="8ca03281-7baa-4a6a-8d6f-bb0514983e8d" testListId="8c84fa94-04c1-424b-9868-57a2d4851a1d" />
    <TestEntry testId="d16f0b59-1491-428e-d22d-6bdc11e93b5f" executionId="7fc8fbe3-8384-4c0a-a30e-f7f91705a229" testListId="8c84fa94-04c1-424b-9868-57a2d4851a1d" />
    <TestEntry testId="fc65208a-bc6c-c37d-e81b-cbb20529b86b" executionId="afc58b8a-72d0-420a-bd05-bccd0cccac8d" testListId="8c84fa94-04c1-424b-9868-57a2d4851a1d" />
  </TestEntries>
  <Results>
    <UnitTestResult executionId="2b93a4f4-9c47-4968-988f-8ae0d51dc9e4" testId="0266bf01-68a3-4383-bda3-cf5a18d0860f" testName="CreateRoleEmptyObjectTest" computerName="DERRICK-PC" duration="00:00:00.3660928" startTime="2015-01-14T15:25:06.7828018+01:00" endTime="2015-01-14T15:25:07.3518355+01:00" testType="13cdc9d9-ddb5-4fa4-a97d-d965ccfc6d4b" outcome="Passed" testListId="8c84fa94-04c1-424b-9868-57a2d4851a1d" relativeResultsDirectory="2b93a4f4-9c47-4968-988f-8ae0d51dc9e4">
    </UnitTestResult>
    <UnitTestResult executionId="79152b6d-4548-4dd7-855f-240f63907706" testId="08443ed7-b999-a5e4-7cad-8a7b4ff651a8" testName="CreateRoleSuccessGetIDNotEqualNums" computerName="DERRICK-PC" duration="00:00:00.1628895" startTime="2015-01-14T15:25:07.3528362+01:00" endTime="2015-01-14T15:25:07.5188456+01:00" testType="13cdc9d9-ddb5-4fa4-a97d-d965ccfc6d4b" outcome="Passed" testListId="8c84fa94-04c1-424b-9868-57a2d4851a1d" relativeResultsDirectory="79152b6d-4548-4dd7-855f-240f63907706">
    </UnitTestResult>
    <UnitTestResult executionId="241202a9-0666-4319-98d7-b4d627792e27" testId="13247df7-3d56-5a96-a517-506237ae74a1" testName="GetRoleByIdNotExistentTest" computerName="DERRICK-PC" duration="00:00:00.0029286" startTime="2015-01-14T15:25:07.5188456+01:00" endTime="2015-01-14T15:25:07.5248462+01:00" testType="13cdc9d9-ddb5-4fa4-a97d-d965ccfc6d4b" outcome="Passed" testListId="8c84fa94-04c1-424b-9868-57a2d4851a1d" relativeResultsDirectory="241202a9-0666-4319-98d7-b4d627792e27">
    </UnitTestResult>
    <UnitTestResult executionId="60a933af-8969-46ee-9d19-e75d24d46c5e" testId="290e47ea-0820-016e-53eb-429e262ceaf8" testName="UpdateRoleExceedDescTest" computerName="DERRICK-PC" duration="00:00:00.0056343" startTime="2015-01-14T15:25:07.5248462+01:00" endTime="2015-01-14T15:25:07.5328463+01:00" testType="13cdc9d9-ddb5-4fa4-a97d-d965ccfc6d4b" outcome="Passed" testListId="8c84fa94-04c1-424b-9868-57a2d4851a1d" relativeResultsDirectory="60a933af-8969-46ee-9d19-e75d24d46c5e">
    </UnitTestResult>
    <UnitTestResult executionId="40eb5331-8e61-4224-93ad-faa973634a40" testId="2cdc7137-401e-62e3-8dc6-f25ce01a537a" testName="CreateRoleTestBeneathCharacterLimitonName" computerName="DERRICK-PC" duration="00:00:00.0027443" startTime="2015-01-14T15:25:07.5338459+01:00" endTime="2015-01-14T15:25:07.5388465+01:00" testType="13cdc9d9-ddb5-4fa4-a97d-d965ccfc6d4b" outcome="Passed" testListId="8c84fa94-04c1-424b-9868-57a2d4851a1d" relativeResultsDirectory="40eb5331-8e61-4224-93ad-faa973634a40">
    </UnitTestResult>
    <UnitTestResult executionId="d316adc9-6686-4005-85c0-90651169a0ec" testId="34bc5648-43a4-647f-4592-324cb0f819e1" testName="UpdateRoleTestMatchingDesc" computerName="DERRICK-PC" duration="00:00:00.0111391" startTime="2015-01-14T15:25:07.5388465+01:00" endTime="2015-01-14T15:25:07.5518476+01:00" testType="13cdc9d9-ddb5-4fa4-a97d-d965ccfc6d4b" outcome="Passed" testListId="8c84fa94-04c1-424b-9868-57a2d4851a1d" relativeResultsDirectory="d316adc9-6686-4005-85c0-90651169a0ec">
    </UnitTestResult>
    <UnitTestResult executionId="25f0da41-061c-4468-ae9b-43bd3364ec52" testId="36c1884b-ea3a-564a-8c11-2d100ac2ec85" testName="CreateRoleTestNonASCIIDescTest" computerName="DERRICK-PC" duration="00:00:00.0023715" startTime="2015-01-14T15:25:07.5528472+01:00" endTime="2015-01-14T15:25:07.5578475+01:00" testType="13cdc9d9-ddb5-4fa4-a97d-d965ccfc6d4b" outcome="Passed" testListId="8c84fa94-04c1-424b-9868-57a2d4851a1d" relativeResultsDirectory="25f0da41-061c-4468-ae9b-43bd3364ec52">
    </UnitTestResult>
    <UnitTestResult executionId="2958be6b-9107-41d2-9b97-6b26dada04ea" testId="43e2e513-1209-95e9-89f2-7d77b3822c20" testName="CreateRoleTestExeedCharacterLimitonDesc" computerName="DERRICK-PC" duration="00:00:00.0028133" startTime="2015-01-14T15:25:07.5588478+01:00" endTime="2015-01-14T15:25:07.5638484+01:00" testType="13cdc9d9-ddb5-4fa4-a97d-d965ccfc6d4b" outcome="Passed" testListId="8c84fa94-04c1-424b-9868-57a2d4851a1d" relativeResultsDirectory="2958be6b-9107-41d2-9b97-6b26dada04ea">
    </UnitTestResult>
    <UnitTestResult executionId="4ce26066-0806-4dec-8d51-284d58d7bd6c" testId="48172837-7d7b-06f0-35d6-267216a40b7b" testName="UpdateRoleTestEmptyName" computerName="DERRICK-PC" duration="00:00:00.0054852" startTime="2015-01-14T15:25:07.5638484+01:00" endTime="2015-01-14T15:25:07.5728481+01:00" testType="13cdc9d9-ddb5-4fa4-a97d-d965ccfc6d4b" outcome="Passed" testListId="8c84fa94-04c1-424b-9868-57a2d4851a1d" relativeResultsDirectory="4ce26066-0806-4dec-8d51-284d58d7bd6c">
    </UnitTestResult>
    <UnitTestResult executionId="58bd934a-5cf9-4662-aa94-47c5970d26f3" testId="4c9b7324-36bb-d462-95ec-80b271f6e1db" testName="GetRoleByIdExistTest" computerName="DERRICK-PC" duration="00:00:00.0058963" startTime="2015-01-14T15:25:07.5738493+01:00" endTime="2015-01-14T15:25:07.5818502+01:00" testType="13cdc9d9-ddb5-4fa4-a97d-d965ccfc6d4b" outcome="Passed" testListId="8c84fa94-04c1-424b-9868-57a2d4851a1d" relativeResultsDirectory="58bd934a-5cf9-4662-aa94-47c5970d26f3">
    </UnitTestResult>
    <UnitTestResult executionId="4ed4784e-9f1a-4cca-a705-af9c10e9a936" testId="518e1dc2-ea68-15fc-c2d8-49c27186343b" testName="DeleteRoleSuccessfulTest" computerName="DERRICK-PC" duration="00:00:00.0051772" startTime="2015-01-14T15:25:07.5828509+01:00" endTime="2015-01-14T15:25:07.5898495+01:00" testType="13cdc9d9-ddb5-4fa4-a97d-d965ccfc6d4b" outcome="Passed" testListId="8c84fa94-04c1-424b-9868-57a2d4851a1d" relativeResultsDirectory="4ed4784e-9f1a-4cca-a705-af9c10e9a936">
    </UnitTestResult>
    <UnitTestResult executionId="d6fc9f1f-cc83-480e-8236-2fab8aa6d142" testId="5766de9a-8684-e0c6-bc4e-4ffc1fb38afa" testName="UpdateRoleTestEmptyDesc" computerName="DERRICK-PC" duration="00:00:00.0047262" startTime="2015-01-14T15:25:07.5908518+01:00" endTime="2015-01-14T15:25:07.5978493+01:00" testType="13cdc9d9-ddb5-4fa4-a97d-d965ccfc6d4b" outcome="Passed" testListId="8c84fa94-04c1-424b-9868-57a2d4851a1d" relativeResultsDirectory="d6fc9f1f-cc83-480e-8236-2fab8aa6d142">
    </UnitTestResult>
    <UnitTestResult executionId="5f8f8272-9468-4900-b777-b3509762179a" testId="5b0200b7-a653-51fa-4b4b-10b30e877396" testName="CreateRoleTestNoNumSymbRoleNameTest" computerName="DERRICK-PC" duration="00:00:00.0018903" startTime="2015-01-14T15:25:07.5988489+01:00" endTime="2015-01-14T15:25:07.6028503+01:00" testType="13cdc9d9-ddb5-4fa4-a97d-d965ccfc6d4b" outcome="Passed" testListId="8c84fa94-04c1-424b-9868-57a2d4851a1d" relativeResultsDirectory="5f8f8272-9468-4900-b777-b3509762179a">
    </UnitTestResult>
    <UnitTestResult executionId="9ba9ef43-71d3-4feb-a6c6-55838ca6ed05" testId="5b505cd0-93f0-1c9c-0d7f-a858e9f6c7c2" testName="UpdateRoleEmptyTest" computerName="DERRICK-PC" duration="00:00:00.0271585" startTime="2015-01-14T15:25:07.6038514+01:00" endTime="2015-01-14T15:25:07.6338961+01:00" testType="13cdc9d9-ddb5-4fa4-a97d-d965ccfc6d4b" outcome="Passed" testListId="8c84fa94-04c1-424b-9868-57a2d4851a1d" relativeResultsDirectory="9ba9ef43-71d3-4feb-a6c6-55838ca6ed05">
    </UnitTestResult>
    <UnitTestResult executionId="5ab3c4f8-c95c-43aa-b8d2-0568ecda60ee" testId="5e6b146e-0888-cb7a-088c-ccd669e9fbae" testName="CreateRoleAlreadyExistTest" computerName="DERRICK-PC" duration="00:00:00.0031493" startTime="2015-01-14T15:25:07.6338961+01:00" endTime="2015-01-14T15:25:07.6398522+01:00" testType="13cdc9d9-ddb5-4fa4-a97d-d965ccfc6d4b" outcome="Passed" testListId="8c84fa94-04c1-424b-9868-57a2d4851a1d" relativeResultsDirectory="5ab3c4f8-c95c-43aa-b8d2-0568ecda60ee">
    </UnitTestResult>
    <UnitTestResult executionId="5e6c8588-eb02-4d42-99d4-0ec732f52c26" testId="5ff3e092-e0d6-8efb-0820-a7f9eab6437f" testName="CreateRoleSuccessEqualValueTest" computerName="DERRICK-PC" duration="00:00:00.0063032" startTime="2015-01-14T15:25:07.6408529+01:00" endTime="2015-01-14T15:25:07.6498526+01:00" testType="13cdc9d9-ddb5-4fa4-a97d-d965ccfc6d4b" outcome="Passed" testListId="8c84fa94-04c1-424b-9868-57a2d4851a1d" relativeResultsDirectory="5e6c8588-eb02-4d42-99d4-0ec732f52c26">
    </UnitTestResult>
    <UnitTestResult executionId="ce39cb49-2c13-49c5-9582-b81b87ed64fb" testId="609a6165-6aa3-ec7d-b95f-ef0ceae0efea" testName="UpdateRoleFewNameTest" computerName="DERRICK-PC" duration="00:00:00.0051550" startTime="2015-01-14T15:25:07.6508545+01:00" endTime="2015-01-14T15:25:07.6578528+01:00" testType="13cdc9d9-ddb5-4fa4-a97d-d965ccfc6d4b" outcome="Passed" testListId="8c84fa94-04c1-424b-9868-57a2d4851a1d" relativeResultsDirectory="ce39cb49-2c13-49c5-9582-b81b87ed64fb">
    </UnitTestResult>
    <UnitTestResult executionId="e1a77eac-e10f-440a-9537-b7895af789ea" testId="63ba7a1c-0a9f-d475-4259-c631099d527c" testName="UpdateRoleTestRoleDescBad" computerName="DERRICK-PC" duration="00:00:00.0055687" startTime="2015-01-14T15:25:07.6588551+01:00" endTime="2015-01-14T15:25:07.6668548+01:00" testType="13cdc9d9-ddb5-4fa4-a97d-d965ccfc6d4b" outcome="Passed" testListId="8c84fa94-04c1-424b-9868-57a2d4851a1d" relativeResultsDirectory="e1a77eac-e10f-440a-9537-b7895af789ea">
    </UnitTestResult>
    <UnitTestResult executionId="9d11c5a5-a584-4651-b6c4-9ee339e756f3" testId="64ef12f7-ea64-ac8b-d013-f82c0c6d531a" testName="UpdateRoleTestMatching1" computerName="DERRICK-PC" duration="00:00:00.0082234" startTime="2015-01-14T15:25:07.6678540+01:00" endTime="2015-01-14T15:25:07.6778541+01:00" testType="13cdc9d9-ddb5-4fa4-a97d-d965ccfc6d4b" outcome="Passed" testListId="8c84fa94-04c1-424b-9868-57a2d4851a1d" relativeResultsDirectory="9d11c5a5-a584-4651-b6c4-9ee339e756f3">
    </UnitTestResult>
    <UnitTestResult executionId="f2d2f40e-f80b-4fb8-b2d3-d498dcd6742f" testId="68a1d45e-cede-cf06-68f7-94564fd7feb2" testName="UpdateRoleTestNullDesc" computerName="DERRICK-PC" duration="00:00:00.0064917" startTime="2015-01-14T15:25:07.6788540+01:00" endTime="2015-01-14T15:25:07.6878557+01:00" testType="13cdc9d9-ddb5-4fa4-a97d-d965ccfc6d4b" outcome="Passed" testListId="8c84fa94-04c1-424b-9868-57a2d4851a1d" relativeResultsDirectory="f2d2f40e-f80b-4fb8-b2d3-d498dcd6742f">
    </UnitTestResult>
    <UnitTestResult executionId="cdc2f713-5aca-4e27-b7fd-505b542bacb9" testId="6b78d26e-4d0b-2d16-f840-efbea43b9f0d" testName="createRoleNullDescTest" computerName="DERRICK-PC" duration="00:00:00.0019129" startTime="2015-01-14T15:25:07.6888564+01:00" endTime="2015-01-14T15:25:07.6928555+01:00" testType="13cdc9d9-ddb5-4fa4-a97d-d965ccfc6d4b" outcome="Passed" testListId="8c84fa94-04c1-424b-9868-57a2d4851a1d" relativeResultsDirectory="cdc2f713-5aca-4e27-b7fd-505b542bacb9">
    </UnitTestResult>
    <UnitTestResult executionId="acd1f443-2e29-43dd-8292-2ce7ed1d7a93" testId="6bdc3103-b673-5cb9-be77-7f4ef84e4995" testName="DeleteRoleNegativeTest" computerName="DERRICK-PC" duration="00:00:00.0031313" startTime="2015-01-14T15:25:07.6938551+01:00" endTime="2015-01-14T15:25:07.6998561+01:00" testType="13cdc9d9-ddb5-4fa4-a97d-d965ccfc6d4b" outcome="Passed" testListId="8c84fa94-04c1-424b-9868-57a2d4851a1d" relativeResultsDirectory="acd1f443-2e29-43dd-8292-2ce7ed1d7a93">
    </UnitTestResult>
    <UnitTestResult executionId="819ac710-7cd0-41b2-92c0-818ddfa7615b" testId="74afa68e-2526-5c18-ee55-f2bbbbf2410a" testName="UpdateRoleExceedNameTest" computerName="DERRICK-PC" duration="00:00:00.0050416" startTime="2015-01-14T15:25:07.6998561+01:00" endTime="2015-01-14T15:25:07.7078589+01:00" testType="13cdc9d9-ddb5-4fa4-a97d-d965ccfc6d4b" outcome="Passed" testListId="8c84fa94-04c1-424b-9868-57a2d4851a1d" relativeResultsDirectory="819ac710-7cd0-41b2-92c0-818ddfa7615b">
    </UnitTestResult>
    <UnitTestResult executionId="df470a2c-68f7-4c21-9cfb-70d9e5259cb5" testId="78fe66a6-bc9f-2e22-ca8a-19c0017ce697" testName="UpdateRoleTestRoleNameNonAscii" computerName="DERRICK-PC" duration="00:00:00.0053565" startTime="2015-01-14T15:25:07.7088554+01:00" endTime="2015-01-14T15:25:07.7168567+01:00" testType="13cdc9d9-ddb5-4fa4-a97d-d965ccfc6d4b" outcome="Passed" testListId="8c84fa94-04c1-424b-9868-57a2d4851a1d" relativeResultsDirectory="df470a2c-68f7-4c21-9cfb-70d9e5259cb5">
    </UnitTestResult>
    <UnitTestResult executionId="67ad807b-7105-42a4-940d-a82491f832e3" testId="825e251e-6d29-e1a8-a155-4beac61e1b9d" testName="createRoleNullNameTest" computerName="DERRICK-PC" duration="00:00:00.0020236" startTime="2015-01-14T15:25:07.7178571+01:00" endTime="2015-01-14T15:25:07.7218573+01:00" testType="13cdc9d9-ddb5-4fa4-a97d-d965ccfc6d4b" outcome="Passed" testListId="8c84fa94-04c1-424b-9868-57a2d4851a1d" relativeResultsDirectory="67ad807b-7105-42a4-940d-a82491f832e3">
    </UnitTestResult>
    <UnitTestResult executionId="b250d23a-8411-4e1a-ab6b-95df6639b305" testId="842dc3df-3bff-9f2f-394d-17dfb132acc8" testName="CreateRoleSuccessEqualListTest" computerName="DERRICK-PC" duration="00:00:00.0056756" startTime="2015-01-14T15:25:07.7229105+01:00" endTime="2015-01-14T15:25:07.7308582+01:00" testType="13cdc9d9-ddb5-4fa4-a97d-d965ccfc6d4b" outcome="Passed" testListId="8c84fa94-04c1-424b-9868-57a2d4851a1d" relativeResultsDirectory="b250d23a-8411-4e1a-ab6b-95df6639b305">
    </UnitTestResult>
    <UnitTestResult executionId="d2e1efcf-98b8-4010-8696-196bbb15dc0f" testId="8c5802aa-4574-61c9-1aca-d10adf54732d" testName="GetRolesValuesTest" computerName="DERRICK-PC" duration="00:00:00.0026336" startTime="2015-01-14T15:25:07.7318574+01:00" endTime="2015-01-14T15:25:07.7368599+01:00" testType="13cdc9d9-ddb5-4fa4-a97d-d965ccfc6d4b" outcome="Passed" testListId="8c84fa94-04c1-424b-9868-57a2d4851a1d" relativeResultsDirectory="d2e1efcf-98b8-4010-8696-196bbb15dc0f">
    </UnitTestResult>
    <UnitTestResult executionId="0230f7e4-01b9-478f-993b-bd1005115101" testId="8de55e15-6f0d-51c4-346e-226a8247d21b" testName="UpdateRoleExceedNull" computerName="DERRICK-PC" duration="00:00:00.0048714" startTime="2015-01-14T15:25:07.7378580+01:00" endTime="2015-01-14T15:25:07.7448574+01:00" testType="13cdc9d9-ddb5-4fa4-a97d-d965ccfc6d4b" outcome="Passed" testListId="8c84fa94-04c1-424b-9868-57a2d4851a1d" relativeResultsDirectory="0230f7e4-01b9-478f-993b-bd1005115101">
    </UnitTestResult>
    <UnitTestResult executionId="a961892a-0938-444f-99f5-97a90a12e6a6" testId="9108f78e-1e8e-8ef5-c820-3bb2c6079aad" testName="CreateRoleSuccessNotEqualListTest" computerName="DERRICK-PC" duration="00:00:00.0062764" startTime="2015-01-14T15:25:07.7458581+01:00" endTime="2015-01-14T15:25:07.7548594+01:00" testType="13cdc9d9-ddb5-4fa4-a97d-d965ccfc6d4b" outcome="Passed" testListId="8c84fa94-04c1-424b-9868-57a2d4851a1d" relativeResultsDirectory="a961892a-0938-444f-99f5-97a90a12e6a6">
    </UnitTestResult>
    <UnitTestResult executionId="a7acde4c-8e58-4592-bb5a-a9f8d8a91b0e" testId="991a5087-ea0e-f2a5-a585-3462563b113a" testName="CreateRoleTestNoNumSymbRoleDescTest" computerName="DERRICK-PC" duration="00:00:00.0021995" startTime="2015-01-14T15:25:07.7558589+01:00" endTime="2015-01-14T15:25:07.7598600+01:00" testType="13cdc9d9-ddb5-4fa4-a97d-d965ccfc6d4b" outcome="Passed" testListId="8c84fa94-04c1-424b-9868-57a2d4851a1d" relativeResultsDirectory="a7acde4c-8e58-4592-bb5a-a9f8d8a91b0e">
    </UnitTestResult>
    <UnitTestResult executionId="36074173-01b0-4545-9294-68270918801a" testId="9ea9f69b-2b1d-ee50-651b-164059cc5540" testName="CreateRoleSuccessDescAlreadyExistTest" computerName="DERRICK-PC" duration="00:00:00.0060802" startTime="2015-01-14T15:25:07.7608584+01:00" endTime="2015-01-14T15:25:07.7688597+01:00" testType="13cdc9d9-ddb5-4fa4-a97d-d965ccfc6d4b" outcome="Passed" testListId="8c84fa94-04c1-424b-9868-57a2d4851a1d" relativeResultsDirectory="36074173-01b0-4545-9294-68270918801a">
    </UnitTestResult>
    <UnitTestResult executionId="ab3482a1-4dff-4fcb-b4f9-ca360ab708f2" testId="a533a4ce-3849-e61a-6a36-ac23cc44f688" testName="CreateRoleTestNonASCIINameTest" computerName="DERRICK-PC" duration="00:00:00.0020715" startTime="2015-01-14T15:25:07.7698600+01:00" endTime="2015-01-14T15:25:07.7748614+01:00" testType="13cdc9d9-ddb5-4fa4-a97d-d965ccfc6d4b" outcome="Passed" testListId="8c84fa94-04c1-424b-9868-57a2d4851a1d" relativeResultsDirectory="ab3482a1-4dff-4fcb-b4f9-ca360ab708f2">
    </UnitTestResult>
    <UnitTestResult executionId="caebdab9-c763-4d94-80d2-ecfb0593526c" testId="b04bc4dd-1c27-a6fa-bd6a-2e2ee510c74e" testName="UpdateRoleTestRoleDescNonAscii" computerName="DERRICK-PC" duration="00:00:00.0050040" startTime="2015-01-14T15:25:07.7758602+01:00" endTime="2015-01-14T15:25:07.7828612+01:00" testType="13cdc9d9-ddb5-4fa4-a97d-d965ccfc6d4b" outcome="Passed" testListId="8c84fa94-04c1-424b-9868-57a2d4851a1d" relativeResultsDirectory="caebdab9-c763-4d94-80d2-ecfb0593526c">
    </UnitTestResult>
    <UnitTestResult executionId="1bd3fcfc-e591-476e-9861-23e1dbdb2bde" testId="b32547ec-a862-3b2b-2e66-bb246f894077" testName="DeleteRoleDoesNotExistTest" computerName="DERRICK-PC" duration="00:00:00.0029336" startTime="2015-01-14T15:25:07.7838600+01:00" endTime="2015-01-14T15:25:07.7888606+01:00" testType="13cdc9d9-ddb5-4fa4-a97d-d965ccfc6d4b" outcome="Passed" testListId="8c84fa94-04c1-424b-9868-57a2d4851a1d" relativeResultsDirectory="1bd3fcfc-e591-476e-9861-23e1dbdb2bde">
    </UnitTestResult>
    <UnitTestResult executionId="91bcf781-69a0-4eb3-93a1-c17ef91ae8c0" testId="b3422950-13c8-9554-6949-90bd6cdc5364" testName="CreateRoleTestExeedCharacterLimitonName" computerName="DERRICK-PC" duration="00:00:00.0029887" startTime="2015-01-14T15:25:07.7898632+01:00" endTime="2015-01-14T15:25:07.7958615+01:00" testType="13cdc9d9-ddb5-4fa4-a97d-d965ccfc6d4b" outcome="Passed" testListId="8c84fa94-04c1-424b-9868-57a2d4851a1d" relativeResultsDirectory="91bcf781-69a0-4eb3-93a1-c17ef91ae8c0">
    </UnitTestResult>
    <UnitTestResult executionId="0f726b87-208a-4082-b9db-325a31684f30" testId="b3b0da28-414b-614a-698b-37506007bccd" testName="GetRolesCountTest" computerName="DERRICK-PC" duration="00:00:00.0026156" startTime="2015-01-14T15:25:07.7968626+01:00" endTime="2015-01-14T15:25:07.8018648+01:00" testType="13cdc9d9-ddb5-4fa4-a97d-d965ccfc6d4b" outcome="Passed" testListId="8c84fa94-04c1-424b-9868-57a2d4851a1d" relativeResultsDirectory="0f726b87-208a-4082-b9db-325a31684f30">
    </UnitTestResult>
    <UnitTestResult executionId="c14dbaa3-2ef1-47ea-b608-388193d01a84" testId="b4e9415d-fade-486b-5f96-8d20a5983bca" testName="UpdateRoleTestNullName" computerName="DERRICK-PC" duration="00:00:00.0032746" startTime="2015-01-14T15:25:07.8028617+01:00" endTime="2015-01-14T15:25:07.8078638+01:00" testType="13cdc9d9-ddb5-4fa4-a97d-d965ccfc6d4b" outcome="Passed" testListId="8c84fa94-04c1-424b-9868-57a2d4851a1d" relativeResultsDirectory="c14dbaa3-2ef1-47ea-b608-388193d01a84">
    </UnitTestResult>
    <UnitTestResult executionId="b1db4e40-854b-43d8-875b-03222065385b" testId="b714d5f5-7caf-a6e5-210b-e06fc3334cf1" testName="GetRoleByIdBoundaryNegativeTest" computerName="DERRICK-PC" duration="00:00:00.0032680" startTime="2015-01-14T15:25:07.8088627+01:00" endTime="2015-01-14T15:25:07.8138621+01:00" testType="13cdc9d9-ddb5-4fa4-a97d-d965ccfc6d4b" outcome="Passed" testListId="8c84fa94-04c1-424b-9868-57a2d4851a1d" relativeResultsDirectory="b1db4e40-854b-43d8-875b-03222065385b">
    </UnitTestResult>
    <UnitTestResult executionId="3f3ee67b-dc8f-43f9-b04c-a4e15d17bd35" testId="b7d9f2b4-b6e4-4fa3-8b3e-823a64c3ef77" testName="UpdateRoleTestMatchingName" computerName="DERRICK-PC" duration="00:00:00.0066231" startTime="2015-01-14T15:25:07.8148621+01:00" endTime="2015-01-14T15:25:07.8238649+01:00" testType="13cdc9d9-ddb5-4fa4-a97d-d965ccfc6d4b" outcome="Passed" testListId="8c84fa94-04c1-424b-9868-57a2d4851a1d" relativeResultsDirectory="3f3ee67b-dc8f-43f9-b04c-a4e15d17bd35">
    </UnitTestResult>
    <UnitTestResult executionId="5d200c80-6b45-49c6-b457-60b5e5459718" testId="ba316aa0-52f0-dca8-87b4-1adcbf771adc" testName="UpdateRoleTestRoleNameBad" computerName="DERRICK-PC" duration="00:00:00.0056733" startTime="2015-01-14T15:25:07.8248633+01:00" endTime="2015-01-14T15:25:07.8328646+01:00" testType="13cdc9d9-ddb5-4fa4-a97d-d965ccfc6d4b" outcome="Passed" testListId="8c84fa94-04c1-424b-9868-57a2d4851a1d" relativeResultsDirectory="5d200c80-6b45-49c6-b457-60b5e5459718">
    </UnitTestResult>
    <UnitTestResult executionId="7153ee5f-b79d-40b8-a512-1b2796606f9f" testId="c01bcd52-1e48-0139-9b3c-dcb9ac79f4f3" testName="createRoleEmptyTest" computerName="DERRICK-PC" duration="00:00:00.0020612" startTime="2015-01-14T15:25:07.8338634+01:00" endTime="2015-01-14T15:25:07.8388648+01:00" testType="13cdc9d9-ddb5-4fa4-a97d-d965ccfc6d4b" outcome="Passed" testListId="8c84fa94-04c1-424b-9868-57a2d4851a1d" relativeResultsDirectory="7153ee5f-b79d-40b8-a512-1b2796606f9f">
    </UnitTestResult>
    <UnitTestResult executionId="49e22213-171c-4311-b779-80d222b76f9d" testId="c2929299-8048-8810-66c8-d9708d4d9785" testName="UpdateRoleTestNotMatching" computerName="DERRICK-PC" duration="00:00:00.0067787" startTime="2015-01-14T15:25:07.8388648+01:00" endTime="2015-01-14T15:25:07.8478645+01:00" testType="13cdc9d9-ddb5-4fa4-a97d-d965ccfc6d4b" outcome="Passed" testListId="8c84fa94-04c1-424b-9868-57a2d4851a1d" relativeResultsDirectory="49e22213-171c-4311-b779-80d222b76f9d">
    </UnitTestResult>
    <UnitTestResult executionId="8ca03281-7baa-4a6a-8d6f-bb0514983e8d" testId="cfd83b9f-a3ce-c125-f187-fbcac6aad68f" testName="CreateRoleTestBeneathCharacterLimitonDesc" computerName="DERRICK-PC" duration="00:00:00.0028577" startTime="2015-01-14T15:25:07.8488660+01:00" endTime="2015-01-14T15:25:07.8538651+01:00" testType="13cdc9d9-ddb5-4fa4-a97d-d965ccfc6d4b" outcome="Passed" testListId="8c84fa94-04c1-424b-9868-57a2d4851a1d" relativeResultsDirectory="8ca03281-7baa-4a6a-8d6f-bb0514983e8d">
    </UnitTestResult>
    <UnitTestResult executionId="7fc8fbe3-8384-4c0a-a30e-f7f91705a229" testId="d16f0b59-1491-428e-d22d-6bdc11e93b5f" testName="CreateRoleSuccessGetIDNotNullTest" computerName="DERRICK-PC" duration="00:00:00.0049216" startTime="2015-01-14T15:25:07.8548647+01:00" endTime="2015-01-14T15:25:07.8618656+01:00" testType="13cdc9d9-ddb5-4fa4-a97d-d965ccfc6d4b" outcome="Passed" testListId="8c84fa94-04c1-424b-9868-57a2d4851a1d" relativeResultsDirectory="7fc8fbe3-8384-4c0a-a30e-f7f91705a229">
    </UnitTestResult>
    <UnitTestResult executionId="afc58b8a-72d0-420a-bd05-bccd0cccac8d" testId="fc65208a-bc6c-c37d-e81b-cbb20529b86b" testName="UpdateRoleFewDescTest" computerName="DERRICK-PC" duration="00:00:00.0049416" startTime="2015-01-14T15:25:07.8628679+01:00" endTime="2015-01-14T15:25:07.8698657+01:00" testType="13cdc9d9-ddb5-4fa4-a97d-d965ccfc6d4b" outcome="Passed" testListId="8c84fa94-04c1-424b-9868-57a2d4851a1d" relativeResultsDirectory="afc58b8a-72d0-420a-bd05-bccd0cccac8d">
    </UnitTestResult>
  </Results>
</TestRun>