<?xml version="1.0" encoding="UTF-8"?>
<TestRun id="9ca1f950-da01-4031-93ff-17a85ad9d463" name="WARHAMMER@DERRICK-PC 2015-01-07 20:53:46" runUser="Derrick-PC\WARHAMMER" xmlns="http://microsoft.com/schemas/VisualStudio/TeamTest/2010">
  <TestSettings name="Default Test Settings" id="f4a71ffd-3c88-4f5b-aee5-03710b617d9e">
    <Deployment runDeploymentRoot="WARHAMMER_DERRICK-PC 2015-01-07 20_53_46">
      <DeploymentItem filename="E:\Desktop\School\BSc\Semester 1\Software Engineering\TRALALA\DataAccess\bin\Debug\DataAccess.dll" />
      <DeploymentItem filename="E:\Desktop\School\BSc\Semester 1\Software Engineering\TRALALA\Common\bin\Debug\Common.dll" />
      <DeploymentItem filename="E:\Desktop\School\BSc\Semester 1\Software Engineering\TRALALA\SEImplementation\bin\SEImplementation.dll" />
    </Deployment>
    <Execution>
      <TestTypeSpecific />
      <AgentRule name="Execution Agents">
      </AgentRule>
    </Execution>
  </TestSettings>
  <Times creation="2015-01-07T20:53:46.3744768+01:00" queuing="2015-01-07T20:53:47.6565572+01:00" start="2015-01-07T20:53:47.6645520+01:00" finish="2015-01-07T20:53:48.1415799+01:00" />
  <ResultSummary outcome="Failed">
    <Counters total="21" executed="21" passed="19" error="0" failed="2" timeout="0" aborted="0" inconclusive="0" passedButRunAborted="0" notRunnable="0" notExecuted="0" disconnected="0" warning="0" completed="0" inProgress="0" pending="0" />
  </ResultSummary>
  <TestDefinitions>
    <UnitTest name="createRoleEmptyTest" storage="e:\desktop\school\bsc\semester 1\software engineering\tralala\seimplementation.tests\bin\debug\seimplementation.tests.dll" id="c01bcd52-1e48-0139-9b3c-dcb9ac79f4f3">
      <Execution id="a5867fe4-a167-4af3-8512-049b502fc0d3" />
      <TestMethod codeBase="E:/Desktop/School/BSc/Semester 1/Software Engineering/TRALALA/SEImplementation.Tests/bin/Debug/SEImplementation.Tests.DLL" adapterTypeName="Microsoft.VisualStudio.TestTools.TestTypes.Unit.UnitTestAdapter, Microsoft.VisualStudio.QualityTools.Tips.UnitTest.Adapter, Version=10.0.0.0, Culture=neutral, PublicKeyToken=b03f5f7f11d50a3a" className="SEImplementation.Tests.RoleRepoTest, SEImplementation.Tests, Version=1.0.0.0, Culture=neutral, PublicKeyToken=null" name="createRoleEmptyTest" />
    </UnitTest>
    <UnitTest name="CreateRoleSuccessEqualListTest" storage="e:\desktop\school\bsc\semester 1\software engineering\tralala\seimplementation.tests\bin\debug\seimplementation.tests.dll" id="842dc3df-3bff-9f2f-394d-17dfb132acc8">
      <Execution id="6ab4500c-bbae-4242-b745-e36cd5b4c186" />
      <TestMethod codeBase="E:/Desktop/School/BSc/Semester 1/Software Engineering/TRALALA/SEImplementation.Tests/bin/Debug/SEImplementation.Tests.DLL" adapterTypeName="Microsoft.VisualStudio.TestTools.TestTypes.Unit.UnitTestAdapter, Microsoft.VisualStudio.QualityTools.Tips.UnitTest.Adapter, Version=10.0.0.0, Culture=neutral, PublicKeyToken=b03f5f7f11d50a3a" className="SEImplementation.Tests.RoleRepoTest, SEImplementation.Tests, Version=1.0.0.0, Culture=neutral, PublicKeyToken=null" name="CreateRoleSuccessEqualListTest" />
    </UnitTest>
    <UnitTest name="GetRoleByIdBoundaryNegativeTest" storage="e:\desktop\school\bsc\semester 1\software engineering\tralala\seimplementation.tests\bin\debug\seimplementation.tests.dll" id="b714d5f5-7caf-a6e5-210b-e06fc3334cf1">
      <Execution id="5fb8c152-b142-4ffa-a0cd-a4f537c78587" />
      <TestMethod codeBase="E:/Desktop/School/BSc/Semester 1/Software Engineering/TRALALA/SEImplementation.Tests/bin/Debug/SEImplementation.Tests.DLL" adapterTypeName="Microsoft.VisualStudio.TestTools.TestTypes.Unit.UnitTestAdapter, Microsoft.VisualStudio.QualityTools.Tips.UnitTest.Adapter, Version=10.0.0.0, Culture=neutral, PublicKeyToken=b03f5f7f11d50a3a" className="SEImplementation.Tests.RoleRepoTest, SEImplementation.Tests, Version=1.0.0.0, Culture=neutral, PublicKeyToken=null" name="GetRoleByIdBoundaryNegativeTest" />
    </UnitTest>
    <UnitTest name="UpdateRoleTestMatching2" storage="e:\desktop\school\bsc\semester 1\software engineering\tralala\seimplementation.tests\bin\debug\seimplementation.tests.dll" id="1ac396b1-4b43-5028-257a-e3bd677d8aee">
      <Execution id="5c0d3268-cd9d-4eb6-bcb8-a51f91e8c644" />
      <TestMethod codeBase="E:/Desktop/School/BSc/Semester 1/Software Engineering/TRALALA/SEImplementation.Tests/bin/Debug/SEImplementation.Tests.DLL" adapterTypeName="Microsoft.VisualStudio.TestTools.TestTypes.Unit.UnitTestAdapter, Microsoft.VisualStudio.QualityTools.Tips.UnitTest.Adapter, Version=10.0.0.0, Culture=neutral, PublicKeyToken=b03f5f7f11d50a3a" className="SEImplementation.Tests.RoleRepoTest, SEImplementation.Tests, Version=1.0.0.0, Culture=neutral, PublicKeyToken=null" name="UpdateRoleTestMatching2" />
    </UnitTest>
    <UnitTest name="UpdateRoleTestRoleDescBad" storage="e:\desktop\school\bsc\semester 1\software engineering\tralala\seimplementation.tests\bin\debug\seimplementation.tests.dll" id="63ba7a1c-0a9f-d475-4259-c631099d527c">
      <Execution id="ab4b589c-0e89-47d6-8b98-dfdbded16558" />
      <TestMethod codeBase="E:/Desktop/School/BSc/Semester 1/Software Engineering/TRALALA/SEImplementation.Tests/bin/Debug/SEImplementation.Tests.DLL" adapterTypeName="Microsoft.VisualStudio.TestTools.TestTypes.Unit.UnitTestAdapter, Microsoft.VisualStudio.QualityTools.Tips.UnitTest.Adapter, Version=10.0.0.0, Culture=neutral, PublicKeyToken=b03f5f7f11d50a3a" className="SEImplementation.Tests.RoleRepoTest, SEImplementation.Tests, Version=1.0.0.0, Culture=neutral, PublicKeyToken=null" name="UpdateRoleTestRoleDescBad" />
    </UnitTest>
    <UnitTest name="UpdateRoleTestRoleNameBad" storage="e:\desktop\school\bsc\semester 1\software engineering\tralala\seimplementation.tests\bin\debug\seimplementation.tests.dll" id="ba316aa0-52f0-dca8-87b4-1adcbf771adc">
      <Execution id="367a1a47-561f-4c24-a267-5c729087bceb" />
      <TestMethod codeBase="E:/Desktop/School/BSc/Semester 1/Software Engineering/TRALALA/SEImplementation.Tests/bin/Debug/SEImplementation.Tests.DLL" adapterTypeName="Microsoft.VisualStudio.TestTools.TestTypes.Unit.UnitTestAdapter, Microsoft.VisualStudio.QualityTools.Tips.UnitTest.Adapter, Version=10.0.0.0, Culture=neutral, PublicKeyToken=b03f5f7f11d50a3a" className="SEImplementation.Tests.RoleRepoTest, SEImplementation.Tests, Version=1.0.0.0, Culture=neutral, PublicKeyToken=null" name="UpdateRoleTestRoleNameBad" />
    </UnitTest>
    <UnitTest name="CreateRoleAlreadyExistTest" storage="e:\desktop\school\bsc\semester 1\software engineering\tralala\seimplementation.tests\bin\debug\seimplementation.tests.dll" id="5e6b146e-0888-cb7a-088c-ccd669e9fbae">
      <Execution id="f4149ddb-bb94-4b91-9411-cff2d69322f3" />
      <TestMethod codeBase="E:/Desktop/School/BSc/Semester 1/Software Engineering/TRALALA/SEImplementation.Tests/bin/Debug/SEImplementation.Tests.DLL" adapterTypeName="Microsoft.VisualStudio.TestTools.TestTypes.Unit.UnitTestAdapter, Microsoft.VisualStudio.QualityTools.Tips.UnitTest.Adapter, Version=10.0.0.0, Culture=neutral, PublicKeyToken=b03f5f7f11d50a3a" className="SEImplementation.Tests.RoleRepoTest, SEImplementation.Tests, Version=1.0.0.0, Culture=neutral, PublicKeyToken=null" name="CreateRoleAlreadyExistTest" />
    </UnitTest>
    <UnitTest name="UpdateRoleTestNull" storage="e:\desktop\school\bsc\semester 1\software engineering\tralala\seimplementation.tests\bin\debug\seimplementation.tests.dll" id="18fd5178-4387-8e2c-dd26-27e47830ff41">
      <Execution id="eb968ca4-0fbc-40b6-b6c8-3c2e48c79f5b" />
      <TestMethod codeBase="E:/Desktop/School/BSc/Semester 1/Software Engineering/TRALALA/SEImplementation.Tests/bin/Debug/SEImplementation.Tests.DLL" adapterTypeName="Microsoft.VisualStudio.TestTools.TestTypes.Unit.UnitTestAdapter, Microsoft.VisualStudio.QualityTools.Tips.UnitTest.Adapter, Version=10.0.0.0, Culture=neutral, PublicKeyToken=b03f5f7f11d50a3a" className="SEImplementation.Tests.RoleRepoTest, SEImplementation.Tests, Version=1.0.0.0, Culture=neutral, PublicKeyToken=null" name="UpdateRoleTestNull" />
    </UnitTest>
    <UnitTest name="CreateRoleSuccessNotEqualListTest" storage="e:\desktop\school\bsc\semester 1\software engineering\tralala\seimplementation.tests\bin\debug\seimplementation.tests.dll" id="9108f78e-1e8e-8ef5-c820-3bb2c6079aad">
      <Execution id="65fd314c-0648-461c-8940-57d3e54827cf" />
      <TestMethod codeBase="E:/Desktop/School/BSc/Semester 1/Software Engineering/TRALALA/SEImplementation.Tests/bin/Debug/SEImplementation.Tests.DLL" adapterTypeName="Microsoft.VisualStudio.TestTools.TestTypes.Unit.UnitTestAdapter, Microsoft.VisualStudio.QualityTools.Tips.UnitTest.Adapter, Version=10.0.0.0, Culture=neutral, PublicKeyToken=b03f5f7f11d50a3a" className="SEImplementation.Tests.RoleRepoTest, SEImplementation.Tests, Version=1.0.0.0, Culture=neutral, PublicKeyToken=null" name="CreateRoleSuccessNotEqualListTest" />
    </UnitTest>
    <UnitTest name="CreateRoleTestNoNumSymbRoleDescTest" storage="e:\desktop\school\bsc\semester 1\software engineering\tralala\seimplementation.tests\bin\debug\seimplementation.tests.dll" id="991a5087-ea0e-f2a5-a585-3462563b113a">
      <Execution id="a2463e89-1bcf-4ca4-9fa8-092b0cf554d0" />
      <TestMethod codeBase="E:/Desktop/School/BSc/Semester 1/Software Engineering/TRALALA/SEImplementation.Tests/bin/Debug/SEImplementation.Tests.DLL" adapterTypeName="Microsoft.VisualStudio.TestTools.TestTypes.Unit.UnitTestAdapter, Microsoft.VisualStudio.QualityTools.Tips.UnitTest.Adapter, Version=10.0.0.0, Culture=neutral, PublicKeyToken=b03f5f7f11d50a3a" className="SEImplementation.Tests.RoleRepoTest, SEImplementation.Tests, Version=1.0.0.0, Culture=neutral, PublicKeyToken=null" name="CreateRoleTestNoNumSymbRoleDescTest" />
    </UnitTest>
    <UnitTest name="UpdateRoleTestNotMatching" storage="e:\desktop\school\bsc\semester 1\software engineering\tralala\seimplementation.tests\bin\debug\seimplementation.tests.dll" id="c2929299-8048-8810-66c8-d9708d4d9785">
      <Execution id="94b7c039-f987-416f-8d34-042755ca29c9" />
      <TestMethod codeBase="E:/Desktop/School/BSc/Semester 1/Software Engineering/TRALALA/SEImplementation.Tests/bin/Debug/SEImplementation.Tests.DLL" adapterTypeName="Microsoft.VisualStudio.TestTools.TestTypes.Unit.UnitTestAdapter, Microsoft.VisualStudio.QualityTools.Tips.UnitTest.Adapter, Version=10.0.0.0, Culture=neutral, PublicKeyToken=b03f5f7f11d50a3a" className="SEImplementation.Tests.RoleRepoTest, SEImplementation.Tests, Version=1.0.0.0, Culture=neutral, PublicKeyToken=null" name="UpdateRoleTestNotMatching" />
    </UnitTest>
    <UnitTest name="CreateRoleTestNoNumSymbRoleNameTest" storage="e:\desktop\school\bsc\semester 1\software engineering\tralala\seimplementation.tests\bin\debug\seimplementation.tests.dll" id="5b0200b7-a653-51fa-4b4b-10b30e877396">
      <Execution id="032d3606-4055-46c6-b01f-611e164ba4c9" />
      <TestMethod codeBase="E:/Desktop/School/BSc/Semester 1/Software Engineering/TRALALA/SEImplementation.Tests/bin/Debug/SEImplementation.Tests.DLL" adapterTypeName="Microsoft.VisualStudio.TestTools.TestTypes.Unit.UnitTestAdapter, Microsoft.VisualStudio.QualityTools.Tips.UnitTest.Adapter, Version=10.0.0.0, Culture=neutral, PublicKeyToken=b03f5f7f11d50a3a" className="SEImplementation.Tests.RoleRepoTest, SEImplementation.Tests, Version=1.0.0.0, Culture=neutral, PublicKeyToken=null" name="CreateRoleTestNoNumSymbRoleNameTest" />
    </UnitTest>
    <UnitTest name="GetRoleByIdExistTest" storage="e:\desktop\school\bsc\semester 1\software engineering\tralala\seimplementation.tests\bin\debug\seimplementation.tests.dll" id="4c9b7324-36bb-d462-95ec-80b271f6e1db">
      <Execution id="e03a35ae-9966-40b1-99fc-77e28907f833" />
      <TestMethod codeBase="E:/Desktop/School/BSc/Semester 1/Software Engineering/TRALALA/SEImplementation.Tests/bin/Debug/SEImplementation.Tests.DLL" adapterTypeName="Microsoft.VisualStudio.TestTools.TestTypes.Unit.UnitTestAdapter, Microsoft.VisualStudio.QualityTools.Tips.UnitTest.Adapter, Version=10.0.0.0, Culture=neutral, PublicKeyToken=b03f5f7f11d50a3a" className="SEImplementation.Tests.RoleRepoTest, SEImplementation.Tests, Version=1.0.0.0, Culture=neutral, PublicKeyToken=null" name="GetRoleByIdExistTest" />
    </UnitTest>
    <UnitTest name="DeleteRoleDoesNotExistTest" storage="e:\desktop\school\bsc\semester 1\software engineering\tralala\seimplementation.tests\bin\debug\seimplementation.tests.dll" id="b32547ec-a862-3b2b-2e66-bb246f894077">
      <Execution id="79ba26ee-3c3f-47e0-8e90-055b580e84ca" />
      <TestMethod codeBase="E:/Desktop/School/BSc/Semester 1/Software Engineering/TRALALA/SEImplementation.Tests/bin/Debug/SEImplementation.Tests.DLL" adapterTypeName="Microsoft.VisualStudio.TestTools.TestTypes.Unit.UnitTestAdapter, Microsoft.VisualStudio.QualityTools.Tips.UnitTest.Adapter, Version=10.0.0.0, Culture=neutral, PublicKeyToken=b03f5f7f11d50a3a" className="SEImplementation.Tests.RoleRepoTest, SEImplementation.Tests, Version=1.0.0.0, Culture=neutral, PublicKeyToken=null" name="DeleteRoleDoesNotExistTest" />
    </UnitTest>
    <UnitTest name="GetRoleByIdNotExistentTest" storage="e:\desktop\school\bsc\semester 1\software engineering\tralala\seimplementation.tests\bin\debug\seimplementation.tests.dll" id="13247df7-3d56-5a96-a517-506237ae74a1">
      <Execution id="2e9616ef-f552-4c12-903e-0d976dff3b31" />
      <TestMethod codeBase="E:/Desktop/School/BSc/Semester 1/Software Engineering/TRALALA/SEImplementation.Tests/bin/Debug/SEImplementation.Tests.DLL" adapterTypeName="Microsoft.VisualStudio.TestTools.TestTypes.Unit.UnitTestAdapter, Microsoft.VisualStudio.QualityTools.Tips.UnitTest.Adapter, Version=10.0.0.0, Culture=neutral, PublicKeyToken=b03f5f7f11d50a3a" className="SEImplementation.Tests.RoleRepoTest, SEImplementation.Tests, Version=1.0.0.0, Culture=neutral, PublicKeyToken=null" name="GetRoleByIdNotExistentTest" />
    </UnitTest>
    <UnitTest name="GetRolesValuesTest" storage="e:\desktop\school\bsc\semester 1\software engineering\tralala\seimplementation.tests\bin\debug\seimplementation.tests.dll" id="8c5802aa-4574-61c9-1aca-d10adf54732d">
      <Execution id="50e78fcb-0c68-42aa-860b-1c77a1a0dd6b" />
      <TestMethod codeBase="E:/Desktop/School/BSc/Semester 1/Software Engineering/TRALALA/SEImplementation.Tests/bin/Debug/SEImplementation.Tests.DLL" adapterTypeName="Microsoft.VisualStudio.TestTools.TestTypes.Unit.UnitTestAdapter, Microsoft.VisualStudio.QualityTools.Tips.UnitTest.Adapter, Version=10.0.0.0, Culture=neutral, PublicKeyToken=b03f5f7f11d50a3a" className="SEImplementation.Tests.RoleRepoTest, SEImplementation.Tests, Version=1.0.0.0, Culture=neutral, PublicKeyToken=null" name="GetRolesValuesTest" />
    </UnitTest>
    <UnitTest name="DeleteRoleSuccessfulTest" storage="e:\desktop\school\bsc\semester 1\software engineering\tralala\seimplementation.tests\bin\debug\seimplementation.tests.dll" id="518e1dc2-ea68-15fc-c2d8-49c27186343b">
      <Execution id="6cc3e946-bb08-40e3-9f4c-b21e65dc87a0" />
      <TestMethod codeBase="E:/Desktop/School/BSc/Semester 1/Software Engineering/TRALALA/SEImplementation.Tests/bin/Debug/SEImplementation.Tests.DLL" adapterTypeName="Microsoft.VisualStudio.TestTools.TestTypes.Unit.UnitTestAdapter, Microsoft.VisualStudio.QualityTools.Tips.UnitTest.Adapter, Version=10.0.0.0, Culture=neutral, PublicKeyToken=b03f5f7f11d50a3a" className="SEImplementation.Tests.RoleRepoTest, SEImplementation.Tests, Version=1.0.0.0, Culture=neutral, PublicKeyToken=null" name="DeleteRoleSuccessfulTest" />
    </UnitTest>
    <UnitTest name="GetRolesCountTest" storage="e:\desktop\school\bsc\semester 1\software engineering\tralala\seimplementation.tests\bin\debug\seimplementation.tests.dll" id="b3b0da28-414b-614a-698b-37506007bccd">
      <Execution id="894dcc53-a69d-4e49-8c43-aae77b8d14dc" />
      <TestMethod codeBase="E:/Desktop/School/BSc/Semester 1/Software Engineering/TRALALA/SEImplementation.Tests/bin/Debug/SEImplementation.Tests.DLL" adapterTypeName="Microsoft.VisualStudio.TestTools.TestTypes.Unit.UnitTestAdapter, Microsoft.VisualStudio.QualityTools.Tips.UnitTest.Adapter, Version=10.0.0.0, Culture=neutral, PublicKeyToken=b03f5f7f11d50a3a" className="SEImplementation.Tests.RoleRepoTest, SEImplementation.Tests, Version=1.0.0.0, Culture=neutral, PublicKeyToken=null" name="GetRolesCountTest" />
    </UnitTest>
    <UnitTest name="DeleteRoleNegativeTest" storage="e:\desktop\school\bsc\semester 1\software engineering\tralala\seimplementation.tests\bin\debug\seimplementation.tests.dll" id="6bdc3103-b673-5cb9-be77-7f4ef84e4995">
      <Execution id="e34373e8-bb73-4a5f-81ac-6db07f7c5ed6" />
      <TestMethod codeBase="E:/Desktop/School/BSc/Semester 1/Software Engineering/TRALALA/SEImplementation.Tests/bin/Debug/SEImplementation.Tests.DLL" adapterTypeName="Microsoft.VisualStudio.TestTools.TestTypes.Unit.UnitTestAdapter, Microsoft.VisualStudio.QualityTools.Tips.UnitTest.Adapter, Version=10.0.0.0, Culture=neutral, PublicKeyToken=b03f5f7f11d50a3a" className="SEImplementation.Tests.RoleRepoTest, SEImplementation.Tests, Version=1.0.0.0, Culture=neutral, PublicKeyToken=null" name="DeleteRoleNegativeTest" />
    </UnitTest>
    <UnitTest name="CreateRoleSuccessEqualValueTest" storage="e:\desktop\school\bsc\semester 1\software engineering\tralala\seimplementation.tests\bin\debug\seimplementation.tests.dll" id="5ff3e092-e0d6-8efb-0820-a7f9eab6437f">
      <Execution id="79b67e82-5d56-42db-8a66-d171b3061981" />
      <TestMethod codeBase="E:/Desktop/School/BSc/Semester 1/Software Engineering/TRALALA/SEImplementation.Tests/bin/Debug/SEImplementation.Tests.DLL" adapterTypeName="Microsoft.VisualStudio.TestTools.TestTypes.Unit.UnitTestAdapter, Microsoft.VisualStudio.QualityTools.Tips.UnitTest.Adapter, Version=10.0.0.0, Culture=neutral, PublicKeyToken=b03f5f7f11d50a3a" className="SEImplementation.Tests.RoleRepoTest, SEImplementation.Tests, Version=1.0.0.0, Culture=neutral, PublicKeyToken=null" name="CreateRoleSuccessEqualValueTest" />
    </UnitTest>
    <UnitTest name="UpdateRoleTestMatching1" storage="e:\desktop\school\bsc\semester 1\software engineering\tralala\seimplementation.tests\bin\debug\seimplementation.tests.dll" id="64ef12f7-ea64-ac8b-d013-f82c0c6d531a">
      <Execution id="d6e878a2-1ea1-4acc-b137-cd69a0efb113" />
      <TestMethod codeBase="E:/Desktop/School/BSc/Semester 1/Software Engineering/TRALALA/SEImplementation.Tests/bin/Debug/SEImplementation.Tests.DLL" adapterTypeName="Microsoft.VisualStudio.TestTools.TestTypes.Unit.UnitTestAdapter, Microsoft.VisualStudio.QualityTools.Tips.UnitTest.Adapter, Version=10.0.0.0, Culture=neutral, PublicKeyToken=b03f5f7f11d50a3a" className="SEImplementation.Tests.RoleRepoTest, SEImplementation.Tests, Version=1.0.0.0, Culture=neutral, PublicKeyToken=null" name="UpdateRoleTestMatching1" />
    </UnitTest>
  </TestDefinitions>
  <TestLists>
    <TestList name="Results Not in a List" id="8c84fa94-04c1-424b-9868-57a2d4851a1d" />
    <TestList name="All Loaded Results" id="19431567-8539-422a-85d7-44ee4e166bda" />
  </TestLists>
  <TestEntries>
    <TestEntry testId="13247df7-3d56-5a96-a517-506237ae74a1" executionId="2e9616ef-f552-4c12-903e-0d976dff3b31" testListId="8c84fa94-04c1-424b-9868-57a2d4851a1d" />
    <TestEntry testId="18fd5178-4387-8e2c-dd26-27e47830ff41" executionId="eb968ca4-0fbc-40b6-b6c8-3c2e48c79f5b" testListId="8c84fa94-04c1-424b-9868-57a2d4851a1d" />
    <TestEntry testId="1ac396b1-4b43-5028-257a-e3bd677d8aee" executionId="5c0d3268-cd9d-4eb6-bcb8-a51f91e8c644" testListId="8c84fa94-04c1-424b-9868-57a2d4851a1d" />
    <TestEntry testId="4c9b7324-36bb-d462-95ec-80b271f6e1db" executionId="e03a35ae-9966-40b1-99fc-77e28907f833" testListId="8c84fa94-04c1-424b-9868-57a2d4851a1d" />
    <TestEntry testId="518e1dc2-ea68-15fc-c2d8-49c27186343b" executionId="6cc3e946-bb08-40e3-9f4c-b21e65dc87a0" testListId="8c84fa94-04c1-424b-9868-57a2d4851a1d" />
    <TestEntry testId="5b0200b7-a653-51fa-4b4b-10b30e877396" executionId="032d3606-4055-46c6-b01f-611e164ba4c9" testListId="8c84fa94-04c1-424b-9868-57a2d4851a1d" />
    <TestEntry testId="5e6b146e-0888-cb7a-088c-ccd669e9fbae" executionId="f4149ddb-bb94-4b91-9411-cff2d69322f3" testListId="8c84fa94-04c1-424b-9868-57a2d4851a1d" />
    <TestEntry testId="5ff3e092-e0d6-8efb-0820-a7f9eab6437f" executionId="79b67e82-5d56-42db-8a66-d171b3061981" testListId="8c84fa94-04c1-424b-9868-57a2d4851a1d" />
    <TestEntry testId="63ba7a1c-0a9f-d475-4259-c631099d527c" executionId="ab4b589c-0e89-47d6-8b98-dfdbded16558" testListId="8c84fa94-04c1-424b-9868-57a2d4851a1d" />
    <TestEntry testId="64ef12f7-ea64-ac8b-d013-f82c0c6d531a" executionId="d6e878a2-1ea1-4acc-b137-cd69a0efb113" testListId="8c84fa94-04c1-424b-9868-57a2d4851a1d" />
    <TestEntry testId="6bdc3103-b673-5cb9-be77-7f4ef84e4995" executionId="e34373e8-bb73-4a5f-81ac-6db07f7c5ed6" testListId="8c84fa94-04c1-424b-9868-57a2d4851a1d" />
    <TestEntry testId="842dc3df-3bff-9f2f-394d-17dfb132acc8" executionId="6ab4500c-bbae-4242-b745-e36cd5b4c186" testListId="8c84fa94-04c1-424b-9868-57a2d4851a1d" />
    <TestEntry testId="8c5802aa-4574-61c9-1aca-d10adf54732d" executionId="50e78fcb-0c68-42aa-860b-1c77a1a0dd6b" testListId="8c84fa94-04c1-424b-9868-57a2d4851a1d" />
    <TestEntry testId="9108f78e-1e8e-8ef5-c820-3bb2c6079aad" executionId="65fd314c-0648-461c-8940-57d3e54827cf" testListId="8c84fa94-04c1-424b-9868-57a2d4851a1d" />
    <TestEntry testId="991a5087-ea0e-f2a5-a585-3462563b113a" executionId="a2463e89-1bcf-4ca4-9fa8-092b0cf554d0" testListId="8c84fa94-04c1-424b-9868-57a2d4851a1d" />
    <TestEntry testId="b32547ec-a862-3b2b-2e66-bb246f894077" executionId="79ba26ee-3c3f-47e0-8e90-055b580e84ca" testListId="8c84fa94-04c1-424b-9868-57a2d4851a1d" />
    <TestEntry testId="b3b0da28-414b-614a-698b-37506007bccd" executionId="894dcc53-a69d-4e49-8c43-aae77b8d14dc" testListId="8c84fa94-04c1-424b-9868-57a2d4851a1d" />
    <TestEntry testId="b714d5f5-7caf-a6e5-210b-e06fc3334cf1" executionId="5fb8c152-b142-4ffa-a0cd-a4f537c78587" testListId="8c84fa94-04c1-424b-9868-57a2d4851a1d" />
    <TestEntry testId="ba316aa0-52f0-dca8-87b4-1adcbf771adc" executionId="367a1a47-561f-4c24-a267-5c729087bceb" testListId="8c84fa94-04c1-424b-9868-57a2d4851a1d" />
    <TestEntry testId="c01bcd52-1e48-0139-9b3c-dcb9ac79f4f3" executionId="a5867fe4-a167-4af3-8512-049b502fc0d3" testListId="8c84fa94-04c1-424b-9868-57a2d4851a1d" />
    <TestEntry testId="c2929299-8048-8810-66c8-d9708d4d9785" executionId="94b7c039-f987-416f-8d34-042755ca29c9" testListId="8c84fa94-04c1-424b-9868-57a2d4851a1d" />
  </TestEntries>
  <Results>
    <UnitTestResult executionId="2e9616ef-f552-4c12-903e-0d976dff3b31" testId="13247df7-3d56-5a96-a517-506237ae74a1" testName="GetRoleByIdNotExistentTest" computerName="DERRICK-PC" duration="00:00:00.1449605" startTime="2015-01-07T20:53:47.6665527+01:00" endTime="2015-01-07T20:53:47.9675697+01:00" testType="13cdc9d9-ddb5-4fa4-a97d-d965ccfc6d4b" outcome="Passed" testListId="8c84fa94-04c1-424b-9868-57a2d4851a1d" relativeResultsDirectory="2e9616ef-f552-4c12-903e-0d976dff3b31">
    </UnitTestResult>
    <UnitTestResult executionId="eb968ca4-0fbc-40b6-b6c8-3c2e48c79f5b" testId="18fd5178-4387-8e2c-dd26-27e47830ff41" testName="UpdateRoleTestNull" computerName="DERRICK-PC" duration="00:00:00.0121099" startTime="2015-01-07T20:53:47.9685696+01:00" endTime="2015-01-07T20:53:47.9825700+01:00" testType="13cdc9d9-ddb5-4fa4-a97d-d965ccfc6d4b" outcome="Passed" testListId="8c84fa94-04c1-424b-9868-57a2d4851a1d" relativeResultsDirectory="eb968ca4-0fbc-40b6-b6c8-3c2e48c79f5b">
    </UnitTestResult>
    <UnitTestResult executionId="5c0d3268-cd9d-4eb6-bcb8-a51f91e8c644" testId="1ac396b1-4b43-5028-257a-e3bd677d8aee" testName="UpdateRoleTestMatching2" computerName="DERRICK-PC" duration="00:00:00.0152343" startTime="2015-01-07T20:53:47.9835699+01:00" endTime="2015-01-07T20:53:48.0005717+01:00" testType="13cdc9d9-ddb5-4fa4-a97d-d965ccfc6d4b" outcome="Failed" testListId="8c84fa94-04c1-424b-9868-57a2d4851a1d" relativeResultsDirectory="5c0d3268-cd9d-4eb6-bcb8-a51f91e8c644">
      <Output>
        <ErrorInfo>
          <Message>Assert.AreNotEqual failed. Expected any value except:&lt;xx&gt;. Actual:&lt;xx&gt;. </Message>
          <StackTrace>   at SEImplementation.Tests.RoleRepoTest.UpdateRoleTestMatching2() in E:\Desktop\School\BSc\Semester 1\Software Engineering\TRALALA\SEImplementation.Tests\RoleRepoTest.cs:line 271
</StackTrace>
        </ErrorInfo>
      </Output>
    </UnitTestResult>
    <UnitTestResult executionId="e03a35ae-9966-40b1-99fc-77e28907f833" testId="4c9b7324-36bb-d462-95ec-80b271f6e1db" testName="GetRoleByIdExistTest" computerName="DERRICK-PC" duration="00:00:00.0042366" startTime="2015-01-07T20:53:48.0015724+01:00" endTime="2015-01-07T20:53:48.0075711+01:00" testType="13cdc9d9-ddb5-4fa4-a97d-d965ccfc6d4b" outcome="Passed" testListId="8c84fa94-04c1-424b-9868-57a2d4851a1d" relativeResultsDirectory="e03a35ae-9966-40b1-99fc-77e28907f833">
    </UnitTestResult>
    <UnitTestResult executionId="6cc3e946-bb08-40e3-9f4c-b21e65dc87a0" testId="518e1dc2-ea68-15fc-c2d8-49c27186343b" testName="DeleteRoleSuccessfulTest" computerName="DERRICK-PC" duration="00:00:00.0139214" startTime="2015-01-07T20:53:48.0085711+01:00" endTime="2015-01-07T20:53:48.0245729+01:00" testType="13cdc9d9-ddb5-4fa4-a97d-d965ccfc6d4b" outcome="Passed" testListId="8c84fa94-04c1-424b-9868-57a2d4851a1d" relativeResultsDirectory="6cc3e946-bb08-40e3-9f4c-b21e65dc87a0">
    </UnitTestResult>
    <UnitTestResult executionId="032d3606-4055-46c6-b01f-611e164ba4c9" testId="5b0200b7-a653-51fa-4b4b-10b30e877396" testName="CreateRoleTestNoNumSymbRoleNameTest" computerName="DERRICK-PC" duration="00:00:00.0029941" startTime="2015-01-07T20:53:48.0245729+01:00" endTime="2015-01-07T20:53:48.0295727+01:00" testType="13cdc9d9-ddb5-4fa4-a97d-d965ccfc6d4b" outcome="Passed" testListId="8c84fa94-04c1-424b-9868-57a2d4851a1d" relativeResultsDirectory="032d3606-4055-46c6-b01f-611e164ba4c9">
    </UnitTestResult>
    <UnitTestResult executionId="f4149ddb-bb94-4b91-9411-cff2d69322f3" testId="5e6b146e-0888-cb7a-088c-ccd669e9fbae" testName="CreateRoleAlreadyExistTest" computerName="DERRICK-PC" duration="00:00:00.0039715" startTime="2015-01-07T20:53:48.0305731+01:00" endTime="2015-01-07T20:53:48.0365736+01:00" testType="13cdc9d9-ddb5-4fa4-a97d-d965ccfc6d4b" outcome="Passed" testListId="8c84fa94-04c1-424b-9868-57a2d4851a1d" relativeResultsDirectory="f4149ddb-bb94-4b91-9411-cff2d69322f3">
    </UnitTestResult>
    <UnitTestResult executionId="79b67e82-5d56-42db-8a66-d171b3061981" testId="5ff3e092-e0d6-8efb-0820-a7f9eab6437f" testName="CreateRoleSuccessEqualValueTest" computerName="DERRICK-PC" duration="00:00:00.0060844" startTime="2015-01-07T20:53:48.0375744+01:00" endTime="2015-01-07T20:53:48.0455734+01:00" testType="13cdc9d9-ddb5-4fa4-a97d-d965ccfc6d4b" outcome="Passed" testListId="8c84fa94-04c1-424b-9868-57a2d4851a1d" relativeResultsDirectory="79b67e82-5d56-42db-8a66-d171b3061981">
    </UnitTestResult>
    <UnitTestResult executionId="ab4b589c-0e89-47d6-8b98-dfdbded16558" testId="63ba7a1c-0a9f-d475-4259-c631099d527c" testName="UpdateRoleTestRoleDescBad" computerName="DERRICK-PC" duration="00:00:00.0028681" startTime="2015-01-07T20:53:48.0465745+01:00" endTime="2015-01-07T20:53:48.0515743+01:00" testType="13cdc9d9-ddb5-4fa4-a97d-d965ccfc6d4b" outcome="Passed" testListId="8c84fa94-04c1-424b-9868-57a2d4851a1d" relativeResultsDirectory="ab4b589c-0e89-47d6-8b98-dfdbded16558">
    </UnitTestResult>
    <UnitTestResult executionId="d6e878a2-1ea1-4acc-b137-cd69a0efb113" testId="64ef12f7-ea64-ac8b-d013-f82c0c6d531a" testName="UpdateRoleTestMatching1" computerName="DERRICK-PC" duration="00:00:00.0061193" startTime="2015-01-07T20:53:48.0525754+01:00" endTime="2015-01-07T20:53:48.0605748+01:00" testType="13cdc9d9-ddb5-4fa4-a97d-d965ccfc6d4b" outcome="Passed" testListId="8c84fa94-04c1-424b-9868-57a2d4851a1d" relativeResultsDirectory="d6e878a2-1ea1-4acc-b137-cd69a0efb113">
    </UnitTestResult>
    <UnitTestResult executionId="e34373e8-bb73-4a5f-81ac-6db07f7c5ed6" testId="6bdc3103-b673-5cb9-be77-7f4ef84e4995" testName="DeleteRoleNegativeTest" computerName="DERRICK-PC" duration="00:00:00.0025121" startTime="2015-01-07T20:53:48.0605748+01:00" endTime="2015-01-07T20:53:48.0655746+01:00" testType="13cdc9d9-ddb5-4fa4-a97d-d965ccfc6d4b" outcome="Passed" testListId="8c84fa94-04c1-424b-9868-57a2d4851a1d" relativeResultsDirectory="e34373e8-bb73-4a5f-81ac-6db07f7c5ed6">
    </UnitTestResult>
    <UnitTestResult executionId="6ab4500c-bbae-4242-b745-e36cd5b4c186" testId="842dc3df-3bff-9f2f-394d-17dfb132acc8" testName="CreateRoleSuccessEqualListTest" computerName="DERRICK-PC" duration="00:00:00.0051032" startTime="2015-01-07T20:53:48.0655746+01:00" endTime="2015-01-07T20:53:48.0735755+01:00" testType="13cdc9d9-ddb5-4fa4-a97d-d965ccfc6d4b" outcome="Passed" testListId="8c84fa94-04c1-424b-9868-57a2d4851a1d" relativeResultsDirectory="6ab4500c-bbae-4242-b745-e36cd5b4c186">
    </UnitTestResult>
    <UnitTestResult executionId="50e78fcb-0c68-42aa-860b-1c77a1a0dd6b" testId="8c5802aa-4574-61c9-1aca-d10adf54732d" testName="GetRolesValuesTest" computerName="DERRICK-PC" duration="00:00:00.0022761" startTime="2015-01-07T20:53:48.0735755+01:00" endTime="2015-01-07T20:53:48.0785765+01:00" testType="13cdc9d9-ddb5-4fa4-a97d-d965ccfc6d4b" outcome="Passed" testListId="8c84fa94-04c1-424b-9868-57a2d4851a1d" relativeResultsDirectory="50e78fcb-0c68-42aa-860b-1c77a1a0dd6b">
    </UnitTestResult>
    <UnitTestResult executionId="65fd314c-0648-461c-8940-57d3e54827cf" testId="9108f78e-1e8e-8ef5-c820-3bb2c6079aad" testName="CreateRoleSuccessNotEqualListTest" computerName="DERRICK-PC" duration="00:00:00.0049550" startTime="2015-01-07T20:53:48.0785765+01:00" endTime="2015-01-07T20:53:48.0855759+01:00" testType="13cdc9d9-ddb5-4fa4-a97d-d965ccfc6d4b" outcome="Passed" testListId="8c84fa94-04c1-424b-9868-57a2d4851a1d" relativeResultsDirectory="65fd314c-0648-461c-8940-57d3e54827cf">
    </UnitTestResult>
    <UnitTestResult executionId="a2463e89-1bcf-4ca4-9fa8-092b0cf554d0" testId="991a5087-ea0e-f2a5-a585-3462563b113a" testName="CreateRoleTestNoNumSymbRoleDescTest" computerName="DERRICK-PC" duration="00:00:00.0018248" startTime="2015-01-07T20:53:48.0865767+01:00" endTime="2015-01-07T20:53:48.0905769+01:00" testType="13cdc9d9-ddb5-4fa4-a97d-d965ccfc6d4b" outcome="Passed" testListId="8c84fa94-04c1-424b-9868-57a2d4851a1d" relativeResultsDirectory="a2463e89-1bcf-4ca4-9fa8-092b0cf554d0">
    </UnitTestResult>
    <UnitTestResult executionId="79ba26ee-3c3f-47e0-8e90-055b580e84ca" testId="b32547ec-a862-3b2b-2e66-bb246f894077" testName="DeleteRoleDoesNotExistTest" computerName="DERRICK-PC" duration="00:00:00.0024052" startTime="2015-01-07T20:53:48.0905769+01:00" endTime="2015-01-07T20:53:48.0955771+01:00" testType="13cdc9d9-ddb5-4fa4-a97d-d965ccfc6d4b" outcome="Passed" testListId="8c84fa94-04c1-424b-9868-57a2d4851a1d" relativeResultsDirectory="79ba26ee-3c3f-47e0-8e90-055b580e84ca">
    </UnitTestResult>
    <UnitTestResult executionId="894dcc53-a69d-4e49-8c43-aae77b8d14dc" testId="b3b0da28-414b-614a-698b-37506007bccd" testName="GetRolesCountTest" computerName="DERRICK-PC" duration="00:00:00.0019286" startTime="2015-01-07T20:53:48.0965771+01:00" endTime="2015-01-07T20:53:48.0995774+01:00" testType="13cdc9d9-ddb5-4fa4-a97d-d965ccfc6d4b" outcome="Passed" testListId="8c84fa94-04c1-424b-9868-57a2d4851a1d" relativeResultsDirectory="894dcc53-a69d-4e49-8c43-aae77b8d14dc">
    </UnitTestResult>
    <UnitTestResult executionId="5fb8c152-b142-4ffa-a0cd-a4f537c78587" testId="b714d5f5-7caf-a6e5-210b-e06fc3334cf1" testName="GetRoleByIdBoundaryNegativeTest" computerName="DERRICK-PC" duration="00:00:00.0020451" startTime="2015-01-07T20:53:48.1005785+01:00" endTime="2015-01-07T20:53:48.1045776+01:00" testType="13cdc9d9-ddb5-4fa4-a97d-d965ccfc6d4b" outcome="Passed" testListId="8c84fa94-04c1-424b-9868-57a2d4851a1d" relativeResultsDirectory="5fb8c152-b142-4ffa-a0cd-a4f537c78587">
    </UnitTestResult>
    <UnitTestResult executionId="367a1a47-561f-4c24-a267-5c729087bceb" testId="ba316aa0-52f0-dca8-87b4-1adcbf771adc" testName="UpdateRoleTestRoleNameBad" computerName="DERRICK-PC" duration="00:00:00.0027309" startTime="2015-01-07T20:53:48.1055776+01:00" endTime="2015-01-07T20:53:48.1095775+01:00" testType="13cdc9d9-ddb5-4fa4-a97d-d965ccfc6d4b" outcome="Passed" testListId="8c84fa94-04c1-424b-9868-57a2d4851a1d" relativeResultsDirectory="367a1a47-561f-4c24-a267-5c729087bceb">
    </UnitTestResult>
    <UnitTestResult executionId="a5867fe4-a167-4af3-8512-049b502fc0d3" testId="c01bcd52-1e48-0139-9b3c-dcb9ac79f4f3" testName="createRoleEmptyTest" computerName="DERRICK-PC" duration="00:00:00.0060553" startTime="2015-01-07T20:53:48.1105767+01:00" endTime="2015-01-07T20:53:48.1185787+01:00" testType="13cdc9d9-ddb5-4fa4-a97d-d965ccfc6d4b" outcome="Failed" testListId="8c84fa94-04c1-424b-9868-57a2d4851a1d" relativeResultsDirectory="a5867fe4-a167-4af3-8512-049b502fc0d3">
      <Output>
        <ErrorInfo>
          <Message>Test method SEImplementation.Tests.RoleRepoTest.createRoleEmptyTest threw exception Common.CustomExceptions.ValueAlreadyExistsException, but exception Common.CustomExceptions.NullValueException was expected. Exception message: Common.CustomExceptions.ValueAlreadyExistsException: Value Already Exists.</Message>
          <StackTrace>    at DataAccess.Repos.RoleRepo.CreateRole(Role entry) in E:\Desktop\School\BSc\Semester 1\Software Engineering\TRALALA\DataAccess\Repos\RoleRepo.cs:line 22
   at SEImplementation.Tests.RoleRepoTest.createRoleEmptyTest() in E:\Desktop\School\BSc\Semester 1\Software Engineering\TRALALA\SEImplementation.Tests\RoleRepoTest.cs:line 176
</StackTrace>
        </ErrorInfo>
      </Output>
    </UnitTestResult>
    <UnitTestResult executionId="94b7c039-f987-416f-8d34-042755ca29c9" testId="c2929299-8048-8810-66c8-d9708d4d9785" testName="UpdateRoleTestNotMatching" computerName="DERRICK-PC" duration="00:00:00.0063806" startTime="2015-01-07T20:53:48.1195783+01:00" endTime="2015-01-07T20:53:48.1275804+01:00" testType="13cdc9d9-ddb5-4fa4-a97d-d965ccfc6d4b" outcome="Passed" testListId="8c84fa94-04c1-424b-9868-57a2d4851a1d" relativeResultsDirectory="94b7c039-f987-416f-8d34-042755ca29c9">
    </UnitTestResult>
  </Results>
</TestRun>