<?xml version="1.0" encoding="UTF-8"?>
<TestRun id="07f48991-588b-46cb-9e94-439f1f783bd7" name="WARHAMMER@DERRICK-PC 2015-01-04 23:16:36" runUser="Derrick-PC\WARHAMMER" xmlns="http://microsoft.com/schemas/VisualStudio/TeamTest/2010">
  <TestSettings name="Default Test Settings" id="9228b54a-ee13-4158-8a54-e4ef230643ab">
    <Deployment userDeploymentRoot="E:\Desktop\School\BSc\Semester 1\Software Engineering\TRALALA\TestResults" useDefaultDeploymentRoot="false" runDeploymentRoot="WARHAMMER_DERRICK-PC 2015-01-04 23_16_36">
      <DeploymentItem filename="E:\Desktop\School\BSc\Semester 1\Software Engineering\TRALALA\DataAccess\bin\Debug\DataAccess.dll" />
      <DeploymentItem filename="E:\Desktop\School\BSc\Semester 1\Software Engineering\TRALALA\Common\bin\Debug\Common.dll" />
      <DeploymentItem filename="E:\Desktop\School\BSc\Semester 1\Software Engineering\TRALALA\SEImplementation\bin\SEImplementation.dll" />
    </Deployment>
    <Execution>
      <TestTypeSpecific />
      <AgentRule name="Execution Agents">
      </AgentRule>
    </Execution>
  </TestSettings>
  <Times creation="2015-01-04T23:16:36.4046572+01:00" queuing="2015-01-04T23:16:40.8719177+01:00" start="2015-01-04T23:16:40.8969211+01:00" finish="2015-01-04T23:16:41.2439428+01:00" />
  <ResultSummary outcome="Completed">
    <Counters total="1" executed="1" passed="1" error="0" failed="0" timeout="0" aborted="0" inconclusive="0" passedButRunAborted="0" notRunnable="0" notExecuted="0" disconnected="0" warning="0" completed="0" inProgress="0" pending="0" />
  </ResultSummary>
  <TestDefinitions>
    <UnitTest name="UpdateUserTest" storage="e:\desktop\school\bsc\semester 1\software engineering\tralala\seimplementation.tests\bin\debug\seimplementation.tests.dll" id="3de2c917-9b55-35e9-85e0-6adb4dc06e84">
      <Execution id="14e4661c-a322-4081-99be-4a385577e812" />
      <TestMethod codeBase="E:/Desktop/School/BSc/Semester 1/Software Engineering/TRALALA/SEImplementation.Tests/bin/Debug/SEImplementation.Tests.DLL" adapterTypeName="Microsoft.VisualStudio.TestTools.TestTypes.Unit.UnitTestAdapter, Microsoft.VisualStudio.QualityTools.Tips.UnitTest.Adapter, Version=10.0.0.0, Culture=neutral, PublicKeyToken=b03f5f7f11d50a3a" className="SEImplementation.Tests.UserRepoTest, SEImplementation.Tests, Version=1.0.0.0, Culture=neutral, PublicKeyToken=null" name="UpdateUserTest" />
    </UnitTest>
  </TestDefinitions>
  <TestLists>
    <TestList name="Results Not in a List" id="8c84fa94-04c1-424b-9868-57a2d4851a1d" />
    <TestList name="All Loaded Results" id="19431567-8539-422a-85d7-44ee4e166bda" />
  </TestLists>
  <TestEntries>
    <TestEntry testId="3de2c917-9b55-35e9-85e0-6adb4dc06e84" executionId="14e4661c-a322-4081-99be-4a385577e812" testListId="8c84fa94-04c1-424b-9868-57a2d4851a1d" />
  </TestEntries>
  <Results>
    <UnitTestResult executionId="14e4661c-a322-4081-99be-4a385577e812" testId="3de2c917-9b55-35e9-85e0-6adb4dc06e84" testName="UpdateUserTest" computerName="DERRICK-PC" duration="00:00:00.1077820" startTime="2015-01-04T23:16:40.9019209+01:00" endTime="2015-01-04T23:16:41.1999380+01:00" testType="13cdc9d9-ddb5-4fa4-a97d-d965ccfc6d4b" outcome="Passed" testListId="8c84fa94-04c1-424b-9868-57a2d4851a1d" relativeResultsDirectory="14e4661c-a322-4081-99be-4a385577e812">
    </UnitTestResult>
  </Results>
</TestRun>