<?xml version="1.0" encoding="UTF-8"?>
<TestRun id="98888963-47c3-43c8-b502-19ce84118e6f" name="WARHAMMER@DERRICK-PC 2015-01-07 20:48:12" runUser="Derrick-PC\WARHAMMER" xmlns="http://microsoft.com/schemas/VisualStudio/TeamTest/2010">
  <TestSettings name="Default Test Settings" id="d07bf2b9-1bbf-4e0f-b78d-0fe162aecf72">
    <Deployment runDeploymentRoot="WARHAMMER_DERRICK-PC 2015-01-07 20_48_12">
      <DeploymentItem filename="E:\Desktop\School\BSc\Semester 1\Software Engineering\TRALALA\DataAccess\bin\Debug\DataAccess.dll" />
      <DeploymentItem filename="E:\Desktop\School\BSc\Semester 1\Software Engineering\TRALALA\Common\bin\Debug\Common.dll" />
      <DeploymentItem filename="E:\Desktop\School\BSc\Semester 1\Software Engineering\TRALALA\SEImplementation\bin\SEImplementation.dll" />
    </Deployment>
    <Execution>
      <TestTypeSpecific />
      <AgentRule name="Execution Agents">
      </AgentRule>
    </Execution>
  </TestSettings>
  <Times creation="2015-01-07T20:48:12.1419680+01:00" queuing="2015-01-07T20:48:13.3200337+01:00" start="2015-01-07T20:48:13.3250351+01:00" finish="2015-01-07T20:48:13.6490540+01:00" />
  <ResultSummary outcome="Failed">
    <Counters total="1" executed="1" error="0" failed="1" timeout="0" aborted="0" inconclusive="0" passedButRunAborted="0" notRunnable="0" notExecuted="0" disconnected="0" warning="0" passed="0" completed="0" inProgress="0" pending="0" />
  </ResultSummary>
  <TestDefinitions>
    <UnitTest name="UpdateRoleTestNull" storage="e:\desktop\school\bsc\semester 1\software engineering\tralala\seimplementation.tests\bin\debug\seimplementation.tests.dll" id="18fd5178-4387-8e2c-dd26-27e47830ff41">
      <Execution id="a2cfc51d-ad4a-4238-9265-e2970f3a60b9" />
      <TestMethod codeBase="E:/Desktop/School/BSc/Semester 1/Software Engineering/TRALALA/SEImplementation.Tests/bin/Debug/SEImplementation.Tests.DLL" adapterTypeName="Microsoft.VisualStudio.TestTools.TestTypes.Unit.UnitTestAdapter, Microsoft.VisualStudio.QualityTools.Tips.UnitTest.Adapter, Version=10.0.0.0, Culture=neutral, PublicKeyToken=b03f5f7f11d50a3a" className="SEImplementation.Tests.RoleRepoTest, SEImplementation.Tests, Version=1.0.0.0, Culture=neutral, PublicKeyToken=null" name="UpdateRoleTestNull" />
    </UnitTest>
  </TestDefinitions>
  <TestLists>
    <TestList name="Results Not in a List" id="8c84fa94-04c1-424b-9868-57a2d4851a1d" />
    <TestList name="All Loaded Results" id="19431567-8539-422a-85d7-44ee4e166bda" />
  </TestLists>
  <TestEntries>
    <TestEntry testId="18fd5178-4387-8e2c-dd26-27e47830ff41" executionId="a2cfc51d-ad4a-4238-9265-e2970f3a60b9" testListId="8c84fa94-04c1-424b-9868-57a2d4851a1d" />
  </TestEntries>
  <Results>
    <UnitTestResult executionId="a2cfc51d-ad4a-4238-9265-e2970f3a60b9" testId="18fd5178-4387-8e2c-dd26-27e47830ff41" testName="UpdateRoleTestNull" computerName="DERRICK-PC" duration="00:00:00.1347896" startTime="2015-01-07T20:48:13.3270343+01:00" endTime="2015-01-07T20:48:13.6350552+01:00" testType="13cdc9d9-ddb5-4fa4-a97d-d965ccfc6d4b" outcome="Failed" testListId="8c84fa94-04c1-424b-9868-57a2d4851a1d" relativeResultsDirectory="a2cfc51d-ad4a-4238-9265-e2970f3a60b9">
      <Output>
        <ErrorInfo>
          <Message>Test method SEImplementation.Tests.RoleRepoTest.UpdateRoleTestNull threw exception: 
Common.CustomExceptions.NullValueException: The value are empty.</Message>
          <StackTrace>    at DataAccess.Repos.RoleRepo.UpdateRole(Role gb) in E:\Desktop\School\BSc\Semester 1\Software Engineering\TRALALA\DataAccess\Repos\RoleRepo.cs:line 63
   at SEImplementation.Tests.RoleRepoTest.UpdateRoleTestNull() in E:\Desktop\School\BSc\Semester 1\Software Engineering\TRALALA\SEImplementation.Tests\RoleRepoTest.cs:line 314
</StackTrace>
        </ErrorInfo>
      </Output>
    </UnitTestResult>
  </Results>
</TestRun>