<?xml version="1.0" encoding="UTF-8"?>
<TestRun id="75ecd2c1-13ed-455b-9305-035799c8c893" name="WARHAMMER@DERRICK-PC 2015-01-08 22:15:14" runUser="Derrick-PC\WARHAMMER" xmlns="http://microsoft.com/schemas/VisualStudio/TeamTest/2010">
  <TestSettings name="Default Test Settings" id="88e76f62-b3f8-4c72-96dd-2f3f1f7014e1">
    <Deployment runDeploymentRoot="WARHAMMER_DERRICK-PC 2015-01-08 22_15_14">
      <DeploymentItem filename="E:\Desktop\School\BSc\Semester 1\Software Engineering\TRALALA\DataAccess\bin\Debug\DataAccess.dll" />
      <DeploymentItem filename="E:\Desktop\School\BSc\Semester 1\Software Engineering\TRALALA\Common\bin\Debug\Common.dll" />
      <DeploymentItem filename="E:\Desktop\School\BSc\Semester 1\Software Engineering\TRALALA\SEImplementation\bin\SEImplementation.dll" />
    </Deployment>
    <Execution>
      <TestTypeSpecific />
      <AgentRule name="Execution Agents">
      </AgentRule>
    </Execution>
  </TestSettings>
  <Times creation="2015-01-08T22:15:14.2080989+01:00" queuing="2015-01-08T22:15:15.9962021+01:00" start="2015-01-08T22:15:16.0002020+01:00" finish="2015-01-08T22:15:16.4382288+01:00" />
  <ResultSummary outcome="Completed">
    <Counters total="1" executed="1" passed="1" error="0" failed="0" timeout="0" aborted="0" inconclusive="0" passedButRunAborted="0" notRunnable="0" notExecuted="0" disconnected="0" warning="0" completed="0" inProgress="0" pending="0" />
  </ResultSummary>
  <TestDefinitions>
    <UnitTest name="UpdateRoleTestNotMatching" storage="e:\desktop\school\bsc\semester 1\software engineering\tralala\seimplementation.tests\bin\debug\seimplementation.tests.dll" id="c2929299-8048-8810-66c8-d9708d4d9785">
      <Execution id="8b699180-6730-40cd-9958-5efce73c253f" />
      <TestMethod codeBase="E:/Desktop/School/BSc/Semester 1/Software Engineering/TRALALA/SEImplementation.Tests/bin/Debug/SEImplementation.Tests.DLL" adapterTypeName="Microsoft.VisualStudio.TestTools.TestTypes.Unit.UnitTestAdapter, Microsoft.VisualStudio.QualityTools.Tips.UnitTest.Adapter, Version=10.0.0.0, Culture=neutral, PublicKeyToken=b03f5f7f11d50a3a" className="SEImplementation.Tests.RoleRepoTest, SEImplementation.Tests, Version=1.0.0.0, Culture=neutral, PublicKeyToken=null" name="UpdateRoleTestNotMatching" />
    </UnitTest>
  </TestDefinitions>
  <TestLists>
    <TestList name="Results Not in a List" id="8c84fa94-04c1-424b-9868-57a2d4851a1d" />
    <TestList name="All Loaded Results" id="19431567-8539-422a-85d7-44ee4e166bda" />
  </TestLists>
  <TestEntries>
    <TestEntry testId="c2929299-8048-8810-66c8-d9708d4d9785" executionId="8b699180-6730-40cd-9958-5efce73c253f" testListId="8c84fa94-04c1-424b-9868-57a2d4851a1d" />
  </TestEntries>
  <Results>
    <UnitTestResult executionId="8b699180-6730-40cd-9958-5efce73c253f" testId="c2929299-8048-8810-66c8-d9708d4d9785" testName="UpdateRoleTestNotMatching" computerName="DERRICK-PC" duration="00:00:00.2427341" startTime="2015-01-08T22:15:16.0012027+01:00" endTime="2015-01-08T22:15:16.3952287+01:00" testType="13cdc9d9-ddb5-4fa4-a97d-d965ccfc6d4b" outcome="Passed" testListId="8c84fa94-04c1-424b-9868-57a2d4851a1d" relativeResultsDirectory="8b699180-6730-40cd-9958-5efce73c253f">
    </UnitTestResult>
  </Results>
</TestRun>