<?xml version="1.0" encoding="UTF-8"?>
<TestRun id="1d938ec9-6aa3-47fc-b583-39e959491a57" name="WARHAMMER@DERRICK-PC 2015-01-07 20:59:22" runUser="Derrick-PC\WARHAMMER" xmlns="http://microsoft.com/schemas/VisualStudio/TeamTest/2010">
  <TestSettings name="Default Test Settings" id="f611afad-6d7b-40da-8bab-cd676d2e9d2c">
    <Deployment runDeploymentRoot="WARHAMMER_DERRICK-PC 2015-01-07 20_59_22">
      <DeploymentItem filename="E:\Desktop\School\BSc\Semester 1\Software Engineering\TRALALA\DataAccess\bin\Debug\DataAccess.dll" />
      <DeploymentItem filename="E:\Desktop\School\BSc\Semester 1\Software Engineering\TRALALA\Common\bin\Debug\Common.dll" />
      <DeploymentItem filename="E:\Desktop\School\BSc\Semester 1\Software Engineering\TRALALA\SEImplementation\bin\SEImplementation.dll" />
    </Deployment>
    <Execution>
      <TestTypeSpecific />
      <AgentRule name="Execution Agents">
      </AgentRule>
    </Execution>
  </TestSettings>
  <Times creation="2015-01-07T20:59:22.1670780+01:00" queuing="2015-01-07T20:59:24.4882138+01:00" start="2015-01-07T20:59:24.4932152+01:00" finish="2015-01-07T20:59:24.7622313+01:00" />
  <ResultSummary outcome="Failed">
    <Counters total="1" executed="1" error="0" failed="1" timeout="0" aborted="0" inconclusive="0" passedButRunAborted="0" notRunnable="0" notExecuted="0" disconnected="0" warning="0" passed="0" completed="0" inProgress="0" pending="0" />
  </ResultSummary>
  <TestDefinitions>
    <UnitTest name="createRoleEmptyTest" storage="e:\desktop\school\bsc\semester 1\software engineering\tralala\seimplementation.tests\bin\debug\seimplementation.tests.dll" id="c01bcd52-1e48-0139-9b3c-dcb9ac79f4f3">
      <Execution id="ef36d575-9c13-4d65-b202-9d59fc4e3845" />
      <TestMethod codeBase="E:/Desktop/School/BSc/Semester 1/Software Engineering/TRALALA/SEImplementation.Tests/bin/Debug/SEImplementation.Tests.DLL" adapterTypeName="Microsoft.VisualStudio.TestTools.TestTypes.Unit.UnitTestAdapter, Microsoft.VisualStudio.QualityTools.Tips.UnitTest.Adapter, Version=10.0.0.0, Culture=neutral, PublicKeyToken=b03f5f7f11d50a3a" className="SEImplementation.Tests.RoleRepoTest, SEImplementation.Tests, Version=1.0.0.0, Culture=neutral, PublicKeyToken=null" name="createRoleEmptyTest" />
    </UnitTest>
  </TestDefinitions>
  <TestLists>
    <TestList name="Results Not in a List" id="8c84fa94-04c1-424b-9868-57a2d4851a1d" />
    <TestList name="All Loaded Results" id="19431567-8539-422a-85d7-44ee4e166bda" />
  </TestLists>
  <TestEntries>
    <TestEntry testId="c01bcd52-1e48-0139-9b3c-dcb9ac79f4f3" executionId="ef36d575-9c13-4d65-b202-9d59fc4e3845" testListId="8c84fa94-04c1-424b-9868-57a2d4851a1d" />
  </TestEntries>
  <Results>
    <UnitTestResult executionId="ef36d575-9c13-4d65-b202-9d59fc4e3845" testId="c01bcd52-1e48-0139-9b3c-dcb9ac79f4f3" testName="createRoleEmptyTest" computerName="DERRICK-PC" duration="00:00:00.1065537" startTime="2015-01-07T20:59:24.4942140+01:00" endTime="2015-01-07T20:59:24.7512301+01:00" testType="13cdc9d9-ddb5-4fa4-a97d-d965ccfc6d4b" outcome="Failed" testListId="8c84fa94-04c1-424b-9868-57a2d4851a1d" relativeResultsDirectory="ef36d575-9c13-4d65-b202-9d59fc4e3845">
      <Output>
        <ErrorInfo>
          <Message>Test method SEImplementation.Tests.RoleRepoTest.createRoleEmptyTest threw exception Common.CustomExceptions.ValueAlreadyExistsException, but exception Common.CustomExceptions.NullValueException was expected. Exception message: Common.CustomExceptions.ValueAlreadyExistsException: Value Already Exists.</Message>
          <StackTrace>    at DataAccess.Repos.RoleRepo.CreateRole(Role entry) in E:\Desktop\School\BSc\Semester 1\Software Engineering\TRALALA\DataAccess\Repos\RoleRepo.cs:line 22
   at SEImplementation.Tests.RoleRepoTest.createRoleEmptyTest() in E:\Desktop\School\BSc\Semester 1\Software Engineering\TRALALA\SEImplementation.Tests\RoleRepoTest.cs:line 175
</StackTrace>
        </ErrorInfo>
      </Output>
    </UnitTestResult>
  </Results>
</TestRun>