<?xml version="1.0" encoding="UTF-8"?>
<TestRun id="f48a95c6-9d28-4629-9a52-ae0ba1b64a72" name="WARHAMMER@DERRICK-PC 2015-01-08 22:09:20" runUser="Derrick-PC\WARHAMMER" xmlns="http://microsoft.com/schemas/VisualStudio/TeamTest/2010">
  <TestSettings name="Default Test Settings" id="10d64ce8-17cc-4701-a613-4bbd34c55006">
    <Deployment runDeploymentRoot="WARHAMMER_DERRICK-PC 2015-01-08 22_09_20">
      <DeploymentItem filename="E:\Desktop\School\BSc\Semester 1\Software Engineering\TRALALA\DataAccess\bin\Debug\DataAccess.dll" />
      <DeploymentItem filename="E:\Desktop\School\BSc\Semester 1\Software Engineering\TRALALA\Common\bin\Debug\Common.dll" />
      <DeploymentItem filename="E:\Desktop\School\BSc\Semester 1\Software Engineering\TRALALA\SEImplementation\bin\SEImplementation.dll" />
    </Deployment>
    <Execution>
      <TestTypeSpecific />
      <AgentRule name="Execution Agents">
      </AgentRule>
    </Execution>
  </TestSettings>
  <Times creation="2015-01-08T22:09:20.7074622+01:00" queuing="2015-01-08T22:09:22.0695412+01:00" start="2015-01-08T22:09:22.0755418+01:00" finish="2015-01-08T22:09:22.4145610+01:00" />
  <ResultSummary outcome="Completed">
    <Counters total="1" executed="1" passed="1" error="0" failed="0" timeout="0" aborted="0" inconclusive="0" passedButRunAborted="0" notRunnable="0" notExecuted="0" disconnected="0" warning="0" completed="0" inProgress="0" pending="0" />
  </ResultSummary>
  <TestDefinitions>
    <UnitTest name="UpdateRoleTestMatchingDesc" storage="e:\desktop\school\bsc\semester 1\software engineering\tralala\seimplementation.tests\bin\debug\seimplementation.tests.dll" id="34bc5648-43a4-647f-4592-324cb0f819e1">
      <Execution id="331c7cc2-5a0d-45ae-bf21-937d5178f74a" />
      <TestMethod codeBase="E:/Desktop/School/BSc/Semester 1/Software Engineering/TRALALA/SEImplementation.Tests/bin/Debug/SEImplementation.Tests.DLL" adapterTypeName="Microsoft.VisualStudio.TestTools.TestTypes.Unit.UnitTestAdapter, Microsoft.VisualStudio.QualityTools.Tips.UnitTest.Adapter, Version=10.0.0.0, Culture=neutral, PublicKeyToken=b03f5f7f11d50a3a" className="SEImplementation.Tests.RoleRepoTest, SEImplementation.Tests, Version=1.0.0.0, Culture=neutral, PublicKeyToken=null" name="UpdateRoleTestMatchingDesc" />
    </UnitTest>
  </TestDefinitions>
  <TestLists>
    <TestList name="Results Not in a List" id="8c84fa94-04c1-424b-9868-57a2d4851a1d" />
    <TestList name="All Loaded Results" id="19431567-8539-422a-85d7-44ee4e166bda" />
  </TestLists>
  <TestEntries>
    <TestEntry testId="34bc5648-43a4-647f-4592-324cb0f819e1" executionId="331c7cc2-5a0d-45ae-bf21-937d5178f74a" testListId="8c84fa94-04c1-424b-9868-57a2d4851a1d" />
  </TestEntries>
  <Results>
    <UnitTestResult executionId="331c7cc2-5a0d-45ae-bf21-937d5178f74a" testId="34bc5648-43a4-647f-4592-324cb0f819e1" testName="UpdateRoleTestMatchingDesc" computerName="DERRICK-PC" duration="00:00:00.1756707" startTime="2015-01-08T22:09:22.0765421+01:00" endTime="2015-01-08T22:09:22.4045609+01:00" testType="13cdc9d9-ddb5-4fa4-a97d-d965ccfc6d4b" outcome="Passed" testListId="8c84fa94-04c1-424b-9868-57a2d4851a1d" relativeResultsDirectory="331c7cc2-5a0d-45ae-bf21-937d5178f74a">
    </UnitTestResult>
  </Results>
</TestRun>