<?xml version="1.0" encoding="UTF-8"?>
<TestRun id="8d7fda72-7dd3-4a1a-8643-74f43fe68bc1" name="WARHAMMER@DERRICK-PC 2015-01-09 16:46:55" runUser="Derrick-PC\WARHAMMER" xmlns="http://microsoft.com/schemas/VisualStudio/TeamTest/2010">
  <TestSettings name="Default Test Settings" id="11a4bc66-c0ef-464a-b79c-4d561e4b6060">
    <Deployment runDeploymentRoot="WARHAMMER_DERRICK-PC 2015-01-09 16_46_55">
      <DeploymentItem filename="E:\Desktop\School\BSc\Semester 1\Software Engineering\TRALALA\DataAccess\bin\Debug\DataAccess.dll" />
      <DeploymentItem filename="E:\Desktop\School\BSc\Semester 1\Software Engineering\TRALALA\Common\bin\Debug\Common.dll" />
      <DeploymentItem filename="E:\Desktop\School\BSc\Semester 1\Software Engineering\TRALALA\SEImplementation\bin\SEImplementation.dll" />
    </Deployment>
    <Execution>
      <TestTypeSpecific />
      <AgentRule name="Execution Agents">
      </AgentRule>
    </Execution>
  </TestSettings>
  <Times creation="2015-01-09T16:46:55.9673297+01:00" queuing="2015-01-09T16:46:57.3914115+01:00" start="2015-01-09T16:46:57.3954129+01:00" finish="2015-01-09T16:46:57.7234310+01:00" />
  <ResultSummary outcome="Failed">
    <Counters total="1" executed="1" error="0" failed="1" timeout="0" aborted="0" inconclusive="0" passedButRunAborted="0" notRunnable="0" notExecuted="0" disconnected="0" warning="0" passed="0" completed="0" inProgress="0" pending="0" />
  </ResultSummary>
  <TestDefinitions>
    <UnitTest name="UpdateRoleTestEmptyDesc" storage="e:\desktop\school\bsc\semester 1\software engineering\tralala\seimplementation.tests\bin\debug\seimplementation.tests.dll" id="5766de9a-8684-e0c6-bc4e-4ffc1fb38afa">
      <Execution id="bdb04be7-c361-489b-8cd3-2cfcb8317c86" />
      <TestMethod codeBase="E:/Desktop/School/BSc/Semester 1/Software Engineering/TRALALA/SEImplementation.Tests/bin/Debug/SEImplementation.Tests.DLL" adapterTypeName="Microsoft.VisualStudio.TestTools.TestTypes.Unit.UnitTestAdapter, Microsoft.VisualStudio.QualityTools.Tips.UnitTest.Adapter, Version=10.0.0.0, Culture=neutral, PublicKeyToken=b03f5f7f11d50a3a" className="SEImplementation.Tests.RoleRepoTest, SEImplementation.Tests, Version=1.0.0.0, Culture=neutral, PublicKeyToken=null" name="UpdateRoleTestEmptyDesc" />
    </UnitTest>
  </TestDefinitions>
  <TestLists>
    <TestList name="Results Not in a List" id="8c84fa94-04c1-424b-9868-57a2d4851a1d" />
    <TestList name="All Loaded Results" id="19431567-8539-422a-85d7-44ee4e166bda" />
  </TestLists>
  <TestEntries>
    <TestEntry testId="5766de9a-8684-e0c6-bc4e-4ffc1fb38afa" executionId="bdb04be7-c361-489b-8cd3-2cfcb8317c86" testListId="8c84fa94-04c1-424b-9868-57a2d4851a1d" />
  </TestEntries>
  <Results>
    <UnitTestResult executionId="bdb04be7-c361-489b-8cd3-2cfcb8317c86" testId="5766de9a-8684-e0c6-bc4e-4ffc1fb38afa" testName="UpdateRoleTestEmptyDesc" computerName="DERRICK-PC" duration="00:00:00.1223309" startTime="2015-01-09T16:46:57.3964128+01:00" endTime="2015-01-09T16:46:57.6744284+01:00" testType="13cdc9d9-ddb5-4fa4-a97d-d965ccfc6d4b" outcome="Failed" testListId="8c84fa94-04c1-424b-9868-57a2d4851a1d" relativeResultsDirectory="bdb04be7-c361-489b-8cd3-2cfcb8317c86">
      <Output>
        <ErrorInfo>
          <Message>Test method SEImplementation.Tests.RoleRepoTest.UpdateRoleTestEmptyDesc threw exception: 
Common.CustomExceptions.NoNumberAndSymbolsAllowedException: No numbers &amp; symbols allowed.</Message>
          <StackTrace>    at DataAccess.Repos.RoleRepo.UpdateRole(Role gb) in E:\Desktop\School\BSc\Semester 1\Software Engineering\TRALALA\DataAccess\Repos\RoleRepo.cs:line 94
   at SEImplementation.Tests.RoleRepoTest.UpdateRoleTestEmptyDesc() in E:\Desktop\School\BSc\Semester 1\Software Engineering\TRALALA\SEImplementation.Tests\RoleRepoTest.cs:line 581
</StackTrace>
        </ErrorInfo>
      </Output>
    </UnitTestResult>
  </Results>
</TestRun>