<?xml version="1.0" encoding="UTF-8"?>
<TestRun id="e5cfb5b3-9d57-4c12-bd2a-4e05e1ebd0d5" name="WARHAMMER@DERRICK-PC 2015-01-09 16:46:41" runUser="Derrick-PC\WARHAMMER" xmlns="http://microsoft.com/schemas/VisualStudio/TeamTest/2010">
  <TestSettings name="Default Test Settings" id="92b7ad31-49b9-46d2-a1cf-18e299fad167">
    <Deployment runDeploymentRoot="WARHAMMER_DERRICK-PC 2015-01-09 16_46_41">
      <DeploymentItem filename="E:\Desktop\School\BSc\Semester 1\Software Engineering\TRALALA\DataAccess\bin\Debug\DataAccess.dll" />
      <DeploymentItem filename="E:\Desktop\School\BSc\Semester 1\Software Engineering\TRALALA\Common\bin\Debug\Common.dll" />
      <DeploymentItem filename="E:\Desktop\School\BSc\Semester 1\Software Engineering\TRALALA\SEImplementation\bin\SEImplementation.dll" />
    </Deployment>
    <Execution>
      <TestTypeSpecific />
      <AgentRule name="Execution Agents">
      </AgentRule>
    </Execution>
  </TestSettings>
  <Times creation="2015-01-09T16:46:41.0334693+01:00" queuing="2015-01-09T16:46:42.8345738+01:00" start="2015-01-09T16:46:42.8395733+01:00" finish="2015-01-09T16:46:43.1565922+01:00" />
  <ResultSummary outcome="Completed">
    <Counters total="1" executed="1" passed="1" error="0" failed="0" timeout="0" aborted="0" inconclusive="0" passedButRunAborted="0" notRunnable="0" notExecuted="0" disconnected="0" warning="0" completed="0" inProgress="0" pending="0" />
  </ResultSummary>
  <TestDefinitions>
    <UnitTest name="UpdateRoleTestEmptyName" storage="e:\desktop\school\bsc\semester 1\software engineering\tralala\seimplementation.tests\bin\debug\seimplementation.tests.dll" id="48172837-7d7b-06f0-35d6-267216a40b7b">
      <Execution id="6404f3c0-fc51-4a1d-9ffb-035d672dd6a8" />
      <TestMethod codeBase="E:/Desktop/School/BSc/Semester 1/Software Engineering/TRALALA/SEImplementation.Tests/bin/Debug/SEImplementation.Tests.DLL" adapterTypeName="Microsoft.VisualStudio.TestTools.TestTypes.Unit.UnitTestAdapter, Microsoft.VisualStudio.QualityTools.Tips.UnitTest.Adapter, Version=10.0.0.0, Culture=neutral, PublicKeyToken=b03f5f7f11d50a3a" className="SEImplementation.Tests.RoleRepoTest, SEImplementation.Tests, Version=1.0.0.0, Culture=neutral, PublicKeyToken=null" name="UpdateRoleTestEmptyName" />
    </UnitTest>
  </TestDefinitions>
  <TestLists>
    <TestList name="Results Not in a List" id="8c84fa94-04c1-424b-9868-57a2d4851a1d" />
    <TestList name="All Loaded Results" id="19431567-8539-422a-85d7-44ee4e166bda" />
  </TestLists>
  <TestEntries>
    <TestEntry testId="48172837-7d7b-06f0-35d6-267216a40b7b" executionId="6404f3c0-fc51-4a1d-9ffb-035d672dd6a8" testListId="8c84fa94-04c1-424b-9868-57a2d4851a1d" />
  </TestEntries>
  <Results>
    <UnitTestResult executionId="6404f3c0-fc51-4a1d-9ffb-035d672dd6a8" testId="48172837-7d7b-06f0-35d6-267216a40b7b" testName="UpdateRoleTestEmptyName" computerName="DERRICK-PC" duration="00:00:00.1493396" startTime="2015-01-09T16:46:42.8405732+01:00" endTime="2015-01-09T16:46:43.1425919+01:00" testType="13cdc9d9-ddb5-4fa4-a97d-d965ccfc6d4b" outcome="Passed" testListId="8c84fa94-04c1-424b-9868-57a2d4851a1d" relativeResultsDirectory="6404f3c0-fc51-4a1d-9ffb-035d672dd6a8">
    </UnitTestResult>
  </Results>
</TestRun>