<?xml version="1.0" encoding="UTF-8"?>
<TestRun id="94196ee8-fe1f-491c-882d-9ea61221a959" name="WARHAMMER@DERRICK-PC 2015-01-10 11:25:38" runUser="Derrick-PC\WARHAMMER" xmlns="http://microsoft.com/schemas/VisualStudio/TeamTest/2010">
  <TestSettings name="Default Test Settings" id="c764832c-f371-46d7-93db-caa76f3e8d52">
    <Deployment runDeploymentRoot="WARHAMMER_DERRICK-PC 2015-01-10 11_25_38">
      <DeploymentItem filename="E:\Desktop\School\BSc\Semester 1\Software Engineering\TRALALA\DataAccess\bin\Debug\DataAccess.dll" />
      <DeploymentItem filename="E:\Desktop\School\BSc\Semester 1\Software Engineering\TRALALA\Common\bin\Debug\Common.dll" />
      <DeploymentItem filename="E:\Desktop\School\BSc\Semester 1\Software Engineering\TRALALA\SEImplementation\bin\SEImplementation.dll" />
    </Deployment>
    <Execution>
      <TestTypeSpecific />
      <AgentRule name="Execution Agents">
      </AgentRule>
    </Execution>
  </TestSettings>
  <Times creation="2015-01-10T11:25:38.2450457+01:00" queuing="2015-01-10T11:25:39.9041413+01:00" start="2015-01-10T11:25:39.9081420+01:00" finish="2015-01-10T11:25:40.1801570+01:00" />
  <ResultSummary outcome="Failed">
    <Counters total="1" executed="1" error="0" failed="1" timeout="0" aborted="0" inconclusive="0" passedButRunAborted="0" notRunnable="0" notExecuted="0" disconnected="0" warning="0" passed="0" completed="0" inProgress="0" pending="0" />
  </ResultSummary>
  <TestDefinitions>
    <UnitTest name="UpdateRoleTestNullName" storage="e:\desktop\school\bsc\semester 1\software engineering\tralala\seimplementation.tests\bin\debug\seimplementation.tests.dll" id="b4e9415d-fade-486b-5f96-8d20a5983bca">
      <Execution id="549dde3d-aefd-4e64-9fa5-2cecf4e341a3" />
      <TestMethod codeBase="E:/Desktop/School/BSc/Semester 1/Software Engineering/TRALALA/SEImplementation.Tests/bin/Debug/SEImplementation.Tests.DLL" adapterTypeName="Microsoft.VisualStudio.TestTools.TestTypes.Unit.UnitTestAdapter, Microsoft.VisualStudio.QualityTools.Tips.UnitTest.Adapter, Version=10.0.0.0, Culture=neutral, PublicKeyToken=b03f5f7f11d50a3a" className="SEImplementation.Tests.RoleRepoTest, SEImplementation.Tests, Version=1.0.0.0, Culture=neutral, PublicKeyToken=null" name="UpdateRoleTestNullName" />
    </UnitTest>
  </TestDefinitions>
  <TestLists>
    <TestList name="Results Not in a List" id="8c84fa94-04c1-424b-9868-57a2d4851a1d" />
    <TestList name="All Loaded Results" id="19431567-8539-422a-85d7-44ee4e166bda" />
  </TestLists>
  <TestEntries>
    <TestEntry testId="b4e9415d-fade-486b-5f96-8d20a5983bca" executionId="549dde3d-aefd-4e64-9fa5-2cecf4e341a3" testListId="8c84fa94-04c1-424b-9868-57a2d4851a1d" />
  </TestEntries>
  <Results>
    <UnitTestResult executionId="549dde3d-aefd-4e64-9fa5-2cecf4e341a3" testId="b4e9415d-fade-486b-5f96-8d20a5983bca" testName="UpdateRoleTestNullName" computerName="DERRICK-PC" duration="00:00:00.1108868" startTime="2015-01-10T11:25:39.9101423+01:00" endTime="2015-01-10T11:25:40.1701561+01:00" testType="13cdc9d9-ddb5-4fa4-a97d-d965ccfc6d4b" outcome="Failed" testListId="8c84fa94-04c1-424b-9868-57a2d4851a1d" relativeResultsDirectory="549dde3d-aefd-4e64-9fa5-2cecf4e341a3">
      <Output>
        <ErrorInfo>
          <Message>Test method SEImplementation.Tests.RoleRepoTest.UpdateRoleTestNullName threw exception: 
System.Data.ConstraintException: This property cannot be set to a null value.</Message>
          <StackTrace>    at System.Data.EntityUtil.ThrowPropertyIsNotNullable(String propertyName)
   at System.Data.Objects.DataClasses.StructuralObject.SetValidValue(String value, Boolean isNullable)
   at Common.Role.set_RoleName(String value) in E:\Desktop\School\BSc\Semester 1\Software Engineering\TRALALA\Common\SEDB.Designer.cs:line 719
   at SEImplementation.Tests.RoleRepoTest.UpdateRoleTestNullName() in E:\Desktop\School\BSc\Semester 1\Software Engineering\TRALALA\SEImplementation.Tests\RoleRepoTest.cs:line 532
</StackTrace>
        </ErrorInfo>
      </Output>
    </UnitTestResult>
  </Results>
</TestRun>