<?xml version="1.0" encoding="UTF-8"?>
<TestRun id="adaf8cfd-7020-4ac3-97cc-30600c2d0e3e" name="WARHAMMER@DERRICK-PC 2015-01-09 17:15:48" runUser="Derrick-PC\WARHAMMER" xmlns="http://microsoft.com/schemas/VisualStudio/TeamTest/2010">
  <TestSettings name="Default Test Settings" id="b06b57c8-838d-4d5e-854e-a41f9c7c5394">
    <Deployment runDeploymentRoot="WARHAMMER_DERRICK-PC 2015-01-09 17_15_48">
      <DeploymentItem filename="E:\Desktop\School\BSc\Semester 1\Software Engineering\TRALALA\DataAccess\bin\Debug\DataAccess.dll" />
      <DeploymentItem filename="E:\Desktop\School\BSc\Semester 1\Software Engineering\TRALALA\Common\bin\Debug\Common.dll" />
      <DeploymentItem filename="E:\Desktop\School\BSc\Semester 1\Software Engineering\TRALALA\SEImplementation\bin\SEImplementation.dll" />
    </Deployment>
    <Execution>
      <TestTypeSpecific />
      <AgentRule name="Execution Agents">
      </AgentRule>
    </Execution>
  </TestSettings>
  <Times creation="2015-01-09T17:15:48.3701332+01:00" queuing="2015-01-09T17:15:49.8042161+01:00" start="2015-01-09T17:15:49.8092160+01:00" finish="2015-01-09T17:15:50.0972339+01:00" />
  <ResultSummary outcome="Completed">
    <Counters total="1" executed="1" passed="1" error="0" failed="0" timeout="0" aborted="0" inconclusive="0" passedButRunAborted="0" notRunnable="0" notExecuted="0" disconnected="0" warning="0" completed="0" inProgress="0" pending="0" />
  </ResultSummary>
  <TestDefinitions>
    <UnitTest name="CreateRoleSuccessGetIDTest" storage="e:\desktop\school\bsc\semester 1\software engineering\tralala\seimplementation.tests\bin\debug\seimplementation.tests.dll" id="625311b0-c7e4-e555-d0db-1277101e4072">
      <Execution id="441208eb-f2e2-4d1c-93d7-8a243befe671" />
      <TestMethod codeBase="E:/Desktop/School/BSc/Semester 1/Software Engineering/TRALALA/SEImplementation.Tests/bin/Debug/SEImplementation.Tests.DLL" adapterTypeName="Microsoft.VisualStudio.TestTools.TestTypes.Unit.UnitTestAdapter, Microsoft.VisualStudio.QualityTools.Tips.UnitTest.Adapter, Version=10.0.0.0, Culture=neutral, PublicKeyToken=b03f5f7f11d50a3a" className="SEImplementation.Tests.RoleRepoTest, SEImplementation.Tests, Version=1.0.0.0, Culture=neutral, PublicKeyToken=null" name="CreateRoleSuccessGetIDTest" />
    </UnitTest>
  </TestDefinitions>
  <TestLists>
    <TestList name="Results Not in a List" id="8c84fa94-04c1-424b-9868-57a2d4851a1d" />
    <TestList name="All Loaded Results" id="19431567-8539-422a-85d7-44ee4e166bda" />
  </TestLists>
  <TestEntries>
    <TestEntry testId="625311b0-c7e4-e555-d0db-1277101e4072" executionId="441208eb-f2e2-4d1c-93d7-8a243befe671" testListId="8c84fa94-04c1-424b-9868-57a2d4851a1d" />
  </TestEntries>
  <Results>
    <UnitTestResult executionId="441208eb-f2e2-4d1c-93d7-8a243befe671" testId="625311b0-c7e4-e555-d0db-1277101e4072" testName="CreateRoleSuccessGetIDTest" computerName="DERRICK-PC" duration="00:00:00.1151579" startTime="2015-01-09T17:15:49.8112174+01:00" endTime="2015-01-09T17:15:50.0842324+01:00" testType="13cdc9d9-ddb5-4fa4-a97d-d965ccfc6d4b" outcome="Passed" testListId="8c84fa94-04c1-424b-9868-57a2d4851a1d" relativeResultsDirectory="441208eb-f2e2-4d1c-93d7-8a243befe671">
    </UnitTestResult>
  </Results>
</TestRun>