<?xml version="1.0" encoding="UTF-8"?>
<TestRun id="0f36bee4-387e-4b52-9da0-38923aa1cd92" name="WARHAMMER@DERRICK-PC 2015-01-09 16:52:05" runUser="Derrick-PC\WARHAMMER" xmlns="http://microsoft.com/schemas/VisualStudio/TeamTest/2010">
  <TestSettings name="Default Test Settings" id="0590034d-8e05-4a08-b3fb-adde500af454">
    <Deployment runDeploymentRoot="WARHAMMER_DERRICK-PC 2015-01-09 16_52_05">
      <DeploymentItem filename="E:\Desktop\School\BSc\Semester 1\Software Engineering\TRALALA\DataAccess\bin\Debug\DataAccess.dll" />
      <DeploymentItem filename="E:\Desktop\School\BSc\Semester 1\Software Engineering\TRALALA\Common\bin\Debug\Common.dll" />
      <DeploymentItem filename="E:\Desktop\School\BSc\Semester 1\Software Engineering\TRALALA\SEImplementation\bin\SEImplementation.dll" />
    </Deployment>
    <Execution>
      <TestTypeSpecific />
      <AgentRule name="Execution Agents">
      </AgentRule>
    </Execution>
  </TestSettings>
  <Times creation="2015-01-09T16:52:05.1531425+01:00" queuing="2015-01-09T16:52:06.5192204+01:00" start="2015-01-09T16:52:06.5242206+01:00" finish="2015-01-09T16:52:06.8382407+01:00" />
  <ResultSummary outcome="Completed">
    <Counters total="1" executed="1" passed="1" error="0" failed="0" timeout="0" aborted="0" inconclusive="0" passedButRunAborted="0" notRunnable="0" notExecuted="0" disconnected="0" warning="0" completed="0" inProgress="0" pending="0" />
  </ResultSummary>
  <TestDefinitions>
    <UnitTest name="CreateRoleTestBeneathCharacterLimitonDesc" storage="e:\desktop\school\bsc\semester 1\software engineering\tralala\seimplementation.tests\bin\debug\seimplementation.tests.dll" id="cfd83b9f-a3ce-c125-f187-fbcac6aad68f">
      <Execution id="17b9c114-642a-410b-86ab-80e01330a95d" />
      <TestMethod codeBase="E:/Desktop/School/BSc/Semester 1/Software Engineering/TRALALA/SEImplementation.Tests/bin/Debug/SEImplementation.Tests.DLL" adapterTypeName="Microsoft.VisualStudio.TestTools.TestTypes.Unit.UnitTestAdapter, Microsoft.VisualStudio.QualityTools.Tips.UnitTest.Adapter, Version=10.0.0.0, Culture=neutral, PublicKeyToken=b03f5f7f11d50a3a" className="SEImplementation.Tests.RoleRepoTest, SEImplementation.Tests, Version=1.0.0.0, Culture=neutral, PublicKeyToken=null" name="CreateRoleTestBeneathCharacterLimitonDesc" />
    </UnitTest>
  </TestDefinitions>
  <TestLists>
    <TestList name="Results Not in a List" id="8c84fa94-04c1-424b-9868-57a2d4851a1d" />
    <TestList name="All Loaded Results" id="19431567-8539-422a-85d7-44ee4e166bda" />
  </TestLists>
  <TestEntries>
    <TestEntry testId="cfd83b9f-a3ce-c125-f187-fbcac6aad68f" executionId="17b9c114-642a-410b-86ab-80e01330a95d" testListId="8c84fa94-04c1-424b-9868-57a2d4851a1d" />
  </TestEntries>
  <Results>
    <UnitTestResult executionId="17b9c114-642a-410b-86ab-80e01330a95d" testId="cfd83b9f-a3ce-c125-f187-fbcac6aad68f" testName="CreateRoleTestBeneathCharacterLimitonDesc" computerName="DERRICK-PC" duration="00:00:00.1029357" startTime="2015-01-09T16:52:06.5262213+01:00" endTime="2015-01-09T16:52:06.7832364+01:00" testType="13cdc9d9-ddb5-4fa4-a97d-d965ccfc6d4b" outcome="Passed" testListId="8c84fa94-04c1-424b-9868-57a2d4851a1d" relativeResultsDirectory="17b9c114-642a-410b-86ab-80e01330a95d">
    </UnitTestResult>
  </Results>
</TestRun>