<?xml version="1.0" encoding="UTF-8"?>
<TestRun id="6577bbcc-577c-4efd-aaa6-77a37d99c558" name="WARHAMMER@DERRICK-PC 2015-01-07 21:01:14" runUser="Derrick-PC\WARHAMMER" xmlns="http://microsoft.com/schemas/VisualStudio/TeamTest/2010">
  <TestSettings name="Default Test Settings" id="3d05e5d0-d867-4a13-bc99-2f44d6a44152">
    <Deployment runDeploymentRoot="WARHAMMER_DERRICK-PC 2015-01-07 21_01_14">
      <DeploymentItem filename="E:\Desktop\School\BSc\Semester 1\Software Engineering\TRALALA\DataAccess\bin\Debug\DataAccess.dll" />
      <DeploymentItem filename="E:\Desktop\School\BSc\Semester 1\Software Engineering\TRALALA\Common\bin\Debug\Common.dll" />
      <DeploymentItem filename="E:\Desktop\School\BSc\Semester 1\Software Engineering\TRALALA\SEImplementation\bin\SEImplementation.dll" />
    </Deployment>
    <Execution>
      <TestTypeSpecific />
      <AgentRule name="Execution Agents">
      </AgentRule>
    </Execution>
  </TestSettings>
  <Times creation="2015-01-07T21:01:14.1586188+01:00" queuing="2015-01-07T21:01:15.4646927+01:00" start="2015-01-07T21:01:15.4686926+01:00" finish="2015-01-07T21:01:15.7767105+01:00" />
  <ResultSummary outcome="Completed">
    <Counters total="1" executed="1" passed="1" error="0" failed="0" timeout="0" aborted="0" inconclusive="0" passedButRunAborted="0" notRunnable="0" notExecuted="0" disconnected="0" warning="0" completed="0" inProgress="0" pending="0" />
  </ResultSummary>
  <TestDefinitions>
    <UnitTest name="GetRolesValuesTest" storage="e:\desktop\school\bsc\semester 1\software engineering\tralala\seimplementation.tests\bin\debug\seimplementation.tests.dll" id="8c5802aa-4574-61c9-1aca-d10adf54732d">
      <Execution id="70bfee6a-048b-40ac-9b2d-0d76d7f01834" />
      <TestMethod codeBase="E:/Desktop/School/BSc/Semester 1/Software Engineering/TRALALA/SEImplementation.Tests/bin/Debug/SEImplementation.Tests.DLL" adapterTypeName="Microsoft.VisualStudio.TestTools.TestTypes.Unit.UnitTestAdapter, Microsoft.VisualStudio.QualityTools.Tips.UnitTest.Adapter, Version=10.0.0.0, Culture=neutral, PublicKeyToken=b03f5f7f11d50a3a" className="SEImplementation.Tests.RoleRepoTest, SEImplementation.Tests, Version=1.0.0.0, Culture=neutral, PublicKeyToken=null" name="GetRolesValuesTest" />
    </UnitTest>
  </TestDefinitions>
  <TestLists>
    <TestList name="Results Not in a List" id="8c84fa94-04c1-424b-9868-57a2d4851a1d" />
    <TestList name="All Loaded Results" id="19431567-8539-422a-85d7-44ee4e166bda" />
  </TestLists>
  <TestEntries>
    <TestEntry testId="8c5802aa-4574-61c9-1aca-d10adf54732d" executionId="70bfee6a-048b-40ac-9b2d-0d76d7f01834" testListId="8c84fa94-04c1-424b-9868-57a2d4851a1d" />
  </TestEntries>
  <Results>
    <UnitTestResult executionId="70bfee6a-048b-40ac-9b2d-0d76d7f01834" testId="8c5802aa-4574-61c9-1aca-d10adf54732d" testName="GetRolesValuesTest" computerName="DERRICK-PC" duration="00:00:00.1447552" startTime="2015-01-07T21:01:15.4706949+01:00" endTime="2015-01-07T21:01:15.7667105+01:00" testType="13cdc9d9-ddb5-4fa4-a97d-d965ccfc6d4b" outcome="Passed" testListId="8c84fa94-04c1-424b-9868-57a2d4851a1d" relativeResultsDirectory="70bfee6a-048b-40ac-9b2d-0d76d7f01834">
    </UnitTestResult>
  </Results>
</TestRun>