<?xml version="1.0" encoding="UTF-8"?>
<TestRun id="e538b439-0774-4443-8476-49782e818e05" name="WARHAMMER@DERRICK-PC 2015-01-14 18:03:37" runUser="Derrick-PC\WARHAMMER" xmlns="http://microsoft.com/schemas/VisualStudio/TeamTest/2010">
  <TestSettings name="Default Test Settings" id="2e9eecee-7672-4e1d-a4f8-0c4fb26dcaf6">
    <Deployment runDeploymentRoot="WARHAMMER_DERRICK-PC 2015-01-14 18_03_37">
      <DeploymentItem filename="E:\Desktop\School\BSc\Semester 1\Software Engineering\TRALALA\DataAccess\bin\Debug\DataAccess.dll" />
      <DeploymentItem filename="E:\Desktop\School\BSc\Semester 1\Software Engineering\TRALALA\Common\bin\Debug\Common.dll" />
      <DeploymentItem filename="E:\Desktop\School\BSc\Semester 1\Software Engineering\TRALALA\SEImplementation\bin\SEImplementation.dll" />
    </Deployment>
    <Execution>
      <TestTypeSpecific />
      <AgentRule name="Execution Agents">
      </AgentRule>
    </Execution>
  </TestSettings>
  <Times creation="2015-01-14T18:03:37.2626307+01:00" queuing="2015-01-14T18:03:39.5977659+01:00" start="2015-01-14T18:03:39.6027661+01:00" finish="2015-01-14T18:03:39.8707819+01:00" />
  <ResultSummary outcome="Failed">
    <Counters total="1" executed="1" error="0" failed="1" timeout="0" aborted="0" inconclusive="0" passedButRunAborted="0" notRunnable="0" notExecuted="0" disconnected="0" warning="0" passed="0" completed="0" inProgress="0" pending="0" />
  </ResultSummary>
  <TestDefinitions>
    <UnitTest name="CreateRoleSuccessNotEqualListTest" storage="e:\desktop\school\bsc\semester 1\software engineering\tralala\seimplementation.tests\bin\debug\seimplementation.tests.dll" id="495b7e2c-5426-f243-e6b2-25c6cabef341">
      <Execution id="abe228fd-de47-4a06-b549-1623157f6469" />
      <TestMethod codeBase="E:/Desktop/School/BSc/Semester 1/Software Engineering/TRALALA/SEImplementation.Tests/bin/Debug/SEImplementation.Tests.DLL" adapterTypeName="Microsoft.VisualStudio.TestTools.TestTypes.Unit.UnitTestAdapter, Microsoft.VisualStudio.QualityTools.Tips.UnitTest.Adapter, Version=10.0.0.0, Culture=neutral, PublicKeyToken=b03f5f7f11d50a3a" className="SEImplementation.Tests.RoleRepoRollBackTest, SEImplementation.Tests, Version=1.0.0.0, Culture=neutral, PublicKeyToken=null" name="CreateRoleSuccessNotEqualListTest" />
    </UnitTest>
  </TestDefinitions>
  <TestLists>
    <TestList name="Results Not in a List" id="8c84fa94-04c1-424b-9868-57a2d4851a1d" />
    <TestList name="All Loaded Results" id="19431567-8539-422a-85d7-44ee4e166bda" />
  </TestLists>
  <TestEntries>
    <TestEntry testId="495b7e2c-5426-f243-e6b2-25c6cabef341" executionId="abe228fd-de47-4a06-b549-1623157f6469" testListId="8c84fa94-04c1-424b-9868-57a2d4851a1d" />
  </TestEntries>
  <Results>
    <UnitTestResult executionId="abe228fd-de47-4a06-b549-1623157f6469" testId="495b7e2c-5426-f243-e6b2-25c6cabef341" testName="CreateRoleSuccessNotEqualListTest" computerName="DERRICK-PC" duration="00:00:00.1055875" startTime="2015-01-14T18:03:39.6047657+01:00" endTime="2015-01-14T18:03:39.8607815+01:00" testType="13cdc9d9-ddb5-4fa4-a97d-d965ccfc6d4b" outcome="Failed" testListId="8c84fa94-04c1-424b-9868-57a2d4851a1d" relativeResultsDirectory="abe228fd-de47-4a06-b549-1623157f6469">
      <Output>
        <ErrorInfo>
          <Message>Initialization method SEImplementation.Tests.RoleRepoRollBackTest.Init2 threw exception. System.InvalidOperationException: System.InvalidOperationException: The connection is not open..</Message>
          <StackTrace>    at System.Data.EntityClient.EntityConnection.BeginDbTransaction(IsolationLevel isolationLevel)
   at System.Data.Common.DbConnection.BeginTransaction()
   at SEImplementation.Tests.RoleRepoRollBackTest.Init2() in E:\Desktop\School\BSc\Semester 1\Software Engineering\TRALALA\SEImplementation.Tests\RoleRepoRollBackTest.cs:line 28
</StackTrace>
        </ErrorInfo>
      </Output>
    </UnitTestResult>
  </Results>
</TestRun>