<?xml version="1.0" encoding="UTF-8"?>
<TestRun id="6c521717-33f7-4785-a280-721b3ad6cf7f" name="WARHAMMER@DERRICK-PC 2015-01-07 20:56:51" runUser="Derrick-PC\WARHAMMER" xmlns="http://microsoft.com/schemas/VisualStudio/TeamTest/2010">
  <TestSettings name="Default Test Settings" id="697c4ed0-ed63-41f6-a0e9-d8bf44398507">
    <Deployment userDeploymentRoot="E:\Desktop\School\BSc\Semester 1\Software Engineering\TRALALA\TestResults" useDefaultDeploymentRoot="false" runDeploymentRoot="WARHAMMER_DERRICK-PC 2015-01-07 20_56_51">
      <DeploymentItem filename="E:\Desktop\School\BSc\Semester 1\Software Engineering\TRALALA\DataAccess\bin\Debug\DataAccess.dll" />
      <DeploymentItem filename="E:\Desktop\School\BSc\Semester 1\Software Engineering\TRALALA\Common\bin\Debug\Common.dll" />
      <DeploymentItem filename="E:\Desktop\School\BSc\Semester 1\Software Engineering\TRALALA\SEImplementation\bin\SEImplementation.dll" />
    </Deployment>
    <Execution>
      <TestTypeSpecific />
      <AgentRule name="Execution Agents">
      </AgentRule>
    </Execution>
  </TestSettings>
  <Times creation="2015-01-07T20:56:51.6092901+01:00" queuing="2015-01-07T20:56:53.9714270+01:00" start="2015-01-07T20:56:54.1164359+01:00" finish="2015-01-07T20:56:56.9426003+01:00" />
  <ResultSummary outcome="Error">
    <Counters total="1" executed="1" error="0" failed="0" timeout="0" aborted="1" inconclusive="0" passedButRunAborted="0" notRunnable="0" notExecuted="0" disconnected="0" warning="0" passed="0" completed="0" inProgress="0" pending="0" />
    <RunInfos>
      <RunInfo computerName="DERRICK-PC" outcome="Error" timestamp="2015-01-07T20:56:56.9416000+01:00">
        <Text>Test host process exited unexpectedly.</Text>
      </RunInfo>
    </RunInfos>
  </ResultSummary>
  <TestDefinitions>
    <UnitTest name="UpdateRoleTestMatchingDesc" storage="e:\desktop\school\bsc\semester 1\software engineering\tralala\seimplementation.tests\bin\debug\seimplementation.tests.dll" id="34bc5648-43a4-647f-4592-324cb0f819e1">
      <Execution id="e5cd8d20-ea64-4be6-acbd-4526bf4f910f" />
      <TestMethod codeBase="E:/Desktop/School/BSc/Semester 1/Software Engineering/TRALALA/SEImplementation.Tests/bin/Debug/SEImplementation.Tests.DLL" adapterTypeName="Microsoft.VisualStudio.TestTools.TestTypes.Unit.UnitTestAdapter, Microsoft.VisualStudio.QualityTools.Tips.UnitTest.Adapter, Version=10.0.0.0, Culture=neutral, PublicKeyToken=b03f5f7f11d50a3a" className="SEImplementation.Tests.RoleRepoTest, SEImplementation.Tests, Version=1.0.0.0, Culture=neutral, PublicKeyToken=null" name="UpdateRoleTestMatchingDesc" />
    </UnitTest>
  </TestDefinitions>
  <TestLists>
    <TestList name="Results Not in a List" id="8c84fa94-04c1-424b-9868-57a2d4851a1d" />
    <TestList name="All Loaded Results" id="19431567-8539-422a-85d7-44ee4e166bda" />
  </TestLists>
  <TestEntries>
    <TestEntry testId="34bc5648-43a4-647f-4592-324cb0f819e1" executionId="e5cd8d20-ea64-4be6-acbd-4526bf4f910f" testListId="8c84fa94-04c1-424b-9868-57a2d4851a1d" />
  </TestEntries>
  <Results>
    <UnitTestResult executionId="e5cd8d20-ea64-4be6-acbd-4526bf4f910f" testId="34bc5648-43a4-647f-4592-324cb0f819e1" testName="UpdateRoleTestMatchingDesc" computerName="DERRICK-PC" duration="00:00:02.6681544" startTime="2015-01-07T20:56:54.2744459+01:00" endTime="2015-01-07T20:56:56.9426003+01:00" testType="13cdc9d9-ddb5-4fa4-a97d-d965ccfc6d4b" outcome="Aborted" testListId="8c84fa94-04c1-424b-9868-57a2d4851a1d" relativeResultsDirectory="e5cd8d20-ea64-4be6-acbd-4526bf4f910f">
    </UnitTestResult>
  </Results>
</TestRun>