<?xml version="1.0" encoding="UTF-8"?>
<TestRun id="02a6f509-945e-46b4-b1cb-c8a88400053d" name="WARHAMMER@DERRICK-PC 2015-01-10 11:25:26" runUser="Derrick-PC\WARHAMMER" xmlns="http://microsoft.com/schemas/VisualStudio/TeamTest/2010">
  <TestSettings name="Default Test Settings" id="3e86d795-6c75-42ec-b965-a8c4fb9f5e11">
    <Deployment runDeploymentRoot="WARHAMMER_DERRICK-PC 2015-01-10 11_25_26">
      <DeploymentItem filename="E:\Desktop\School\BSc\Semester 1\Software Engineering\TRALALA\DataAccess\bin\Debug\DataAccess.dll" />
      <DeploymentItem filename="E:\Desktop\School\BSc\Semester 1\Software Engineering\TRALALA\Common\bin\Debug\Common.dll" />
      <DeploymentItem filename="E:\Desktop\School\BSc\Semester 1\Software Engineering\TRALALA\SEImplementation\bin\SEImplementation.dll" />
    </Deployment>
    <Execution>
      <TestTypeSpecific />
      <AgentRule name="Execution Agents">
      </AgentRule>
    </Execution>
  </TestSettings>
  <Times creation="2015-01-10T11:25:26.9093929+01:00" queuing="2015-01-10T11:25:28.1594653+01:00" start="2015-01-10T11:25:28.1634652+01:00" finish="2015-01-10T11:25:28.4294803+01:00" />
  <ResultSummary outcome="Completed">
    <Counters total="1" executed="1" passed="1" error="0" failed="0" timeout="0" aborted="0" inconclusive="0" passedButRunAborted="0" notRunnable="0" notExecuted="0" disconnected="0" warning="0" completed="0" inProgress="0" pending="0" />
  </ResultSummary>
  <TestDefinitions>
    <UnitTest name="UpdateRoleTestNullName" storage="e:\desktop\school\bsc\semester 1\software engineering\tralala\seimplementation.tests\bin\debug\seimplementation.tests.dll" id="b4e9415d-fade-486b-5f96-8d20a5983bca">
      <Execution id="1e417672-dbed-4174-af48-e486f3e05ff0" />
      <TestMethod codeBase="E:/Desktop/School/BSc/Semester 1/Software Engineering/TRALALA/SEImplementation.Tests/bin/Debug/SEImplementation.Tests.DLL" adapterTypeName="Microsoft.VisualStudio.TestTools.TestTypes.Unit.UnitTestAdapter, Microsoft.VisualStudio.QualityTools.Tips.UnitTest.Adapter, Version=10.0.0.0, Culture=neutral, PublicKeyToken=b03f5f7f11d50a3a" className="SEImplementation.Tests.RoleRepoTest, SEImplementation.Tests, Version=1.0.0.0, Culture=neutral, PublicKeyToken=null" name="UpdateRoleTestNullName" />
    </UnitTest>
  </TestDefinitions>
  <TestLists>
    <TestList name="Results Not in a List" id="8c84fa94-04c1-424b-9868-57a2d4851a1d" />
    <TestList name="All Loaded Results" id="19431567-8539-422a-85d7-44ee4e166bda" />
  </TestLists>
  <TestEntries>
    <TestEntry testId="b4e9415d-fade-486b-5f96-8d20a5983bca" executionId="1e417672-dbed-4174-af48-e486f3e05ff0" testListId="8c84fa94-04c1-424b-9868-57a2d4851a1d" />
  </TestEntries>
  <Results>
    <UnitTestResult executionId="1e417672-dbed-4174-af48-e486f3e05ff0" testId="b4e9415d-fade-486b-5f96-8d20a5983bca" testName="UpdateRoleTestNullName" computerName="DERRICK-PC" duration="00:00:00.1001894" startTime="2015-01-10T11:25:28.1644651+01:00" endTime="2015-01-10T11:25:28.4184799+01:00" testType="13cdc9d9-ddb5-4fa4-a97d-d965ccfc6d4b" outcome="Passed" testListId="8c84fa94-04c1-424b-9868-57a2d4851a1d" relativeResultsDirectory="1e417672-dbed-4174-af48-e486f3e05ff0">
    </UnitTestResult>
  </Results>
</TestRun>