<?xml version="1.0" encoding="UTF-8"?>
<TestRun id="be840562-905e-43b8-a8f5-190ff244a208" name="WARHAMMER@DERRICK-PC 2015-01-09 16:51:13" runUser="Derrick-PC\WARHAMMER" xmlns="http://microsoft.com/schemas/VisualStudio/TeamTest/2010">
  <TestSettings name="Default Test Settings" id="1ef63e8e-9d13-4d41-9907-465302a3a0ff">
    <Deployment runDeploymentRoot="WARHAMMER_DERRICK-PC 2015-01-09 16_51_13">
      <DeploymentItem filename="E:\Desktop\School\BSc\Semester 1\Software Engineering\TRALALA\DataAccess\bin\Debug\DataAccess.dll" />
      <DeploymentItem filename="E:\Desktop\School\BSc\Semester 1\Software Engineering\TRALALA\Common\bin\Debug\Common.dll" />
      <DeploymentItem filename="E:\Desktop\School\BSc\Semester 1\Software Engineering\TRALALA\SEImplementation\bin\SEImplementation.dll" />
    </Deployment>
    <Execution>
      <TestTypeSpecific />
      <AgentRule name="Execution Agents">
      </AgentRule>
    </Execution>
  </TestSettings>
  <Times creation="2015-01-09T16:51:13.5081667+01:00" queuing="2015-01-09T16:51:14.5882293+01:00" start="2015-01-09T16:51:14.5962301+01:00" finish="2015-01-09T16:51:15.2012647+01:00" />
  <ResultSummary outcome="Failed">
    <Counters total="39" executed="39" passed="38" error="0" failed="1" timeout="0" aborted="0" inconclusive="0" passedButRunAborted="0" notRunnable="0" notExecuted="0" disconnected="0" warning="0" completed="0" inProgress="0" pending="0" />
  </ResultSummary>
  <TestDefinitions>
    <UnitTest name="GetRoleByIdNotExistentTest" storage="e:\desktop\school\bsc\semester 1\software engineering\tralala\seimplementation.tests\bin\debug\seimplementation.tests.dll" id="13247df7-3d56-5a96-a517-506237ae74a1">
      <Execution id="cd41bf22-3e06-401c-a36a-6ebd441b53ce" />
      <TestMethod codeBase="E:/Desktop/School/BSc/Semester 1/Software Engineering/TRALALA/SEImplementation.Tests/bin/Debug/SEImplementation.Tests.DLL" adapterTypeName="Microsoft.VisualStudio.TestTools.TestTypes.Unit.UnitTestAdapter, Microsoft.VisualStudio.QualityTools.Tips.UnitTest.Adapter, Version=10.0.0.0, Culture=neutral, PublicKeyToken=b03f5f7f11d50a3a" className="SEImplementation.Tests.RoleRepoTest, SEImplementation.Tests, Version=1.0.0.0, Culture=neutral, PublicKeyToken=null" name="GetRoleByIdNotExistentTest" />
    </UnitTest>
    <UnitTest name="CreateRoleSuccessDescAlreadyExistTest" storage="e:\desktop\school\bsc\semester 1\software engineering\tralala\seimplementation.tests\bin\debug\seimplementation.tests.dll" id="9ea9f69b-2b1d-ee50-651b-164059cc5540">
      <Execution id="903af3b5-7e68-4cd2-8798-8e0fd9f92d60" />
      <TestMethod codeBase="E:/Desktop/School/BSc/Semester 1/Software Engineering/TRALALA/SEImplementation.Tests/bin/Debug/SEImplementation.Tests.DLL" adapterTypeName="Microsoft.VisualStudio.TestTools.TestTypes.Unit.UnitTestAdapter, Microsoft.VisualStudio.QualityTools.Tips.UnitTest.Adapter, Version=10.0.0.0, Culture=neutral, PublicKeyToken=b03f5f7f11d50a3a" className="SEImplementation.Tests.RoleRepoTest, SEImplementation.Tests, Version=1.0.0.0, Culture=neutral, PublicKeyToken=null" name="CreateRoleSuccessDescAlreadyExistTest" />
    </UnitTest>
    <UnitTest name="CreateRoleSuccessNotEqualListTest" storage="e:\desktop\school\bsc\semester 1\software engineering\tralala\seimplementation.tests\bin\debug\seimplementation.tests.dll" id="9108f78e-1e8e-8ef5-c820-3bb2c6079aad">
      <Execution id="08d982e4-4307-475a-92d0-32d1c5db81f8" />
      <TestMethod codeBase="E:/Desktop/School/BSc/Semester 1/Software Engineering/TRALALA/SEImplementation.Tests/bin/Debug/SEImplementation.Tests.DLL" adapterTypeName="Microsoft.VisualStudio.TestTools.TestTypes.Unit.UnitTestAdapter, Microsoft.VisualStudio.QualityTools.Tips.UnitTest.Adapter, Version=10.0.0.0, Culture=neutral, PublicKeyToken=b03f5f7f11d50a3a" className="SEImplementation.Tests.RoleRepoTest, SEImplementation.Tests, Version=1.0.0.0, Culture=neutral, PublicKeyToken=null" name="CreateRoleSuccessNotEqualListTest" />
    </UnitTest>
    <UnitTest name="UpdateRoleTestMatchingDesc" storage="e:\desktop\school\bsc\semester 1\software engineering\tralala\seimplementation.tests\bin\debug\seimplementation.tests.dll" id="34bc5648-43a4-647f-4592-324cb0f819e1">
      <Execution id="092a03b2-e70b-458a-a98b-8869b1d5f569" />
      <TestMethod codeBase="E:/Desktop/School/BSc/Semester 1/Software Engineering/TRALALA/SEImplementation.Tests/bin/Debug/SEImplementation.Tests.DLL" adapterTypeName="Microsoft.VisualStudio.TestTools.TestTypes.Unit.UnitTestAdapter, Microsoft.VisualStudio.QualityTools.Tips.UnitTest.Adapter, Version=10.0.0.0, Culture=neutral, PublicKeyToken=b03f5f7f11d50a3a" className="SEImplementation.Tests.RoleRepoTest, SEImplementation.Tests, Version=1.0.0.0, Culture=neutral, PublicKeyToken=null" name="UpdateRoleTestMatchingDesc" />
    </UnitTest>
    <UnitTest name="UpdateRoleTestMatching1" storage="e:\desktop\school\bsc\semester 1\software engineering\tralala\seimplementation.tests\bin\debug\seimplementation.tests.dll" id="64ef12f7-ea64-ac8b-d013-f82c0c6d531a">
      <Execution id="52d410c1-d471-4a14-94de-aba8091b1f02" />
      <TestMethod codeBase="E:/Desktop/School/BSc/Semester 1/Software Engineering/TRALALA/SEImplementation.Tests/bin/Debug/SEImplementation.Tests.DLL" adapterTypeName="Microsoft.VisualStudio.TestTools.TestTypes.Unit.UnitTestAdapter, Microsoft.VisualStudio.QualityTools.Tips.UnitTest.Adapter, Version=10.0.0.0, Culture=neutral, PublicKeyToken=b03f5f7f11d50a3a" className="SEImplementation.Tests.RoleRepoTest, SEImplementation.Tests, Version=1.0.0.0, Culture=neutral, PublicKeyToken=null" name="UpdateRoleTestMatching1" />
    </UnitTest>
    <UnitTest name="CreateRoleEmptyObjectTest" storage="e:\desktop\school\bsc\semester 1\software engineering\tralala\seimplementation.tests\bin\debug\seimplementation.tests.dll" id="0266bf01-68a3-4383-bda3-cf5a18d0860f">
      <Execution id="16457aa8-5fd7-44ba-9f6b-80fb99c38568" />
      <TestMethod codeBase="E:/Desktop/School/BSc/Semester 1/Software Engineering/TRALALA/SEImplementation.Tests/bin/Debug/SEImplementation.Tests.DLL" adapterTypeName="Microsoft.VisualStudio.TestTools.TestTypes.Unit.UnitTestAdapter, Microsoft.VisualStudio.QualityTools.Tips.UnitTest.Adapter, Version=10.0.0.0, Culture=neutral, PublicKeyToken=b03f5f7f11d50a3a" className="SEImplementation.Tests.RoleRepoTest, SEImplementation.Tests, Version=1.0.0.0, Culture=neutral, PublicKeyToken=null" name="CreateRoleEmptyObjectTest" />
    </UnitTest>
    <UnitTest name="UpdateRoleTestEmptyName" storage="e:\desktop\school\bsc\semester 1\software engineering\tralala\seimplementation.tests\bin\debug\seimplementation.tests.dll" id="48172837-7d7b-06f0-35d6-267216a40b7b">
      <Execution id="2ece7e3b-1cd3-4f9b-bd9c-85f7e60a2ca9" />
      <TestMethod codeBase="E:/Desktop/School/BSc/Semester 1/Software Engineering/TRALALA/SEImplementation.Tests/bin/Debug/SEImplementation.Tests.DLL" adapterTypeName="Microsoft.VisualStudio.TestTools.TestTypes.Unit.UnitTestAdapter, Microsoft.VisualStudio.QualityTools.Tips.UnitTest.Adapter, Version=10.0.0.0, Culture=neutral, PublicKeyToken=b03f5f7f11d50a3a" className="SEImplementation.Tests.RoleRepoTest, SEImplementation.Tests, Version=1.0.0.0, Culture=neutral, PublicKeyToken=null" name="UpdateRoleTestEmptyName" />
    </UnitTest>
    <UnitTest name="DeleteRoleSuccessfulTest" storage="e:\desktop\school\bsc\semester 1\software engineering\tralala\seimplementation.tests\bin\debug\seimplementation.tests.dll" id="518e1dc2-ea68-15fc-c2d8-49c27186343b">
      <Execution id="b9eb1652-e549-4d88-80d4-9638926e4879" />
      <TestMethod codeBase="E:/Desktop/School/BSc/Semester 1/Software Engineering/TRALALA/SEImplementation.Tests/bin/Debug/SEImplementation.Tests.DLL" adapterTypeName="Microsoft.VisualStudio.TestTools.TestTypes.Unit.UnitTestAdapter, Microsoft.VisualStudio.QualityTools.Tips.UnitTest.Adapter, Version=10.0.0.0, Culture=neutral, PublicKeyToken=b03f5f7f11d50a3a" className="SEImplementation.Tests.RoleRepoTest, SEImplementation.Tests, Version=1.0.0.0, Culture=neutral, PublicKeyToken=null" name="DeleteRoleSuccessfulTest" />
    </UnitTest>
    <UnitTest name="UpdateRoleTestEmptyDesc" storage="e:\desktop\school\bsc\semester 1\software engineering\tralala\seimplementation.tests\bin\debug\seimplementation.tests.dll" id="5766de9a-8684-e0c6-bc4e-4ffc1fb38afa">
      <Execution id="6279367e-7e08-4dbc-a802-87dd924db57d" />
      <TestMethod codeBase="E:/Desktop/School/BSc/Semester 1/Software Engineering/TRALALA/SEImplementation.Tests/bin/Debug/SEImplementation.Tests.DLL" adapterTypeName="Microsoft.VisualStudio.TestTools.TestTypes.Unit.UnitTestAdapter, Microsoft.VisualStudio.QualityTools.Tips.UnitTest.Adapter, Version=10.0.0.0, Culture=neutral, PublicKeyToken=b03f5f7f11d50a3a" className="SEImplementation.Tests.RoleRepoTest, SEImplementation.Tests, Version=1.0.0.0, Culture=neutral, PublicKeyToken=null" name="UpdateRoleTestEmptyDesc" />
    </UnitTest>
    <UnitTest name="UpdateRoleFewDescTest" storage="e:\desktop\school\bsc\semester 1\software engineering\tralala\seimplementation.tests\bin\debug\seimplementation.tests.dll" id="fc65208a-bc6c-c37d-e81b-cbb20529b86b">
      <Execution id="d95ad317-ddf9-4483-bb8c-13e2fb68cf3c" />
      <TestMethod codeBase="E:/Desktop/School/BSc/Semester 1/Software Engineering/TRALALA/SEImplementation.Tests/bin/Debug/SEImplementation.Tests.DLL" adapterTypeName="Microsoft.VisualStudio.TestTools.TestTypes.Unit.UnitTestAdapter, Microsoft.VisualStudio.QualityTools.Tips.UnitTest.Adapter, Version=10.0.0.0, Culture=neutral, PublicKeyToken=b03f5f7f11d50a3a" className="SEImplementation.Tests.RoleRepoTest, SEImplementation.Tests, Version=1.0.0.0, Culture=neutral, PublicKeyToken=null" name="UpdateRoleFewDescTest" />
    </UnitTest>
    <UnitTest name="UpdateRoleTestMatchingName" storage="e:\desktop\school\bsc\semester 1\software engineering\tralala\seimplementation.tests\bin\debug\seimplementation.tests.dll" id="b7d9f2b4-b6e4-4fa3-8b3e-823a64c3ef77">
      <Execution id="4d492e94-0077-476f-b125-a6c266c1bc7e" />
      <TestMethod codeBase="E:/Desktop/School/BSc/Semester 1/Software Engineering/TRALALA/SEImplementation.Tests/bin/Debug/SEImplementation.Tests.DLL" adapterTypeName="Microsoft.VisualStudio.TestTools.TestTypes.Unit.UnitTestAdapter, Microsoft.VisualStudio.QualityTools.Tips.UnitTest.Adapter, Version=10.0.0.0, Culture=neutral, PublicKeyToken=b03f5f7f11d50a3a" className="SEImplementation.Tests.RoleRepoTest, SEImplementation.Tests, Version=1.0.0.0, Culture=neutral, PublicKeyToken=null" name="UpdateRoleTestMatchingName" />
    </UnitTest>
    <UnitTest name="UpdateRoleExceedDescTest" storage="e:\desktop\school\bsc\semester 1\software engineering\tralala\seimplementation.tests\bin\debug\seimplementation.tests.dll" id="290e47ea-0820-016e-53eb-429e262ceaf8">
      <Execution id="68b6bc30-673f-428d-94a6-d6ca315a7022" />
      <TestMethod codeBase="E:/Desktop/School/BSc/Semester 1/Software Engineering/TRALALA/SEImplementation.Tests/bin/Debug/SEImplementation.Tests.DLL" adapterTypeName="Microsoft.VisualStudio.TestTools.TestTypes.Unit.UnitTestAdapter, Microsoft.VisualStudio.QualityTools.Tips.UnitTest.Adapter, Version=10.0.0.0, Culture=neutral, PublicKeyToken=b03f5f7f11d50a3a" className="SEImplementation.Tests.RoleRepoTest, SEImplementation.Tests, Version=1.0.0.0, Culture=neutral, PublicKeyToken=null" name="UpdateRoleExceedDescTest" />
    </UnitTest>
    <UnitTest name="UpdateRoleExceedNull" storage="e:\desktop\school\bsc\semester 1\software engineering\tralala\seimplementation.tests\bin\debug\seimplementation.tests.dll" id="8de55e15-6f0d-51c4-346e-226a8247d21b">
      <Execution id="6a3315ff-7e06-4dd1-bf55-f5c35b4ab92a" />
      <TestMethod codeBase="E:/Desktop/School/BSc/Semester 1/Software Engineering/TRALALA/SEImplementation.Tests/bin/Debug/SEImplementation.Tests.DLL" adapterTypeName="Microsoft.VisualStudio.TestTools.TestTypes.Unit.UnitTestAdapter, Microsoft.VisualStudio.QualityTools.Tips.UnitTest.Adapter, Version=10.0.0.0, Culture=neutral, PublicKeyToken=b03f5f7f11d50a3a" className="SEImplementation.Tests.RoleRepoTest, SEImplementation.Tests, Version=1.0.0.0, Culture=neutral, PublicKeyToken=null" name="UpdateRoleExceedNull" />
    </UnitTest>
    <UnitTest name="UpdateRoleExceedNameTest" storage="e:\desktop\school\bsc\semester 1\software engineering\tralala\seimplementation.tests\bin\debug\seimplementation.tests.dll" id="74afa68e-2526-5c18-ee55-f2bbbbf2410a">
      <Execution id="4a3b72d6-3e71-4320-b18f-bb314b89e945" />
      <TestMethod codeBase="E:/Desktop/School/BSc/Semester 1/Software Engineering/TRALALA/SEImplementation.Tests/bin/Debug/SEImplementation.Tests.DLL" adapterTypeName="Microsoft.VisualStudio.TestTools.TestTypes.Unit.UnitTestAdapter, Microsoft.VisualStudio.QualityTools.Tips.UnitTest.Adapter, Version=10.0.0.0, Culture=neutral, PublicKeyToken=b03f5f7f11d50a3a" className="SEImplementation.Tests.RoleRepoTest, SEImplementation.Tests, Version=1.0.0.0, Culture=neutral, PublicKeyToken=null" name="UpdateRoleExceedNameTest" />
    </UnitTest>
    <UnitTest name="createRoleNullNameTest" storage="e:\desktop\school\bsc\semester 1\software engineering\tralala\seimplementation.tests\bin\debug\seimplementation.tests.dll" id="825e251e-6d29-e1a8-a155-4beac61e1b9d">
      <Execution id="b1be4d35-1c3d-4881-ac21-014844a98b0e" />
      <TestMethod codeBase="E:/Desktop/School/BSc/Semester 1/Software Engineering/TRALALA/SEImplementation.Tests/bin/Debug/SEImplementation.Tests.DLL" adapterTypeName="Microsoft.VisualStudio.TestTools.TestTypes.Unit.UnitTestAdapter, Microsoft.VisualStudio.QualityTools.Tips.UnitTest.Adapter, Version=10.0.0.0, Culture=neutral, PublicKeyToken=b03f5f7f11d50a3a" className="SEImplementation.Tests.RoleRepoTest, SEImplementation.Tests, Version=1.0.0.0, Culture=neutral, PublicKeyToken=null" name="createRoleNullNameTest" />
    </UnitTest>
    <UnitTest name="CreateRoleTestBeneathCharacterLimitonDesc" storage="e:\desktop\school\bsc\semester 1\software engineering\tralala\seimplementation.tests\bin\debug\seimplementation.tests.dll" id="cfd83b9f-a3ce-c125-f187-fbcac6aad68f">
      <Execution id="4bfea97b-2ca5-4933-af17-2ddbdc231164" />
      <TestMethod codeBase="E:/Desktop/School/BSc/Semester 1/Software Engineering/TRALALA/SEImplementation.Tests/bin/Debug/SEImplementation.Tests.DLL" adapterTypeName="Microsoft.VisualStudio.TestTools.TestTypes.Unit.UnitTestAdapter, Microsoft.VisualStudio.QualityTools.Tips.UnitTest.Adapter, Version=10.0.0.0, Culture=neutral, PublicKeyToken=b03f5f7f11d50a3a" className="SEImplementation.Tests.RoleRepoTest, SEImplementation.Tests, Version=1.0.0.0, Culture=neutral, PublicKeyToken=null" name="CreateRoleTestBeneathCharacterLimitonDesc" />
    </UnitTest>
    <UnitTest name="CreateRoleTestNoNumSymbRoleDescTest" storage="e:\desktop\school\bsc\semester 1\software engineering\tralala\seimplementation.tests\bin\debug\seimplementation.tests.dll" id="991a5087-ea0e-f2a5-a585-3462563b113a">
      <Execution id="20523fd6-70a9-41ba-83cd-50d3ca0b1b81" />
      <TestMethod codeBase="E:/Desktop/School/BSc/Semester 1/Software Engineering/TRALALA/SEImplementation.Tests/bin/Debug/SEImplementation.Tests.DLL" adapterTypeName="Microsoft.VisualStudio.TestTools.TestTypes.Unit.UnitTestAdapter, Microsoft.VisualStudio.QualityTools.Tips.UnitTest.Adapter, Version=10.0.0.0, Culture=neutral, PublicKeyToken=b03f5f7f11d50a3a" className="SEImplementation.Tests.RoleRepoTest, SEImplementation.Tests, Version=1.0.0.0, Culture=neutral, PublicKeyToken=null" name="CreateRoleTestNoNumSymbRoleDescTest" />
    </UnitTest>
    <UnitTest name="DeleteRoleDoesNotExistTest" storage="e:\desktop\school\bsc\semester 1\software engineering\tralala\seimplementation.tests\bin\debug\seimplementation.tests.dll" id="b32547ec-a862-3b2b-2e66-bb246f894077">
      <Execution id="951ab404-9eaf-4319-a336-d79c75331df0" />
      <TestMethod codeBase="E:/Desktop/School/BSc/Semester 1/Software Engineering/TRALALA/SEImplementation.Tests/bin/Debug/SEImplementation.Tests.DLL" adapterTypeName="Microsoft.VisualStudio.TestTools.TestTypes.Unit.UnitTestAdapter, Microsoft.VisualStudio.QualityTools.Tips.UnitTest.Adapter, Version=10.0.0.0, Culture=neutral, PublicKeyToken=b03f5f7f11d50a3a" className="SEImplementation.Tests.RoleRepoTest, SEImplementation.Tests, Version=1.0.0.0, Culture=neutral, PublicKeyToken=null" name="DeleteRoleDoesNotExistTest" />
    </UnitTest>
    <UnitTest name="CreateRoleSuccessEqualListTest" storage="e:\desktop\school\bsc\semester 1\software engineering\tralala\seimplementation.tests\bin\debug\seimplementation.tests.dll" id="842dc3df-3bff-9f2f-394d-17dfb132acc8">
      <Execution id="733216e5-6de0-4a1b-8831-d56417f720ae" />
      <TestMethod codeBase="E:/Desktop/School/BSc/Semester 1/Software Engineering/TRALALA/SEImplementation.Tests/bin/Debug/SEImplementation.Tests.DLL" adapterTypeName="Microsoft.VisualStudio.TestTools.TestTypes.Unit.UnitTestAdapter, Microsoft.VisualStudio.QualityTools.Tips.UnitTest.Adapter, Version=10.0.0.0, Culture=neutral, PublicKeyToken=b03f5f7f11d50a3a" className="SEImplementation.Tests.RoleRepoTest, SEImplementation.Tests, Version=1.0.0.0, Culture=neutral, PublicKeyToken=null" name="CreateRoleSuccessEqualListTest" />
    </UnitTest>
    <UnitTest name="GetRolesValuesTest" storage="e:\desktop\school\bsc\semester 1\software engineering\tralala\seimplementation.tests\bin\debug\seimplementation.tests.dll" id="8c5802aa-4574-61c9-1aca-d10adf54732d">
      <Execution id="c290ceb2-6753-49a4-b167-7fdc171798df" />
      <TestMethod codeBase="E:/Desktop/School/BSc/Semester 1/Software Engineering/TRALALA/SEImplementation.Tests/bin/Debug/SEImplementation.Tests.DLL" adapterTypeName="Microsoft.VisualStudio.TestTools.TestTypes.Unit.UnitTestAdapter, Microsoft.VisualStudio.QualityTools.Tips.UnitTest.Adapter, Version=10.0.0.0, Culture=neutral, PublicKeyToken=b03f5f7f11d50a3a" className="SEImplementation.Tests.RoleRepoTest, SEImplementation.Tests, Version=1.0.0.0, Culture=neutral, PublicKeyToken=null" name="GetRolesValuesTest" />
    </UnitTest>
    <UnitTest name="UpdateRoleEmptyTest" storage="e:\desktop\school\bsc\semester 1\software engineering\tralala\seimplementation.tests\bin\debug\seimplementation.tests.dll" id="5b505cd0-93f0-1c9c-0d7f-a858e9f6c7c2">
      <Execution id="ebcf9afd-ed94-4800-a68a-6ef3f459a1ae" />
      <TestMethod codeBase="E:/Desktop/School/BSc/Semester 1/Software Engineering/TRALALA/SEImplementation.Tests/bin/Debug/SEImplementation.Tests.DLL" adapterTypeName="Microsoft.VisualStudio.TestTools.TestTypes.Unit.UnitTestAdapter, Microsoft.VisualStudio.QualityTools.Tips.UnitTest.Adapter, Version=10.0.0.0, Culture=neutral, PublicKeyToken=b03f5f7f11d50a3a" className="SEImplementation.Tests.RoleRepoTest, SEImplementation.Tests, Version=1.0.0.0, Culture=neutral, PublicKeyToken=null" name="UpdateRoleEmptyTest" />
    </UnitTest>
    <UnitTest name="GetRolesCountTest" storage="e:\desktop\school\bsc\semester 1\software engineering\tralala\seimplementation.tests\bin\debug\seimplementation.tests.dll" id="b3b0da28-414b-614a-698b-37506007bccd">
      <Execution id="2636fc57-948f-445b-8630-d01de70dc513" />
      <TestMethod codeBase="E:/Desktop/School/BSc/Semester 1/Software Engineering/TRALALA/SEImplementation.Tests/bin/Debug/SEImplementation.Tests.DLL" adapterTypeName="Microsoft.VisualStudio.TestTools.TestTypes.Unit.UnitTestAdapter, Microsoft.VisualStudio.QualityTools.Tips.UnitTest.Adapter, Version=10.0.0.0, Culture=neutral, PublicKeyToken=b03f5f7f11d50a3a" className="SEImplementation.Tests.RoleRepoTest, SEImplementation.Tests, Version=1.0.0.0, Culture=neutral, PublicKeyToken=null" name="GetRolesCountTest" />
    </UnitTest>
    <UnitTest name="DeleteRoleNegativeTest" storage="e:\desktop\school\bsc\semester 1\software engineering\tralala\seimplementation.tests\bin\debug\seimplementation.tests.dll" id="6bdc3103-b673-5cb9-be77-7f4ef84e4995">
      <Execution id="5ac8a654-cf3f-4174-8bd6-18731a8b84ab" />
      <TestMethod codeBase="E:/Desktop/School/BSc/Semester 1/Software Engineering/TRALALA/SEImplementation.Tests/bin/Debug/SEImplementation.Tests.DLL" adapterTypeName="Microsoft.VisualStudio.TestTools.TestTypes.Unit.UnitTestAdapter, Microsoft.VisualStudio.QualityTools.Tips.UnitTest.Adapter, Version=10.0.0.0, Culture=neutral, PublicKeyToken=b03f5f7f11d50a3a" className="SEImplementation.Tests.RoleRepoTest, SEImplementation.Tests, Version=1.0.0.0, Culture=neutral, PublicKeyToken=null" name="DeleteRoleNegativeTest" />
    </UnitTest>
    <UnitTest name="GetRoleByIdBoundaryNegativeTest" storage="e:\desktop\school\bsc\semester 1\software engineering\tralala\seimplementation.tests\bin\debug\seimplementation.tests.dll" id="b714d5f5-7caf-a6e5-210b-e06fc3334cf1">
      <Execution id="0a83d466-0a33-462e-9bae-b469bd012757" />
      <TestMethod codeBase="E:/Desktop/School/BSc/Semester 1/Software Engineering/TRALALA/SEImplementation.Tests/bin/Debug/SEImplementation.Tests.DLL" adapterTypeName="Microsoft.VisualStudio.TestTools.TestTypes.Unit.UnitTestAdapter, Microsoft.VisualStudio.QualityTools.Tips.UnitTest.Adapter, Version=10.0.0.0, Culture=neutral, PublicKeyToken=b03f5f7f11d50a3a" className="SEImplementation.Tests.RoleRepoTest, SEImplementation.Tests, Version=1.0.0.0, Culture=neutral, PublicKeyToken=null" name="GetRoleByIdBoundaryNegativeTest" />
    </UnitTest>
    <UnitTest name="CreateRoleTestNoNumSymbRoleNameTest" storage="e:\desktop\school\bsc\semester 1\software engineering\tralala\seimplementation.tests\bin\debug\seimplementation.tests.dll" id="5b0200b7-a653-51fa-4b4b-10b30e877396">
      <Execution id="29d60f8a-4eb9-49d4-890c-ab3b084018f9" />
      <TestMethod codeBase="E:/Desktop/School/BSc/Semester 1/Software Engineering/TRALALA/SEImplementation.Tests/bin/Debug/SEImplementation.Tests.DLL" adapterTypeName="Microsoft.VisualStudio.TestTools.TestTypes.Unit.UnitTestAdapter, Microsoft.VisualStudio.QualityTools.Tips.UnitTest.Adapter, Version=10.0.0.0, Culture=neutral, PublicKeyToken=b03f5f7f11d50a3a" className="SEImplementation.Tests.RoleRepoTest, SEImplementation.Tests, Version=1.0.0.0, Culture=neutral, PublicKeyToken=null" name="CreateRoleTestNoNumSymbRoleNameTest" />
    </UnitTest>
    <UnitTest name="CreateRoleTestExeedCharacterLimitonName" storage="e:\desktop\school\bsc\semester 1\software engineering\tralala\seimplementation.tests\bin\debug\seimplementation.tests.dll" id="b3422950-13c8-9554-6949-90bd6cdc5364">
      <Execution id="f6dfbefd-2d42-4c6e-8fac-9852b15e62ea" />
      <TestMethod codeBase="E:/Desktop/School/BSc/Semester 1/Software Engineering/TRALALA/SEImplementation.Tests/bin/Debug/SEImplementation.Tests.DLL" adapterTypeName="Microsoft.VisualStudio.TestTools.TestTypes.Unit.UnitTestAdapter, Microsoft.VisualStudio.QualityTools.Tips.UnitTest.Adapter, Version=10.0.0.0, Culture=neutral, PublicKeyToken=b03f5f7f11d50a3a" className="SEImplementation.Tests.RoleRepoTest, SEImplementation.Tests, Version=1.0.0.0, Culture=neutral, PublicKeyToken=null" name="CreateRoleTestExeedCharacterLimitonName" />
    </UnitTest>
    <UnitTest name="createRoleNullDescTest" storage="e:\desktop\school\bsc\semester 1\software engineering\tralala\seimplementation.tests\bin\debug\seimplementation.tests.dll" id="6b78d26e-4d0b-2d16-f840-efbea43b9f0d">
      <Execution id="4d852019-b397-4b1f-bed9-62ce1e4c5f2f" />
      <TestMethod codeBase="E:/Desktop/School/BSc/Semester 1/Software Engineering/TRALALA/SEImplementation.Tests/bin/Debug/SEImplementation.Tests.DLL" adapterTypeName="Microsoft.VisualStudio.TestTools.TestTypes.Unit.UnitTestAdapter, Microsoft.VisualStudio.QualityTools.Tips.UnitTest.Adapter, Version=10.0.0.0, Culture=neutral, PublicKeyToken=b03f5f7f11d50a3a" className="SEImplementation.Tests.RoleRepoTest, SEImplementation.Tests, Version=1.0.0.0, Culture=neutral, PublicKeyToken=null" name="createRoleNullDescTest" />
    </UnitTest>
    <UnitTest name="UpdateRoleTestRoleNameBad" storage="e:\desktop\school\bsc\semester 1\software engineering\tralala\seimplementation.tests\bin\debug\seimplementation.tests.dll" id="ba316aa0-52f0-dca8-87b4-1adcbf771adc">
      <Execution id="0927e2dc-2909-40cf-8788-ecddbc986c37" />
      <TestMethod codeBase="E:/Desktop/School/BSc/Semester 1/Software Engineering/TRALALA/SEImplementation.Tests/bin/Debug/SEImplementation.Tests.DLL" adapterTypeName="Microsoft.VisualStudio.TestTools.TestTypes.Unit.UnitTestAdapter, Microsoft.VisualStudio.QualityTools.Tips.UnitTest.Adapter, Version=10.0.0.0, Culture=neutral, PublicKeyToken=b03f5f7f11d50a3a" className="SEImplementation.Tests.RoleRepoTest, SEImplementation.Tests, Version=1.0.0.0, Culture=neutral, PublicKeyToken=null" name="UpdateRoleTestRoleNameBad" />
    </UnitTest>
    <UnitTest name="UpdateRoleFewNameTest" storage="e:\desktop\school\bsc\semester 1\software engineering\tralala\seimplementation.tests\bin\debug\seimplementation.tests.dll" id="609a6165-6aa3-ec7d-b95f-ef0ceae0efea">
      <Execution id="8f0ff39e-97a8-40ab-b1e7-142b9b3cf8b3" />
      <TestMethod codeBase="E:/Desktop/School/BSc/Semester 1/Software Engineering/TRALALA/SEImplementation.Tests/bin/Debug/SEImplementation.Tests.DLL" adapterTypeName="Microsoft.VisualStudio.TestTools.TestTypes.Unit.UnitTestAdapter, Microsoft.VisualStudio.QualityTools.Tips.UnitTest.Adapter, Version=10.0.0.0, Culture=neutral, PublicKeyToken=b03f5f7f11d50a3a" className="SEImplementation.Tests.RoleRepoTest, SEImplementation.Tests, Version=1.0.0.0, Culture=neutral, PublicKeyToken=null" name="UpdateRoleFewNameTest" />
    </UnitTest>
    <UnitTest name="CreateRoleAlreadyExistTest" storage="e:\desktop\school\bsc\semester 1\software engineering\tralala\seimplementation.tests\bin\debug\seimplementation.tests.dll" id="5e6b146e-0888-cb7a-088c-ccd669e9fbae">
      <Execution id="34eeecf3-4e9e-4b0e-8182-a049db64c8e1" />
      <TestMethod codeBase="E:/Desktop/School/BSc/Semester 1/Software Engineering/TRALALA/SEImplementation.Tests/bin/Debug/SEImplementation.Tests.DLL" adapterTypeName="Microsoft.VisualStudio.TestTools.TestTypes.Unit.UnitTestAdapter, Microsoft.VisualStudio.QualityTools.Tips.UnitTest.Adapter, Version=10.0.0.0, Culture=neutral, PublicKeyToken=b03f5f7f11d50a3a" className="SEImplementation.Tests.RoleRepoTest, SEImplementation.Tests, Version=1.0.0.0, Culture=neutral, PublicKeyToken=null" name="CreateRoleAlreadyExistTest" />
    </UnitTest>
    <UnitTest name="CreateRoleTestBeneathCharacterLimitonName" storage="e:\desktop\school\bsc\semester 1\software engineering\tralala\seimplementation.tests\bin\debug\seimplementation.tests.dll" id="2cdc7137-401e-62e3-8dc6-f25ce01a537a">
      <Execution id="85bea9d0-1cd1-49b3-bea6-fdca414ad0ac" />
      <TestMethod codeBase="E:/Desktop/School/BSc/Semester 1/Software Engineering/TRALALA/SEImplementation.Tests/bin/Debug/SEImplementation.Tests.DLL" adapterTypeName="Microsoft.VisualStudio.TestTools.TestTypes.Unit.UnitTestAdapter, Microsoft.VisualStudio.QualityTools.Tips.UnitTest.Adapter, Version=10.0.0.0, Culture=neutral, PublicKeyToken=b03f5f7f11d50a3a" className="SEImplementation.Tests.RoleRepoTest, SEImplementation.Tests, Version=1.0.0.0, Culture=neutral, PublicKeyToken=null" name="CreateRoleTestBeneathCharacterLimitonName" />
    </UnitTest>
    <UnitTest name="UpdateRoleTestNullName" storage="e:\desktop\school\bsc\semester 1\software engineering\tralala\seimplementation.tests\bin\debug\seimplementation.tests.dll" id="b4e9415d-fade-486b-5f96-8d20a5983bca">
      <Execution id="b33df2d1-f0b0-4051-8315-ac527a44a0ee" />
      <TestMethod codeBase="E:/Desktop/School/BSc/Semester 1/Software Engineering/TRALALA/SEImplementation.Tests/bin/Debug/SEImplementation.Tests.DLL" adapterTypeName="Microsoft.VisualStudio.TestTools.TestTypes.Unit.UnitTestAdapter, Microsoft.VisualStudio.QualityTools.Tips.UnitTest.Adapter, Version=10.0.0.0, Culture=neutral, PublicKeyToken=b03f5f7f11d50a3a" className="SEImplementation.Tests.RoleRepoTest, SEImplementation.Tests, Version=1.0.0.0, Culture=neutral, PublicKeyToken=null" name="UpdateRoleTestNullName" />
    </UnitTest>
    <UnitTest name="createRoleEmptyTest" storage="e:\desktop\school\bsc\semester 1\software engineering\tralala\seimplementation.tests\bin\debug\seimplementation.tests.dll" id="c01bcd52-1e48-0139-9b3c-dcb9ac79f4f3">
      <Execution id="33bc78cb-a039-45a4-a779-5dece1f7dc5c" />
      <TestMethod codeBase="E:/Desktop/School/BSc/Semester 1/Software Engineering/TRALALA/SEImplementation.Tests/bin/Debug/SEImplementation.Tests.DLL" adapterTypeName="Microsoft.VisualStudio.TestTools.TestTypes.Unit.UnitTestAdapter, Microsoft.VisualStudio.QualityTools.Tips.UnitTest.Adapter, Version=10.0.0.0, Culture=neutral, PublicKeyToken=b03f5f7f11d50a3a" className="SEImplementation.Tests.RoleRepoTest, SEImplementation.Tests, Version=1.0.0.0, Culture=neutral, PublicKeyToken=null" name="createRoleEmptyTest" />
    </UnitTest>
    <UnitTest name="UpdateRoleTestNullDesc" storage="e:\desktop\school\bsc\semester 1\software engineering\tralala\seimplementation.tests\bin\debug\seimplementation.tests.dll" id="68a1d45e-cede-cf06-68f7-94564fd7feb2">
      <Execution id="13ada32d-1fde-43ad-add2-f76e9dadaa97" />
      <TestMethod codeBase="E:/Desktop/School/BSc/Semester 1/Software Engineering/TRALALA/SEImplementation.Tests/bin/Debug/SEImplementation.Tests.DLL" adapterTypeName="Microsoft.VisualStudio.TestTools.TestTypes.Unit.UnitTestAdapter, Microsoft.VisualStudio.QualityTools.Tips.UnitTest.Adapter, Version=10.0.0.0, Culture=neutral, PublicKeyToken=b03f5f7f11d50a3a" className="SEImplementation.Tests.RoleRepoTest, SEImplementation.Tests, Version=1.0.0.0, Culture=neutral, PublicKeyToken=null" name="UpdateRoleTestNullDesc" />
    </UnitTest>
    <UnitTest name="UpdateRoleTestRoleDescBad" storage="e:\desktop\school\bsc\semester 1\software engineering\tralala\seimplementation.tests\bin\debug\seimplementation.tests.dll" id="63ba7a1c-0a9f-d475-4259-c631099d527c">
      <Execution id="5116b017-fdfa-4565-a5a3-7347bcb2a854" />
      <TestMethod codeBase="E:/Desktop/School/BSc/Semester 1/Software Engineering/TRALALA/SEImplementation.Tests/bin/Debug/SEImplementation.Tests.DLL" adapterTypeName="Microsoft.VisualStudio.TestTools.TestTypes.Unit.UnitTestAdapter, Microsoft.VisualStudio.QualityTools.Tips.UnitTest.Adapter, Version=10.0.0.0, Culture=neutral, PublicKeyToken=b03f5f7f11d50a3a" className="SEImplementation.Tests.RoleRepoTest, SEImplementation.Tests, Version=1.0.0.0, Culture=neutral, PublicKeyToken=null" name="UpdateRoleTestRoleDescBad" />
    </UnitTest>
    <UnitTest name="GetRoleByIdExistTest" storage="e:\desktop\school\bsc\semester 1\software engineering\tralala\seimplementation.tests\bin\debug\seimplementation.tests.dll" id="4c9b7324-36bb-d462-95ec-80b271f6e1db">
      <Execution id="813a8ad0-cfc2-44d1-83f5-cf34d0b97761" />
      <TestMethod codeBase="E:/Desktop/School/BSc/Semester 1/Software Engineering/TRALALA/SEImplementation.Tests/bin/Debug/SEImplementation.Tests.DLL" adapterTypeName="Microsoft.VisualStudio.TestTools.TestTypes.Unit.UnitTestAdapter, Microsoft.VisualStudio.QualityTools.Tips.UnitTest.Adapter, Version=10.0.0.0, Culture=neutral, PublicKeyToken=b03f5f7f11d50a3a" className="SEImplementation.Tests.RoleRepoTest, SEImplementation.Tests, Version=1.0.0.0, Culture=neutral, PublicKeyToken=null" name="GetRoleByIdExistTest" />
    </UnitTest>
    <UnitTest name="CreateRoleTestExeedCharacterLimitonDesc" storage="e:\desktop\school\bsc\semester 1\software engineering\tralala\seimplementation.tests\bin\debug\seimplementation.tests.dll" id="43e2e513-1209-95e9-89f2-7d77b3822c20">
      <Execution id="2ee75be9-925c-419f-af63-3110a2df47a9" />
      <TestMethod codeBase="E:/Desktop/School/BSc/Semester 1/Software Engineering/TRALALA/SEImplementation.Tests/bin/Debug/SEImplementation.Tests.DLL" adapterTypeName="Microsoft.VisualStudio.TestTools.TestTypes.Unit.UnitTestAdapter, Microsoft.VisualStudio.QualityTools.Tips.UnitTest.Adapter, Version=10.0.0.0, Culture=neutral, PublicKeyToken=b03f5f7f11d50a3a" className="SEImplementation.Tests.RoleRepoTest, SEImplementation.Tests, Version=1.0.0.0, Culture=neutral, PublicKeyToken=null" name="CreateRoleTestExeedCharacterLimitonDesc" />
    </UnitTest>
    <UnitTest name="CreateRoleSuccessEqualValueTest" storage="e:\desktop\school\bsc\semester 1\software engineering\tralala\seimplementation.tests\bin\debug\seimplementation.tests.dll" id="5ff3e092-e0d6-8efb-0820-a7f9eab6437f">
      <Execution id="75e64625-143c-4e35-b751-14213fd74ee0" />
      <TestMethod codeBase="E:/Desktop/School/BSc/Semester 1/Software Engineering/TRALALA/SEImplementation.Tests/bin/Debug/SEImplementation.Tests.DLL" adapterTypeName="Microsoft.VisualStudio.TestTools.TestTypes.Unit.UnitTestAdapter, Microsoft.VisualStudio.QualityTools.Tips.UnitTest.Adapter, Version=10.0.0.0, Culture=neutral, PublicKeyToken=b03f5f7f11d50a3a" className="SEImplementation.Tests.RoleRepoTest, SEImplementation.Tests, Version=1.0.0.0, Culture=neutral, PublicKeyToken=null" name="CreateRoleSuccessEqualValueTest" />
    </UnitTest>
    <UnitTest name="UpdateRoleTestNotMatching" storage="e:\desktop\school\bsc\semester 1\software engineering\tralala\seimplementation.tests\bin\debug\seimplementation.tests.dll" id="c2929299-8048-8810-66c8-d9708d4d9785">
      <Execution id="2c995e80-75d1-451d-b1a7-b3611234d2d5" />
      <TestMethod codeBase="E:/Desktop/School/BSc/Semester 1/Software Engineering/TRALALA/SEImplementation.Tests/bin/Debug/SEImplementation.Tests.DLL" adapterTypeName="Microsoft.VisualStudio.TestTools.TestTypes.Unit.UnitTestAdapter, Microsoft.VisualStudio.QualityTools.Tips.UnitTest.Adapter, Version=10.0.0.0, Culture=neutral, PublicKeyToken=b03f5f7f11d50a3a" className="SEImplementation.Tests.RoleRepoTest, SEImplementation.Tests, Version=1.0.0.0, Culture=neutral, PublicKeyToken=null" name="UpdateRoleTestNotMatching" />
    </UnitTest>
  </TestDefinitions>
  <TestLists>
    <TestList name="Results Not in a List" id="8c84fa94-04c1-424b-9868-57a2d4851a1d" />
    <TestList name="All Loaded Results" id="19431567-8539-422a-85d7-44ee4e166bda" />
  </TestLists>
  <TestEntries>
    <TestEntry testId="0266bf01-68a3-4383-bda3-cf5a18d0860f" executionId="16457aa8-5fd7-44ba-9f6b-80fb99c38568" testListId="8c84fa94-04c1-424b-9868-57a2d4851a1d" />
    <TestEntry testId="13247df7-3d56-5a96-a517-506237ae74a1" executionId="cd41bf22-3e06-401c-a36a-6ebd441b53ce" testListId="8c84fa94-04c1-424b-9868-57a2d4851a1d" />
    <TestEntry testId="290e47ea-0820-016e-53eb-429e262ceaf8" executionId="68b6bc30-673f-428d-94a6-d6ca315a7022" testListId="8c84fa94-04c1-424b-9868-57a2d4851a1d" />
    <TestEntry testId="2cdc7137-401e-62e3-8dc6-f25ce01a537a" executionId="85bea9d0-1cd1-49b3-bea6-fdca414ad0ac" testListId="8c84fa94-04c1-424b-9868-57a2d4851a1d" />
    <TestEntry testId="34bc5648-43a4-647f-4592-324cb0f819e1" executionId="092a03b2-e70b-458a-a98b-8869b1d5f569" testListId="8c84fa94-04c1-424b-9868-57a2d4851a1d" />
    <TestEntry testId="43e2e513-1209-95e9-89f2-7d77b3822c20" executionId="2ee75be9-925c-419f-af63-3110a2df47a9" testListId="8c84fa94-04c1-424b-9868-57a2d4851a1d" />
    <TestEntry testId="48172837-7d7b-06f0-35d6-267216a40b7b" executionId="2ece7e3b-1cd3-4f9b-bd9c-85f7e60a2ca9" testListId="8c84fa94-04c1-424b-9868-57a2d4851a1d" />
    <TestEntry testId="4c9b7324-36bb-d462-95ec-80b271f6e1db" executionId="813a8ad0-cfc2-44d1-83f5-cf34d0b97761" testListId="8c84fa94-04c1-424b-9868-57a2d4851a1d" />
    <TestEntry testId="518e1dc2-ea68-15fc-c2d8-49c27186343b" executionId="b9eb1652-e549-4d88-80d4-9638926e4879" testListId="8c84fa94-04c1-424b-9868-57a2d4851a1d" />
    <TestEntry testId="5766de9a-8684-e0c6-bc4e-4ffc1fb38afa" executionId="6279367e-7e08-4dbc-a802-87dd924db57d" testListId="8c84fa94-04c1-424b-9868-57a2d4851a1d" />
    <TestEntry testId="5b0200b7-a653-51fa-4b4b-10b30e877396" executionId="29d60f8a-4eb9-49d4-890c-ab3b084018f9" testListId="8c84fa94-04c1-424b-9868-57a2d4851a1d" />
    <TestEntry testId="5b505cd0-93f0-1c9c-0d7f-a858e9f6c7c2" executionId="ebcf9afd-ed94-4800-a68a-6ef3f459a1ae" testListId="8c84fa94-04c1-424b-9868-57a2d4851a1d" />
    <TestEntry testId="5e6b146e-0888-cb7a-088c-ccd669e9fbae" executionId="34eeecf3-4e9e-4b0e-8182-a049db64c8e1" testListId="8c84fa94-04c1-424b-9868-57a2d4851a1d" />
    <TestEntry testId="5ff3e092-e0d6-8efb-0820-a7f9eab6437f" executionId="75e64625-143c-4e35-b751-14213fd74ee0" testListId="8c84fa94-04c1-424b-9868-57a2d4851a1d" />
    <TestEntry testId="609a6165-6aa3-ec7d-b95f-ef0ceae0efea" executionId="8f0ff39e-97a8-40ab-b1e7-142b9b3cf8b3" testListId="8c84fa94-04c1-424b-9868-57a2d4851a1d" />
    <TestEntry testId="63ba7a1c-0a9f-d475-4259-c631099d527c" executionId="5116b017-fdfa-4565-a5a3-7347bcb2a854" testListId="8c84fa94-04c1-424b-9868-57a2d4851a1d" />
    <TestEntry testId="64ef12f7-ea64-ac8b-d013-f82c0c6d531a" executionId="52d410c1-d471-4a14-94de-aba8091b1f02" testListId="8c84fa94-04c1-424b-9868-57a2d4851a1d" />
    <TestEntry testId="68a1d45e-cede-cf06-68f7-94564fd7feb2" executionId="13ada32d-1fde-43ad-add2-f76e9dadaa97" testListId="8c84fa94-04c1-424b-9868-57a2d4851a1d" />
    <TestEntry testId="6b78d26e-4d0b-2d16-f840-efbea43b9f0d" executionId="4d852019-b397-4b1f-bed9-62ce1e4c5f2f" testListId="8c84fa94-04c1-424b-9868-57a2d4851a1d" />
    <TestEntry testId="6bdc3103-b673-5cb9-be77-7f4ef84e4995" executionId="5ac8a654-cf3f-4174-8bd6-18731a8b84ab" testListId="8c84fa94-04c1-424b-9868-57a2d4851a1d" />
    <TestEntry testId="74afa68e-2526-5c18-ee55-f2bbbbf2410a" executionId="4a3b72d6-3e71-4320-b18f-bb314b89e945" testListId="8c84fa94-04c1-424b-9868-57a2d4851a1d" />
    <TestEntry testId="825e251e-6d29-e1a8-a155-4beac61e1b9d" executionId="b1be4d35-1c3d-4881-ac21-014844a98b0e" testListId="8c84fa94-04c1-424b-9868-57a2d4851a1d" />
    <TestEntry testId="842dc3df-3bff-9f2f-394d-17dfb132acc8" executionId="733216e5-6de0-4a1b-8831-d56417f720ae" testListId="8c84fa94-04c1-424b-9868-57a2d4851a1d" />
    <TestEntry testId="8c5802aa-4574-61c9-1aca-d10adf54732d" executionId="c290ceb2-6753-49a4-b167-7fdc171798df" testListId="8c84fa94-04c1-424b-9868-57a2d4851a1d" />
    <TestEntry testId="8de55e15-6f0d-51c4-346e-226a8247d21b" executionId="6a3315ff-7e06-4dd1-bf55-f5c35b4ab92a" testListId="8c84fa94-04c1-424b-9868-57a2d4851a1d" />
    <TestEntry testId="9108f78e-1e8e-8ef5-c820-3bb2c6079aad" executionId="08d982e4-4307-475a-92d0-32d1c5db81f8" testListId="8c84fa94-04c1-424b-9868-57a2d4851a1d" />
    <TestEntry testId="991a5087-ea0e-f2a5-a585-3462563b113a" executionId="20523fd6-70a9-41ba-83cd-50d3ca0b1b81" testListId="8c84fa94-04c1-424b-9868-57a2d4851a1d" />
    <TestEntry testId="9ea9f69b-2b1d-ee50-651b-164059cc5540" executionId="903af3b5-7e68-4cd2-8798-8e0fd9f92d60" testListId="8c84fa94-04c1-424b-9868-57a2d4851a1d" />
    <TestEntry testId="b32547ec-a862-3b2b-2e66-bb246f894077" executionId="951ab404-9eaf-4319-a336-d79c75331df0" testListId="8c84fa94-04c1-424b-9868-57a2d4851a1d" />
    <TestEntry testId="b3422950-13c8-9554-6949-90bd6cdc5364" executionId="f6dfbefd-2d42-4c6e-8fac-9852b15e62ea" testListId="8c84fa94-04c1-424b-9868-57a2d4851a1d" />
    <TestEntry testId="b3b0da28-414b-614a-698b-37506007bccd" executionId="2636fc57-948f-445b-8630-d01de70dc513" testListId="8c84fa94-04c1-424b-9868-57a2d4851a1d" />
    <TestEntry testId="b4e9415d-fade-486b-5f96-8d20a5983bca" executionId="b33df2d1-f0b0-4051-8315-ac527a44a0ee" testListId="8c84fa94-04c1-424b-9868-57a2d4851a1d" />
    <TestEntry testId="b714d5f5-7caf-a6e5-210b-e06fc3334cf1" executionId="0a83d466-0a33-462e-9bae-b469bd012757" testListId="8c84fa94-04c1-424b-9868-57a2d4851a1d" />
    <TestEntry testId="b7d9f2b4-b6e4-4fa3-8b3e-823a64c3ef77" executionId="4d492e94-0077-476f-b125-a6c266c1bc7e" testListId="8c84fa94-04c1-424b-9868-57a2d4851a1d" />
    <TestEntry testId="ba316aa0-52f0-dca8-87b4-1adcbf771adc" executionId="0927e2dc-2909-40cf-8788-ecddbc986c37" testListId="8c84fa94-04c1-424b-9868-57a2d4851a1d" />
    <TestEntry testId="c01bcd52-1e48-0139-9b3c-dcb9ac79f4f3" executionId="33bc78cb-a039-45a4-a779-5dece1f7dc5c" testListId="8c84fa94-04c1-424b-9868-57a2d4851a1d" />
    <TestEntry testId="c2929299-8048-8810-66c8-d9708d4d9785" executionId="2c995e80-75d1-451d-b1a7-b3611234d2d5" testListId="8c84fa94-04c1-424b-9868-57a2d4851a1d" />
    <TestEntry testId="cfd83b9f-a3ce-c125-f187-fbcac6aad68f" executionId="4bfea97b-2ca5-4933-af17-2ddbdc231164" testListId="8c84fa94-04c1-424b-9868-57a2d4851a1d" />
    <TestEntry testId="fc65208a-bc6c-c37d-e81b-cbb20529b86b" executionId="d95ad317-ddf9-4483-bb8c-13e2fb68cf3c" testListId="8c84fa94-04c1-424b-9868-57a2d4851a1d" />
  </TestEntries>
  <Results>
    <UnitTestResult executionId="16457aa8-5fd7-44ba-9f6b-80fb99c38568" testId="0266bf01-68a3-4383-bda3-cf5a18d0860f" testName="CreateRoleEmptyObjectTest" computerName="DERRICK-PC" duration="00:00:00.1048606" startTime="2015-01-09T16:51:14.5982301+01:00" endTime="2015-01-09T16:51:14.8532475+01:00" testType="13cdc9d9-ddb5-4fa4-a97d-d965ccfc6d4b" outcome="Failed" testListId="8c84fa94-04c1-424b-9868-57a2d4851a1d" relativeResultsDirectory="16457aa8-5fd7-44ba-9f6b-80fb99c38568">
      <Output>
        <ErrorInfo>
          <Message>Test method SEImplementation.Tests.RoleRepoTest.CreateRoleEmptyObjectTest threw exception Common.CustomExceptions.NullValueException, but exception System.ArgumentNullException was expected. Exception message: Common.CustomExceptions.NullValueException: The value are empty.</Message>
          <StackTrace>    at DataAccess.Repos.RoleRepo.CreateRole(Role entry) in E:\Desktop\School\BSc\Semester 1\Software Engineering\TRALALA\DataAccess\Repos\RoleRepo.cs:line 22
   at SEImplementation.Tests.RoleRepoTest.CreateRoleEmptyObjectTest() in E:\Desktop\School\BSc\Semester 1\Software Engineering\TRALALA\SEImplementation.Tests\RoleRepoTest.cs:line 136
</StackTrace>
        </ErrorInfo>
      </Output>
    </UnitTestResult>
    <UnitTestResult executionId="cd41bf22-3e06-401c-a36a-6ebd441b53ce" testId="13247df7-3d56-5a96-a517-506237ae74a1" testName="GetRoleByIdNotExistentTest" computerName="DERRICK-PC" duration="00:00:00.0115425" startTime="2015-01-09T16:51:14.8542441+01:00" endTime="2015-01-09T16:51:14.8672448+01:00" testType="13cdc9d9-ddb5-4fa4-a97d-d965ccfc6d4b" outcome="Passed" testListId="8c84fa94-04c1-424b-9868-57a2d4851a1d" relativeResultsDirectory="cd41bf22-3e06-401c-a36a-6ebd441b53ce">
    </UnitTestResult>
    <UnitTestResult executionId="68b6bc30-673f-428d-94a6-d6ca315a7022" testId="290e47ea-0820-016e-53eb-429e262ceaf8" testName="UpdateRoleExceedDescTest" computerName="DERRICK-PC" duration="00:00:00.0133524" startTime="2015-01-09T16:51:14.8682440+01:00" endTime="2015-01-09T16:51:14.8842465+01:00" testType="13cdc9d9-ddb5-4fa4-a97d-d965ccfc6d4b" outcome="Passed" testListId="8c84fa94-04c1-424b-9868-57a2d4851a1d" relativeResultsDirectory="68b6bc30-673f-428d-94a6-d6ca315a7022">
    </UnitTestResult>
    <UnitTestResult executionId="85bea9d0-1cd1-49b3-bea6-fdca414ad0ac" testId="2cdc7137-401e-62e3-8dc6-f25ce01a537a" testName="CreateRoleTestBeneathCharacterLimitonName" computerName="DERRICK-PC" duration="00:00:00.0117252" startTime="2015-01-09T16:51:14.8842465+01:00" endTime="2015-01-09T16:51:14.8982465+01:00" testType="13cdc9d9-ddb5-4fa4-a97d-d965ccfc6d4b" outcome="Passed" testListId="8c84fa94-04c1-424b-9868-57a2d4851a1d" relativeResultsDirectory="85bea9d0-1cd1-49b3-bea6-fdca414ad0ac">
    </UnitTestResult>
    <UnitTestResult executionId="092a03b2-e70b-458a-a98b-8869b1d5f569" testId="34bc5648-43a4-647f-4592-324cb0f819e1" testName="UpdateRoleTestMatchingDesc" computerName="DERRICK-PC" duration="00:00:00.0076499" startTime="2015-01-09T16:51:14.8992468+01:00" endTime="2015-01-09T16:51:14.9092492+01:00" testType="13cdc9d9-ddb5-4fa4-a97d-d965ccfc6d4b" outcome="Passed" testListId="8c84fa94-04c1-424b-9868-57a2d4851a1d" relativeResultsDirectory="092a03b2-e70b-458a-a98b-8869b1d5f569">
    </UnitTestResult>
    <UnitTestResult executionId="2ee75be9-925c-419f-af63-3110a2df47a9" testId="43e2e513-1209-95e9-89f2-7d77b3822c20" testName="CreateRoleTestExeedCharacterLimitonDesc" computerName="DERRICK-PC" duration="00:00:00.0028137" startTime="2015-01-09T16:51:14.9092492+01:00" endTime="2015-01-09T16:51:14.9142479+01:00" testType="13cdc9d9-ddb5-4fa4-a97d-d965ccfc6d4b" outcome="Passed" testListId="8c84fa94-04c1-424b-9868-57a2d4851a1d" relativeResultsDirectory="2ee75be9-925c-419f-af63-3110a2df47a9">
    </UnitTestResult>
    <UnitTestResult executionId="2ece7e3b-1cd3-4f9b-bd9c-85f7e60a2ca9" testId="48172837-7d7b-06f0-35d6-267216a40b7b" testName="UpdateRoleTestEmptyName" computerName="DERRICK-PC" duration="00:00:00.0041132" startTime="2015-01-09T16:51:14.9152478+01:00" endTime="2015-01-09T16:51:14.9212484+01:00" testType="13cdc9d9-ddb5-4fa4-a97d-d965ccfc6d4b" outcome="Passed" testListId="8c84fa94-04c1-424b-9868-57a2d4851a1d" relativeResultsDirectory="2ece7e3b-1cd3-4f9b-bd9c-85f7e60a2ca9">
    </UnitTestResult>
    <UnitTestResult executionId="813a8ad0-cfc2-44d1-83f5-cf34d0b97761" testId="4c9b7324-36bb-d462-95ec-80b271f6e1db" testName="GetRoleByIdExistTest" computerName="DERRICK-PC" duration="00:00:00.0046101" startTime="2015-01-09T16:51:14.9222503+01:00" endTime="2015-01-09T16:51:14.9282490+01:00" testType="13cdc9d9-ddb5-4fa4-a97d-d965ccfc6d4b" outcome="Passed" testListId="8c84fa94-04c1-424b-9868-57a2d4851a1d" relativeResultsDirectory="813a8ad0-cfc2-44d1-83f5-cf34d0b97761">
    </UnitTestResult>
    <UnitTestResult executionId="b9eb1652-e549-4d88-80d4-9638926e4879" testId="518e1dc2-ea68-15fc-c2d8-49c27186343b" testName="DeleteRoleSuccessfulTest" computerName="DERRICK-PC" duration="00:00:00.0043048" startTime="2015-01-09T16:51:14.9292501+01:00" endTime="2015-01-09T16:51:14.9352495+01:00" testType="13cdc9d9-ddb5-4fa4-a97d-d965ccfc6d4b" outcome="Passed" testListId="8c84fa94-04c1-424b-9868-57a2d4851a1d" relativeResultsDirectory="b9eb1652-e549-4d88-80d4-9638926e4879">
    </UnitTestResult>
    <UnitTestResult executionId="6279367e-7e08-4dbc-a802-87dd924db57d" testId="5766de9a-8684-e0c6-bc4e-4ffc1fb38afa" testName="UpdateRoleTestEmptyDesc" computerName="DERRICK-PC" duration="00:00:00.0040588" startTime="2015-01-09T16:51:14.9362506+01:00" endTime="2015-01-09T16:51:14.9422493+01:00" testType="13cdc9d9-ddb5-4fa4-a97d-d965ccfc6d4b" outcome="Passed" testListId="8c84fa94-04c1-424b-9868-57a2d4851a1d" relativeResultsDirectory="6279367e-7e08-4dbc-a802-87dd924db57d">
    </UnitTestResult>
    <UnitTestResult executionId="29d60f8a-4eb9-49d4-890c-ab3b084018f9" testId="5b0200b7-a653-51fa-4b4b-10b30e877396" testName="CreateRoleTestNoNumSymbRoleNameTest" computerName="DERRICK-PC" duration="00:00:00.0556782" startTime="2015-01-09T16:51:14.9432492+01:00" endTime="2015-01-09T16:51:15.0012535+01:00" testType="13cdc9d9-ddb5-4fa4-a97d-d965ccfc6d4b" outcome="Passed" testListId="8c84fa94-04c1-424b-9868-57a2d4851a1d" relativeResultsDirectory="29d60f8a-4eb9-49d4-890c-ab3b084018f9">
    </UnitTestResult>
    <UnitTestResult executionId="ebcf9afd-ed94-4800-a68a-6ef3f459a1ae" testId="5b505cd0-93f0-1c9c-0d7f-a858e9f6c7c2" testName="UpdateRoleEmptyTest" computerName="DERRICK-PC" duration="00:00:00.0171243" startTime="2015-01-09T16:51:15.0022527+01:00" endTime="2015-01-09T16:51:15.0212548+01:00" testType="13cdc9d9-ddb5-4fa4-a97d-d965ccfc6d4b" outcome="Passed" testListId="8c84fa94-04c1-424b-9868-57a2d4851a1d" relativeResultsDirectory="ebcf9afd-ed94-4800-a68a-6ef3f459a1ae">
    </UnitTestResult>
    <UnitTestResult executionId="34eeecf3-4e9e-4b0e-8182-a049db64c8e1" testId="5e6b146e-0888-cb7a-088c-ccd669e9fbae" testName="CreateRoleAlreadyExistTest" computerName="DERRICK-PC" duration="00:00:00.0033588" startTime="2015-01-09T16:51:15.0222559+01:00" endTime="2015-01-09T16:51:15.0282546+01:00" testType="13cdc9d9-ddb5-4fa4-a97d-d965ccfc6d4b" outcome="Passed" testListId="8c84fa94-04c1-424b-9868-57a2d4851a1d" relativeResultsDirectory="34eeecf3-4e9e-4b0e-8182-a049db64c8e1">
    </UnitTestResult>
    <UnitTestResult executionId="75e64625-143c-4e35-b751-14213fd74ee0" testId="5ff3e092-e0d6-8efb-0820-a7f9eab6437f" testName="CreateRoleSuccessEqualValueTest" computerName="DERRICK-PC" duration="00:00:00.0055385" startTime="2015-01-09T16:51:15.0282546+01:00" endTime="2015-01-09T16:51:15.0362551+01:00" testType="13cdc9d9-ddb5-4fa4-a97d-d965ccfc6d4b" outcome="Passed" testListId="8c84fa94-04c1-424b-9868-57a2d4851a1d" relativeResultsDirectory="75e64625-143c-4e35-b751-14213fd74ee0">
    </UnitTestResult>
    <UnitTestResult executionId="8f0ff39e-97a8-40ab-b1e7-142b9b3cf8b3" testId="609a6165-6aa3-ec7d-b95f-ef0ceae0efea" testName="UpdateRoleFewNameTest" computerName="DERRICK-PC" duration="00:00:00.0039841" startTime="2015-01-09T16:51:15.0362551+01:00" endTime="2015-01-09T16:51:15.0432552+01:00" testType="13cdc9d9-ddb5-4fa4-a97d-d965ccfc6d4b" outcome="Passed" testListId="8c84fa94-04c1-424b-9868-57a2d4851a1d" relativeResultsDirectory="8f0ff39e-97a8-40ab-b1e7-142b9b3cf8b3">
    </UnitTestResult>
    <UnitTestResult executionId="5116b017-fdfa-4565-a5a3-7347bcb2a854" testId="63ba7a1c-0a9f-d475-4259-c631099d527c" testName="UpdateRoleTestRoleDescBad" computerName="DERRICK-PC" duration="00:00:00.0037765" startTime="2015-01-09T16:51:15.0432552+01:00" endTime="2015-01-09T16:51:15.0492585+01:00" testType="13cdc9d9-ddb5-4fa4-a97d-d965ccfc6d4b" outcome="Passed" testListId="8c84fa94-04c1-424b-9868-57a2d4851a1d" relativeResultsDirectory="5116b017-fdfa-4565-a5a3-7347bcb2a854">
    </UnitTestResult>
    <UnitTestResult executionId="52d410c1-d471-4a14-94de-aba8091b1f02" testId="64ef12f7-ea64-ac8b-d013-f82c0c6d531a" testName="UpdateRoleTestMatching1" computerName="DERRICK-PC" duration="00:00:00.0056661" startTime="2015-01-09T16:51:15.0502554+01:00" endTime="2015-01-09T16:51:15.0572575+01:00" testType="13cdc9d9-ddb5-4fa4-a97d-d965ccfc6d4b" outcome="Passed" testListId="8c84fa94-04c1-424b-9868-57a2d4851a1d" relativeResultsDirectory="52d410c1-d471-4a14-94de-aba8091b1f02">
    </UnitTestResult>
    <UnitTestResult executionId="13ada32d-1fde-43ad-add2-f76e9dadaa97" testId="68a1d45e-cede-cf06-68f7-94564fd7feb2" testName="UpdateRoleTestNullDesc" computerName="DERRICK-PC" duration="00:00:00.0044293" startTime="2015-01-09T16:51:15.0582555+01:00" endTime="2015-01-09T16:51:15.0642561+01:00" testType="13cdc9d9-ddb5-4fa4-a97d-d965ccfc6d4b" outcome="Passed" testListId="8c84fa94-04c1-424b-9868-57a2d4851a1d" relativeResultsDirectory="13ada32d-1fde-43ad-add2-f76e9dadaa97">
    </UnitTestResult>
    <UnitTestResult executionId="4d852019-b397-4b1f-bed9-62ce1e4c5f2f" testId="6b78d26e-4d0b-2d16-f840-efbea43b9f0d" testName="createRoleNullDescTest" computerName="DERRICK-PC" duration="00:00:00.0016141" startTime="2015-01-09T16:51:15.0652572+01:00" endTime="2015-01-09T16:51:15.0692571+01:00" testType="13cdc9d9-ddb5-4fa4-a97d-d965ccfc6d4b" outcome="Passed" testListId="8c84fa94-04c1-424b-9868-57a2d4851a1d" relativeResultsDirectory="4d852019-b397-4b1f-bed9-62ce1e4c5f2f">
    </UnitTestResult>
    <UnitTestResult executionId="5ac8a654-cf3f-4174-8bd6-18731a8b84ab" testId="6bdc3103-b673-5cb9-be77-7f4ef84e4995" testName="DeleteRoleNegativeTest" computerName="DERRICK-PC" duration="00:00:00.0026658" startTime="2015-01-09T16:51:15.0692571+01:00" endTime="2015-01-09T16:51:15.0742565+01:00" testType="13cdc9d9-ddb5-4fa4-a97d-d965ccfc6d4b" outcome="Passed" testListId="8c84fa94-04c1-424b-9868-57a2d4851a1d" relativeResultsDirectory="5ac8a654-cf3f-4174-8bd6-18731a8b84ab">
    </UnitTestResult>
    <UnitTestResult executionId="4a3b72d6-3e71-4320-b18f-bb314b89e945" testId="74afa68e-2526-5c18-ee55-f2bbbbf2410a" testName="UpdateRoleExceedNameTest" computerName="DERRICK-PC" duration="00:00:00.0037355" startTime="2015-01-09T16:51:15.0742565+01:00" endTime="2015-01-09T16:51:15.0802567+01:00" testType="13cdc9d9-ddb5-4fa4-a97d-d965ccfc6d4b" outcome="Passed" testListId="8c84fa94-04c1-424b-9868-57a2d4851a1d" relativeResultsDirectory="4a3b72d6-3e71-4320-b18f-bb314b89e945">
    </UnitTestResult>
    <UnitTestResult executionId="b1be4d35-1c3d-4881-ac21-014844a98b0e" testId="825e251e-6d29-e1a8-a155-4beac61e1b9d" testName="createRoleNullNameTest" computerName="DERRICK-PC" duration="00:00:00.0015792" startTime="2015-01-09T16:51:15.0802567+01:00" endTime="2015-01-09T16:51:15.0842589+01:00" testType="13cdc9d9-ddb5-4fa4-a97d-d965ccfc6d4b" outcome="Passed" testListId="8c84fa94-04c1-424b-9868-57a2d4851a1d" relativeResultsDirectory="b1be4d35-1c3d-4881-ac21-014844a98b0e">
    </UnitTestResult>
    <UnitTestResult executionId="733216e5-6de0-4a1b-8831-d56417f720ae" testId="842dc3df-3bff-9f2f-394d-17dfb132acc8" testName="CreateRoleSuccessEqualListTest" computerName="DERRICK-PC" duration="00:00:00.0045481" startTime="2015-01-09T16:51:15.0852581+01:00" endTime="2015-01-09T16:51:15.0912590+01:00" testType="13cdc9d9-ddb5-4fa4-a97d-d965ccfc6d4b" outcome="Passed" testListId="8c84fa94-04c1-424b-9868-57a2d4851a1d" relativeResultsDirectory="733216e5-6de0-4a1b-8831-d56417f720ae">
    </UnitTestResult>
    <UnitTestResult executionId="c290ceb2-6753-49a4-b167-7fdc171798df" testId="8c5802aa-4574-61c9-1aca-d10adf54732d" testName="GetRolesValuesTest" computerName="DERRICK-PC" duration="00:00:00.0021761" startTime="2015-01-09T16:51:15.0922582+01:00" endTime="2015-01-09T16:51:15.0962581+01:00" testType="13cdc9d9-ddb5-4fa4-a97d-d965ccfc6d4b" outcome="Passed" testListId="8c84fa94-04c1-424b-9868-57a2d4851a1d" relativeResultsDirectory="c290ceb2-6753-49a4-b167-7fdc171798df">
    </UnitTestResult>
    <UnitTestResult executionId="6a3315ff-7e06-4dd1-bf55-f5c35b4ab92a" testId="8de55e15-6f0d-51c4-346e-226a8247d21b" testName="UpdateRoleExceedNull" computerName="DERRICK-PC" duration="00:00:00.0040117" startTime="2015-01-09T16:51:15.0962581+01:00" endTime="2015-01-09T16:51:15.1022591+01:00" testType="13cdc9d9-ddb5-4fa4-a97d-d965ccfc6d4b" outcome="Passed" testListId="8c84fa94-04c1-424b-9868-57a2d4851a1d" relativeResultsDirectory="6a3315ff-7e06-4dd1-bf55-f5c35b4ab92a">
    </UnitTestResult>
    <UnitTestResult executionId="08d982e4-4307-475a-92d0-32d1c5db81f8" testId="9108f78e-1e8e-8ef5-c820-3bb2c6079aad" testName="CreateRoleSuccessNotEqualListTest" computerName="DERRICK-PC" duration="00:00:00.0040906" startTime="2015-01-09T16:51:15.1032583+01:00" endTime="2015-01-09T16:51:15.1092592+01:00" testType="13cdc9d9-ddb5-4fa4-a97d-d965ccfc6d4b" outcome="Passed" testListId="8c84fa94-04c1-424b-9868-57a2d4851a1d" relativeResultsDirectory="08d982e4-4307-475a-92d0-32d1c5db81f8">
    </UnitTestResult>
    <UnitTestResult executionId="20523fd6-70a9-41ba-83cd-50d3ca0b1b81" testId="991a5087-ea0e-f2a5-a585-3462563b113a" testName="CreateRoleTestNoNumSymbRoleDescTest" computerName="DERRICK-PC" duration="00:00:00.0017999" startTime="2015-01-09T16:51:15.1102619+01:00" endTime="2015-01-09T16:51:15.1132595+01:00" testType="13cdc9d9-ddb5-4fa4-a97d-d965ccfc6d4b" outcome="Passed" testListId="8c84fa94-04c1-424b-9868-57a2d4851a1d" relativeResultsDirectory="20523fd6-70a9-41ba-83cd-50d3ca0b1b81">
    </UnitTestResult>
    <UnitTestResult executionId="903af3b5-7e68-4cd2-8798-8e0fd9f92d60" testId="9ea9f69b-2b1d-ee50-651b-164059cc5540" testName="CreateRoleSuccessDescAlreadyExistTest" computerName="DERRICK-PC" duration="00:00:00.0050626" startTime="2015-01-09T16:51:15.1142587+01:00" endTime="2015-01-09T16:51:15.1212627+01:00" testType="13cdc9d9-ddb5-4fa4-a97d-d965ccfc6d4b" outcome="Passed" testListId="8c84fa94-04c1-424b-9868-57a2d4851a1d" relativeResultsDirectory="903af3b5-7e68-4cd2-8798-8e0fd9f92d60">
    </UnitTestResult>
    <UnitTestResult executionId="951ab404-9eaf-4319-a336-d79c75331df0" testId="b32547ec-a862-3b2b-2e66-bb246f894077" testName="DeleteRoleDoesNotExistTest" computerName="DERRICK-PC" duration="00:00:00.0027914" startTime="2015-01-09T16:51:15.1212627+01:00" endTime="2015-01-09T16:51:15.1262602+01:00" testType="13cdc9d9-ddb5-4fa4-a97d-d965ccfc6d4b" outcome="Passed" testListId="8c84fa94-04c1-424b-9868-57a2d4851a1d" relativeResultsDirectory="951ab404-9eaf-4319-a336-d79c75331df0">
    </UnitTestResult>
    <UnitTestResult executionId="f6dfbefd-2d42-4c6e-8fac-9852b15e62ea" testId="b3422950-13c8-9554-6949-90bd6cdc5364" testName="CreateRoleTestExeedCharacterLimitonName" computerName="DERRICK-PC" duration="00:00:00.0026064" startTime="2015-01-09T16:51:15.1272621+01:00" endTime="2015-01-09T16:51:15.1322612+01:00" testType="13cdc9d9-ddb5-4fa4-a97d-d965ccfc6d4b" outcome="Passed" testListId="8c84fa94-04c1-424b-9868-57a2d4851a1d" relativeResultsDirectory="f6dfbefd-2d42-4c6e-8fac-9852b15e62ea">
    </UnitTestResult>
    <UnitTestResult executionId="2636fc57-948f-445b-8630-d01de70dc513" testId="b3b0da28-414b-614a-698b-37506007bccd" testName="GetRolesCountTest" computerName="DERRICK-PC" duration="00:00:00.0021359" startTime="2015-01-09T16:51:15.1322612+01:00" endTime="2015-01-09T16:51:15.1362610+01:00" testType="13cdc9d9-ddb5-4fa4-a97d-d965ccfc6d4b" outcome="Passed" testListId="8c84fa94-04c1-424b-9868-57a2d4851a1d" relativeResultsDirectory="2636fc57-948f-445b-8630-d01de70dc513">
    </UnitTestResult>
    <UnitTestResult executionId="b33df2d1-f0b0-4051-8315-ac527a44a0ee" testId="b4e9415d-fade-486b-5f96-8d20a5983bca" testName="UpdateRoleTestNullName" computerName="DERRICK-PC" duration="00:00:00.0043109" startTime="2015-01-09T16:51:15.1372610+01:00" endTime="2015-01-09T16:51:15.1432600+01:00" testType="13cdc9d9-ddb5-4fa4-a97d-d965ccfc6d4b" outcome="Passed" testListId="8c84fa94-04c1-424b-9868-57a2d4851a1d" relativeResultsDirectory="b33df2d1-f0b0-4051-8315-ac527a44a0ee">
    </UnitTestResult>
    <UnitTestResult executionId="0a83d466-0a33-462e-9bae-b469bd012757" testId="b714d5f5-7caf-a6e5-210b-e06fc3334cf1" testName="GetRoleByIdBoundaryNegativeTest" computerName="DERRICK-PC" duration="00:00:00.0020156" startTime="2015-01-09T16:51:15.1442615+01:00" endTime="2015-01-09T16:51:15.1482607+01:00" testType="13cdc9d9-ddb5-4fa4-a97d-d965ccfc6d4b" outcome="Passed" testListId="8c84fa94-04c1-424b-9868-57a2d4851a1d" relativeResultsDirectory="0a83d466-0a33-462e-9bae-b469bd012757">
    </UnitTestResult>
    <UnitTestResult executionId="4d492e94-0077-476f-b125-a6c266c1bc7e" testId="b7d9f2b4-b6e4-4fa3-8b3e-823a64c3ef77" testName="UpdateRoleTestMatchingName" computerName="DERRICK-PC" duration="00:00:00.0053285" startTime="2015-01-09T16:51:15.1482607+01:00" endTime="2015-01-09T16:51:15.1562619+01:00" testType="13cdc9d9-ddb5-4fa4-a97d-d965ccfc6d4b" outcome="Passed" testListId="8c84fa94-04c1-424b-9868-57a2d4851a1d" relativeResultsDirectory="4d492e94-0077-476f-b125-a6c266c1bc7e">
    </UnitTestResult>
    <UnitTestResult executionId="0927e2dc-2909-40cf-8788-ecddbc986c37" testId="ba316aa0-52f0-dca8-87b4-1adcbf771adc" testName="UpdateRoleTestRoleNameBad" computerName="DERRICK-PC" duration="00:00:00.0040630" startTime="2015-01-09T16:51:15.1562619+01:00" endTime="2015-01-09T16:51:15.1622625+01:00" testType="13cdc9d9-ddb5-4fa4-a97d-d965ccfc6d4b" outcome="Passed" testListId="8c84fa94-04c1-424b-9868-57a2d4851a1d" relativeResultsDirectory="0927e2dc-2909-40cf-8788-ecddbc986c37">
    </UnitTestResult>
    <UnitTestResult executionId="33bc78cb-a039-45a4-a779-5dece1f7dc5c" testId="c01bcd52-1e48-0139-9b3c-dcb9ac79f4f3" testName="createRoleEmptyTest" computerName="DERRICK-PC" duration="00:00:00.0016489" startTime="2015-01-09T16:51:15.1632621+01:00" endTime="2015-01-09T16:51:15.1662628+01:00" testType="13cdc9d9-ddb5-4fa4-a97d-d965ccfc6d4b" outcome="Passed" testListId="8c84fa94-04c1-424b-9868-57a2d4851a1d" relativeResultsDirectory="33bc78cb-a039-45a4-a779-5dece1f7dc5c">
    </UnitTestResult>
    <UnitTestResult executionId="2c995e80-75d1-451d-b1a7-b3611234d2d5" testId="c2929299-8048-8810-66c8-d9708d4d9785" testName="UpdateRoleTestNotMatching" computerName="DERRICK-PC" duration="00:00:00.0079541" startTime="2015-01-09T16:51:15.1672616+01:00" endTime="2015-01-09T16:51:15.1772624+01:00" testType="13cdc9d9-ddb5-4fa4-a97d-d965ccfc6d4b" outcome="Passed" testListId="8c84fa94-04c1-424b-9868-57a2d4851a1d" relativeResultsDirectory="2c995e80-75d1-451d-b1a7-b3611234d2d5">
    </UnitTestResult>
    <UnitTestResult executionId="4bfea97b-2ca5-4933-af17-2ddbdc231164" testId="cfd83b9f-a3ce-c125-f187-fbcac6aad68f" testName="CreateRoleTestBeneathCharacterLimitonDesc" computerName="DERRICK-PC" duration="00:00:00.0029355" startTime="2015-01-09T16:51:15.1782635+01:00" endTime="2015-01-09T16:51:15.1822638+01:00" testType="13cdc9d9-ddb5-4fa4-a97d-d965ccfc6d4b" outcome="Passed" testListId="8c84fa94-04c1-424b-9868-57a2d4851a1d" relativeResultsDirectory="4bfea97b-2ca5-4933-af17-2ddbdc231164">
    </UnitTestResult>
    <UnitTestResult executionId="d95ad317-ddf9-4483-bb8c-13e2fb68cf3c" testId="fc65208a-bc6c-c37d-e81b-cbb20529b86b" testName="UpdateRoleFewDescTest" computerName="DERRICK-PC" duration="00:00:00.0040600" startTime="2015-01-09T16:51:15.1832637+01:00" endTime="2015-01-09T16:51:15.1892628+01:00" testType="13cdc9d9-ddb5-4fa4-a97d-d965ccfc6d4b" outcome="Passed" testListId="8c84fa94-04c1-424b-9868-57a2d4851a1d" relativeResultsDirectory="d95ad317-ddf9-4483-bb8c-13e2fb68cf3c">
    </UnitTestResult>
  </Results>
</TestRun>