<?xml version="1.0" encoding="UTF-8"?>
<TestRun id="c9d6559f-cd52-4537-aef2-a1808b7bc7a1" name="WARHAMMER@DERRICK-PC 2015-01-10 12:31:26" runUser="Derrick-PC\WARHAMMER" xmlns="http://microsoft.com/schemas/VisualStudio/TeamTest/2010">
  <TestSettings name="Default Test Settings" id="e15dbba4-e008-41eb-82cc-c8c46da6963a">
    <Deployment runDeploymentRoot="WARHAMMER_DERRICK-PC 2015-01-10 12_31_26">
      <DeploymentItem filename="E:\Desktop\School\BSc\Semester 1\Software Engineering\TRALALA\DataAccess\bin\Debug\DataAccess.dll" />
      <DeploymentItem filename="E:\Desktop\School\BSc\Semester 1\Software Engineering\TRALALA\Common\bin\Debug\Common.dll" />
      <DeploymentItem filename="E:\Desktop\School\BSc\Semester 1\Software Engineering\TRALALA\SEImplementation\bin\SEImplementation.dll" />
    </Deployment>
    <Execution>
      <TestTypeSpecific />
      <AgentRule name="Execution Agents">
      </AgentRule>
    </Execution>
  </TestSettings>
  <Times creation="2015-01-10T12:31:26.6515122+01:00" queuing="2015-01-10T12:31:27.8215799+01:00" start="2015-01-10T12:31:27.8265805+01:00" finish="2015-01-10T12:31:28.1676006+01:00" />
  <ResultSummary outcome="Completed">
    <Counters total="1" executed="1" passed="1" error="0" failed="0" timeout="0" aborted="0" inconclusive="0" passedButRunAborted="0" notRunnable="0" notExecuted="0" disconnected="0" warning="0" completed="0" inProgress="0" pending="0" />
  </ResultSummary>
  <TestDefinitions>
    <UnitTest name="GetRoleByIdNotExistentTest" storage="e:\desktop\school\bsc\semester 1\software engineering\tralala\seimplementation.tests\bin\debug\seimplementation.tests.dll" id="13247df7-3d56-5a96-a517-506237ae74a1">
      <Execution id="e657f146-94fe-47e2-b780-8fecc211f21b" />
      <TestMethod codeBase="E:/Desktop/School/BSc/Semester 1/Software Engineering/TRALALA/SEImplementation.Tests/bin/Debug/SEImplementation.Tests.DLL" adapterTypeName="Microsoft.VisualStudio.TestTools.TestTypes.Unit.UnitTestAdapter, Microsoft.VisualStudio.QualityTools.Tips.UnitTest.Adapter, Version=10.0.0.0, Culture=neutral, PublicKeyToken=b03f5f7f11d50a3a" className="SEImplementation.Tests.RoleRepoTest, SEImplementation.Tests, Version=1.0.0.0, Culture=neutral, PublicKeyToken=null" name="GetRoleByIdNotExistentTest" />
    </UnitTest>
  </TestDefinitions>
  <TestLists>
    <TestList name="Results Not in a List" id="8c84fa94-04c1-424b-9868-57a2d4851a1d" />
    <TestList name="All Loaded Results" id="19431567-8539-422a-85d7-44ee4e166bda" />
  </TestLists>
  <TestEntries>
    <TestEntry testId="13247df7-3d56-5a96-a517-506237ae74a1" executionId="e657f146-94fe-47e2-b780-8fecc211f21b" testListId="8c84fa94-04c1-424b-9868-57a2d4851a1d" />
  </TestEntries>
  <Results>
    <UnitTestResult executionId="e657f146-94fe-47e2-b780-8fecc211f21b" testId="13247df7-3d56-5a96-a517-506237ae74a1" testName="GetRoleByIdNotExistentTest" computerName="DERRICK-PC" duration="00:00:00.1318616" startTime="2015-01-10T12:31:27.8715825+01:00" endTime="2015-01-10T12:31:28.1565994+01:00" testType="13cdc9d9-ddb5-4fa4-a97d-d965ccfc6d4b" outcome="Passed" testListId="8c84fa94-04c1-424b-9868-57a2d4851a1d" relativeResultsDirectory="e657f146-94fe-47e2-b780-8fecc211f21b">
    </UnitTestResult>
  </Results>
</TestRun>