<?xml version="1.0" encoding="UTF-8"?>
<TestRun id="2f17075c-5f3e-48d4-a89b-3639314045f2" name="WARHAMMER@DERRICK-PC 2015-01-07 21:03:51" runUser="Derrick-PC\WARHAMMER" xmlns="http://microsoft.com/schemas/VisualStudio/TeamTest/2010">
  <TestSettings name="Default Test Settings" id="199d9f1e-a2b5-45ec-a94a-befcf5e66b53">
    <Deployment runDeploymentRoot="WARHAMMER_DERRICK-PC 2015-01-07 21_03_51">
      <DeploymentItem filename="E:\Desktop\School\BSc\Semester 1\Software Engineering\TRALALA\DataAccess\bin\Debug\DataAccess.dll" />
      <DeploymentItem filename="E:\Desktop\School\BSc\Semester 1\Software Engineering\TRALALA\Common\bin\Debug\Common.dll" />
      <DeploymentItem filename="E:\Desktop\School\BSc\Semester 1\Software Engineering\TRALALA\SEImplementation\bin\SEImplementation.dll" />
    </Deployment>
    <Execution>
      <TestTypeSpecific />
      <AgentRule name="Execution Agents">
      </AgentRule>
    </Execution>
  </TestSettings>
  <Times creation="2015-01-07T21:03:51.2077836+01:00" queuing="2015-01-07T21:03:52.5088607+01:00" start="2015-01-07T21:03:52.5128613+01:00" finish="2015-01-07T21:03:52.8448793+01:00" />
  <ResultSummary outcome="Failed">
    <Counters total="1" executed="1" error="0" failed="1" timeout="0" aborted="0" inconclusive="0" passedButRunAborted="0" notRunnable="0" notExecuted="0" disconnected="0" warning="0" passed="0" completed="0" inProgress="0" pending="0" />
  </ResultSummary>
  <TestDefinitions>
    <UnitTest name="UpdateRoleTestRoleDescBad" storage="e:\desktop\school\bsc\semester 1\software engineering\tralala\seimplementation.tests\bin\debug\seimplementation.tests.dll" id="63ba7a1c-0a9f-d475-4259-c631099d527c">
      <Execution id="6606e7b3-6c8d-4a71-90e7-923b3a7c2fb0" />
      <TestMethod codeBase="E:/Desktop/School/BSc/Semester 1/Software Engineering/TRALALA/SEImplementation.Tests/bin/Debug/SEImplementation.Tests.DLL" adapterTypeName="Microsoft.VisualStudio.TestTools.TestTypes.Unit.UnitTestAdapter, Microsoft.VisualStudio.QualityTools.Tips.UnitTest.Adapter, Version=10.0.0.0, Culture=neutral, PublicKeyToken=b03f5f7f11d50a3a" className="SEImplementation.Tests.RoleRepoTest, SEImplementation.Tests, Version=1.0.0.0, Culture=neutral, PublicKeyToken=null" name="UpdateRoleTestRoleDescBad" />
    </UnitTest>
  </TestDefinitions>
  <TestLists>
    <TestList name="Results Not in a List" id="8c84fa94-04c1-424b-9868-57a2d4851a1d" />
    <TestList name="All Loaded Results" id="19431567-8539-422a-85d7-44ee4e166bda" />
  </TestLists>
  <TestEntries>
    <TestEntry testId="63ba7a1c-0a9f-d475-4259-c631099d527c" executionId="6606e7b3-6c8d-4a71-90e7-923b3a7c2fb0" testListId="8c84fa94-04c1-424b-9868-57a2d4851a1d" />
  </TestEntries>
  <Results>
    <UnitTestResult executionId="6606e7b3-6c8d-4a71-90e7-923b3a7c2fb0" testId="63ba7a1c-0a9f-d475-4259-c631099d527c" testName="UpdateRoleTestRoleDescBad" computerName="DERRICK-PC" duration="00:00:00.1204575" startTime="2015-01-07T21:03:52.5138609+01:00" endTime="2015-01-07T21:03:52.7848766+01:00" testType="13cdc9d9-ddb5-4fa4-a97d-d965ccfc6d4b" outcome="Failed" testListId="8c84fa94-04c1-424b-9868-57a2d4851a1d" relativeResultsDirectory="6606e7b3-6c8d-4a71-90e7-923b3a7c2fb0">
      <Output>
        <ErrorInfo>
          <Message>Test method SEImplementation.Tests.RoleRepoTest.UpdateRoleTestRoleDescBad did not throw expected exception Common.CustomExceptions.NoNumberAndSymbolsAllowedException.</Message>
        </ErrorInfo>
      </Output>
    </UnitTestResult>
  </Results>
</TestRun>