<?xml version="1.0" encoding="UTF-8"?>
<TestRun id="1c776054-9a3b-4320-92d3-30a2b64c60d9" name="WARHAMMER@DERRICK-PC 2015-01-09 16:42:38" runUser="Derrick-PC\WARHAMMER" xmlns="http://microsoft.com/schemas/VisualStudio/TeamTest/2010">
  <TestSettings name="Default Test Settings" id="5be9d7a6-e5df-4830-9d94-e2e033ed3414">
    <Deployment runDeploymentRoot="WARHAMMER_DERRICK-PC 2015-01-09 16_42_38">
      <DeploymentItem filename="E:\Desktop\School\BSc\Semester 1\Software Engineering\TRALALA\DataAccess\bin\Debug\DataAccess.dll" />
      <DeploymentItem filename="E:\Desktop\School\BSc\Semester 1\Software Engineering\TRALALA\Common\bin\Debug\Common.dll" />
      <DeploymentItem filename="E:\Desktop\School\BSc\Semester 1\Software Engineering\TRALALA\SEImplementation\bin\SEImplementation.dll" />
    </Deployment>
    <Execution>
      <TestTypeSpecific />
      <AgentRule name="Execution Agents">
      </AgentRule>
    </Execution>
  </TestSettings>
  <Times creation="2015-01-09T16:42:38.0084686+01:00" queuing="2015-01-09T16:42:39.5785598+01:00" start="2015-01-09T16:42:39.5845597+01:00" finish="2015-01-09T16:42:39.9155793+01:00" />
  <ResultSummary outcome="Failed">
    <Counters total="1" executed="1" error="0" failed="1" timeout="0" aborted="0" inconclusive="0" passedButRunAborted="0" notRunnable="0" notExecuted="0" disconnected="0" warning="0" passed="0" completed="0" inProgress="0" pending="0" />
  </ResultSummary>
  <TestDefinitions>
    <UnitTest name="UpdateRoleFewNameTest" storage="e:\desktop\school\bsc\semester 1\software engineering\tralala\seimplementation.tests\bin\debug\seimplementation.tests.dll" id="609a6165-6aa3-ec7d-b95f-ef0ceae0efea">
      <Execution id="335b3c5a-546a-4e35-8fc9-6ac693473011" />
      <TestMethod codeBase="E:/Desktop/School/BSc/Semester 1/Software Engineering/TRALALA/SEImplementation.Tests/bin/Debug/SEImplementation.Tests.DLL" adapterTypeName="Microsoft.VisualStudio.TestTools.TestTypes.Unit.UnitTestAdapter, Microsoft.VisualStudio.QualityTools.Tips.UnitTest.Adapter, Version=10.0.0.0, Culture=neutral, PublicKeyToken=b03f5f7f11d50a3a" className="SEImplementation.Tests.RoleRepoTest, SEImplementation.Tests, Version=1.0.0.0, Culture=neutral, PublicKeyToken=null" name="UpdateRoleFewNameTest" />
    </UnitTest>
  </TestDefinitions>
  <TestLists>
    <TestList name="Results Not in a List" id="8c84fa94-04c1-424b-9868-57a2d4851a1d" />
    <TestList name="All Loaded Results" id="19431567-8539-422a-85d7-44ee4e166bda" />
  </TestLists>
  <TestEntries>
    <TestEntry testId="609a6165-6aa3-ec7d-b95f-ef0ceae0efea" executionId="335b3c5a-546a-4e35-8fc9-6ac693473011" testListId="8c84fa94-04c1-424b-9868-57a2d4851a1d" />
  </TestEntries>
  <Results>
    <UnitTestResult executionId="335b3c5a-546a-4e35-8fc9-6ac693473011" testId="609a6165-6aa3-ec7d-b95f-ef0ceae0efea" testName="UpdateRoleFewNameTest" computerName="DERRICK-PC" duration="00:00:00.1528184" startTime="2015-01-09T16:42:39.5855623+01:00" endTime="2015-01-09T16:42:39.9045789+01:00" testType="13cdc9d9-ddb5-4fa4-a97d-d965ccfc6d4b" outcome="Failed" testListId="8c84fa94-04c1-424b-9868-57a2d4851a1d" relativeResultsDirectory="335b3c5a-546a-4e35-8fc9-6ac693473011">
      <Output>
        <ErrorInfo>
          <Message>Test method SEImplementation.Tests.RoleRepoTest.UpdateRoleFewNameTest threw exception Common.CustomExceptions.NullValueException, but exception Common.CustomExceptions.BeneathLimitAcceptedException was expected. Exception message: Common.CustomExceptions.NullValueException: The value are empty.</Message>
          <StackTrace>    at DataAccess.Repos.RoleRepo.UpdateRole(Role gb) in E:\Desktop\School\BSc\Semester 1\Software Engineering\TRALALA\DataAccess\Repos\RoleRepo.cs:line 84
   at SEImplementation.Tests.RoleRepoTest.UpdateRoleFewNameTest() in E:\Desktop\School\BSc\Semester 1\Software Engineering\TRALALA\SEImplementation.Tests\RoleRepoTest.cs:line 582
</StackTrace>
        </ErrorInfo>
      </Output>
    </UnitTestResult>
  </Results>
</TestRun>