<?xml version="1.0" encoding="UTF-8"?>
<TestRun id="b6bb7f58-1588-4f08-a81c-cd3d651deea0" name="WARHAMMER@DERRICK-PC 2015-01-13 16:16:20" runUser="Derrick-PC\WARHAMMER" xmlns="http://microsoft.com/schemas/VisualStudio/TeamTest/2010">
  <TestSettings name="Default Test Settings" id="c8ea3249-f40f-4f8d-8d82-b934b0b27efc">
    <Deployment runDeploymentRoot="WARHAMMER_DERRICK-PC 2015-01-13 16_16_20">
      <DeploymentItem filename="E:\Desktop\School\BSc\Semester 1\Software Engineering\TRALALA\DataAccess\bin\Debug\DataAccess.dll" />
      <DeploymentItem filename="E:\Desktop\School\BSc\Semester 1\Software Engineering\TRALALA\Common\bin\Debug\Common.dll" />
      <DeploymentItem filename="E:\Desktop\School\BSc\Semester 1\Software Engineering\TRALALA\SEImplementation\bin\SEImplementation.dll" />
    </Deployment>
    <Execution>
      <TestTypeSpecific />
      <AgentRule name="Execution Agents">
      </AgentRule>
    </Execution>
  </TestSettings>
  <Times creation="2015-01-13T16:16:20.7265825+01:00" queuing="2015-01-13T16:16:21.9506519+01:00" start="2015-01-13T16:16:21.9546537+01:00" finish="2015-01-13T16:16:22.3586757+01:00" />
  <ResultSummary outcome="Completed">
    <Counters total="1" executed="1" passed="1" error="0" failed="0" timeout="0" aborted="0" inconclusive="0" passedButRunAborted="0" notRunnable="0" notExecuted="0" disconnected="0" warning="0" completed="0" inProgress="0" pending="0" />
  </ResultSummary>
  <TestDefinitions>
    <UnitTest name="UpdateRoleTestRoleDescNonAscii" storage="e:\desktop\school\bsc\semester 1\software engineering\tralala\seimplementation.tests\bin\debug\seimplementation.tests.dll" id="b04bc4dd-1c27-a6fa-bd6a-2e2ee510c74e">
      <Execution id="57f46949-f6a9-4161-bd12-21eb705e9149" />
      <TestMethod codeBase="E:/Desktop/School/BSc/Semester 1/Software Engineering/TRALALA/SEImplementation.Tests/bin/Debug/SEImplementation.Tests.DLL" adapterTypeName="Microsoft.VisualStudio.TestTools.TestTypes.Unit.UnitTestAdapter, Microsoft.VisualStudio.QualityTools.Tips.UnitTest.Adapter, Version=10.0.0.0, Culture=neutral, PublicKeyToken=b03f5f7f11d50a3a" className="SEImplementation.Tests.RoleRepoTest, SEImplementation.Tests, Version=1.0.0.0, Culture=neutral, PublicKeyToken=null" name="UpdateRoleTestRoleDescNonAscii" />
    </UnitTest>
  </TestDefinitions>
  <TestLists>
    <TestList name="Results Not in a List" id="8c84fa94-04c1-424b-9868-57a2d4851a1d" />
    <TestList name="All Loaded Results" id="19431567-8539-422a-85d7-44ee4e166bda" />
  </TestLists>
  <TestEntries>
    <TestEntry testId="b04bc4dd-1c27-a6fa-bd6a-2e2ee510c74e" executionId="57f46949-f6a9-4161-bd12-21eb705e9149" testListId="8c84fa94-04c1-424b-9868-57a2d4851a1d" />
  </TestEntries>
  <Results>
    <UnitTestResult executionId="57f46949-f6a9-4161-bd12-21eb705e9149" testId="b04bc4dd-1c27-a6fa-bd6a-2e2ee510c74e" testName="UpdateRoleTestRoleDescNonAscii" computerName="DERRICK-PC" duration="00:00:00.2075342" startTime="2015-01-13T16:16:21.9566521+01:00" endTime="2015-01-13T16:16:22.3446747+01:00" testType="13cdc9d9-ddb5-4fa4-a97d-d965ccfc6d4b" outcome="Passed" testListId="8c84fa94-04c1-424b-9868-57a2d4851a1d" relativeResultsDirectory="57f46949-f6a9-4161-bd12-21eb705e9149">
    </UnitTestResult>
  </Results>
</TestRun>