<?xml version="1.0" encoding="UTF-8"?>
<TestRun id="e5b0acdb-d733-476f-b7f4-12755189249a" name="WARHAMMER@DERRICK-PC 2014-12-19 18:57:03" runUser="Derrick-PC\WARHAMMER" xmlns="http://microsoft.com/schemas/VisualStudio/TeamTest/2010">
  <TestSettings name="Default Test Settings" id="c8e1ca1a-7420-4b46-8d22-e78614297f42">
    <Deployment runDeploymentRoot="WARHAMMER_DERRICK-PC 2014-12-19 18_57_03">
      <DeploymentItem filename="E:\Desktop\School\BSc\Semester 1\Software Engineering\TRALALA\SEImplementation\bin\SEImplementation.dll" />
    </Deployment>
    <Execution>
      <TestTypeSpecific />
      <AgentRule name="Execution Agents">
      </AgentRule>
    </Execution>
  </TestSettings>
  <Times creation="2014-12-19T18:57:03.8793206+01:00" queuing="2014-12-19T18:57:04.3163489+01:00" start="2014-12-19T18:57:04.3793503+01:00" finish="2014-12-19T18:57:04.7013692+01:00" />
  <ResultSummary outcome="Completed">
    <Counters total="1" executed="1" passed="1" error="0" failed="0" timeout="0" aborted="0" inconclusive="0" passedButRunAborted="0" notRunnable="0" notExecuted="0" disconnected="0" warning="0" completed="0" inProgress="0" pending="0" />
  </ResultSummary>
  <TestDefinitions>
    <UnitTest name="Index" storage="e:\desktop\school\bsc\semester 1\software engineering\tralala\seimplementation.tests\bin\debug\seimplementation.tests.dll" id="14a4c32a-bf2f-de71-b2c7-f05eef3ab4e9">
      <Execution id="b7574893-6524-46c9-8559-7c6be72b3ead" />
      <TestMethod codeBase="E:/Desktop/School/BSc/Semester 1/Software Engineering/TRALALA/SEImplementation.Tests/bin/Debug/SEImplementation.Tests.DLL" adapterTypeName="Microsoft.VisualStudio.TestTools.TestTypes.Unit.UnitTestAdapter, Microsoft.VisualStudio.QualityTools.Tips.UnitTest.Adapter, Version=10.0.0.0, Culture=neutral, PublicKeyToken=b03f5f7f11d50a3a" className="SEImplementation.Tests.Controllers.HomeControllerTest, SEImplementation.Tests, Version=1.0.0.0, Culture=neutral, PublicKeyToken=null" name="Index" />
    </UnitTest>
  </TestDefinitions>
  <TestLists>
    <TestList name="Results Not in a List" id="8c84fa94-04c1-424b-9868-57a2d4851a1d" />
    <TestList name="All Loaded Results" id="19431567-8539-422a-85d7-44ee4e166bda" />
  </TestLists>
  <TestEntries>
    <TestEntry testId="14a4c32a-bf2f-de71-b2c7-f05eef3ab4e9" executionId="b7574893-6524-46c9-8559-7c6be72b3ead" testListId="8c84fa94-04c1-424b-9868-57a2d4851a1d" />
  </TestEntries>
  <Results>
    <UnitTestResult executionId="b7574893-6524-46c9-8559-7c6be72b3ead" testId="14a4c32a-bf2f-de71-b2c7-f05eef3ab4e9" testName="Index" computerName="DERRICK-PC" duration="00:00:00.0539434" startTime="2014-12-19T18:57:04.3903507+01:00" endTime="2014-12-19T18:57:04.6623666+01:00" testType="13cdc9d9-ddb5-4fa4-a97d-d965ccfc6d4b" outcome="Passed" testListId="8c84fa94-04c1-424b-9868-57a2d4851a1d" relativeResultsDirectory="b7574893-6524-46c9-8559-7c6be72b3ead">
    </UnitTestResult>
  </Results>
</TestRun>