<?xml version="1.0" encoding="UTF-8"?>
<TestRun id="a680d8a8-6708-4f11-9e17-3e9bd73c01ba" name="WARHAMMER@DERRICK-PC 2015-01-05 01:30:34" runUser="Derrick-PC\WARHAMMER" xmlns="http://microsoft.com/schemas/VisualStudio/TeamTest/2010">
  <TestSettings name="Default Test Settings" id="f2bb2267-25f1-410a-8f17-29be27e03585">
    <Deployment runDeploymentRoot="WARHAMMER_DERRICK-PC 2015-01-05 01_30_34">
      <DeploymentItem filename="E:\Desktop\School\BSc\Semester 1\Software Engineering\TRALALA\DataAccess\bin\Debug\DataAccess.dll" />
      <DeploymentItem filename="E:\Desktop\School\BSc\Semester 1\Software Engineering\TRALALA\Common\bin\Debug\Common.dll" />
      <DeploymentItem filename="E:\Desktop\School\BSc\Semester 1\Software Engineering\TRALALA\SEImplementation\bin\SEImplementation.dll" />
    </Deployment>
    <Execution>
      <TestTypeSpecific />
      <AgentRule name="Execution Agents">
      </AgentRule>
    </Execution>
  </TestSettings>
  <Times creation="2015-01-05T01:30:34.1239709+01:00" queuing="2015-01-05T01:30:36.5261103+01:00" start="2015-01-05T01:30:36.5571124+01:00" finish="2015-01-05T01:30:38.5792313+01:00" />
  <ResultSummary outcome="Completed">
    <Counters total="1" executed="1" passed="1" error="0" failed="0" timeout="0" aborted="0" inconclusive="0" passedButRunAborted="0" notRunnable="0" notExecuted="0" disconnected="0" warning="0" completed="0" inProgress="0" pending="0" />
  </ResultSummary>
  <TestDefinitions>
    <UnitTest name="CreateUserTest" storage="e:\desktop\school\bsc\semester 1\software engineering\tralala\seimplementation.tests\bin\debug\seimplementation.tests.dll" id="bd3ce8e7-67f2-446f-294e-cfb1d255b56d">
      <Execution id="92cb44f2-b787-4ab2-a2d0-7cefadb2d944" />
      <TestMethod codeBase="E:/Desktop/School/BSc/Semester 1/Software Engineering/TRALALA/SEImplementation.Tests/bin/Debug/SEImplementation.Tests.DLL" adapterTypeName="Microsoft.VisualStudio.TestTools.TestTypes.Unit.UnitTestAdapter, Microsoft.VisualStudio.QualityTools.Tips.UnitTest.Adapter, Version=10.0.0.0, Culture=neutral, PublicKeyToken=b03f5f7f11d50a3a" className="SEImplementation.Tests.UserRepoTest, SEImplementation.Tests, Version=1.0.0.0, Culture=neutral, PublicKeyToken=null" name="CreateUserTest" />
    </UnitTest>
  </TestDefinitions>
  <TestLists>
    <TestList name="Results Not in a List" id="8c84fa94-04c1-424b-9868-57a2d4851a1d" />
    <TestList name="All Loaded Results" id="19431567-8539-422a-85d7-44ee4e166bda" />
  </TestLists>
  <TestEntries>
    <TestEntry testId="bd3ce8e7-67f2-446f-294e-cfb1d255b56d" executionId="92cb44f2-b787-4ab2-a2d0-7cefadb2d944" testListId="8c84fa94-04c1-424b-9868-57a2d4851a1d" />
  </TestEntries>
  <Results>
    <UnitTestResult executionId="92cb44f2-b787-4ab2-a2d0-7cefadb2d944" testId="bd3ce8e7-67f2-446f-294e-cfb1d255b56d" testName="CreateUserTest" computerName="DERRICK-PC" duration="00:00:00.2831711" startTime="2015-01-05T01:30:36.5641130+01:00" endTime="2015-01-05T01:30:37.0361434+01:00" testType="13cdc9d9-ddb5-4fa4-a97d-d965ccfc6d4b" outcome="Passed" testListId="8c84fa94-04c1-424b-9868-57a2d4851a1d" relativeResultsDirectory="92cb44f2-b787-4ab2-a2d0-7cefadb2d944">
    </UnitTestResult>
  </Results>
</TestRun>