<?xml version="1.0" encoding="UTF-8"?>
<TestRun id="90201bb7-90da-4583-99d5-47b603c9d899" name="WARHAMMER@DERRICK-PC 2015-01-05 01:28:48" runUser="Derrick-PC\WARHAMMER" xmlns="http://microsoft.com/schemas/VisualStudio/TeamTest/2010">
  <TestSettings name="Default Test Settings" id="7d9fdc66-02ac-4bd9-b2a2-3623cb348667">
    <Deployment runDeploymentRoot="WARHAMMER_DERRICK-PC 2015-01-05 01_28_48">
      <DeploymentItem filename="E:\Desktop\School\BSc\Semester 1\Software Engineering\TRALALA\DataAccess\bin\Debug\DataAccess.dll" />
      <DeploymentItem filename="E:\Desktop\School\BSc\Semester 1\Software Engineering\TRALALA\Common\bin\Debug\Common.dll" />
      <DeploymentItem filename="E:\Desktop\School\BSc\Semester 1\Software Engineering\TRALALA\SEImplementation\bin\SEImplementation.dll" />
    </Deployment>
    <Execution>
      <TestTypeSpecific />
      <AgentRule name="Execution Agents">
      </AgentRule>
    </Execution>
  </TestSettings>
  <Times creation="2015-01-05T01:28:48.0367782+01:00" queuing="2015-01-05T01:28:50.3339129+01:00" start="2015-01-05T01:28:50.4759207+01:00" finish="2015-01-05T01:29:05.9648253+01:00" />
  <ResultSummary outcome="Error">
    <Counters total="7" executed="5" passed="4" error="0" failed="0" timeout="0" aborted="1" inconclusive="0" passedButRunAborted="0" notRunnable="0" notExecuted="2" disconnected="0" warning="0" completed="0" inProgress="0" pending="0" />
    <RunInfos>
      <RunInfo computerName="DERRICK-PC" outcome="Error" timestamp="2015-01-05T01:29:05.9638242+01:00">
        <Text>Test host process exited unexpectedly.</Text>
      </RunInfo>
    </RunInfos>
  </ResultSummary>
  <TestDefinitions>
    <UnitTest name="CreateUserTest" storage="e:\desktop\school\bsc\semester 1\software engineering\tralala\seimplementation.tests\bin\debug\seimplementation.tests.dll" id="bd3ce8e7-67f2-446f-294e-cfb1d255b56d">
      <Execution id="a64816c1-3210-4b9d-9360-f63e75e860f2" />
      <TestMethod codeBase="E:/Desktop/School/BSc/Semester 1/Software Engineering/TRALALA/SEImplementation.Tests/bin/Debug/SEImplementation.Tests.DLL" adapterTypeName="Microsoft.VisualStudio.TestTools.TestTypes.Unit.UnitTestAdapter, Microsoft.VisualStudio.QualityTools.Tips.UnitTest.Adapter, Version=10.0.0.0, Culture=neutral, PublicKeyToken=b03f5f7f11d50a3a" className="SEImplementation.Tests.UserRepoTest, SEImplementation.Tests, Version=1.0.0.0, Culture=neutral, PublicKeyToken=null" name="CreateUserTest" />
    </UnitTest>
    <UnitTest name="DeleteUserTest" storage="e:\desktop\school\bsc\semester 1\software engineering\tralala\seimplementation.tests\bin\debug\seimplementation.tests.dll" id="325e9a0b-1a8b-0624-c6cc-2e77484e8c7d">
      <Execution id="e53c2780-6c35-4216-b756-6f34874bfc96" />
      <TestMethod codeBase="E:/Desktop/School/BSc/Semester 1/Software Engineering/TRALALA/SEImplementation.Tests/bin/Debug/SEImplementation.Tests.DLL" adapterTypeName="Microsoft.VisualStudio.TestTools.TestTypes.Unit.UnitTestAdapter, Microsoft.VisualStudio.QualityTools.Tips.UnitTest.Adapter, Version=10.0.0.0, Culture=neutral, PublicKeyToken=b03f5f7f11d50a3a" className="SEImplementation.Tests.UserRepoTest, SEImplementation.Tests, Version=1.0.0.0, Culture=neutral, PublicKeyToken=null" name="DeleteUserTest" />
    </UnitTest>
    <UnitTest name="GetUserByUsernameTest" storage="e:\desktop\school\bsc\semester 1\software engineering\tralala\seimplementation.tests\bin\debug\seimplementation.tests.dll" id="ec8bbd1b-8ee6-1ff7-1824-c28c2a1d3e20">
      <Execution id="01406f5c-bf5c-4639-95da-ee305c3391fd" />
      <TestMethod codeBase="E:/Desktop/School/BSc/Semester 1/Software Engineering/TRALALA/SEImplementation.Tests/bin/Debug/SEImplementation.Tests.DLL" adapterTypeName="Microsoft.VisualStudio.TestTools.TestTypes.Unit.UnitTestAdapter, Microsoft.VisualStudio.QualityTools.Tips.UnitTest.Adapter, Version=10.0.0.0, Culture=neutral, PublicKeyToken=b03f5f7f11d50a3a" className="SEImplementation.Tests.UserRepoTest, SEImplementation.Tests, Version=1.0.0.0, Culture=neutral, PublicKeyToken=null" name="GetUserByUsernameTest" />
    </UnitTest>
    <UnitTest name="Index" storage="e:\desktop\school\bsc\semester 1\software engineering\tralala\seimplementation.tests\bin\debug\seimplementation.tests.dll" id="14a4c32a-bf2f-de71-b2c7-f05eef3ab4e9">
      <Execution id="07c89892-442d-46a7-bc8b-ff436e6ca333" />
      <TestMethod codeBase="E:/Desktop/School/BSc/Semester 1/Software Engineering/TRALALA/SEImplementation.Tests/bin/Debug/SEImplementation.Tests.DLL" adapterTypeName="Microsoft.VisualStudio.TestTools.TestTypes.Unit.UnitTestAdapter, Microsoft.VisualStudio.QualityTools.Tips.UnitTest.Adapter, Version=10.0.0.0, Culture=neutral, PublicKeyToken=b03f5f7f11d50a3a" className="SEImplementation.Tests.Controllers.HomeControllerTest, SEImplementation.Tests, Version=1.0.0.0, Culture=neutral, PublicKeyToken=null" name="Index" />
    </UnitTest>
    <UnitTest name="GetUserByIDTest" storage="e:\desktop\school\bsc\semester 1\software engineering\tralala\seimplementation.tests\bin\debug\seimplementation.tests.dll" id="ddf30861-807c-6f7d-5ed9-4f63b3ff6080">
      <Execution id="0cb4498f-3734-4445-a750-5a30d2ecda26" />
      <TestMethod codeBase="E:/Desktop/School/BSc/Semester 1/Software Engineering/TRALALA/SEImplementation.Tests/bin/Debug/SEImplementation.Tests.DLL" adapterTypeName="Microsoft.VisualStudio.TestTools.TestTypes.Unit.UnitTestAdapter, Microsoft.VisualStudio.QualityTools.Tips.UnitTest.Adapter, Version=10.0.0.0, Culture=neutral, PublicKeyToken=b03f5f7f11d50a3a" className="SEImplementation.Tests.UserRepoTest, SEImplementation.Tests, Version=1.0.0.0, Culture=neutral, PublicKeyToken=null" name="GetUserByIDTest" />
    </UnitTest>
    <UnitTest name="GetAllUsersTest" storage="e:\desktop\school\bsc\semester 1\software engineering\tralala\seimplementation.tests\bin\debug\seimplementation.tests.dll" id="91c931a0-8e27-b634-f7fd-fc87c453c837">
      <Execution id="175bedde-88f1-4432-b8a8-d336ccb8e81a" />
      <TestMethod codeBase="E:/Desktop/School/BSc/Semester 1/Software Engineering/TRALALA/SEImplementation.Tests/bin/Debug/SEImplementation.Tests.DLL" adapterTypeName="Microsoft.VisualStudio.TestTools.TestTypes.Unit.UnitTestAdapter, Microsoft.VisualStudio.QualityTools.Tips.UnitTest.Adapter, Version=10.0.0.0, Culture=neutral, PublicKeyToken=b03f5f7f11d50a3a" className="SEImplementation.Tests.UserRepoTest, SEImplementation.Tests, Version=1.0.0.0, Culture=neutral, PublicKeyToken=null" name="GetAllUsersTest" />
    </UnitTest>
    <UnitTest name="UpdateUserTest" storage="e:\desktop\school\bsc\semester 1\software engineering\tralala\seimplementation.tests\bin\debug\seimplementation.tests.dll" id="3de2c917-9b55-35e9-85e0-6adb4dc06e84">
      <Execution id="3e27c4cd-b35b-4f66-867b-b55dd44ecb73" />
      <TestMethod codeBase="E:/Desktop/School/BSc/Semester 1/Software Engineering/TRALALA/SEImplementation.Tests/bin/Debug/SEImplementation.Tests.DLL" adapterTypeName="Microsoft.VisualStudio.TestTools.TestTypes.Unit.UnitTestAdapter, Microsoft.VisualStudio.QualityTools.Tips.UnitTest.Adapter, Version=10.0.0.0, Culture=neutral, PublicKeyToken=b03f5f7f11d50a3a" className="SEImplementation.Tests.UserRepoTest, SEImplementation.Tests, Version=1.0.0.0, Culture=neutral, PublicKeyToken=null" name="UpdateUserTest" />
    </UnitTest>
  </TestDefinitions>
  <TestLists>
    <TestList name="Results Not in a List" id="8c84fa94-04c1-424b-9868-57a2d4851a1d" />
    <TestList name="All Loaded Results" id="19431567-8539-422a-85d7-44ee4e166bda" />
  </TestLists>
  <TestEntries>
    <TestEntry testId="14a4c32a-bf2f-de71-b2c7-f05eef3ab4e9" executionId="07c89892-442d-46a7-bc8b-ff436e6ca333" testListId="8c84fa94-04c1-424b-9868-57a2d4851a1d" />
    <TestEntry testId="325e9a0b-1a8b-0624-c6cc-2e77484e8c7d" executionId="e53c2780-6c35-4216-b756-6f34874bfc96" testListId="8c84fa94-04c1-424b-9868-57a2d4851a1d" />
    <TestEntry testId="3de2c917-9b55-35e9-85e0-6adb4dc06e84" executionId="3e27c4cd-b35b-4f66-867b-b55dd44ecb73" testListId="8c84fa94-04c1-424b-9868-57a2d4851a1d" />
    <TestEntry testId="91c931a0-8e27-b634-f7fd-fc87c453c837" executionId="175bedde-88f1-4432-b8a8-d336ccb8e81a" testListId="8c84fa94-04c1-424b-9868-57a2d4851a1d" />
    <TestEntry testId="bd3ce8e7-67f2-446f-294e-cfb1d255b56d" executionId="a64816c1-3210-4b9d-9360-f63e75e860f2" testListId="8c84fa94-04c1-424b-9868-57a2d4851a1d" />
    <TestEntry testId="ddf30861-807c-6f7d-5ed9-4f63b3ff6080" executionId="0cb4498f-3734-4445-a750-5a30d2ecda26" testListId="8c84fa94-04c1-424b-9868-57a2d4851a1d" />
    <TestEntry testId="ec8bbd1b-8ee6-1ff7-1824-c28c2a1d3e20" executionId="01406f5c-bf5c-4639-95da-ee305c3391fd" testListId="8c84fa94-04c1-424b-9868-57a2d4851a1d" />
  </TestEntries>
  <Results>
    <UnitTestResult executionId="07c89892-442d-46a7-bc8b-ff436e6ca333" testId="14a4c32a-bf2f-de71-b2c7-f05eef3ab4e9" testName="Index" computerName="DERRICK-PC" duration="00:00:00.2437555" startTime="2015-01-05T01:28:50.6189312+01:00" endTime="2015-01-05T01:28:51.3109727+01:00" testType="13cdc9d9-ddb5-4fa4-a97d-d965ccfc6d4b" outcome="Passed" testListId="8c84fa94-04c1-424b-9868-57a2d4851a1d" relativeResultsDirectory="07c89892-442d-46a7-bc8b-ff436e6ca333">
    </UnitTestResult>
    <UnitTestResult executionId="e53c2780-6c35-4216-b756-6f34874bfc96" testId="325e9a0b-1a8b-0624-c6cc-2e77484e8c7d" testName="DeleteUserTest" computerName="DERRICK-PC" duration="00:00:00.4680239" startTime="2015-01-05T01:28:51.3159698+01:00" endTime="2015-01-05T01:28:51.7889967+01:00" testType="13cdc9d9-ddb5-4fa4-a97d-d965ccfc6d4b" outcome="Passed" testListId="8c84fa94-04c1-424b-9868-57a2d4851a1d" relativeResultsDirectory="e53c2780-6c35-4216-b756-6f34874bfc96">
    </UnitTestResult>
    <UnitTestResult executionId="3e27c4cd-b35b-4f66-867b-b55dd44ecb73" testId="3de2c917-9b55-35e9-85e0-6adb4dc06e84" testName="UpdateUserTest" computerName="DERRICK-PC" duration="00:00:00.0050500" startTime="2015-01-05T01:28:51.7939985+01:00" endTime="2015-01-05T01:28:51.8029986+01:00" testType="13cdc9d9-ddb5-4fa4-a97d-d965ccfc6d4b" outcome="Passed" testListId="8c84fa94-04c1-424b-9868-57a2d4851a1d" relativeResultsDirectory="3e27c4cd-b35b-4f66-867b-b55dd44ecb73">
    </UnitTestResult>
    <UnitTestResult executionId="175bedde-88f1-4432-b8a8-d336ccb8e81a" testId="91c931a0-8e27-b634-f7fd-fc87c453c837" testName="GetAllUsersTest" computerName="DERRICK-PC" duration="00:00:00.0006164" startTime="2015-01-05T01:28:51.8070004+01:00" endTime="2015-01-05T01:28:51.8119991+01:00" testType="13cdc9d9-ddb5-4fa4-a97d-d965ccfc6d4b" outcome="Passed" testListId="8c84fa94-04c1-424b-9868-57a2d4851a1d" relativeResultsDirectory="175bedde-88f1-4432-b8a8-d336ccb8e81a">
    </UnitTestResult>
    <UnitTestResult executionId="a64816c1-3210-4b9d-9360-f63e75e860f2" testId="bd3ce8e7-67f2-446f-294e-cfb1d255b56d" testName="CreateUserTest" computerName="DERRICK-PC" duration="00:00:14.1478260" startTime="2015-01-05T01:28:51.8159982+01:00" endTime="2015-01-05T01:29:05.9638242+01:00" testType="13cdc9d9-ddb5-4fa4-a97d-d965ccfc6d4b" outcome="Aborted" testListId="8c84fa94-04c1-424b-9868-57a2d4851a1d" relativeResultsDirectory="a64816c1-3210-4b9d-9360-f63e75e860f2">
    </UnitTestResult>
    <UnitTestResult executionId="0cb4498f-3734-4445-a750-5a30d2ecda26" testId="ddf30861-807c-6f7d-5ed9-4f63b3ff6080" testName="GetUserByIDTest" computerName="DERRICK-PC" testType="13cdc9d9-ddb5-4fa4-a97d-d965ccfc6d4b" outcome="NotExecuted" testListId="8c84fa94-04c1-424b-9868-57a2d4851a1d" relativeResultsDirectory="0cb4498f-3734-4445-a750-5a30d2ecda26">
    </UnitTestResult>
    <UnitTestResult executionId="01406f5c-bf5c-4639-95da-ee305c3391fd" testId="ec8bbd1b-8ee6-1ff7-1824-c28c2a1d3e20" testName="GetUserByUsernameTest" computerName="DERRICK-PC" testType="13cdc9d9-ddb5-4fa4-a97d-d965ccfc6d4b" outcome="NotExecuted" testListId="8c84fa94-04c1-424b-9868-57a2d4851a1d" relativeResultsDirectory="01406f5c-bf5c-4639-95da-ee305c3391fd">
    </UnitTestResult>
  </Results>
</TestRun>