<?xml version="1.0" encoding="UTF-8"?>
<TestRun id="aec917ae-236d-42a8-8b63-02938bb50dd2" name="WARHAMMER@DERRICK-PC 2015-01-05 01:22:02" runUser="Derrick-PC\WARHAMMER" xmlns="http://microsoft.com/schemas/VisualStudio/TeamTest/2010">
  <TestSettings name="Default Test Settings" id="a00a95be-9f9e-4627-9af5-0157538fc8f2">
    <Deployment runDeploymentRoot="WARHAMMER_DERRICK-PC 2015-01-05 01_22_02">
      <DeploymentItem filename="E:\Desktop\School\BSc\Semester 1\Software Engineering\TRALALA\DataAccess\bin\Debug\DataAccess.dll" />
      <DeploymentItem filename="E:\Desktop\School\BSc\Semester 1\Software Engineering\TRALALA\Common\bin\Debug\Common.dll" />
      <DeploymentItem filename="E:\Desktop\School\BSc\Semester 1\Software Engineering\TRALALA\SEImplementation\bin\SEImplementation.dll" />
    </Deployment>
    <Execution>
      <TestTypeSpecific />
      <AgentRule name="Execution Agents">
      </AgentRule>
    </Execution>
  </TestSettings>
  <Times creation="2015-01-05T01:22:02.1450836+01:00" queuing="2015-01-05T01:22:03.5331676+01:00" start="2015-01-05T01:22:03.5381651+01:00" finish="2015-01-05T01:22:03.9171873+01:00" />
  <ResultSummary outcome="Failed">
    <Counters total="7" executed="7" passed="6" error="0" failed="1" timeout="0" aborted="0" inconclusive="0" passedButRunAborted="0" notRunnable="0" notExecuted="0" disconnected="0" warning="0" completed="0" inProgress="0" pending="0" />
  </ResultSummary>
  <TestDefinitions>
    <UnitTest name="CreateUserTest" storage="e:\desktop\school\bsc\semester 1\software engineering\tralala\seimplementation.tests\bin\debug\seimplementation.tests.dll" id="bd3ce8e7-67f2-446f-294e-cfb1d255b56d">
      <Execution id="788f3053-989f-4bf0-b15e-55af19562450" />
      <TestMethod codeBase="E:/Desktop/School/BSc/Semester 1/Software Engineering/TRALALA/SEImplementation.Tests/bin/Debug/SEImplementation.Tests.DLL" adapterTypeName="Microsoft.VisualStudio.TestTools.TestTypes.Unit.UnitTestAdapter, Microsoft.VisualStudio.QualityTools.Tips.UnitTest.Adapter, Version=10.0.0.0, Culture=neutral, PublicKeyToken=b03f5f7f11d50a3a" className="SEImplementation.Tests.UserRepoTest, SEImplementation.Tests, Version=1.0.0.0, Culture=neutral, PublicKeyToken=null" name="CreateUserTest" />
    </UnitTest>
    <UnitTest name="DeleteUserTest" storage="e:\desktop\school\bsc\semester 1\software engineering\tralala\seimplementation.tests\bin\debug\seimplementation.tests.dll" id="325e9a0b-1a8b-0624-c6cc-2e77484e8c7d">
      <Execution id="2b64c3dd-6431-4a5c-b66f-467bc49b85be" />
      <TestMethod codeBase="E:/Desktop/School/BSc/Semester 1/Software Engineering/TRALALA/SEImplementation.Tests/bin/Debug/SEImplementation.Tests.DLL" adapterTypeName="Microsoft.VisualStudio.TestTools.TestTypes.Unit.UnitTestAdapter, Microsoft.VisualStudio.QualityTools.Tips.UnitTest.Adapter, Version=10.0.0.0, Culture=neutral, PublicKeyToken=b03f5f7f11d50a3a" className="SEImplementation.Tests.UserRepoTest, SEImplementation.Tests, Version=1.0.0.0, Culture=neutral, PublicKeyToken=null" name="DeleteUserTest" />
    </UnitTest>
    <UnitTest name="GetUserByUsernameTest" storage="e:\desktop\school\bsc\semester 1\software engineering\tralala\seimplementation.tests\bin\debug\seimplementation.tests.dll" id="ec8bbd1b-8ee6-1ff7-1824-c28c2a1d3e20">
      <Execution id="df851e7c-b2aa-41c1-ab5d-3307919f308e" />
      <TestMethod codeBase="E:/Desktop/School/BSc/Semester 1/Software Engineering/TRALALA/SEImplementation.Tests/bin/Debug/SEImplementation.Tests.DLL" adapterTypeName="Microsoft.VisualStudio.TestTools.TestTypes.Unit.UnitTestAdapter, Microsoft.VisualStudio.QualityTools.Tips.UnitTest.Adapter, Version=10.0.0.0, Culture=neutral, PublicKeyToken=b03f5f7f11d50a3a" className="SEImplementation.Tests.UserRepoTest, SEImplementation.Tests, Version=1.0.0.0, Culture=neutral, PublicKeyToken=null" name="GetUserByUsernameTest" />
    </UnitTest>
    <UnitTest name="Index" storage="e:\desktop\school\bsc\semester 1\software engineering\tralala\seimplementation.tests\bin\debug\seimplementation.tests.dll" id="14a4c32a-bf2f-de71-b2c7-f05eef3ab4e9">
      <Execution id="43a96bfc-76c6-4455-9e90-a3e2e345c595" />
      <TestMethod codeBase="E:/Desktop/School/BSc/Semester 1/Software Engineering/TRALALA/SEImplementation.Tests/bin/Debug/SEImplementation.Tests.DLL" adapterTypeName="Microsoft.VisualStudio.TestTools.TestTypes.Unit.UnitTestAdapter, Microsoft.VisualStudio.QualityTools.Tips.UnitTest.Adapter, Version=10.0.0.0, Culture=neutral, PublicKeyToken=b03f5f7f11d50a3a" className="SEImplementation.Tests.Controllers.HomeControllerTest, SEImplementation.Tests, Version=1.0.0.0, Culture=neutral, PublicKeyToken=null" name="Index" />
    </UnitTest>
    <UnitTest name="GetUserByIDTest" storage="e:\desktop\school\bsc\semester 1\software engineering\tralala\seimplementation.tests\bin\debug\seimplementation.tests.dll" id="ddf30861-807c-6f7d-5ed9-4f63b3ff6080">
      <Execution id="91dd3082-c7c2-43a9-a7a4-005272a90529" />
      <TestMethod codeBase="E:/Desktop/School/BSc/Semester 1/Software Engineering/TRALALA/SEImplementation.Tests/bin/Debug/SEImplementation.Tests.DLL" adapterTypeName="Microsoft.VisualStudio.TestTools.TestTypes.Unit.UnitTestAdapter, Microsoft.VisualStudio.QualityTools.Tips.UnitTest.Adapter, Version=10.0.0.0, Culture=neutral, PublicKeyToken=b03f5f7f11d50a3a" className="SEImplementation.Tests.UserRepoTest, SEImplementation.Tests, Version=1.0.0.0, Culture=neutral, PublicKeyToken=null" name="GetUserByIDTest" />
    </UnitTest>
    <UnitTest name="GetAllUsersTest" storage="e:\desktop\school\bsc\semester 1\software engineering\tralala\seimplementation.tests\bin\debug\seimplementation.tests.dll" id="91c931a0-8e27-b634-f7fd-fc87c453c837">
      <Execution id="7d06f6f2-a442-4092-a2da-fa0a1a1c0734" />
      <TestMethod codeBase="E:/Desktop/School/BSc/Semester 1/Software Engineering/TRALALA/SEImplementation.Tests/bin/Debug/SEImplementation.Tests.DLL" adapterTypeName="Microsoft.VisualStudio.TestTools.TestTypes.Unit.UnitTestAdapter, Microsoft.VisualStudio.QualityTools.Tips.UnitTest.Adapter, Version=10.0.0.0, Culture=neutral, PublicKeyToken=b03f5f7f11d50a3a" className="SEImplementation.Tests.UserRepoTest, SEImplementation.Tests, Version=1.0.0.0, Culture=neutral, PublicKeyToken=null" name="GetAllUsersTest" />
    </UnitTest>
    <UnitTest name="UpdateUserTest" storage="e:\desktop\school\bsc\semester 1\software engineering\tralala\seimplementation.tests\bin\debug\seimplementation.tests.dll" id="3de2c917-9b55-35e9-85e0-6adb4dc06e84">
      <Execution id="a7602501-1ba0-4417-86a7-9e600241ccf6" />
      <TestMethod codeBase="E:/Desktop/School/BSc/Semester 1/Software Engineering/TRALALA/SEImplementation.Tests/bin/Debug/SEImplementation.Tests.DLL" adapterTypeName="Microsoft.VisualStudio.TestTools.TestTypes.Unit.UnitTestAdapter, Microsoft.VisualStudio.QualityTools.Tips.UnitTest.Adapter, Version=10.0.0.0, Culture=neutral, PublicKeyToken=b03f5f7f11d50a3a" className="SEImplementation.Tests.UserRepoTest, SEImplementation.Tests, Version=1.0.0.0, Culture=neutral, PublicKeyToken=null" name="UpdateUserTest" />
    </UnitTest>
  </TestDefinitions>
  <TestLists>
    <TestList name="Results Not in a List" id="8c84fa94-04c1-424b-9868-57a2d4851a1d" />
    <TestList name="All Loaded Results" id="19431567-8539-422a-85d7-44ee4e166bda" />
  </TestLists>
  <TestEntries>
    <TestEntry testId="14a4c32a-bf2f-de71-b2c7-f05eef3ab4e9" executionId="43a96bfc-76c6-4455-9e90-a3e2e345c595" testListId="8c84fa94-04c1-424b-9868-57a2d4851a1d" />
    <TestEntry testId="325e9a0b-1a8b-0624-c6cc-2e77484e8c7d" executionId="2b64c3dd-6431-4a5c-b66f-467bc49b85be" testListId="8c84fa94-04c1-424b-9868-57a2d4851a1d" />
    <TestEntry testId="3de2c917-9b55-35e9-85e0-6adb4dc06e84" executionId="a7602501-1ba0-4417-86a7-9e600241ccf6" testListId="8c84fa94-04c1-424b-9868-57a2d4851a1d" />
    <TestEntry testId="91c931a0-8e27-b634-f7fd-fc87c453c837" executionId="7d06f6f2-a442-4092-a2da-fa0a1a1c0734" testListId="8c84fa94-04c1-424b-9868-57a2d4851a1d" />
    <TestEntry testId="bd3ce8e7-67f2-446f-294e-cfb1d255b56d" executionId="788f3053-989f-4bf0-b15e-55af19562450" testListId="8c84fa94-04c1-424b-9868-57a2d4851a1d" />
    <TestEntry testId="ddf30861-807c-6f7d-5ed9-4f63b3ff6080" executionId="91dd3082-c7c2-43a9-a7a4-005272a90529" testListId="8c84fa94-04c1-424b-9868-57a2d4851a1d" />
    <TestEntry testId="ec8bbd1b-8ee6-1ff7-1824-c28c2a1d3e20" executionId="df851e7c-b2aa-41c1-ab5d-3307919f308e" testListId="8c84fa94-04c1-424b-9868-57a2d4851a1d" />
  </TestEntries>
  <Results>
    <UnitTestResult executionId="43a96bfc-76c6-4455-9e90-a3e2e345c595" testId="14a4c32a-bf2f-de71-b2c7-f05eef3ab4e9" testName="Index" computerName="DERRICK-PC" duration="00:00:00.0347399" startTime="2015-01-05T01:22:03.5421658+01:00" endTime="2015-01-05T01:22:03.7511780+01:00" testType="13cdc9d9-ddb5-4fa4-a97d-d965ccfc6d4b" outcome="Passed" testListId="8c84fa94-04c1-424b-9868-57a2d4851a1d" relativeResultsDirectory="43a96bfc-76c6-4455-9e90-a3e2e345c595">
    </UnitTestResult>
    <UnitTestResult executionId="2b64c3dd-6431-4a5c-b66f-467bc49b85be" testId="325e9a0b-1a8b-0624-c6cc-2e77484e8c7d" testName="DeleteUserTest" computerName="DERRICK-PC" duration="00:00:00.1013653" startTime="2015-01-05T01:22:03.7531787+01:00" endTime="2015-01-05T01:22:03.8571842+01:00" testType="13cdc9d9-ddb5-4fa4-a97d-d965ccfc6d4b" outcome="Passed" testListId="8c84fa94-04c1-424b-9868-57a2d4851a1d" relativeResultsDirectory="2b64c3dd-6431-4a5c-b66f-467bc49b85be">
    </UnitTestResult>
    <UnitTestResult executionId="a7602501-1ba0-4417-86a7-9e600241ccf6" testId="3de2c917-9b55-35e9-85e0-6adb4dc06e84" testName="UpdateUserTest" computerName="DERRICK-PC" duration="00:00:00.0044833" startTime="2015-01-05T01:22:03.8591865+01:00" endTime="2015-01-05T01:22:03.8661840+01:00" testType="13cdc9d9-ddb5-4fa4-a97d-d965ccfc6d4b" outcome="Passed" testListId="8c84fa94-04c1-424b-9868-57a2d4851a1d" relativeResultsDirectory="a7602501-1ba0-4417-86a7-9e600241ccf6">
    </UnitTestResult>
    <UnitTestResult executionId="7d06f6f2-a442-4092-a2da-fa0a1a1c0734" testId="91c931a0-8e27-b634-f7fd-fc87c453c837" testName="GetAllUsersTest" computerName="DERRICK-PC" duration="00:00:00.0004827" startTime="2015-01-05T01:22:03.8671843+01:00" endTime="2015-01-05T01:22:03.8701854+01:00" testType="13cdc9d9-ddb5-4fa4-a97d-d965ccfc6d4b" outcome="Passed" testListId="8c84fa94-04c1-424b-9868-57a2d4851a1d" relativeResultsDirectory="7d06f6f2-a442-4092-a2da-fa0a1a1c0734">
    </UnitTestResult>
    <UnitTestResult executionId="788f3053-989f-4bf0-b15e-55af19562450" testId="bd3ce8e7-67f2-446f-294e-cfb1d255b56d" testName="CreateUserTest" computerName="DERRICK-PC" duration="00:00:00.0129911" startTime="2015-01-05T01:22:03.8721857+01:00" endTime="2015-01-05T01:22:03.8881859+01:00" testType="13cdc9d9-ddb5-4fa4-a97d-d965ccfc6d4b" outcome="Failed" testListId="8c84fa94-04c1-424b-9868-57a2d4851a1d" relativeResultsDirectory="788f3053-989f-4bf0-b15e-55af19562450">
      <Output>
        <ErrorInfo>
          <Message>Test method SEImplementation.Tests.UserRepoTest.CreateUserTest threw exception: 
System.ArgumentNullException: Value cannot be null.
Parameter name: entity</Message>
          <StackTrace>    at System.Data.Objects.ObjectContext.AddObject(String entitySetName, Object entity)
   at Common.SEshopEntities.AddToUsers(User user) in E:\Desktop\School\BSc\Semester 1\Software Engineering\TRALALA\Common\SEDB.Designer.cs:line 199
   at DataAccess.Repos.UserRepo.CreateUser(User entry) in E:\Desktop\School\BSc\Semester 1\Software Engineering\TRALALA\DataAccess\Repos\UserRepo.cs:line 19
   at SEImplementation.Tests.UserRepoTest.CreateUserTest() in E:\Desktop\School\BSc\Semester 1\Software Engineering\TRALALA\SEImplementation.Tests\UserRepoTest.cs:line 181
</StackTrace>
        </ErrorInfo>
      </Output>
    </UnitTestResult>
    <UnitTestResult executionId="91dd3082-c7c2-43a9-a7a4-005272a90529" testId="ddf30861-807c-6f7d-5ed9-4f63b3ff6080" testName="GetUserByIDTest" computerName="DERRICK-PC" duration="00:00:00.0037883" startTime="2015-01-05T01:22:03.8891867+01:00" endTime="2015-01-05T01:22:03.8961865+01:00" testType="13cdc9d9-ddb5-4fa4-a97d-d965ccfc6d4b" outcome="Passed" testListId="8c84fa94-04c1-424b-9868-57a2d4851a1d" relativeResultsDirectory="91dd3082-c7c2-43a9-a7a4-005272a90529">
    </UnitTestResult>
    <UnitTestResult executionId="df851e7c-b2aa-41c1-ab5d-3307919f308e" testId="ec8bbd1b-8ee6-1ff7-1824-c28c2a1d3e20" testName="GetUserByUsernameTest" computerName="DERRICK-PC" duration="00:00:00.0050852" startTime="2015-01-05T01:22:03.8981856+01:00" endTime="2015-01-05T01:22:03.9061861+01:00" testType="13cdc9d9-ddb5-4fa4-a97d-d965ccfc6d4b" outcome="Passed" testListId="8c84fa94-04c1-424b-9868-57a2d4851a1d" relativeResultsDirectory="df851e7c-b2aa-41c1-ab5d-3307919f308e">
    </UnitTestResult>
  </Results>
</TestRun>