<?xml version="1.0" encoding="UTF-8"?>
<TestRun id="61910df6-51ef-414c-95c2-cd4f31af2626" name="WARHAMMER@DERRICK-PC 2015-01-05 01:51:45" runUser="Derrick-PC\WARHAMMER" xmlns="http://microsoft.com/schemas/VisualStudio/TeamTest/2010">
  <TestSettings name="Default Test Settings" id="582fe8fa-ed50-4c52-bbe9-58520bc80849">
    <Deployment runDeploymentRoot="WARHAMMER_DERRICK-PC 2015-01-05 01_51_45">
      <DeploymentItem filename="E:\Desktop\School\BSc\Semester 1\Software Engineering\TRALALA\DataAccess\bin\Debug\DataAccess.dll" />
      <DeploymentItem filename="E:\Desktop\School\BSc\Semester 1\Software Engineering\TRALALA\Common\bin\Debug\Common.dll" />
      <DeploymentItem filename="E:\Desktop\School\BSc\Semester 1\Software Engineering\TRALALA\SEImplementation\bin\SEImplementation.dll" />
    </Deployment>
    <Execution>
      <TestTypeSpecific />
      <AgentRule name="Execution Agents">
      </AgentRule>
    </Execution>
  </TestSettings>
  <Times creation="2015-01-05T01:51:45.2611746+01:00" queuing="2015-01-05T01:51:46.7042606+01:00" start="2015-01-05T01:51:46.7122585+01:00" finish="2015-01-05T01:51:47.1922886+01:00" />
  <ResultSummary outcome="Failed">
    <Counters total="7" executed="7" passed="6" error="0" failed="1" timeout="0" aborted="0" inconclusive="0" passedButRunAborted="0" notRunnable="0" notExecuted="0" disconnected="0" warning="0" completed="0" inProgress="0" pending="0" />
  </ResultSummary>
  <TestDefinitions>
    <UnitTest name="CreateUserTest" storage="e:\desktop\school\bsc\semester 1\software engineering\tralala\seimplementation.tests\bin\debug\seimplementation.tests.dll" id="bd3ce8e7-67f2-446f-294e-cfb1d255b56d">
      <Execution id="57c50e78-6136-4dcc-b66d-3454740de743" />
      <TestMethod codeBase="E:/Desktop/School/BSc/Semester 1/Software Engineering/TRALALA/SEImplementation.Tests/bin/Debug/SEImplementation.Tests.DLL" adapterTypeName="Microsoft.VisualStudio.TestTools.TestTypes.Unit.UnitTestAdapter, Microsoft.VisualStudio.QualityTools.Tips.UnitTest.Adapter, Version=10.0.0.0, Culture=neutral, PublicKeyToken=b03f5f7f11d50a3a" className="SEImplementation.Tests.UserRepoTest, SEImplementation.Tests, Version=1.0.0.0, Culture=neutral, PublicKeyToken=null" name="CreateUserTest" />
    </UnitTest>
    <UnitTest name="DeleteUserTest" storage="e:\desktop\school\bsc\semester 1\software engineering\tralala\seimplementation.tests\bin\debug\seimplementation.tests.dll" id="325e9a0b-1a8b-0624-c6cc-2e77484e8c7d">
      <Execution id="ebdc57b3-880e-4f35-8f56-65f53e3473b6" />
      <TestMethod codeBase="E:/Desktop/School/BSc/Semester 1/Software Engineering/TRALALA/SEImplementation.Tests/bin/Debug/SEImplementation.Tests.DLL" adapterTypeName="Microsoft.VisualStudio.TestTools.TestTypes.Unit.UnitTestAdapter, Microsoft.VisualStudio.QualityTools.Tips.UnitTest.Adapter, Version=10.0.0.0, Culture=neutral, PublicKeyToken=b03f5f7f11d50a3a" className="SEImplementation.Tests.UserRepoTest, SEImplementation.Tests, Version=1.0.0.0, Culture=neutral, PublicKeyToken=null" name="DeleteUserTest" />
    </UnitTest>
    <UnitTest name="GetUserByUsernameTest" storage="e:\desktop\school\bsc\semester 1\software engineering\tralala\seimplementation.tests\bin\debug\seimplementation.tests.dll" id="ec8bbd1b-8ee6-1ff7-1824-c28c2a1d3e20">
      <Execution id="b612df3b-abd5-4dbd-8d19-6c2183ed49d0" />
      <TestMethod codeBase="E:/Desktop/School/BSc/Semester 1/Software Engineering/TRALALA/SEImplementation.Tests/bin/Debug/SEImplementation.Tests.DLL" adapterTypeName="Microsoft.VisualStudio.TestTools.TestTypes.Unit.UnitTestAdapter, Microsoft.VisualStudio.QualityTools.Tips.UnitTest.Adapter, Version=10.0.0.0, Culture=neutral, PublicKeyToken=b03f5f7f11d50a3a" className="SEImplementation.Tests.UserRepoTest, SEImplementation.Tests, Version=1.0.0.0, Culture=neutral, PublicKeyToken=null" name="GetUserByUsernameTest" />
    </UnitTest>
    <UnitTest name="Index" storage="e:\desktop\school\bsc\semester 1\software engineering\tralala\seimplementation.tests\bin\debug\seimplementation.tests.dll" id="14a4c32a-bf2f-de71-b2c7-f05eef3ab4e9">
      <Execution id="a54aa0c4-63a4-4381-8f9e-0948d3bcd918" />
      <TestMethod codeBase="E:/Desktop/School/BSc/Semester 1/Software Engineering/TRALALA/SEImplementation.Tests/bin/Debug/SEImplementation.Tests.DLL" adapterTypeName="Microsoft.VisualStudio.TestTools.TestTypes.Unit.UnitTestAdapter, Microsoft.VisualStudio.QualityTools.Tips.UnitTest.Adapter, Version=10.0.0.0, Culture=neutral, PublicKeyToken=b03f5f7f11d50a3a" className="SEImplementation.Tests.Controllers.HomeControllerTest, SEImplementation.Tests, Version=1.0.0.0, Culture=neutral, PublicKeyToken=null" name="Index" />
    </UnitTest>
    <UnitTest name="GetUserByIDTest" storage="e:\desktop\school\bsc\semester 1\software engineering\tralala\seimplementation.tests\bin\debug\seimplementation.tests.dll" id="ddf30861-807c-6f7d-5ed9-4f63b3ff6080">
      <Execution id="c33ed31e-601d-4183-bead-16238325b0bf" />
      <TestMethod codeBase="E:/Desktop/School/BSc/Semester 1/Software Engineering/TRALALA/SEImplementation.Tests/bin/Debug/SEImplementation.Tests.DLL" adapterTypeName="Microsoft.VisualStudio.TestTools.TestTypes.Unit.UnitTestAdapter, Microsoft.VisualStudio.QualityTools.Tips.UnitTest.Adapter, Version=10.0.0.0, Culture=neutral, PublicKeyToken=b03f5f7f11d50a3a" className="SEImplementation.Tests.UserRepoTest, SEImplementation.Tests, Version=1.0.0.0, Culture=neutral, PublicKeyToken=null" name="GetUserByIDTest" />
    </UnitTest>
    <UnitTest name="GetAllUsersTest" storage="e:\desktop\school\bsc\semester 1\software engineering\tralala\seimplementation.tests\bin\debug\seimplementation.tests.dll" id="91c931a0-8e27-b634-f7fd-fc87c453c837">
      <Execution id="a3832efd-51ef-4f74-acba-03b7ebce8f26" />
      <TestMethod codeBase="E:/Desktop/School/BSc/Semester 1/Software Engineering/TRALALA/SEImplementation.Tests/bin/Debug/SEImplementation.Tests.DLL" adapterTypeName="Microsoft.VisualStudio.TestTools.TestTypes.Unit.UnitTestAdapter, Microsoft.VisualStudio.QualityTools.Tips.UnitTest.Adapter, Version=10.0.0.0, Culture=neutral, PublicKeyToken=b03f5f7f11d50a3a" className="SEImplementation.Tests.UserRepoTest, SEImplementation.Tests, Version=1.0.0.0, Culture=neutral, PublicKeyToken=null" name="GetAllUsersTest" />
    </UnitTest>
    <UnitTest name="UpdateUserTest" storage="e:\desktop\school\bsc\semester 1\software engineering\tralala\seimplementation.tests\bin\debug\seimplementation.tests.dll" id="3de2c917-9b55-35e9-85e0-6adb4dc06e84">
      <Execution id="9bd6a066-25f2-4720-8c9a-e531df769555" />
      <TestMethod codeBase="E:/Desktop/School/BSc/Semester 1/Software Engineering/TRALALA/SEImplementation.Tests/bin/Debug/SEImplementation.Tests.DLL" adapterTypeName="Microsoft.VisualStudio.TestTools.TestTypes.Unit.UnitTestAdapter, Microsoft.VisualStudio.QualityTools.Tips.UnitTest.Adapter, Version=10.0.0.0, Culture=neutral, PublicKeyToken=b03f5f7f11d50a3a" className="SEImplementation.Tests.UserRepoTest, SEImplementation.Tests, Version=1.0.0.0, Culture=neutral, PublicKeyToken=null" name="UpdateUserTest" />
    </UnitTest>
  </TestDefinitions>
  <TestLists>
    <TestList name="Results Not in a List" id="8c84fa94-04c1-424b-9868-57a2d4851a1d" />
    <TestList name="All Loaded Results" id="19431567-8539-422a-85d7-44ee4e166bda" />
  </TestLists>
  <TestEntries>
    <TestEntry testId="14a4c32a-bf2f-de71-b2c7-f05eef3ab4e9" executionId="a54aa0c4-63a4-4381-8f9e-0948d3bcd918" testListId="8c84fa94-04c1-424b-9868-57a2d4851a1d" />
    <TestEntry testId="325e9a0b-1a8b-0624-c6cc-2e77484e8c7d" executionId="ebdc57b3-880e-4f35-8f56-65f53e3473b6" testListId="8c84fa94-04c1-424b-9868-57a2d4851a1d" />
    <TestEntry testId="3de2c917-9b55-35e9-85e0-6adb4dc06e84" executionId="9bd6a066-25f2-4720-8c9a-e531df769555" testListId="8c84fa94-04c1-424b-9868-57a2d4851a1d" />
    <TestEntry testId="91c931a0-8e27-b634-f7fd-fc87c453c837" executionId="a3832efd-51ef-4f74-acba-03b7ebce8f26" testListId="8c84fa94-04c1-424b-9868-57a2d4851a1d" />
    <TestEntry testId="bd3ce8e7-67f2-446f-294e-cfb1d255b56d" executionId="57c50e78-6136-4dcc-b66d-3454740de743" testListId="8c84fa94-04c1-424b-9868-57a2d4851a1d" />
    <TestEntry testId="ddf30861-807c-6f7d-5ed9-4f63b3ff6080" executionId="c33ed31e-601d-4183-bead-16238325b0bf" testListId="8c84fa94-04c1-424b-9868-57a2d4851a1d" />
    <TestEntry testId="ec8bbd1b-8ee6-1ff7-1824-c28c2a1d3e20" executionId="b612df3b-abd5-4dbd-8d19-6c2183ed49d0" testListId="8c84fa94-04c1-424b-9868-57a2d4851a1d" />
  </TestEntries>
  <Results>
    <UnitTestResult executionId="a54aa0c4-63a4-4381-8f9e-0948d3bcd918" testId="14a4c32a-bf2f-de71-b2c7-f05eef3ab4e9" testName="Index" computerName="DERRICK-PC" duration="00:00:00.0386462" startTime="2015-01-05T01:51:46.7162603+01:00" endTime="2015-01-05T01:51:46.9082742+01:00" testType="13cdc9d9-ddb5-4fa4-a97d-d965ccfc6d4b" outcome="Passed" testListId="8c84fa94-04c1-424b-9868-57a2d4851a1d" relativeResultsDirectory="a54aa0c4-63a4-4381-8f9e-0948d3bcd918">
    </UnitTestResult>
    <UnitTestResult executionId="ebdc57b3-880e-4f35-8f56-65f53e3473b6" testId="325e9a0b-1a8b-0624-c6cc-2e77484e8c7d" testName="DeleteUserTest" computerName="DERRICK-PC" duration="00:00:00.1120026" startTime="2015-01-05T01:51:46.9102714+01:00" endTime="2015-01-05T01:51:47.0242778+01:00" testType="13cdc9d9-ddb5-4fa4-a97d-d965ccfc6d4b" outcome="Failed" testListId="8c84fa94-04c1-424b-9868-57a2d4851a1d" relativeResultsDirectory="ebdc57b3-880e-4f35-8f56-65f53e3473b6">
      <Output>
        <ErrorInfo>
          <Message>Test method SEImplementation.Tests.UserRepoTest.DeleteUserTest threw exception: 
System.ArgumentNullException: Value cannot be null.
Parameter name: entity</Message>
          <StackTrace>    at System.Data.Objects.ObjectContext.DeleteObject(Object entity, EntitySet expectedEntitySet)
   at System.Data.Objects.ObjectContext.DeleteObject(Object entity)
   at DataAccess.Repos.UserRepo.DeleteUser(Int32 userId) in E:\Desktop\School\BSc\Semester 1\Software Engineering\TRALALA\DataAccess\Repos\UserRepo.cs:line 79
   at SEImplementation.Tests.UserRepoTest.DeleteUserTest() in E:\Desktop\School\BSc\Semester 1\Software Engineering\TRALALA\SEImplementation.Tests\UserRepoTest.cs:line 172
</StackTrace>
        </ErrorInfo>
      </Output>
    </UnitTestResult>
    <UnitTestResult executionId="9bd6a066-25f2-4720-8c9a-e531df769555" testId="3de2c917-9b55-35e9-85e0-6adb4dc06e84" testName="UpdateUserTest" computerName="DERRICK-PC" duration="00:00:00.0049147" startTime="2015-01-05T01:51:47.0262808+01:00" endTime="2015-01-05T01:51:47.0332783+01:00" testType="13cdc9d9-ddb5-4fa4-a97d-d965ccfc6d4b" outcome="Passed" testListId="8c84fa94-04c1-424b-9868-57a2d4851a1d" relativeResultsDirectory="9bd6a066-25f2-4720-8c9a-e531df769555">
    </UnitTestResult>
    <UnitTestResult executionId="a3832efd-51ef-4f74-acba-03b7ebce8f26" testId="91c931a0-8e27-b634-f7fd-fc87c453c837" testName="GetAllUsersTest" computerName="DERRICK-PC" duration="00:00:00.0005145" startTime="2015-01-05T01:51:47.0352794+01:00" endTime="2015-01-05T01:51:47.0382785+01:00" testType="13cdc9d9-ddb5-4fa4-a97d-d965ccfc6d4b" outcome="Passed" testListId="8c84fa94-04c1-424b-9868-57a2d4851a1d" relativeResultsDirectory="a3832efd-51ef-4f74-acba-03b7ebce8f26">
    </UnitTestResult>
    <UnitTestResult executionId="57c50e78-6136-4dcc-b66d-3454740de743" testId="bd3ce8e7-67f2-446f-294e-cfb1d255b56d" testName="CreateUserTest" computerName="DERRICK-PC" duration="00:00:00.0035968" startTime="2015-01-05T01:51:47.0402796+01:00" endTime="2015-01-05T01:51:47.0462794+01:00" testType="13cdc9d9-ddb5-4fa4-a97d-d965ccfc6d4b" outcome="Passed" testListId="8c84fa94-04c1-424b-9868-57a2d4851a1d" relativeResultsDirectory="57c50e78-6136-4dcc-b66d-3454740de743">
    </UnitTestResult>
    <UnitTestResult executionId="c33ed31e-601d-4183-bead-16238325b0bf" testId="ddf30861-807c-6f7d-5ed9-4f63b3ff6080" testName="GetUserByIDTest" computerName="DERRICK-PC" duration="00:00:00.0036761" startTime="2015-01-05T01:51:47.0472786+01:00" endTime="2015-01-05T01:51:47.0542811+01:00" testType="13cdc9d9-ddb5-4fa4-a97d-d965ccfc6d4b" outcome="Passed" testListId="8c84fa94-04c1-424b-9868-57a2d4851a1d" relativeResultsDirectory="c33ed31e-601d-4183-bead-16238325b0bf">
    </UnitTestResult>
    <UnitTestResult executionId="b612df3b-abd5-4dbd-8d19-6c2183ed49d0" testId="ec8bbd1b-8ee6-1ff7-1824-c28c2a1d3e20" testName="GetUserByUsernameTest" computerName="DERRICK-PC" duration="00:00:00.0051435" startTime="2015-01-05T01:51:47.0552803+01:00" endTime="2015-01-05T01:51:47.0622812+01:00" testType="13cdc9d9-ddb5-4fa4-a97d-d965ccfc6d4b" outcome="Passed" testListId="8c84fa94-04c1-424b-9868-57a2d4851a1d" relativeResultsDirectory="b612df3b-abd5-4dbd-8d19-6c2183ed49d0">
    </UnitTestResult>
  </Results>
</TestRun>