<?xml version="1.0" encoding="UTF-8"?>
<TestRun id="ebf2fe05-c3cc-493a-b113-2470414567dd" name="WARHAMMER@DERRICK-PC 2015-01-08 22:15:35" runUser="Derrick-PC\WARHAMMER" xmlns="http://microsoft.com/schemas/VisualStudio/TeamTest/2010">
  <TestSettings name="Default Test Settings" id="9b5a1a7a-c75d-4098-aa62-4bd1870ad748">
    <Deployment userDeploymentRoot="E:\Desktop\School\BSc\Semester 1\Software Engineering\TRALALA\TestResults" useDefaultDeploymentRoot="false" runDeploymentRoot="WARHAMMER_DERRICK-PC 2015-01-08 22_15_35">
      <DeploymentItem filename="E:\Desktop\School\BSc\Semester 1\Software Engineering\TRALALA\DataAccess\bin\Debug\DataAccess.dll" />
      <DeploymentItem filename="E:\Desktop\School\BSc\Semester 1\Software Engineering\TRALALA\Common\bin\Debug\Common.dll" />
      <DeploymentItem filename="E:\Desktop\School\BSc\Semester 1\Software Engineering\TRALALA\SEImplementation\bin\SEImplementation.dll" />
    </Deployment>
    <Execution>
      <TestTypeSpecific />
      <AgentRule name="Execution Agents">
      </AgentRule>
    </Execution>
  </TestSettings>
  <Times creation="2015-01-08T22:15:35.8723639+01:00" queuing="2015-01-08T22:15:37.1934427+01:00" start="2015-01-08T22:15:37.2024405+01:00" finish="2015-01-08T22:15:37.6944695+01:00" />
  <ResultSummary outcome="Completed">
    <Counters total="34" executed="34" passed="34" error="0" failed="0" timeout="0" aborted="0" inconclusive="0" passedButRunAborted="0" notRunnable="0" notExecuted="0" disconnected="0" warning="0" completed="0" inProgress="0" pending="0" />
  </ResultSummary>
  <TestDefinitions>
    <UnitTest name="GetRoleByIdNotExistentTest" storage="e:\desktop\school\bsc\semester 1\software engineering\tralala\seimplementation.tests\bin\debug\seimplementation.tests.dll" id="13247df7-3d56-5a96-a517-506237ae74a1">
      <Execution id="a9f680f2-7622-41b8-b0aa-c250b8454516" />
      <TestMethod codeBase="E:/Desktop/School/BSc/Semester 1/Software Engineering/TRALALA/SEImplementation.Tests/bin/Debug/SEImplementation.Tests.DLL" adapterTypeName="Microsoft.VisualStudio.TestTools.TestTypes.Unit.UnitTestAdapter, Microsoft.VisualStudio.QualityTools.Tips.UnitTest.Adapter, Version=10.0.0.0, Culture=neutral, PublicKeyToken=b03f5f7f11d50a3a" className="SEImplementation.Tests.RoleRepoTest, SEImplementation.Tests, Version=1.0.0.0, Culture=neutral, PublicKeyToken=null" name="GetRoleByIdNotExistentTest" />
    </UnitTest>
    <UnitTest name="CreateRoleSuccessDescAlreadyExistTest" storage="e:\desktop\school\bsc\semester 1\software engineering\tralala\seimplementation.tests\bin\debug\seimplementation.tests.dll" id="9ea9f69b-2b1d-ee50-651b-164059cc5540">
      <Execution id="52680111-48f7-448c-98e2-1c3ce1ae2727" />
      <TestMethod codeBase="E:/Desktop/School/BSc/Semester 1/Software Engineering/TRALALA/SEImplementation.Tests/bin/Debug/SEImplementation.Tests.DLL" adapterTypeName="Microsoft.VisualStudio.TestTools.TestTypes.Unit.UnitTestAdapter, Microsoft.VisualStudio.QualityTools.Tips.UnitTest.Adapter, Version=10.0.0.0, Culture=neutral, PublicKeyToken=b03f5f7f11d50a3a" className="SEImplementation.Tests.RoleRepoTest, SEImplementation.Tests, Version=1.0.0.0, Culture=neutral, PublicKeyToken=null" name="CreateRoleSuccessDescAlreadyExistTest" />
    </UnitTest>
    <UnitTest name="CreateRoleSuccessNotEqualListTest" storage="e:\desktop\school\bsc\semester 1\software engineering\tralala\seimplementation.tests\bin\debug\seimplementation.tests.dll" id="9108f78e-1e8e-8ef5-c820-3bb2c6079aad">
      <Execution id="a9c000a5-0b99-4228-83e6-ebbc11494b51" />
      <TestMethod codeBase="E:/Desktop/School/BSc/Semester 1/Software Engineering/TRALALA/SEImplementation.Tests/bin/Debug/SEImplementation.Tests.DLL" adapterTypeName="Microsoft.VisualStudio.TestTools.TestTypes.Unit.UnitTestAdapter, Microsoft.VisualStudio.QualityTools.Tips.UnitTest.Adapter, Version=10.0.0.0, Culture=neutral, PublicKeyToken=b03f5f7f11d50a3a" className="SEImplementation.Tests.RoleRepoTest, SEImplementation.Tests, Version=1.0.0.0, Culture=neutral, PublicKeyToken=null" name="CreateRoleSuccessNotEqualListTest" />
    </UnitTest>
    <UnitTest name="UpdateRoleTestMatchingDesc" storage="e:\desktop\school\bsc\semester 1\software engineering\tralala\seimplementation.tests\bin\debug\seimplementation.tests.dll" id="34bc5648-43a4-647f-4592-324cb0f819e1">
      <Execution id="cdb6acbe-3a8b-4a28-bcc0-d9eb1929553d" />
      <TestMethod codeBase="E:/Desktop/School/BSc/Semester 1/Software Engineering/TRALALA/SEImplementation.Tests/bin/Debug/SEImplementation.Tests.DLL" adapterTypeName="Microsoft.VisualStudio.TestTools.TestTypes.Unit.UnitTestAdapter, Microsoft.VisualStudio.QualityTools.Tips.UnitTest.Adapter, Version=10.0.0.0, Culture=neutral, PublicKeyToken=b03f5f7f11d50a3a" className="SEImplementation.Tests.RoleRepoTest, SEImplementation.Tests, Version=1.0.0.0, Culture=neutral, PublicKeyToken=null" name="UpdateRoleTestMatchingDesc" />
    </UnitTest>
    <UnitTest name="UpdateRoleTestMatching1" storage="e:\desktop\school\bsc\semester 1\software engineering\tralala\seimplementation.tests\bin\debug\seimplementation.tests.dll" id="64ef12f7-ea64-ac8b-d013-f82c0c6d531a">
      <Execution id="9438b025-32a4-4914-88bc-2a9d8b82697a" />
      <TestMethod codeBase="E:/Desktop/School/BSc/Semester 1/Software Engineering/TRALALA/SEImplementation.Tests/bin/Debug/SEImplementation.Tests.DLL" adapterTypeName="Microsoft.VisualStudio.TestTools.TestTypes.Unit.UnitTestAdapter, Microsoft.VisualStudio.QualityTools.Tips.UnitTest.Adapter, Version=10.0.0.0, Culture=neutral, PublicKeyToken=b03f5f7f11d50a3a" className="SEImplementation.Tests.RoleRepoTest, SEImplementation.Tests, Version=1.0.0.0, Culture=neutral, PublicKeyToken=null" name="UpdateRoleTestMatching1" />
    </UnitTest>
    <UnitTest name="CreateRoleEmptyObjectTest" storage="e:\desktop\school\bsc\semester 1\software engineering\tralala\seimplementation.tests\bin\debug\seimplementation.tests.dll" id="0266bf01-68a3-4383-bda3-cf5a18d0860f">
      <Execution id="54c6996d-13df-408d-b854-1e2265753a2c" />
      <TestMethod codeBase="E:/Desktop/School/BSc/Semester 1/Software Engineering/TRALALA/SEImplementation.Tests/bin/Debug/SEImplementation.Tests.DLL" adapterTypeName="Microsoft.VisualStudio.TestTools.TestTypes.Unit.UnitTestAdapter, Microsoft.VisualStudio.QualityTools.Tips.UnitTest.Adapter, Version=10.0.0.0, Culture=neutral, PublicKeyToken=b03f5f7f11d50a3a" className="SEImplementation.Tests.RoleRepoTest, SEImplementation.Tests, Version=1.0.0.0, Culture=neutral, PublicKeyToken=null" name="CreateRoleEmptyObjectTest" />
    </UnitTest>
    <UnitTest name="UpdateRoleExceedNull" storage="e:\desktop\school\bsc\semester 1\software engineering\tralala\seimplementation.tests\bin\debug\seimplementation.tests.dll" id="8de55e15-6f0d-51c4-346e-226a8247d21b">
      <Execution id="f9080385-5564-4dad-927f-b98afb0408b8" />
      <TestMethod codeBase="E:/Desktop/School/BSc/Semester 1/Software Engineering/TRALALA/SEImplementation.Tests/bin/Debug/SEImplementation.Tests.DLL" adapterTypeName="Microsoft.VisualStudio.TestTools.TestTypes.Unit.UnitTestAdapter, Microsoft.VisualStudio.QualityTools.Tips.UnitTest.Adapter, Version=10.0.0.0, Culture=neutral, PublicKeyToken=b03f5f7f11d50a3a" className="SEImplementation.Tests.RoleRepoTest, SEImplementation.Tests, Version=1.0.0.0, Culture=neutral, PublicKeyToken=null" name="UpdateRoleExceedNull" />
    </UnitTest>
    <UnitTest name="DeleteRoleSuccessfulTest" storage="e:\desktop\school\bsc\semester 1\software engineering\tralala\seimplementation.tests\bin\debug\seimplementation.tests.dll" id="518e1dc2-ea68-15fc-c2d8-49c27186343b">
      <Execution id="db53f372-5bc5-4535-a9f5-5e26f3deaed0" />
      <TestMethod codeBase="E:/Desktop/School/BSc/Semester 1/Software Engineering/TRALALA/SEImplementation.Tests/bin/Debug/SEImplementation.Tests.DLL" adapterTypeName="Microsoft.VisualStudio.TestTools.TestTypes.Unit.UnitTestAdapter, Microsoft.VisualStudio.QualityTools.Tips.UnitTest.Adapter, Version=10.0.0.0, Culture=neutral, PublicKeyToken=b03f5f7f11d50a3a" className="SEImplementation.Tests.RoleRepoTest, SEImplementation.Tests, Version=1.0.0.0, Culture=neutral, PublicKeyToken=null" name="DeleteRoleSuccessfulTest" />
    </UnitTest>
    <UnitTest name="UpdateRoleFewDescTest" storage="e:\desktop\school\bsc\semester 1\software engineering\tralala\seimplementation.tests\bin\debug\seimplementation.tests.dll" id="fc65208a-bc6c-c37d-e81b-cbb20529b86b">
      <Execution id="82619083-6aae-49bd-9229-6d42ea62b96f" />
      <TestMethod codeBase="E:/Desktop/School/BSc/Semester 1/Software Engineering/TRALALA/SEImplementation.Tests/bin/Debug/SEImplementation.Tests.DLL" adapterTypeName="Microsoft.VisualStudio.TestTools.TestTypes.Unit.UnitTestAdapter, Microsoft.VisualStudio.QualityTools.Tips.UnitTest.Adapter, Version=10.0.0.0, Culture=neutral, PublicKeyToken=b03f5f7f11d50a3a" className="SEImplementation.Tests.RoleRepoTest, SEImplementation.Tests, Version=1.0.0.0, Culture=neutral, PublicKeyToken=null" name="UpdateRoleFewDescTest" />
    </UnitTest>
    <UnitTest name="UpdateRoleTestMatchingName" storage="e:\desktop\school\bsc\semester 1\software engineering\tralala\seimplementation.tests\bin\debug\seimplementation.tests.dll" id="b7d9f2b4-b6e4-4fa3-8b3e-823a64c3ef77">
      <Execution id="6864f661-62fd-41b2-a264-5d177d227646" />
      <TestMethod codeBase="E:/Desktop/School/BSc/Semester 1/Software Engineering/TRALALA/SEImplementation.Tests/bin/Debug/SEImplementation.Tests.DLL" adapterTypeName="Microsoft.VisualStudio.TestTools.TestTypes.Unit.UnitTestAdapter, Microsoft.VisualStudio.QualityTools.Tips.UnitTest.Adapter, Version=10.0.0.0, Culture=neutral, PublicKeyToken=b03f5f7f11d50a3a" className="SEImplementation.Tests.RoleRepoTest, SEImplementation.Tests, Version=1.0.0.0, Culture=neutral, PublicKeyToken=null" name="UpdateRoleTestMatchingName" />
    </UnitTest>
    <UnitTest name="UpdateRoleExceedDescTest" storage="e:\desktop\school\bsc\semester 1\software engineering\tralala\seimplementation.tests\bin\debug\seimplementation.tests.dll" id="290e47ea-0820-016e-53eb-429e262ceaf8">
      <Execution id="4c1d3733-ce3d-47ab-8070-07d1957668a5" />
      <TestMethod codeBase="E:/Desktop/School/BSc/Semester 1/Software Engineering/TRALALA/SEImplementation.Tests/bin/Debug/SEImplementation.Tests.DLL" adapterTypeName="Microsoft.VisualStudio.TestTools.TestTypes.Unit.UnitTestAdapter, Microsoft.VisualStudio.QualityTools.Tips.UnitTest.Adapter, Version=10.0.0.0, Culture=neutral, PublicKeyToken=b03f5f7f11d50a3a" className="SEImplementation.Tests.RoleRepoTest, SEImplementation.Tests, Version=1.0.0.0, Culture=neutral, PublicKeyToken=null" name="UpdateRoleExceedDescTest" />
    </UnitTest>
    <UnitTest name="CreateRoleTestBeneathCharacterLimitonName" storage="e:\desktop\school\bsc\semester 1\software engineering\tralala\seimplementation.tests\bin\debug\seimplementation.tests.dll" id="2cdc7137-401e-62e3-8dc6-f25ce01a537a">
      <Execution id="a51fc2d0-75b8-46d9-85bf-514fe655aabf" />
      <TestMethod codeBase="E:/Desktop/School/BSc/Semester 1/Software Engineering/TRALALA/SEImplementation.Tests/bin/Debug/SEImplementation.Tests.DLL" adapterTypeName="Microsoft.VisualStudio.TestTools.TestTypes.Unit.UnitTestAdapter, Microsoft.VisualStudio.QualityTools.Tips.UnitTest.Adapter, Version=10.0.0.0, Culture=neutral, PublicKeyToken=b03f5f7f11d50a3a" className="SEImplementation.Tests.RoleRepoTest, SEImplementation.Tests, Version=1.0.0.0, Culture=neutral, PublicKeyToken=null" name="CreateRoleTestBeneathCharacterLimitonName" />
    </UnitTest>
    <UnitTest name="UpdateRoleExceedNameTest" storage="e:\desktop\school\bsc\semester 1\software engineering\tralala\seimplementation.tests\bin\debug\seimplementation.tests.dll" id="74afa68e-2526-5c18-ee55-f2bbbbf2410a">
      <Execution id="ac3cce74-ac1e-457b-881b-2016af52b832" />
      <TestMethod codeBase="E:/Desktop/School/BSc/Semester 1/Software Engineering/TRALALA/SEImplementation.Tests/bin/Debug/SEImplementation.Tests.DLL" adapterTypeName="Microsoft.VisualStudio.TestTools.TestTypes.Unit.UnitTestAdapter, Microsoft.VisualStudio.QualityTools.Tips.UnitTest.Adapter, Version=10.0.0.0, Culture=neutral, PublicKeyToken=b03f5f7f11d50a3a" className="SEImplementation.Tests.RoleRepoTest, SEImplementation.Tests, Version=1.0.0.0, Culture=neutral, PublicKeyToken=null" name="UpdateRoleExceedNameTest" />
    </UnitTest>
    <UnitTest name="CreateRoleTestBeneathCharacterLimitonDesc" storage="e:\desktop\school\bsc\semester 1\software engineering\tralala\seimplementation.tests\bin\debug\seimplementation.tests.dll" id="cfd83b9f-a3ce-c125-f187-fbcac6aad68f">
      <Execution id="868fa5cc-c3a5-4b4e-a0fd-084d9dc30c50" />
      <TestMethod codeBase="E:/Desktop/School/BSc/Semester 1/Software Engineering/TRALALA/SEImplementation.Tests/bin/Debug/SEImplementation.Tests.DLL" adapterTypeName="Microsoft.VisualStudio.TestTools.TestTypes.Unit.UnitTestAdapter, Microsoft.VisualStudio.QualityTools.Tips.UnitTest.Adapter, Version=10.0.0.0, Culture=neutral, PublicKeyToken=b03f5f7f11d50a3a" className="SEImplementation.Tests.RoleRepoTest, SEImplementation.Tests, Version=1.0.0.0, Culture=neutral, PublicKeyToken=null" name="CreateRoleTestBeneathCharacterLimitonDesc" />
    </UnitTest>
    <UnitTest name="CreateRoleTestNoNumSymbRoleDescTest" storage="e:\desktop\school\bsc\semester 1\software engineering\tralala\seimplementation.tests\bin\debug\seimplementation.tests.dll" id="991a5087-ea0e-f2a5-a585-3462563b113a">
      <Execution id="cdbc5ae2-4967-4400-8400-49c63816af97" />
      <TestMethod codeBase="E:/Desktop/School/BSc/Semester 1/Software Engineering/TRALALA/SEImplementation.Tests/bin/Debug/SEImplementation.Tests.DLL" adapterTypeName="Microsoft.VisualStudio.TestTools.TestTypes.Unit.UnitTestAdapter, Microsoft.VisualStudio.QualityTools.Tips.UnitTest.Adapter, Version=10.0.0.0, Culture=neutral, PublicKeyToken=b03f5f7f11d50a3a" className="SEImplementation.Tests.RoleRepoTest, SEImplementation.Tests, Version=1.0.0.0, Culture=neutral, PublicKeyToken=null" name="CreateRoleTestNoNumSymbRoleDescTest" />
    </UnitTest>
    <UnitTest name="DeleteRoleDoesNotExistTest" storage="e:\desktop\school\bsc\semester 1\software engineering\tralala\seimplementation.tests\bin\debug\seimplementation.tests.dll" id="b32547ec-a862-3b2b-2e66-bb246f894077">
      <Execution id="cfc3b9ca-cbe5-4dea-80d5-2c8c5059c8dc" />
      <TestMethod codeBase="E:/Desktop/School/BSc/Semester 1/Software Engineering/TRALALA/SEImplementation.Tests/bin/Debug/SEImplementation.Tests.DLL" adapterTypeName="Microsoft.VisualStudio.TestTools.TestTypes.Unit.UnitTestAdapter, Microsoft.VisualStudio.QualityTools.Tips.UnitTest.Adapter, Version=10.0.0.0, Culture=neutral, PublicKeyToken=b03f5f7f11d50a3a" className="SEImplementation.Tests.RoleRepoTest, SEImplementation.Tests, Version=1.0.0.0, Culture=neutral, PublicKeyToken=null" name="DeleteRoleDoesNotExistTest" />
    </UnitTest>
    <UnitTest name="CreateRoleSuccessEqualListTest" storage="e:\desktop\school\bsc\semester 1\software engineering\tralala\seimplementation.tests\bin\debug\seimplementation.tests.dll" id="842dc3df-3bff-9f2f-394d-17dfb132acc8">
      <Execution id="f85bbec0-65cc-4d93-923f-6defb1fcec98" />
      <TestMethod codeBase="E:/Desktop/School/BSc/Semester 1/Software Engineering/TRALALA/SEImplementation.Tests/bin/Debug/SEImplementation.Tests.DLL" adapterTypeName="Microsoft.VisualStudio.TestTools.TestTypes.Unit.UnitTestAdapter, Microsoft.VisualStudio.QualityTools.Tips.UnitTest.Adapter, Version=10.0.0.0, Culture=neutral, PublicKeyToken=b03f5f7f11d50a3a" className="SEImplementation.Tests.RoleRepoTest, SEImplementation.Tests, Version=1.0.0.0, Culture=neutral, PublicKeyToken=null" name="CreateRoleSuccessEqualListTest" />
    </UnitTest>
    <UnitTest name="GetRolesValuesTest" storage="e:\desktop\school\bsc\semester 1\software engineering\tralala\seimplementation.tests\bin\debug\seimplementation.tests.dll" id="8c5802aa-4574-61c9-1aca-d10adf54732d">
      <Execution id="825eb653-60f5-44bf-b17e-65745fb70350" />
      <TestMethod codeBase="E:/Desktop/School/BSc/Semester 1/Software Engineering/TRALALA/SEImplementation.Tests/bin/Debug/SEImplementation.Tests.DLL" adapterTypeName="Microsoft.VisualStudio.TestTools.TestTypes.Unit.UnitTestAdapter, Microsoft.VisualStudio.QualityTools.Tips.UnitTest.Adapter, Version=10.0.0.0, Culture=neutral, PublicKeyToken=b03f5f7f11d50a3a" className="SEImplementation.Tests.RoleRepoTest, SEImplementation.Tests, Version=1.0.0.0, Culture=neutral, PublicKeyToken=null" name="GetRolesValuesTest" />
    </UnitTest>
    <UnitTest name="UpdateRoleEmptyTest" storage="e:\desktop\school\bsc\semester 1\software engineering\tralala\seimplementation.tests\bin\debug\seimplementation.tests.dll" id="5b505cd0-93f0-1c9c-0d7f-a858e9f6c7c2">
      <Execution id="b5a612b4-318c-4203-bc7b-0d12041a3dab" />
      <TestMethod codeBase="E:/Desktop/School/BSc/Semester 1/Software Engineering/TRALALA/SEImplementation.Tests/bin/Debug/SEImplementation.Tests.DLL" adapterTypeName="Microsoft.VisualStudio.TestTools.TestTypes.Unit.UnitTestAdapter, Microsoft.VisualStudio.QualityTools.Tips.UnitTest.Adapter, Version=10.0.0.0, Culture=neutral, PublicKeyToken=b03f5f7f11d50a3a" className="SEImplementation.Tests.RoleRepoTest, SEImplementation.Tests, Version=1.0.0.0, Culture=neutral, PublicKeyToken=null" name="UpdateRoleEmptyTest" />
    </UnitTest>
    <UnitTest name="UpdateRoleTestNotMatching" storage="e:\desktop\school\bsc\semester 1\software engineering\tralala\seimplementation.tests\bin\debug\seimplementation.tests.dll" id="c2929299-8048-8810-66c8-d9708d4d9785">
      <Execution id="fc60128d-4185-4176-bf3d-5a60f90baae9" />
      <TestMethod codeBase="E:/Desktop/School/BSc/Semester 1/Software Engineering/TRALALA/SEImplementation.Tests/bin/Debug/SEImplementation.Tests.DLL" adapterTypeName="Microsoft.VisualStudio.TestTools.TestTypes.Unit.UnitTestAdapter, Microsoft.VisualStudio.QualityTools.Tips.UnitTest.Adapter, Version=10.0.0.0, Culture=neutral, PublicKeyToken=b03f5f7f11d50a3a" className="SEImplementation.Tests.RoleRepoTest, SEImplementation.Tests, Version=1.0.0.0, Culture=neutral, PublicKeyToken=null" name="UpdateRoleTestNotMatching" />
    </UnitTest>
    <UnitTest name="DeleteRoleNegativeTest" storage="e:\desktop\school\bsc\semester 1\software engineering\tralala\seimplementation.tests\bin\debug\seimplementation.tests.dll" id="6bdc3103-b673-5cb9-be77-7f4ef84e4995">
      <Execution id="9df8e3e2-9dc2-4fd7-975a-d8fc678294ac" />
      <TestMethod codeBase="E:/Desktop/School/BSc/Semester 1/Software Engineering/TRALALA/SEImplementation.Tests/bin/Debug/SEImplementation.Tests.DLL" adapterTypeName="Microsoft.VisualStudio.TestTools.TestTypes.Unit.UnitTestAdapter, Microsoft.VisualStudio.QualityTools.Tips.UnitTest.Adapter, Version=10.0.0.0, Culture=neutral, PublicKeyToken=b03f5f7f11d50a3a" className="SEImplementation.Tests.RoleRepoTest, SEImplementation.Tests, Version=1.0.0.0, Culture=neutral, PublicKeyToken=null" name="DeleteRoleNegativeTest" />
    </UnitTest>
    <UnitTest name="UpdateRoleTestNull" storage="e:\desktop\school\bsc\semester 1\software engineering\tralala\seimplementation.tests\bin\debug\seimplementation.tests.dll" id="18fd5178-4387-8e2c-dd26-27e47830ff41">
      <Execution id="56add660-5623-4ff8-a5c3-046fca4a39e7" />
      <TestMethod codeBase="E:/Desktop/School/BSc/Semester 1/Software Engineering/TRALALA/SEImplementation.Tests/bin/Debug/SEImplementation.Tests.DLL" adapterTypeName="Microsoft.VisualStudio.TestTools.TestTypes.Unit.UnitTestAdapter, Microsoft.VisualStudio.QualityTools.Tips.UnitTest.Adapter, Version=10.0.0.0, Culture=neutral, PublicKeyToken=b03f5f7f11d50a3a" className="SEImplementation.Tests.RoleRepoTest, SEImplementation.Tests, Version=1.0.0.0, Culture=neutral, PublicKeyToken=null" name="UpdateRoleTestNull" />
    </UnitTest>
    <UnitTest name="GetRoleByIdBoundaryNegativeTest" storage="e:\desktop\school\bsc\semester 1\software engineering\tralala\seimplementation.tests\bin\debug\seimplementation.tests.dll" id="b714d5f5-7caf-a6e5-210b-e06fc3334cf1">
      <Execution id="f4aae129-e2ea-4ae0-baa7-fa24f8010a87" />
      <TestMethod codeBase="E:/Desktop/School/BSc/Semester 1/Software Engineering/TRALALA/SEImplementation.Tests/bin/Debug/SEImplementation.Tests.DLL" adapterTypeName="Microsoft.VisualStudio.TestTools.TestTypes.Unit.UnitTestAdapter, Microsoft.VisualStudio.QualityTools.Tips.UnitTest.Adapter, Version=10.0.0.0, Culture=neutral, PublicKeyToken=b03f5f7f11d50a3a" className="SEImplementation.Tests.RoleRepoTest, SEImplementation.Tests, Version=1.0.0.0, Culture=neutral, PublicKeyToken=null" name="GetRoleByIdBoundaryNegativeTest" />
    </UnitTest>
    <UnitTest name="CreateRoleTestNoNumSymbRoleNameTest" storage="e:\desktop\school\bsc\semester 1\software engineering\tralala\seimplementation.tests\bin\debug\seimplementation.tests.dll" id="5b0200b7-a653-51fa-4b4b-10b30e877396">
      <Execution id="670fade9-49ab-4e0a-a69e-9e050cb62272" />
      <TestMethod codeBase="E:/Desktop/School/BSc/Semester 1/Software Engineering/TRALALA/SEImplementation.Tests/bin/Debug/SEImplementation.Tests.DLL" adapterTypeName="Microsoft.VisualStudio.TestTools.TestTypes.Unit.UnitTestAdapter, Microsoft.VisualStudio.QualityTools.Tips.UnitTest.Adapter, Version=10.0.0.0, Culture=neutral, PublicKeyToken=b03f5f7f11d50a3a" className="SEImplementation.Tests.RoleRepoTest, SEImplementation.Tests, Version=1.0.0.0, Culture=neutral, PublicKeyToken=null" name="CreateRoleTestNoNumSymbRoleNameTest" />
    </UnitTest>
    <UnitTest name="CreateRoleTestExeedCharacterLimitonName" storage="e:\desktop\school\bsc\semester 1\software engineering\tralala\seimplementation.tests\bin\debug\seimplementation.tests.dll" id="b3422950-13c8-9554-6949-90bd6cdc5364">
      <Execution id="1dd6e503-e580-4b8b-9f35-f1bc9338c8da" />
      <TestMethod codeBase="E:/Desktop/School/BSc/Semester 1/Software Engineering/TRALALA/SEImplementation.Tests/bin/Debug/SEImplementation.Tests.DLL" adapterTypeName="Microsoft.VisualStudio.TestTools.TestTypes.Unit.UnitTestAdapter, Microsoft.VisualStudio.QualityTools.Tips.UnitTest.Adapter, Version=10.0.0.0, Culture=neutral, PublicKeyToken=b03f5f7f11d50a3a" className="SEImplementation.Tests.RoleRepoTest, SEImplementation.Tests, Version=1.0.0.0, Culture=neutral, PublicKeyToken=null" name="CreateRoleTestExeedCharacterLimitonName" />
    </UnitTest>
    <UnitTest name="createRoleEmptyTest" storage="e:\desktop\school\bsc\semester 1\software engineering\tralala\seimplementation.tests\bin\debug\seimplementation.tests.dll" id="c01bcd52-1e48-0139-9b3c-dcb9ac79f4f3">
      <Execution id="3cd7b3f2-3a77-45d4-8bfe-a399389b2188" />
      <TestMethod codeBase="E:/Desktop/School/BSc/Semester 1/Software Engineering/TRALALA/SEImplementation.Tests/bin/Debug/SEImplementation.Tests.DLL" adapterTypeName="Microsoft.VisualStudio.TestTools.TestTypes.Unit.UnitTestAdapter, Microsoft.VisualStudio.QualityTools.Tips.UnitTest.Adapter, Version=10.0.0.0, Culture=neutral, PublicKeyToken=b03f5f7f11d50a3a" className="SEImplementation.Tests.RoleRepoTest, SEImplementation.Tests, Version=1.0.0.0, Culture=neutral, PublicKeyToken=null" name="createRoleEmptyTest" />
    </UnitTest>
    <UnitTest name="UpdateRoleTestRoleNameBad" storage="e:\desktop\school\bsc\semester 1\software engineering\tralala\seimplementation.tests\bin\debug\seimplementation.tests.dll" id="ba316aa0-52f0-dca8-87b4-1adcbf771adc">
      <Execution id="c506077f-afd9-4d87-93f1-9db0caa8b6db" />
      <TestMethod codeBase="E:/Desktop/School/BSc/Semester 1/Software Engineering/TRALALA/SEImplementation.Tests/bin/Debug/SEImplementation.Tests.DLL" adapterTypeName="Microsoft.VisualStudio.TestTools.TestTypes.Unit.UnitTestAdapter, Microsoft.VisualStudio.QualityTools.Tips.UnitTest.Adapter, Version=10.0.0.0, Culture=neutral, PublicKeyToken=b03f5f7f11d50a3a" className="SEImplementation.Tests.RoleRepoTest, SEImplementation.Tests, Version=1.0.0.0, Culture=neutral, PublicKeyToken=null" name="UpdateRoleTestRoleNameBad" />
    </UnitTest>
    <UnitTest name="UpdateRoleFewNameTest" storage="e:\desktop\school\bsc\semester 1\software engineering\tralala\seimplementation.tests\bin\debug\seimplementation.tests.dll" id="609a6165-6aa3-ec7d-b95f-ef0ceae0efea">
      <Execution id="56cf1d57-918a-4dc4-9454-f327dbcd101e" />
      <TestMethod codeBase="E:/Desktop/School/BSc/Semester 1/Software Engineering/TRALALA/SEImplementation.Tests/bin/Debug/SEImplementation.Tests.DLL" adapterTypeName="Microsoft.VisualStudio.TestTools.TestTypes.Unit.UnitTestAdapter, Microsoft.VisualStudio.QualityTools.Tips.UnitTest.Adapter, Version=10.0.0.0, Culture=neutral, PublicKeyToken=b03f5f7f11d50a3a" className="SEImplementation.Tests.RoleRepoTest, SEImplementation.Tests, Version=1.0.0.0, Culture=neutral, PublicKeyToken=null" name="UpdateRoleFewNameTest" />
    </UnitTest>
    <UnitTest name="CreateRoleAlreadyExistTest" storage="e:\desktop\school\bsc\semester 1\software engineering\tralala\seimplementation.tests\bin\debug\seimplementation.tests.dll" id="5e6b146e-0888-cb7a-088c-ccd669e9fbae">
      <Execution id="7bcfb7c5-fcd2-4f1f-8573-d58c3ac200f7" />
      <TestMethod codeBase="E:/Desktop/School/BSc/Semester 1/Software Engineering/TRALALA/SEImplementation.Tests/bin/Debug/SEImplementation.Tests.DLL" adapterTypeName="Microsoft.VisualStudio.TestTools.TestTypes.Unit.UnitTestAdapter, Microsoft.VisualStudio.QualityTools.Tips.UnitTest.Adapter, Version=10.0.0.0, Culture=neutral, PublicKeyToken=b03f5f7f11d50a3a" className="SEImplementation.Tests.RoleRepoTest, SEImplementation.Tests, Version=1.0.0.0, Culture=neutral, PublicKeyToken=null" name="CreateRoleAlreadyExistTest" />
    </UnitTest>
    <UnitTest name="GetRolesCountTest" storage="e:\desktop\school\bsc\semester 1\software engineering\tralala\seimplementation.tests\bin\debug\seimplementation.tests.dll" id="b3b0da28-414b-614a-698b-37506007bccd">
      <Execution id="a195123f-3a78-4d87-9aa6-48df498fe036" />
      <TestMethod codeBase="E:/Desktop/School/BSc/Semester 1/Software Engineering/TRALALA/SEImplementation.Tests/bin/Debug/SEImplementation.Tests.DLL" adapterTypeName="Microsoft.VisualStudio.TestTools.TestTypes.Unit.UnitTestAdapter, Microsoft.VisualStudio.QualityTools.Tips.UnitTest.Adapter, Version=10.0.0.0, Culture=neutral, PublicKeyToken=b03f5f7f11d50a3a" className="SEImplementation.Tests.RoleRepoTest, SEImplementation.Tests, Version=1.0.0.0, Culture=neutral, PublicKeyToken=null" name="GetRolesCountTest" />
    </UnitTest>
    <UnitTest name="UpdateRoleTestRoleDescBad" storage="e:\desktop\school\bsc\semester 1\software engineering\tralala\seimplementation.tests\bin\debug\seimplementation.tests.dll" id="63ba7a1c-0a9f-d475-4259-c631099d527c">
      <Execution id="556e8c4c-a4d9-479d-8759-ecfe89baa09c" />
      <TestMethod codeBase="E:/Desktop/School/BSc/Semester 1/Software Engineering/TRALALA/SEImplementation.Tests/bin/Debug/SEImplementation.Tests.DLL" adapterTypeName="Microsoft.VisualStudio.TestTools.TestTypes.Unit.UnitTestAdapter, Microsoft.VisualStudio.QualityTools.Tips.UnitTest.Adapter, Version=10.0.0.0, Culture=neutral, PublicKeyToken=b03f5f7f11d50a3a" className="SEImplementation.Tests.RoleRepoTest, SEImplementation.Tests, Version=1.0.0.0, Culture=neutral, PublicKeyToken=null" name="UpdateRoleTestRoleDescBad" />
    </UnitTest>
    <UnitTest name="GetRoleByIdExistTest" storage="e:\desktop\school\bsc\semester 1\software engineering\tralala\seimplementation.tests\bin\debug\seimplementation.tests.dll" id="4c9b7324-36bb-d462-95ec-80b271f6e1db">
      <Execution id="0358b7ae-c8c0-427a-bd9f-658cfe89fbed" />
      <TestMethod codeBase="E:/Desktop/School/BSc/Semester 1/Software Engineering/TRALALA/SEImplementation.Tests/bin/Debug/SEImplementation.Tests.DLL" adapterTypeName="Microsoft.VisualStudio.TestTools.TestTypes.Unit.UnitTestAdapter, Microsoft.VisualStudio.QualityTools.Tips.UnitTest.Adapter, Version=10.0.0.0, Culture=neutral, PublicKeyToken=b03f5f7f11d50a3a" className="SEImplementation.Tests.RoleRepoTest, SEImplementation.Tests, Version=1.0.0.0, Culture=neutral, PublicKeyToken=null" name="GetRoleByIdExistTest" />
    </UnitTest>
    <UnitTest name="CreateRoleTestExeedCharacterLimitonDesc" storage="e:\desktop\school\bsc\semester 1\software engineering\tralala\seimplementation.tests\bin\debug\seimplementation.tests.dll" id="43e2e513-1209-95e9-89f2-7d77b3822c20">
      <Execution id="ab60ad74-59e4-4c1b-8b4a-eea2bcfde1e5" />
      <TestMethod codeBase="E:/Desktop/School/BSc/Semester 1/Software Engineering/TRALALA/SEImplementation.Tests/bin/Debug/SEImplementation.Tests.DLL" adapterTypeName="Microsoft.VisualStudio.TestTools.TestTypes.Unit.UnitTestAdapter, Microsoft.VisualStudio.QualityTools.Tips.UnitTest.Adapter, Version=10.0.0.0, Culture=neutral, PublicKeyToken=b03f5f7f11d50a3a" className="SEImplementation.Tests.RoleRepoTest, SEImplementation.Tests, Version=1.0.0.0, Culture=neutral, PublicKeyToken=null" name="CreateRoleTestExeedCharacterLimitonDesc" />
    </UnitTest>
    <UnitTest name="CreateRoleSuccessEqualValueTest" storage="e:\desktop\school\bsc\semester 1\software engineering\tralala\seimplementation.tests\bin\debug\seimplementation.tests.dll" id="5ff3e092-e0d6-8efb-0820-a7f9eab6437f">
      <Execution id="b6180f2c-8f30-4830-9d5d-bf6d846ac6ff" />
      <TestMethod codeBase="E:/Desktop/School/BSc/Semester 1/Software Engineering/TRALALA/SEImplementation.Tests/bin/Debug/SEImplementation.Tests.DLL" adapterTypeName="Microsoft.VisualStudio.TestTools.TestTypes.Unit.UnitTestAdapter, Microsoft.VisualStudio.QualityTools.Tips.UnitTest.Adapter, Version=10.0.0.0, Culture=neutral, PublicKeyToken=b03f5f7f11d50a3a" className="SEImplementation.Tests.RoleRepoTest, SEImplementation.Tests, Version=1.0.0.0, Culture=neutral, PublicKeyToken=null" name="CreateRoleSuccessEqualValueTest" />
    </UnitTest>
  </TestDefinitions>
  <TestLists>
    <TestList name="Results Not in a List" id="8c84fa94-04c1-424b-9868-57a2d4851a1d" />
    <TestList name="All Loaded Results" id="19431567-8539-422a-85d7-44ee4e166bda" />
  </TestLists>
  <TestEntries>
    <TestEntry testId="0266bf01-68a3-4383-bda3-cf5a18d0860f" executionId="54c6996d-13df-408d-b854-1e2265753a2c" testListId="8c84fa94-04c1-424b-9868-57a2d4851a1d" />
    <TestEntry testId="13247df7-3d56-5a96-a517-506237ae74a1" executionId="a9f680f2-7622-41b8-b0aa-c250b8454516" testListId="8c84fa94-04c1-424b-9868-57a2d4851a1d" />
    <TestEntry testId="18fd5178-4387-8e2c-dd26-27e47830ff41" executionId="56add660-5623-4ff8-a5c3-046fca4a39e7" testListId="8c84fa94-04c1-424b-9868-57a2d4851a1d" />
    <TestEntry testId="290e47ea-0820-016e-53eb-429e262ceaf8" executionId="4c1d3733-ce3d-47ab-8070-07d1957668a5" testListId="8c84fa94-04c1-424b-9868-57a2d4851a1d" />
    <TestEntry testId="2cdc7137-401e-62e3-8dc6-f25ce01a537a" executionId="a51fc2d0-75b8-46d9-85bf-514fe655aabf" testListId="8c84fa94-04c1-424b-9868-57a2d4851a1d" />
    <TestEntry testId="34bc5648-43a4-647f-4592-324cb0f819e1" executionId="cdb6acbe-3a8b-4a28-bcc0-d9eb1929553d" testListId="8c84fa94-04c1-424b-9868-57a2d4851a1d" />
    <TestEntry testId="43e2e513-1209-95e9-89f2-7d77b3822c20" executionId="ab60ad74-59e4-4c1b-8b4a-eea2bcfde1e5" testListId="8c84fa94-04c1-424b-9868-57a2d4851a1d" />
    <TestEntry testId="4c9b7324-36bb-d462-95ec-80b271f6e1db" executionId="0358b7ae-c8c0-427a-bd9f-658cfe89fbed" testListId="8c84fa94-04c1-424b-9868-57a2d4851a1d" />
    <TestEntry testId="518e1dc2-ea68-15fc-c2d8-49c27186343b" executionId="db53f372-5bc5-4535-a9f5-5e26f3deaed0" testListId="8c84fa94-04c1-424b-9868-57a2d4851a1d" />
    <TestEntry testId="5b0200b7-a653-51fa-4b4b-10b30e877396" executionId="670fade9-49ab-4e0a-a69e-9e050cb62272" testListId="8c84fa94-04c1-424b-9868-57a2d4851a1d" />
    <TestEntry testId="5b505cd0-93f0-1c9c-0d7f-a858e9f6c7c2" executionId="b5a612b4-318c-4203-bc7b-0d12041a3dab" testListId="8c84fa94-04c1-424b-9868-57a2d4851a1d" />
    <TestEntry testId="5e6b146e-0888-cb7a-088c-ccd669e9fbae" executionId="7bcfb7c5-fcd2-4f1f-8573-d58c3ac200f7" testListId="8c84fa94-04c1-424b-9868-57a2d4851a1d" />
    <TestEntry testId="5ff3e092-e0d6-8efb-0820-a7f9eab6437f" executionId="b6180f2c-8f30-4830-9d5d-bf6d846ac6ff" testListId="8c84fa94-04c1-424b-9868-57a2d4851a1d" />
    <TestEntry testId="609a6165-6aa3-ec7d-b95f-ef0ceae0efea" executionId="56cf1d57-918a-4dc4-9454-f327dbcd101e" testListId="8c84fa94-04c1-424b-9868-57a2d4851a1d" />
    <TestEntry testId="63ba7a1c-0a9f-d475-4259-c631099d527c" executionId="556e8c4c-a4d9-479d-8759-ecfe89baa09c" testListId="8c84fa94-04c1-424b-9868-57a2d4851a1d" />
    <TestEntry testId="64ef12f7-ea64-ac8b-d013-f82c0c6d531a" executionId="9438b025-32a4-4914-88bc-2a9d8b82697a" testListId="8c84fa94-04c1-424b-9868-57a2d4851a1d" />
    <TestEntry testId="6bdc3103-b673-5cb9-be77-7f4ef84e4995" executionId="9df8e3e2-9dc2-4fd7-975a-d8fc678294ac" testListId="8c84fa94-04c1-424b-9868-57a2d4851a1d" />
    <TestEntry testId="74afa68e-2526-5c18-ee55-f2bbbbf2410a" executionId="ac3cce74-ac1e-457b-881b-2016af52b832" testListId="8c84fa94-04c1-424b-9868-57a2d4851a1d" />
    <TestEntry testId="842dc3df-3bff-9f2f-394d-17dfb132acc8" executionId="f85bbec0-65cc-4d93-923f-6defb1fcec98" testListId="8c84fa94-04c1-424b-9868-57a2d4851a1d" />
    <TestEntry testId="8c5802aa-4574-61c9-1aca-d10adf54732d" executionId="825eb653-60f5-44bf-b17e-65745fb70350" testListId="8c84fa94-04c1-424b-9868-57a2d4851a1d" />
    <TestEntry testId="8de55e15-6f0d-51c4-346e-226a8247d21b" executionId="f9080385-5564-4dad-927f-b98afb0408b8" testListId="8c84fa94-04c1-424b-9868-57a2d4851a1d" />
    <TestEntry testId="9108f78e-1e8e-8ef5-c820-3bb2c6079aad" executionId="a9c000a5-0b99-4228-83e6-ebbc11494b51" testListId="8c84fa94-04c1-424b-9868-57a2d4851a1d" />
    <TestEntry testId="991a5087-ea0e-f2a5-a585-3462563b113a" executionId="cdbc5ae2-4967-4400-8400-49c63816af97" testListId="8c84fa94-04c1-424b-9868-57a2d4851a1d" />
    <TestEntry testId="9ea9f69b-2b1d-ee50-651b-164059cc5540" executionId="52680111-48f7-448c-98e2-1c3ce1ae2727" testListId="8c84fa94-04c1-424b-9868-57a2d4851a1d" />
    <TestEntry testId="b32547ec-a862-3b2b-2e66-bb246f894077" executionId="cfc3b9ca-cbe5-4dea-80d5-2c8c5059c8dc" testListId="8c84fa94-04c1-424b-9868-57a2d4851a1d" />
    <TestEntry testId="b3422950-13c8-9554-6949-90bd6cdc5364" executionId="1dd6e503-e580-4b8b-9f35-f1bc9338c8da" testListId="8c84fa94-04c1-424b-9868-57a2d4851a1d" />
    <TestEntry testId="b3b0da28-414b-614a-698b-37506007bccd" executionId="a195123f-3a78-4d87-9aa6-48df498fe036" testListId="8c84fa94-04c1-424b-9868-57a2d4851a1d" />
    <TestEntry testId="b714d5f5-7caf-a6e5-210b-e06fc3334cf1" executionId="f4aae129-e2ea-4ae0-baa7-fa24f8010a87" testListId="8c84fa94-04c1-424b-9868-57a2d4851a1d" />
    <TestEntry testId="b7d9f2b4-b6e4-4fa3-8b3e-823a64c3ef77" executionId="6864f661-62fd-41b2-a264-5d177d227646" testListId="8c84fa94-04c1-424b-9868-57a2d4851a1d" />
    <TestEntry testId="ba316aa0-52f0-dca8-87b4-1adcbf771adc" executionId="c506077f-afd9-4d87-93f1-9db0caa8b6db" testListId="8c84fa94-04c1-424b-9868-57a2d4851a1d" />
    <TestEntry testId="c01bcd52-1e48-0139-9b3c-dcb9ac79f4f3" executionId="3cd7b3f2-3a77-45d4-8bfe-a399389b2188" testListId="8c84fa94-04c1-424b-9868-57a2d4851a1d" />
    <TestEntry testId="c2929299-8048-8810-66c8-d9708d4d9785" executionId="fc60128d-4185-4176-bf3d-5a60f90baae9" testListId="8c84fa94-04c1-424b-9868-57a2d4851a1d" />
    <TestEntry testId="cfd83b9f-a3ce-c125-f187-fbcac6aad68f" executionId="868fa5cc-c3a5-4b4e-a0fd-084d9dc30c50" testListId="8c84fa94-04c1-424b-9868-57a2d4851a1d" />
    <TestEntry testId="fc65208a-bc6c-c37d-e81b-cbb20529b86b" executionId="82619083-6aae-49bd-9229-6d42ea62b96f" testListId="8c84fa94-04c1-424b-9868-57a2d4851a1d" />
  </TestEntries>
  <Results>
    <UnitTestResult executionId="54c6996d-13df-408d-b854-1e2265753a2c" testId="0266bf01-68a3-4383-bda3-cf5a18d0860f" testName="CreateRoleEmptyObjectTest" computerName="DERRICK-PC" duration="00:00:00.0904933" startTime="2015-01-08T22:15:37.2034408+01:00" endTime="2015-01-08T22:15:37.4484546+01:00" testType="13cdc9d9-ddb5-4fa4-a97d-d965ccfc6d4b" outcome="Passed" testListId="8c84fa94-04c1-424b-9868-57a2d4851a1d" relativeResultsDirectory="54c6996d-13df-408d-b854-1e2265753a2c">
    </UnitTestResult>
    <UnitTestResult executionId="a9f680f2-7622-41b8-b0aa-c250b8454516" testId="13247df7-3d56-5a96-a517-506237ae74a1" testName="GetRoleByIdNotExistentTest" computerName="DERRICK-PC" duration="00:00:00.0082690" startTime="2015-01-08T22:15:37.4494545+01:00" endTime="2015-01-08T22:15:37.4604561+01:00" testType="13cdc9d9-ddb5-4fa4-a97d-d965ccfc6d4b" outcome="Passed" testListId="8c84fa94-04c1-424b-9868-57a2d4851a1d" relativeResultsDirectory="a9f680f2-7622-41b8-b0aa-c250b8454516">
    </UnitTestResult>
    <UnitTestResult executionId="56add660-5623-4ff8-a5c3-046fca4a39e7" testId="18fd5178-4387-8e2c-dd26-27e47830ff41" testName="UpdateRoleTestNull" computerName="DERRICK-PC" duration="00:00:00.0171649" startTime="2015-01-08T22:15:37.4604561+01:00" endTime="2015-01-08T22:15:37.4804559+01:00" testType="13cdc9d9-ddb5-4fa4-a97d-d965ccfc6d4b" outcome="Passed" testListId="8c84fa94-04c1-424b-9868-57a2d4851a1d" relativeResultsDirectory="56add660-5623-4ff8-a5c3-046fca4a39e7">
    </UnitTestResult>
    <UnitTestResult executionId="4c1d3733-ce3d-47ab-8070-07d1957668a5" testId="290e47ea-0820-016e-53eb-429e262ceaf8" testName="UpdateRoleExceedDescTest" computerName="DERRICK-PC" duration="00:00:00.0045454" startTime="2015-01-08T22:15:37.4814566+01:00" endTime="2015-01-08T22:15:37.4874576+01:00" testType="13cdc9d9-ddb5-4fa4-a97d-d965ccfc6d4b" outcome="Passed" testListId="8c84fa94-04c1-424b-9868-57a2d4851a1d" relativeResultsDirectory="4c1d3733-ce3d-47ab-8070-07d1957668a5">
    </UnitTestResult>
    <UnitTestResult executionId="a51fc2d0-75b8-46d9-85bf-514fe655aabf" testId="2cdc7137-401e-62e3-8dc6-f25ce01a537a" testName="CreateRoleTestBeneathCharacterLimitonName" computerName="DERRICK-PC" duration="00:00:00.0032972" startTime="2015-01-08T22:15:37.4884579+01:00" endTime="2015-01-08T22:15:37.4934570+01:00" testType="13cdc9d9-ddb5-4fa4-a97d-d965ccfc6d4b" outcome="Passed" testListId="8c84fa94-04c1-424b-9868-57a2d4851a1d" relativeResultsDirectory="a51fc2d0-75b8-46d9-85bf-514fe655aabf">
    </UnitTestResult>
    <UnitTestResult executionId="cdb6acbe-3a8b-4a28-bcc0-d9eb1929553d" testId="34bc5648-43a4-647f-4592-324cb0f819e1" testName="UpdateRoleTestMatchingDesc" computerName="DERRICK-PC" duration="00:00:00.0066438" startTime="2015-01-08T22:15:37.4944570+01:00" endTime="2015-01-08T22:15:37.5034567+01:00" testType="13cdc9d9-ddb5-4fa4-a97d-d965ccfc6d4b" outcome="Passed" testListId="8c84fa94-04c1-424b-9868-57a2d4851a1d" relativeResultsDirectory="cdb6acbe-3a8b-4a28-bcc0-d9eb1929553d">
    </UnitTestResult>
    <UnitTestResult executionId="ab60ad74-59e4-4c1b-8b4a-eea2bcfde1e5" testId="43e2e513-1209-95e9-89f2-7d77b3822c20" testName="CreateRoleTestExeedCharacterLimitonDesc" computerName="DERRICK-PC" duration="00:00:00.0025865" startTime="2015-01-08T22:15:37.5044574+01:00" endTime="2015-01-08T22:15:37.5084584+01:00" testType="13cdc9d9-ddb5-4fa4-a97d-d965ccfc6d4b" outcome="Passed" testListId="8c84fa94-04c1-424b-9868-57a2d4851a1d" relativeResultsDirectory="ab60ad74-59e4-4c1b-8b4a-eea2bcfde1e5">
    </UnitTestResult>
    <UnitTestResult executionId="0358b7ae-c8c0-427a-bd9f-658cfe89fbed" testId="4c9b7324-36bb-d462-95ec-80b271f6e1db" testName="GetRoleByIdExistTest" computerName="DERRICK-PC" duration="00:00:00.0030125" startTime="2015-01-08T22:15:37.5094584+01:00" endTime="2015-01-08T22:15:37.5144582+01:00" testType="13cdc9d9-ddb5-4fa4-a97d-d965ccfc6d4b" outcome="Passed" testListId="8c84fa94-04c1-424b-9868-57a2d4851a1d" relativeResultsDirectory="0358b7ae-c8c0-427a-bd9f-658cfe89fbed">
    </UnitTestResult>
    <UnitTestResult executionId="db53f372-5bc5-4535-a9f5-5e26f3deaed0" testId="518e1dc2-ea68-15fc-c2d8-49c27186343b" testName="DeleteRoleSuccessfulTest" computerName="DERRICK-PC" duration="00:00:00.0046791" startTime="2015-01-08T22:15:37.5154582+01:00" endTime="2015-01-08T22:15:37.5214596+01:00" testType="13cdc9d9-ddb5-4fa4-a97d-d965ccfc6d4b" outcome="Passed" testListId="8c84fa94-04c1-424b-9868-57a2d4851a1d" relativeResultsDirectory="db53f372-5bc5-4535-a9f5-5e26f3deaed0">
    </UnitTestResult>
    <UnitTestResult executionId="670fade9-49ab-4e0a-a69e-9e050cb62272" testId="5b0200b7-a653-51fa-4b4b-10b30e877396" testName="CreateRoleTestNoNumSymbRoleNameTest" computerName="DERRICK-PC" duration="00:00:00.0019466" startTime="2015-01-08T22:15:37.5224591+01:00" endTime="2015-01-08T22:15:37.5264586+01:00" testType="13cdc9d9-ddb5-4fa4-a97d-d965ccfc6d4b" outcome="Passed" testListId="8c84fa94-04c1-424b-9868-57a2d4851a1d" relativeResultsDirectory="670fade9-49ab-4e0a-a69e-9e050cb62272">
    </UnitTestResult>
    <UnitTestResult executionId="b5a612b4-318c-4203-bc7b-0d12041a3dab" testId="5b505cd0-93f0-1c9c-0d7f-a858e9f6c7c2" testName="UpdateRoleEmptyTest" computerName="DERRICK-PC" duration="00:00:00.0026788" startTime="2015-01-08T22:15:37.5264586+01:00" endTime="2015-01-08T22:15:37.5314619+01:00" testType="13cdc9d9-ddb5-4fa4-a97d-d965ccfc6d4b" outcome="Passed" testListId="8c84fa94-04c1-424b-9868-57a2d4851a1d" relativeResultsDirectory="b5a612b4-318c-4203-bc7b-0d12041a3dab">
    </UnitTestResult>
    <UnitTestResult executionId="7bcfb7c5-fcd2-4f1f-8573-d58c3ac200f7" testId="5e6b146e-0888-cb7a-088c-ccd669e9fbae" testName="CreateRoleAlreadyExistTest" computerName="DERRICK-PC" duration="00:00:00.0030918" startTime="2015-01-08T22:15:37.5324615+01:00" endTime="2015-01-08T22:15:37.5384629+01:00" testType="13cdc9d9-ddb5-4fa4-a97d-d965ccfc6d4b" outcome="Passed" testListId="8c84fa94-04c1-424b-9868-57a2d4851a1d" relativeResultsDirectory="7bcfb7c5-fcd2-4f1f-8573-d58c3ac200f7">
    </UnitTestResult>
    <UnitTestResult executionId="b6180f2c-8f30-4830-9d5d-bf6d846ac6ff" testId="5ff3e092-e0d6-8efb-0820-a7f9eab6437f" testName="CreateRoleSuccessEqualValueTest" computerName="DERRICK-PC" duration="00:00:00.0058277" startTime="2015-01-08T22:15:37.5394598+01:00" endTime="2015-01-08T22:15:37.5474599+01:00" testType="13cdc9d9-ddb5-4fa4-a97d-d965ccfc6d4b" outcome="Passed" testListId="8c84fa94-04c1-424b-9868-57a2d4851a1d" relativeResultsDirectory="b6180f2c-8f30-4830-9d5d-bf6d846ac6ff">
    </UnitTestResult>
    <UnitTestResult executionId="56cf1d57-918a-4dc4-9454-f327dbcd101e" testId="609a6165-6aa3-ec7d-b95f-ef0ceae0efea" testName="UpdateRoleFewNameTest" computerName="DERRICK-PC" duration="00:00:00.0050090" startTime="2015-01-08T22:15:37.5484606+01:00" endTime="2015-01-08T22:15:37.5554600+01:00" testType="13cdc9d9-ddb5-4fa4-a97d-d965ccfc6d4b" outcome="Passed" testListId="8c84fa94-04c1-424b-9868-57a2d4851a1d" relativeResultsDirectory="56cf1d57-918a-4dc4-9454-f327dbcd101e">
    </UnitTestResult>
    <UnitTestResult executionId="556e8c4c-a4d9-479d-8759-ecfe89baa09c" testId="63ba7a1c-0a9f-d475-4259-c631099d527c" testName="UpdateRoleTestRoleDescBad" computerName="DERRICK-PC" duration="00:00:00.0046960" startTime="2015-01-08T22:15:37.5554600+01:00" endTime="2015-01-08T22:15:37.5634605+01:00" testType="13cdc9d9-ddb5-4fa4-a97d-d965ccfc6d4b" outcome="Passed" testListId="8c84fa94-04c1-424b-9868-57a2d4851a1d" relativeResultsDirectory="556e8c4c-a4d9-479d-8759-ecfe89baa09c">
    </UnitTestResult>
    <UnitTestResult executionId="9438b025-32a4-4914-88bc-2a9d8b82697a" testId="64ef12f7-ea64-ac8b-d013-f82c0c6d531a" testName="UpdateRoleTestMatching1" computerName="DERRICK-PC" duration="00:00:00.0062921" startTime="2015-01-08T22:15:37.5634605+01:00" endTime="2015-01-08T22:15:37.5714614+01:00" testType="13cdc9d9-ddb5-4fa4-a97d-d965ccfc6d4b" outcome="Passed" testListId="8c84fa94-04c1-424b-9868-57a2d4851a1d" relativeResultsDirectory="9438b025-32a4-4914-88bc-2a9d8b82697a">
    </UnitTestResult>
    <UnitTestResult executionId="9df8e3e2-9dc2-4fd7-975a-d8fc678294ac" testId="6bdc3103-b673-5cb9-be77-7f4ef84e4995" testName="DeleteRoleNegativeTest" computerName="DERRICK-PC" duration="00:00:00.0023934" startTime="2015-01-08T22:15:37.5724633+01:00" endTime="2015-01-08T22:15:37.5764620+01:00" testType="13cdc9d9-ddb5-4fa4-a97d-d965ccfc6d4b" outcome="Passed" testListId="8c84fa94-04c1-424b-9868-57a2d4851a1d" relativeResultsDirectory="9df8e3e2-9dc2-4fd7-975a-d8fc678294ac">
    </UnitTestResult>
    <UnitTestResult executionId="ac3cce74-ac1e-457b-881b-2016af52b832" testId="74afa68e-2526-5c18-ee55-f2bbbbf2410a" testName="UpdateRoleExceedNameTest" computerName="DERRICK-PC" duration="00:00:00.0043477" startTime="2015-01-08T22:15:37.5774628+01:00" endTime="2015-01-08T22:15:37.5834622+01:00" testType="13cdc9d9-ddb5-4fa4-a97d-d965ccfc6d4b" outcome="Passed" testListId="8c84fa94-04c1-424b-9868-57a2d4851a1d" relativeResultsDirectory="ac3cce74-ac1e-457b-881b-2016af52b832">
    </UnitTestResult>
    <UnitTestResult executionId="f85bbec0-65cc-4d93-923f-6defb1fcec98" testId="842dc3df-3bff-9f2f-394d-17dfb132acc8" testName="CreateRoleSuccessEqualListTest" computerName="DERRICK-PC" duration="00:00:00.0050052" startTime="2015-01-08T22:15:37.5844622+01:00" endTime="2015-01-08T22:15:37.5904628+01:00" testType="13cdc9d9-ddb5-4fa4-a97d-d965ccfc6d4b" outcome="Passed" testListId="8c84fa94-04c1-424b-9868-57a2d4851a1d" relativeResultsDirectory="f85bbec0-65cc-4d93-923f-6defb1fcec98">
    </UnitTestResult>
    <UnitTestResult executionId="825eb653-60f5-44bf-b17e-65745fb70350" testId="8c5802aa-4574-61c9-1aca-d10adf54732d" testName="GetRolesValuesTest" computerName="DERRICK-PC" duration="00:00:00.0020198" startTime="2015-01-08T22:15:37.5914631+01:00" endTime="2015-01-08T22:15:37.5954630+01:00" testType="13cdc9d9-ddb5-4fa4-a97d-d965ccfc6d4b" outcome="Passed" testListId="8c84fa94-04c1-424b-9868-57a2d4851a1d" relativeResultsDirectory="825eb653-60f5-44bf-b17e-65745fb70350">
    </UnitTestResult>
    <UnitTestResult executionId="f9080385-5564-4dad-927f-b98afb0408b8" testId="8de55e15-6f0d-51c4-346e-226a8247d21b" testName="UpdateRoleExceedNull" computerName="DERRICK-PC" duration="00:00:00.0043117" startTime="2015-01-08T22:15:37.5954630+01:00" endTime="2015-01-08T22:15:37.6024628+01:00" testType="13cdc9d9-ddb5-4fa4-a97d-d965ccfc6d4b" outcome="Passed" testListId="8c84fa94-04c1-424b-9868-57a2d4851a1d" relativeResultsDirectory="f9080385-5564-4dad-927f-b98afb0408b8">
    </UnitTestResult>
    <UnitTestResult executionId="a9c000a5-0b99-4228-83e6-ebbc11494b51" testId="9108f78e-1e8e-8ef5-c820-3bb2c6079aad" testName="CreateRoleSuccessNotEqualListTest" computerName="DERRICK-PC" duration="00:00:00.0048860" startTime="2015-01-08T22:15:37.6024628+01:00" endTime="2015-01-08T22:15:37.6094641+01:00" testType="13cdc9d9-ddb5-4fa4-a97d-d965ccfc6d4b" outcome="Passed" testListId="8c84fa94-04c1-424b-9868-57a2d4851a1d" relativeResultsDirectory="a9c000a5-0b99-4228-83e6-ebbc11494b51">
    </UnitTestResult>
    <UnitTestResult executionId="cdbc5ae2-4967-4400-8400-49c63816af97" testId="991a5087-ea0e-f2a5-a585-3462563b113a" testName="CreateRoleTestNoNumSymbRoleDescTest" computerName="DERRICK-PC" duration="00:00:00.0016926" startTime="2015-01-08T22:15:37.6104652+01:00" endTime="2015-01-08T22:15:37.6134643+01:00" testType="13cdc9d9-ddb5-4fa4-a97d-d965ccfc6d4b" outcome="Passed" testListId="8c84fa94-04c1-424b-9868-57a2d4851a1d" relativeResultsDirectory="cdbc5ae2-4967-4400-8400-49c63816af97">
    </UnitTestResult>
    <UnitTestResult executionId="52680111-48f7-448c-98e2-1c3ce1ae2727" testId="9ea9f69b-2b1d-ee50-651b-164059cc5540" testName="CreateRoleSuccessDescAlreadyExistTest" computerName="DERRICK-PC" duration="00:00:00.0052741" startTime="2015-01-08T22:15:37.6144639+01:00" endTime="2015-01-08T22:15:37.6214641+01:00" testType="13cdc9d9-ddb5-4fa4-a97d-d965ccfc6d4b" outcome="Passed" testListId="8c84fa94-04c1-424b-9868-57a2d4851a1d" relativeResultsDirectory="52680111-48f7-448c-98e2-1c3ce1ae2727">
    </UnitTestResult>
    <UnitTestResult executionId="cfc3b9ca-cbe5-4dea-80d5-2c8c5059c8dc" testId="b32547ec-a862-3b2b-2e66-bb246f894077" testName="DeleteRoleDoesNotExistTest" computerName="DERRICK-PC" duration="00:00:00.0023539" startTime="2015-01-08T22:15:37.6224644+01:00" endTime="2015-01-08T22:15:37.6264647+01:00" testType="13cdc9d9-ddb5-4fa4-a97d-d965ccfc6d4b" outcome="Passed" testListId="8c84fa94-04c1-424b-9868-57a2d4851a1d" relativeResultsDirectory="cfc3b9ca-cbe5-4dea-80d5-2c8c5059c8dc">
    </UnitTestResult>
    <UnitTestResult executionId="1dd6e503-e580-4b8b-9f35-f1bc9338c8da" testId="b3422950-13c8-9554-6949-90bd6cdc5364" testName="CreateRoleTestExeedCharacterLimitonName" computerName="DERRICK-PC" duration="00:00:00.0022846" startTime="2015-01-08T22:15:37.6264647+01:00" endTime="2015-01-08T22:15:37.6314649+01:00" testType="13cdc9d9-ddb5-4fa4-a97d-d965ccfc6d4b" outcome="Passed" testListId="8c84fa94-04c1-424b-9868-57a2d4851a1d" relativeResultsDirectory="1dd6e503-e580-4b8b-9f35-f1bc9338c8da">
    </UnitTestResult>
    <UnitTestResult executionId="a195123f-3a78-4d87-9aa6-48df498fe036" testId="b3b0da28-414b-614a-698b-37506007bccd" testName="GetRolesCountTest" computerName="DERRICK-PC" duration="00:00:00.0019122" startTime="2015-01-08T22:15:37.6314649+01:00" endTime="2015-01-08T22:15:37.6354659+01:00" testType="13cdc9d9-ddb5-4fa4-a97d-d965ccfc6d4b" outcome="Passed" testListId="8c84fa94-04c1-424b-9868-57a2d4851a1d" relativeResultsDirectory="a195123f-3a78-4d87-9aa6-48df498fe036">
    </UnitTestResult>
    <UnitTestResult executionId="f4aae129-e2ea-4ae0-baa7-fa24f8010a87" testId="b714d5f5-7caf-a6e5-210b-e06fc3334cf1" testName="GetRoleByIdBoundaryNegativeTest" computerName="DERRICK-PC" duration="00:00:00.0018206" startTime="2015-01-08T22:15:37.6364651+01:00" endTime="2015-01-08T22:15:37.6394658+01:00" testType="13cdc9d9-ddb5-4fa4-a97d-d965ccfc6d4b" outcome="Passed" testListId="8c84fa94-04c1-424b-9868-57a2d4851a1d" relativeResultsDirectory="f4aae129-e2ea-4ae0-baa7-fa24f8010a87">
    </UnitTestResult>
    <UnitTestResult executionId="6864f661-62fd-41b2-a264-5d177d227646" testId="b7d9f2b4-b6e4-4fa3-8b3e-823a64c3ef77" testName="UpdateRoleTestMatchingName" computerName="DERRICK-PC" duration="00:00:00.0058339" startTime="2015-01-08T22:15:37.6404685+01:00" endTime="2015-01-08T22:15:37.6484667+01:00" testType="13cdc9d9-ddb5-4fa4-a97d-d965ccfc6d4b" outcome="Passed" testListId="8c84fa94-04c1-424b-9868-57a2d4851a1d" relativeResultsDirectory="6864f661-62fd-41b2-a264-5d177d227646">
    </UnitTestResult>
    <UnitTestResult executionId="c506077f-afd9-4d87-93f1-9db0caa8b6db" testId="ba316aa0-52f0-dca8-87b4-1adcbf771adc" testName="UpdateRoleTestRoleNameBad" computerName="DERRICK-PC" duration="00:00:00.0043738" startTime="2015-01-08T22:15:37.6484667+01:00" endTime="2015-01-08T22:15:37.6554665+01:00" testType="13cdc9d9-ddb5-4fa4-a97d-d965ccfc6d4b" outcome="Passed" testListId="8c84fa94-04c1-424b-9868-57a2d4851a1d" relativeResultsDirectory="c506077f-afd9-4d87-93f1-9db0caa8b6db">
    </UnitTestResult>
    <UnitTestResult executionId="3cd7b3f2-3a77-45d4-8bfe-a399389b2188" testId="c01bcd52-1e48-0139-9b3c-dcb9ac79f4f3" testName="createRoleEmptyTest" computerName="DERRICK-PC" duration="00:00:00.0018194" startTime="2015-01-08T22:15:37.6554665+01:00" endTime="2015-01-08T22:15:37.6594675+01:00" testType="13cdc9d9-ddb5-4fa4-a97d-d965ccfc6d4b" outcome="Passed" testListId="8c84fa94-04c1-424b-9868-57a2d4851a1d" relativeResultsDirectory="3cd7b3f2-3a77-45d4-8bfe-a399389b2188">
    </UnitTestResult>
    <UnitTestResult executionId="fc60128d-4185-4176-bf3d-5a60f90baae9" testId="c2929299-8048-8810-66c8-d9708d4d9785" testName="UpdateRoleTestNotMatching" computerName="DERRICK-PC" duration="00:00:00.0061829" startTime="2015-01-08T22:15:37.6604686+01:00" endTime="2015-01-08T22:15:37.6684672+01:00" testType="13cdc9d9-ddb5-4fa4-a97d-d965ccfc6d4b" outcome="Passed" testListId="8c84fa94-04c1-424b-9868-57a2d4851a1d" relativeResultsDirectory="fc60128d-4185-4176-bf3d-5a60f90baae9">
    </UnitTestResult>
    <UnitTestResult executionId="868fa5cc-c3a5-4b4e-a0fd-084d9dc30c50" testId="cfd83b9f-a3ce-c125-f187-fbcac6aad68f" testName="CreateRoleTestBeneathCharacterLimitonDesc" computerName="DERRICK-PC" duration="00:00:00.0024650" startTime="2015-01-08T22:15:37.6684672+01:00" endTime="2015-01-08T22:15:37.6734678+01:00" testType="13cdc9d9-ddb5-4fa4-a97d-d965ccfc6d4b" outcome="Passed" testListId="8c84fa94-04c1-424b-9868-57a2d4851a1d" relativeResultsDirectory="868fa5cc-c3a5-4b4e-a0fd-084d9dc30c50">
    </UnitTestResult>
    <UnitTestResult executionId="82619083-6aae-49bd-9229-6d42ea62b96f" testId="fc65208a-bc6c-c37d-e81b-cbb20529b86b" testName="UpdateRoleFewDescTest" computerName="DERRICK-PC" duration="00:00:00.0048519" startTime="2015-01-08T22:15:37.6734678+01:00" endTime="2015-01-08T22:15:37.6804703+01:00" testType="13cdc9d9-ddb5-4fa4-a97d-d965ccfc6d4b" outcome="Passed" testListId="8c84fa94-04c1-424b-9868-57a2d4851a1d" relativeResultsDirectory="82619083-6aae-49bd-9229-6d42ea62b96f">
    </UnitTestResult>
  </Results>
</TestRun>